<?xml version="1.0" encoding="UTF-8" ?>
<testsuite tests="654" failures="0" name="cengage.samlms.cukes.LMSStories3CukesTest" time="4,348.088" errors="0" skipped="0">
  <properties>
[...]
</properties>
  <testcase classname="| DP:SUPER.USERNAME | Y | DP:SUPER.PASSWORD | Sections | DP:SECTIONS.SECTIONNAME | N | DP:SECTIONS.COURSENAME | DP:SECTIONS.TERM | DP:TEXTBOOK.SERIES | DP:TEXTBOOK.SUBJECT | DP:TEXTBOOK.BOOK |" name="Given As a user I see login page of LMS" time="0"/>
  <testcase classname="| DP:SUPER.USERNAME | Y | DP:SUPER.PASSWORD | Sections | DP:SECTIONS.SECTIONNAME | N | DP:SECTIONS.COURSENAME | DP:SECTIONS.TERM | DP:TEXTBOOK.SERIES | DP:TEXTBOOK.SUBJECT | DP:TEXTBOOK.BOOK |" name="And I enter DP:SUPER.USERNAME N Username in LMS login page" time="0"/>
  <testcase classname="| DP:SUPER.USERNAME | Y | DP:SUPER.PASSWORD | Sections | DP:SECTIONS.SECTIONNAME | N | DP:SECTIONS.COURSENAME | DP:SECTIONS.TERM | DP:TEXTBOOK.SERIES | DP:TEXTBOOK.SUBJECT | DP:TEXTBOOK.BOOK |" name="And I enter DP:SUPER.PASSWORD Password in LMS login page" time="0"/>
  <testcase classname="| DP:SUPER.USERNAME | Y | DP:SUPER.PASSWORD | Sections | DP:SECTIONS.SECTIONNAME | N | DP:SECTIONS.COURSENAME | DP:SECTIONS.TERM | DP:TEXTBOOK.SERIES | DP:TEXTBOOK.SUBJECT | DP:TEXTBOOK.BOOK |" name="And I click on Log In button" time="0"/>
  <testcase classname="| DP:SUPER.USERNAME | Y | DP:SUPER.PASSWORD | Sections | DP:SECTIONS.SECTIONNAME | N | DP:SECTIONS.COURSENAME | DP:SECTIONS.TERM | DP:TEXTBOOK.SERIES | DP:TEXTBOOK.SUBJECT | DP:TEXTBOOK.BOOK |" name="And I see home page of LMS" time="0"/>
  <testcase classname="| DP:SUPER.USERNAME | Y | DP:SUPER.PASSWORD | Sections | DP:SECTIONS.SECTIONNAME | N | DP:SECTIONS.COURSENAME | DP:SECTIONS.TERM | DP:TEXTBOOK.SERIES | DP:TEXTBOOK.SUBJECT | DP:TEXTBOOK.BOOK |" name="And I click on Sections tab" time="0"/>
  <testcase classname="| DP:SUPER.USERNAME | Y | DP:SUPER.PASSWORD | Sections | DP:SECTIONS.SECTIONNAME | N | DP:SECTIONS.COURSENAME | DP:SECTIONS.TERM | DP:TEXTBOOK.SERIES | DP:TEXTBOOK.SUBJECT | DP:TEXTBOOK.BOOK |" name="And I click on Add New button" time="0"/>
  <testcase classname="| DP:SUPER.USERNAME | Y | DP:SUPER.PASSWORD | Sections | DP:SECTIONS.SECTIONNAME | N | DP:SECTIONS.COURSENAME | DP:SECTIONS.TERM | DP:TEXTBOOK.SERIES | DP:TEXTBOOK.SUBJECT | DP:TEXTBOOK.BOOK |" name="And I enter DP:SECTIONS.SECTIONNAME Y in Section Name" time="0"/>
  <testcase classname="| DP:SUPER.USERNAME | Y | DP:SUPER.PASSWORD | Sections | DP:SECTIONS.SECTIONNAME | N | DP:SECTIONS.COURSENAME | DP:SECTIONS.TERM | DP:TEXTBOOK.SERIES | DP:TEXTBOOK.SUBJECT | DP:TEXTBOOK.BOOK |" name="And I enter DP:SECTIONS.COURSENAME in Course Name" time="0"/>
  <testcase classname="| DP:SUPER.USERNAME | Y | DP:SUPER.PASSWORD | Sections | DP:SECTIONS.SECTIONNAME | N | DP:SECTIONS.COURSENAME | DP:SECTIONS.TERM | DP:TEXTBOOK.SERIES | DP:TEXTBOOK.SUBJECT | DP:TEXTBOOK.BOOK |" name="And I enter DP:SECTIONS.TERM in Term" time="0"/>
  <testcase classname="| DP:SUPER.USERNAME | Y | DP:SUPER.PASSWORD | Sections | DP:SECTIONS.SECTIONNAME | N | DP:SECTIONS.COURSENAME | DP:SECTIONS.TERM | DP:TEXTBOOK.SERIES | DP:TEXTBOOK.SUBJECT | DP:TEXTBOOK.BOOK |" name="And I click on Save button" time="0"/>
  <testcase classname="| DP:SUPER.USERNAME | Y | DP:SUPER.PASSWORD | Sections | DP:SECTIONS.SECTIONNAME | N | DP:SECTIONS.COURSENAME | DP:SECTIONS.TERM | DP:TEXTBOOK.SERIES | DP:TEXTBOOK.SUBJECT | DP:TEXTBOOK.BOOK |" name="And I click on OK button in popup" time="0"/>
  <testcase classname="| DP:SUPER.USERNAME | Y | DP:SUPER.PASSWORD | Sections | DP:SECTIONS.SECTIONNAME | N | DP:SECTIONS.COURSENAME | DP:SECTIONS.TERM | DP:TEXTBOOK.SERIES | DP:TEXTBOOK.SUBJECT | DP:TEXTBOOK.BOOK |" name="And I click on text book tab in section page" time="0"/>
  <testcase classname="| DP:SUPER.USERNAME | Y | DP:SUPER.PASSWORD | Sections | DP:SECTIONS.SECTIONNAME | N | DP:SECTIONS.COURSENAME | DP:SECTIONS.TERM | DP:TEXTBOOK.SERIES | DP:TEXTBOOK.SUBJECT | DP:TEXTBOOK.BOOK |" name="And I Click on Available Textbook in textbook tab" time="0"/>
  <testcase classname="| DP:SUPER.USERNAME | Y | DP:SUPER.PASSWORD | Sections | DP:SECTIONS.SECTIONNAME | N | DP:SECTIONS.COURSENAME | DP:SECTIONS.TERM | DP:TEXTBOOK.SERIES | DP:TEXTBOOK.SUBJECT | DP:TEXTBOOK.BOOK |" name="And I select DP:TEXTBOOK.SERIES from Series drop down" time="0"/>
  <testcase classname="| DP:SUPER.USERNAME | Y | DP:SUPER.PASSWORD | Sections | DP:SECTIONS.SECTIONNAME | N | DP:SECTIONS.COURSENAME | DP:SECTIONS.TERM | DP:TEXTBOOK.SERIES | DP:TEXTBOOK.SUBJECT | DP:TEXTBOOK.BOOK |" name="And I select DP:TEXTBOOK.SUBJECT from Subject drop down" time="0"/>
  <testcase classname="| DP:SUPER.USERNAME | Y | DP:SUPER.PASSWORD | Sections | DP:SECTIONS.SECTIONNAME | N | DP:SECTIONS.COURSENAME | DP:SECTIONS.TERM | DP:TEXTBOOK.SERIES | DP:TEXTBOOK.SUBJECT | DP:TEXTBOOK.BOOK |" name="And I Click on DP:TEXTBOOK.BOOK Add Item button" time="0"/>
  <testcase classname="| DP:SUPER.USERNAME | Y | DP:SUPER.PASSWORD | Sections | DP:SECTIONS.SECTIONNAME | N | DP:SECTIONS.COURSENAME | DP:SECTIONS.TERM | DP:TEXTBOOK.SERIES | DP:TEXTBOOK.SUBJECT | DP:TEXTBOOK.BOOK |" name="And I Click on Active Textbooks in textbook tab" time="0"/>
  <testcase classname="| DP:SUPER.USERNAME | Y | DP:SUPER.PASSWORD | Sections | DP:SECTIONS.SECTIONNAME | N | DP:SECTIONS.COURSENAME | DP:SECTIONS.TERM | DP:TEXTBOOK.SERIES | DP:TEXTBOOK.SUBJECT | DP:TEXTBOOK.BOOK |" name="And I Click on Student readings toggle" time="0"/>
  <testcase classname="| DP:SUPER.USERNAME | Y | DP:SUPER.PASSWORD | Sections | DP:SECTIONS.SECTIONNAME | N | DP:SECTIONS.COURSENAME | DP:SECTIONS.TERM | DP:TEXTBOOK.SERIES | DP:TEXTBOOK.SUBJECT | DP:TEXTBOOK.BOOK |" name="When I click on save and close button in section page" time="0"/>
  <testcase classname="| DP:SUPER.USERNAME | Y | DP:SUPER.PASSWORD | Sections | DP:SECTIONS.SECTIONNAME | N | DP:SECTIONS.COURSENAME | DP:SECTIONS.TERM | DP:TEXTBOOK.SERIES | DP:TEXTBOOK.SUBJECT | DP:TEXTBOOK.BOOK |" name="Then I see the created DP:SECTIONS.SECTIONNAME Y in Sections page" time="0"/>
  <testcase classname="| DP:SUPER.USERNAME | Y | DP:SUPER.PASSWORD | Sections | DP:SECTIONS.SECTIONNAME | N | DP:SECTIONS.COURSENAME | DP:SECTIONS.TERM | DP:TEXTBOOK.SERIES | DP:TEXTBOOK.SUBJECT | DP:TEXTBOOK.BOOK |" name="And I click on Logout button" time="0"/>
  <testcase classname="| DP:SUPER.USERNAME | Y | DP:SUPER.PASSWORD | Sections | DP:SECTIONS.SECTIONNAME | N | DP:SECTIONS.COURSENAME | DP:SECTIONS.TERM | DP:TEXTBOOK.SERIES | DP:TEXTBOOK.SUBJECT | DP:TEXTBOOK.BOOK |" name="| DP:SUPER.USERNAME | Y | DP:SUPER.PASSWORD | Sections | DP:SECTIONS.SECTIONNAME | N | DP:SECTIONS.COURSENAME | DP:SECTIONS.TERM | DP:TEXTBOOK.SERIES | DP:TEXTBOOK.SUBJECT | DP:TEXTBOOK.BOOK |" time="0"/>
  <testcase classname="| DP:SUPER.USERNAME | DP:SUPER.PASSWORD | SAM Assignments | DP:TEXTBOOK.SUBJECT | Y | N | Exams | DP:EXAMASSIGNMENTS.EXAMNAME3 | DP:TEXTBOOK.BOOK | DP:TEXTBOOK.CHAPTERS | DP:TEXTBOOK.TASKS | DP:TEXTBOOK.TESTBANKQUESTION |" name="Given As a user I see login page of LMS" time="0"/>
  <testcase classname="| DP:SUPER.USERNAME | DP:SUPER.PASSWORD | SAM Assignments | DP:TEXTBOOK.SUBJECT | Y | N | Exams | DP:EXAMASSIGNMENTS.EXAMNAME3 | DP:TEXTBOOK.BOOK | DP:TEXTBOOK.CHAPTERS | DP:TEXTBOOK.TASKS | DP:TEXTBOOK.TESTBANKQUESTION |" name="And I enter DP:SUPER.USERNAME N Username in LMS login page" time="0"/>
  <testcase classname="| DP:SUPER.USERNAME | DP:SUPER.PASSWORD | SAM Assignments | DP:TEXTBOOK.SUBJECT | Y | N | Exams | DP:EXAMASSIGNMENTS.EXAMNAME3 | DP:TEXTBOOK.BOOK | DP:TEXTBOOK.CHAPTERS | DP:TEXTBOOK.TASKS | DP:TEXTBOOK.TESTBANKQUESTION |" name="And I enter DP:SUPER.PASSWORD Password in LMS login page" time="0"/>
  <testcase classname="| DP:SUPER.USERNAME | DP:SUPER.PASSWORD | SAM Assignments | DP:TEXTBOOK.SUBJECT | Y | N | Exams | DP:EXAMASSIGNMENTS.EXAMNAME3 | DP:TEXTBOOK.BOOK | DP:TEXTBOOK.CHAPTERS | DP:TEXTBOOK.TASKS | DP:TEXTBOOK.TESTBANKQUESTION |" name="And I click on Log In button" time="0"/>
  <testcase classname="| DP:SUPER.USERNAME | DP:SUPER.PASSWORD | SAM Assignments | DP:TEXTBOOK.SUBJECT | Y | N | Exams | DP:EXAMASSIGNMENTS.EXAMNAME3 | DP:TEXTBOOK.BOOK | DP:TEXTBOOK.CHAPTERS | DP:TEXTBOOK.TASKS | DP:TEXTBOOK.TESTBANKQUESTION |" name="And I see home page of LMS" time="0"/>
  <testcase classname="| DP:SUPER.USERNAME | DP:SUPER.PASSWORD | SAM Assignments | DP:TEXTBOOK.SUBJECT | Y | N | Exams | DP:EXAMASSIGNMENTS.EXAMNAME3 | DP:TEXTBOOK.BOOK | DP:TEXTBOOK.CHAPTERS | DP:TEXTBOOK.TASKS | DP:TEXTBOOK.TESTBANKQUESTION |" name="And I click on SAM Assignments tab" time="0"/>
  <testcase classname="| DP:SUPER.USERNAME | DP:SUPER.PASSWORD | SAM Assignments | DP:TEXTBOOK.SUBJECT | Y | N | Exams | DP:EXAMASSIGNMENTS.EXAMNAME3 | DP:TEXTBOOK.BOOK | DP:TEXTBOOK.CHAPTERS | DP:TEXTBOOK.TASKS | DP:TEXTBOOK.TESTBANKQUESTION |" name="And I click on Exams tab" time="0"/>
  <testcase classname="| DP:SUPER.USERNAME | DP:SUPER.PASSWORD | SAM Assignments | DP:TEXTBOOK.SUBJECT | Y | N | Exams | DP:EXAMASSIGNMENTS.EXAMNAME3 | DP:TEXTBOOK.BOOK | DP:TEXTBOOK.CHAPTERS | DP:TEXTBOOK.TASKS | DP:TEXTBOOK.TESTBANKQUESTION |" name="And I click on Add Exam button" time="0"/>
  <testcase classname="| DP:SUPER.USERNAME | DP:SUPER.PASSWORD | SAM Assignments | DP:TEXTBOOK.SUBJECT | Y | N | Exams | DP:EXAMASSIGNMENTS.EXAMNAME3 | DP:TEXTBOOK.BOOK | DP:TEXTBOOK.CHAPTERS | DP:TEXTBOOK.TASKS | DP:TEXTBOOK.TESTBANKQUESTION |" name="And I enter DP:EXAMASSIGNMENTS.EXAMNAME3 Y in Exam Name" time="0"/>
  <testcase classname="| DP:SUPER.USERNAME | DP:SUPER.PASSWORD | SAM Assignments | DP:TEXTBOOK.SUBJECT | Y | N | Exams | DP:EXAMASSIGNMENTS.EXAMNAME3 | DP:TEXTBOOK.BOOK | DP:TEXTBOOK.CHAPTERS | DP:TEXTBOOK.TASKS | DP:TEXTBOOK.TESTBANKQUESTION |" name="And I check Auto-generate companion training" time="0"/>
  <testcase classname="| DP:SUPER.USERNAME | DP:SUPER.PASSWORD | SAM Assignments | DP:TEXTBOOK.SUBJECT | Y | N | Exams | DP:EXAMASSIGNMENTS.EXAMNAME3 | DP:TEXTBOOK.BOOK | DP:TEXTBOOK.CHAPTERS | DP:TEXTBOOK.TASKS | DP:TEXTBOOK.TESTBANKQUESTION |" name="And I click on Next Step button" time="0.001"/>
  <testcase classname="| DP:SUPER.USERNAME | DP:SUPER.PASSWORD | SAM Assignments | DP:TEXTBOOK.SUBJECT | Y | N | Exams | DP:EXAMASSIGNMENTS.EXAMNAME3 | DP:TEXTBOOK.BOOK | DP:TEXTBOOK.CHAPTERS | DP:TEXTBOOK.TASKS | DP:TEXTBOOK.TESTBANKQUESTION |" name="And I check DP:TEXTBOOK.BOOK in Select Textbooks page" time="0"/>
  <testcase classname="| DP:SUPER.USERNAME | DP:SUPER.PASSWORD | SAM Assignments | DP:TEXTBOOK.SUBJECT | Y | N | Exams | DP:EXAMASSIGNMENTS.EXAMNAME3 | DP:TEXTBOOK.BOOK | DP:TEXTBOOK.CHAPTERS | DP:TEXTBOOK.TASKS | DP:TEXTBOOK.TESTBANKQUESTION |" name="And I click on Next Step button" time="0"/>
  <testcase classname="| DP:SUPER.USERNAME | DP:SUPER.PASSWORD | SAM Assignments | DP:TEXTBOOK.SUBJECT | Y | N | Exams | DP:EXAMASSIGNMENTS.EXAMNAME3 | DP:TEXTBOOK.BOOK | DP:TEXTBOOK.CHAPTERS | DP:TEXTBOOK.TASKS | DP:TEXTBOOK.TESTBANKQUESTION |" name="And I check DP:TEXTBOOK.CHAPTERS in Select Chapters" time="0.001"/>
  <testcase classname="| DP:SUPER.USERNAME | DP:SUPER.PASSWORD | SAM Assignments | DP:TEXTBOOK.SUBJECT | Y | N | Exams | DP:EXAMASSIGNMENTS.EXAMNAME3 | DP:TEXTBOOK.BOOK | DP:TEXTBOOK.CHAPTERS | DP:TEXTBOOK.TASKS | DP:TEXTBOOK.TESTBANKQUESTION |" name="And I click on Next Step button" time="0"/>
  <testcase classname="| DP:SUPER.USERNAME | DP:SUPER.PASSWORD | SAM Assignments | DP:TEXTBOOK.SUBJECT | Y | N | Exams | DP:EXAMASSIGNMENTS.EXAMNAME3 | DP:TEXTBOOK.BOOK | DP:TEXTBOOK.CHAPTERS | DP:TEXTBOOK.TASKS | DP:TEXTBOOK.TESTBANKQUESTION |" name="And I check DP:TEXTBOOK.TASKS task" time="0"/>
  <testcase classname="| DP:SUPER.USERNAME | DP:SUPER.PASSWORD | SAM Assignments | DP:TEXTBOOK.SUBJECT | Y | N | Exams | DP:EXAMASSIGNMENTS.EXAMNAME3 | DP:TEXTBOOK.BOOK | DP:TEXTBOOK.CHAPTERS | DP:TEXTBOOK.TASKS | DP:TEXTBOOK.TESTBANKQUESTION |" name="And I click on Testbank Question" time="0"/>
  <testcase classname="| DP:SUPER.USERNAME | DP:SUPER.PASSWORD | SAM Assignments | DP:TEXTBOOK.SUBJECT | Y | N | Exams | DP:EXAMASSIGNMENTS.EXAMNAME3 | DP:TEXTBOOK.BOOK | DP:TEXTBOOK.CHAPTERS | DP:TEXTBOOK.TASKS | DP:TEXTBOOK.TESTBANKQUESTION |" name="And I check DP:TEXTBOOK.TESTBANKQUESTION in Testbank Question" time="0"/>
  <testcase classname="| DP:SUPER.USERNAME | DP:SUPER.PASSWORD | SAM Assignments | DP:TEXTBOOK.SUBJECT | Y | N | Exams | DP:EXAMASSIGNMENTS.EXAMNAME3 | DP:TEXTBOOK.BOOK | DP:TEXTBOOK.CHAPTERS | DP:TEXTBOOK.TASKS | DP:TEXTBOOK.TESTBANKQUESTION |" name="And I click on Save button" time="0"/>
  <testcase classname="| DP:SUPER.USERNAME | DP:SUPER.PASSWORD | SAM Assignments | DP:TEXTBOOK.SUBJECT | Y | N | Exams | DP:EXAMASSIGNMENTS.EXAMNAME3 | DP:TEXTBOOK.BOOK | DP:TEXTBOOK.CHAPTERS | DP:TEXTBOOK.TASKS | DP:TEXTBOOK.TESTBANKQUESTION |" name="And I click on Schedule button in pop-up" time="0"/>
  <testcase classname="| DP:SUPER.USERNAME | DP:SUPER.PASSWORD | SAM Assignments | DP:TEXTBOOK.SUBJECT | Y | N | Exams | DP:EXAMASSIGNMENTS.EXAMNAME3 | DP:TEXTBOOK.BOOK | DP:TEXTBOOK.CHAPTERS | DP:TEXTBOOK.TASKS | DP:TEXTBOOK.TESTBANKQUESTION |" name="And I see Display Section Auto selected" time="0"/>
  <testcase classname="| DP:SUPER.USERNAME | DP:SUPER.PASSWORD | SAM Assignments | DP:TEXTBOOK.SUBJECT | Y | N | Exams | DP:EXAMASSIGNMENTS.EXAMNAME3 | DP:TEXTBOOK.BOOK | DP:TEXTBOOK.CHAPTERS | DP:TEXTBOOK.TASKS | DP:TEXTBOOK.TESTBANKQUESTION |" name="And I click on Schedule button" time="0"/>
  <testcase classname="| DP:SUPER.USERNAME | DP:SUPER.PASSWORD | SAM Assignments | DP:TEXTBOOK.SUBJECT | Y | N | Exams | DP:EXAMASSIGNMENTS.EXAMNAME3 | DP:TEXTBOOK.BOOK | DP:TEXTBOOK.CHAPTERS | DP:TEXTBOOK.TASKS | DP:TEXTBOOK.TESTBANKQUESTION |" name="And I click on X icon" time="0"/>
  <testcase classname="| DP:SUPER.USERNAME | DP:SUPER.PASSWORD | SAM Assignments | DP:TEXTBOOK.SUBJECT | Y | N | Exams | DP:EXAMASSIGNMENTS.EXAMNAME3 | DP:TEXTBOOK.BOOK | DP:TEXTBOOK.CHAPTERS | DP:TEXTBOOK.TASKS | DP:TEXTBOOK.TESTBANKQUESTION |" name="And I click on SAM Assignments tab" time="0"/>
  <testcase classname="| DP:SUPER.USERNAME | DP:SUPER.PASSWORD | SAM Assignments | DP:TEXTBOOK.SUBJECT | Y | N | Exams | DP:EXAMASSIGNMENTS.EXAMNAME3 | DP:TEXTBOOK.BOOK | DP:TEXTBOOK.CHAPTERS | DP:TEXTBOOK.TASKS | DP:TEXTBOOK.TESTBANKQUESTION |" name="And I click on Schedule New button" time="0"/>
  <testcase classname="| DP:SUPER.USERNAME | DP:SUPER.PASSWORD | SAM Assignments | DP:TEXTBOOK.SUBJECT | Y | N | Exams | DP:EXAMASSIGNMENTS.EXAMNAME3 | DP:TEXTBOOK.BOOK | DP:TEXTBOOK.CHAPTERS | DP:TEXTBOOK.TASKS | DP:TEXTBOOK.TESTBANKQUESTION |" name="And I click on Training button in Select Assignment Type page" time="0"/>
  <testcase classname="| DP:SUPER.USERNAME | DP:SUPER.PASSWORD | SAM Assignments | DP:TEXTBOOK.SUBJECT | Y | N | Exams | DP:EXAMASSIGNMENTS.EXAMNAME3 | DP:TEXTBOOK.BOOK | DP:TEXTBOOK.CHAPTERS | DP:TEXTBOOK.TASKS | DP:TEXTBOOK.TESTBANKQUESTION |" name="And I click on Exam button in Select Assignment Type page" time="0"/>
  <testcase classname="| DP:SUPER.USERNAME | DP:SUPER.PASSWORD | SAM Assignments | DP:TEXTBOOK.SUBJECT | Y | N | Exams | DP:EXAMASSIGNMENTS.EXAMNAME3 | DP:TEXTBOOK.BOOK | DP:TEXTBOOK.CHAPTERS | DP:TEXTBOOK.TASKS | DP:TEXTBOOK.TESTBANKQUESTION |" name="And I select DP:TEXTBOOK.SUBJECT in Subject drop down" time="0"/>
  <testcase classname="| DP:SUPER.USERNAME | DP:SUPER.PASSWORD | SAM Assignments | DP:TEXTBOOK.SUBJECT | Y | N | Exams | DP:EXAMASSIGNMENTS.EXAMNAME3 | DP:TEXTBOOK.BOOK | DP:TEXTBOOK.CHAPTERS | DP:TEXTBOOK.TASKS | DP:TEXTBOOK.TESTBANKQUESTION |" name="And I select DP:EXAMASSIGNMENTS.EXAMNAME3 Y in Exam Name" time="0"/>
  <testcase classname="| DP:SUPER.USERNAME | DP:SUPER.PASSWORD | SAM Assignments | DP:TEXTBOOK.SUBJECT | Y | N | Exams | DP:EXAMASSIGNMENTS.EXAMNAME3 | DP:TEXTBOOK.BOOK | DP:TEXTBOOK.CHAPTERS | DP:TEXTBOOK.TASKS | DP:TEXTBOOK.TESTBANKQUESTION |" name="And I click on Next Step button" time="0"/>
  <testcase classname="| DP:SUPER.USERNAME | DP:SUPER.PASSWORD | SAM Assignments | DP:TEXTBOOK.SUBJECT | Y | N | Exams | DP:EXAMASSIGNMENTS.EXAMNAME3 | DP:TEXTBOOK.BOOK | DP:TEXTBOOK.CHAPTERS | DP:TEXTBOOK.TASKS | DP:TEXTBOOK.TESTBANKQUESTION |" name="And I see Display Section Auto selected" time="0"/>
  <testcase classname="| DP:SUPER.USERNAME | DP:SUPER.PASSWORD | SAM Assignments | DP:TEXTBOOK.SUBJECT | Y | N | Exams | DP:EXAMASSIGNMENTS.EXAMNAME3 | DP:TEXTBOOK.BOOK | DP:TEXTBOOK.CHAPTERS | DP:TEXTBOOK.TASKS | DP:TEXTBOOK.TESTBANKQUESTION |" name="And I click on SAM Assignments tab" time="0"/>
  <testcase classname="| DP:SUPER.USERNAME | DP:SUPER.PASSWORD | SAM Assignments | DP:TEXTBOOK.SUBJECT | Y | N | Exams | DP:EXAMASSIGNMENTS.EXAMNAME3 | DP:TEXTBOOK.BOOK | DP:TEXTBOOK.CHAPTERS | DP:TEXTBOOK.TASKS | DP:TEXTBOOK.TESTBANKQUESTION |" name="And I click on Exams tab" time="0"/>
  <testcase classname="| DP:SUPER.USERNAME | DP:SUPER.PASSWORD | SAM Assignments | DP:TEXTBOOK.SUBJECT | Y | N | Exams | DP:EXAMASSIGNMENTS.EXAMNAME3 | DP:TEXTBOOK.BOOK | DP:TEXTBOOK.CHAPTERS | DP:TEXTBOOK.TASKS | DP:TEXTBOOK.TESTBANKQUESTION |" name="And I see DP:EXAMASSIGNMENTS.EXAMNAME3 Y in Exams page" time="0"/>
  <testcase classname="| DP:SUPER.USERNAME | DP:SUPER.PASSWORD | SAM Assignments | DP:TEXTBOOK.SUBJECT | Y | N | Exams | DP:EXAMASSIGNMENTS.EXAMNAME3 | DP:TEXTBOOK.BOOK | DP:TEXTBOOK.CHAPTERS | DP:TEXTBOOK.TASKS | DP:TEXTBOOK.TESTBANKQUESTION |" name="And I click on DP:EXAMASSIGNMENTS.EXAMNAME3 Y Schedule icon" time="0"/>
  <testcase classname="| DP:SUPER.USERNAME | DP:SUPER.PASSWORD | SAM Assignments | DP:TEXTBOOK.SUBJECT | Y | N | Exams | DP:EXAMASSIGNMENTS.EXAMNAME3 | DP:TEXTBOOK.BOOK | DP:TEXTBOOK.CHAPTERS | DP:TEXTBOOK.TASKS | DP:TEXTBOOK.TESTBANKQUESTION |" name="And I see Display Section Auto selected" time="0"/>
  <testcase classname="| DP:SUPER.USERNAME | DP:SUPER.PASSWORD | SAM Assignments | DP:TEXTBOOK.SUBJECT | Y | N | Exams | DP:EXAMASSIGNMENTS.EXAMNAME3 | DP:TEXTBOOK.BOOK | DP:TEXTBOOK.CHAPTERS | DP:TEXTBOOK.TASKS | DP:TEXTBOOK.TESTBANKQUESTION |" name="And I click on SAM Assignments tab" time="0"/>
  <testcase classname="| DP:SUPER.USERNAME | DP:SUPER.PASSWORD | SAM Assignments | DP:TEXTBOOK.SUBJECT | Y | N | Exams | DP:EXAMASSIGNMENTS.EXAMNAME3 | DP:TEXTBOOK.BOOK | DP:TEXTBOOK.CHAPTERS | DP:TEXTBOOK.TASKS | DP:TEXTBOOK.TESTBANKQUESTION |" name="And I click on Exams tab" time="0"/>
  <testcase classname="| DP:SUPER.USERNAME | DP:SUPER.PASSWORD | SAM Assignments | DP:TEXTBOOK.SUBJECT | Y | N | Exams | DP:EXAMASSIGNMENTS.EXAMNAME3 | DP:TEXTBOOK.BOOK | DP:TEXTBOOK.CHAPTERS | DP:TEXTBOOK.TASKS | DP:TEXTBOOK.TESTBANKQUESTION |" name="And I see DP:EXAMASSIGNMENTS.EXAMNAME3 Y in Exams page" time="0"/>
  <testcase classname="| DP:SUPER.USERNAME | DP:SUPER.PASSWORD | SAM Assignments | DP:TEXTBOOK.SUBJECT | Y | N | Exams | DP:EXAMASSIGNMENTS.EXAMNAME3 | DP:TEXTBOOK.BOOK | DP:TEXTBOOK.CHAPTERS | DP:TEXTBOOK.TASKS | DP:TEXTBOOK.TESTBANKQUESTION |" name="When I click on Schedule Individual Student Assignment icon" time="0.001"/>
  <testcase classname="| DP:SUPER.USERNAME | DP:SUPER.PASSWORD | SAM Assignments | DP:TEXTBOOK.SUBJECT | Y | N | Exams | DP:EXAMASSIGNMENTS.EXAMNAME3 | DP:TEXTBOOK.BOOK | DP:TEXTBOOK.CHAPTERS | DP:TEXTBOOK.TASKS | DP:TEXTBOOK.TESTBANKQUESTION |" name="Then I see Display Section Auto selected in ISA Scheduling" time="0"/>
  <testcase classname="| DP:SUPER.USERNAME | DP:SUPER.PASSWORD | SAM Assignments | DP:TEXTBOOK.SUBJECT | Y | N | Exams | DP:EXAMASSIGNMENTS.EXAMNAME3 | DP:TEXTBOOK.BOOK | DP:TEXTBOOK.CHAPTERS | DP:TEXTBOOK.TASKS | DP:TEXTBOOK.TESTBANKQUESTION |" name="And I click on Logout button" time="0"/>
  <testcase classname="| DP:SUPER.USERNAME | DP:SUPER.PASSWORD | SAM Assignments | DP:TEXTBOOK.SUBJECT | Y | N | Exams | DP:EXAMASSIGNMENTS.EXAMNAME3 | DP:TEXTBOOK.BOOK | DP:TEXTBOOK.CHAPTERS | DP:TEXTBOOK.TASKS | DP:TEXTBOOK.TESTBANKQUESTION |" name="| DP:SUPER.USERNAME | DP:SUPER.PASSWORD | SAM Assignments | DP:TEXTBOOK.SUBJECT | Y | N | Exams | DP:EXAMASSIGNMENTS.EXAMNAME3 | DP:TEXTBOOK.BOOK | DP:TEXTBOOK.CHAPTERS | DP:TEXTBOOK.TASKS | DP:TEXTBOOK.TESTBANKQUESTION |" time="0.001"/>
  <testcase classname="| DP:SUPER.USERNAME | DP:SUPER.PASSWORD | DP:TEXTBOOK.SUBJECT | DP:TRAININGASSIGNMENTS.TRAININGEDITNAME1 | SAM Assignments | Y | N | Training | DP:TEXTBOOK.BOOK | DP:TEXTBOOK.CHAPTERS | DP:TEXTBOOK.TASKS |" name="Given As a user I see login page of LMS" time="0"/>
  <testcase classname="| DP:SUPER.USERNAME | DP:SUPER.PASSWORD | DP:TEXTBOOK.SUBJECT | DP:TRAININGASSIGNMENTS.TRAININGEDITNAME1 | SAM Assignments | Y | N | Training | DP:TEXTBOOK.BOOK | DP:TEXTBOOK.CHAPTERS | DP:TEXTBOOK.TASKS |" name="And I enter DP:SUPER.USERNAME N Username in LMS login page" time="0"/>
  <testcase classname="| DP:SUPER.USERNAME | DP:SUPER.PASSWORD | DP:TEXTBOOK.SUBJECT | DP:TRAININGASSIGNMENTS.TRAININGEDITNAME1 | SAM Assignments | Y | N | Training | DP:TEXTBOOK.BOOK | DP:TEXTBOOK.CHAPTERS | DP:TEXTBOOK.TASKS |" name="And I enter DP:SUPER.PASSWORD Password in LMS login page" time="0"/>
  <testcase classname="| DP:SUPER.USERNAME | DP:SUPER.PASSWORD | DP:TEXTBOOK.SUBJECT | DP:TRAININGASSIGNMENTS.TRAININGEDITNAME1 | SAM Assignments | Y | N | Training | DP:TEXTBOOK.BOOK | DP:TEXTBOOK.CHAPTERS | DP:TEXTBOOK.TASKS |" name="And I click on Log In button" time="0"/>
  <testcase classname="| DP:SUPER.USERNAME | DP:SUPER.PASSWORD | DP:TEXTBOOK.SUBJECT | DP:TRAININGASSIGNMENTS.TRAININGEDITNAME1 | SAM Assignments | Y | N | Training | DP:TEXTBOOK.BOOK | DP:TEXTBOOK.CHAPTERS | DP:TEXTBOOK.TASKS |" name="And I see home page of LMS" time="0"/>
  <testcase classname="| DP:SUPER.USERNAME | DP:SUPER.PASSWORD | DP:TEXTBOOK.SUBJECT | DP:TRAININGASSIGNMENTS.TRAININGEDITNAME1 | SAM Assignments | Y | N | Training | DP:TEXTBOOK.BOOK | DP:TEXTBOOK.CHAPTERS | DP:TEXTBOOK.TASKS |" name="And I click on SAM Assignments tab" time="0"/>
  <testcase classname="| DP:SUPER.USERNAME | DP:SUPER.PASSWORD | DP:TEXTBOOK.SUBJECT | DP:TRAININGASSIGNMENTS.TRAININGEDITNAME1 | SAM Assignments | Y | N | Training | DP:TEXTBOOK.BOOK | DP:TEXTBOOK.CHAPTERS | DP:TEXTBOOK.TASKS |" name="And I click on Training tab" time="0"/>
  <testcase classname="| DP:SUPER.USERNAME | DP:SUPER.PASSWORD | DP:TEXTBOOK.SUBJECT | DP:TRAININGASSIGNMENTS.TRAININGEDITNAME1 | SAM Assignments | Y | N | Training | DP:TEXTBOOK.BOOK | DP:TEXTBOOK.CHAPTERS | DP:TEXTBOOK.TASKS |" name="And I click on Add Training button" time="0"/>
  <testcase classname="| DP:SUPER.USERNAME | DP:SUPER.PASSWORD | DP:TEXTBOOK.SUBJECT | DP:TRAININGASSIGNMENTS.TRAININGEDITNAME1 | SAM Assignments | Y | N | Training | DP:TEXTBOOK.BOOK | DP:TEXTBOOK.CHAPTERS | DP:TEXTBOOK.TASKS |" name="And I enter DP:TRAININGASSIGNMENTS.TRAININGEDITNAME1 Y in Training Name" time="0"/>
  <testcase classname="| DP:SUPER.USERNAME | DP:SUPER.PASSWORD | DP:TEXTBOOK.SUBJECT | DP:TRAININGASSIGNMENTS.TRAININGEDITNAME1 | SAM Assignments | Y | N | Training | DP:TEXTBOOK.BOOK | DP:TEXTBOOK.CHAPTERS | DP:TEXTBOOK.TASKS |" name="And I check on Auto-generate companion exam" time="0"/>
  <testcase classname="| DP:SUPER.USERNAME | DP:SUPER.PASSWORD | DP:TEXTBOOK.SUBJECT | DP:TRAININGASSIGNMENTS.TRAININGEDITNAME1 | SAM Assignments | Y | N | Training | DP:TEXTBOOK.BOOK | DP:TEXTBOOK.CHAPTERS | DP:TEXTBOOK.TASKS |" name="And I click on Next Step button" time="0"/>
  <testcase classname="| DP:SUPER.USERNAME | DP:SUPER.PASSWORD | DP:TEXTBOOK.SUBJECT | DP:TRAININGASSIGNMENTS.TRAININGEDITNAME1 | SAM Assignments | Y | N | Training | DP:TEXTBOOK.BOOK | DP:TEXTBOOK.CHAPTERS | DP:TEXTBOOK.TASKS |" name="And I check DP:TEXTBOOK.BOOK in Select Textbooks page" time="0"/>
  <testcase classname="| DP:SUPER.USERNAME | DP:SUPER.PASSWORD | DP:TEXTBOOK.SUBJECT | DP:TRAININGASSIGNMENTS.TRAININGEDITNAME1 | SAM Assignments | Y | N | Training | DP:TEXTBOOK.BOOK | DP:TEXTBOOK.CHAPTERS | DP:TEXTBOOK.TASKS |" name="And I click on Next Step button" time="0"/>
  <testcase classname="| DP:SUPER.USERNAME | DP:SUPER.PASSWORD | DP:TEXTBOOK.SUBJECT | DP:TRAININGASSIGNMENTS.TRAININGEDITNAME1 | SAM Assignments | Y | N | Training | DP:TEXTBOOK.BOOK | DP:TEXTBOOK.CHAPTERS | DP:TEXTBOOK.TASKS |" name="And I check DP:TEXTBOOK.CHAPTERS in Select Chapters" time="0"/>
  <testcase classname="| DP:SUPER.USERNAME | DP:SUPER.PASSWORD | DP:TEXTBOOK.SUBJECT | DP:TRAININGASSIGNMENTS.TRAININGEDITNAME1 | SAM Assignments | Y | N | Training | DP:TEXTBOOK.BOOK | DP:TEXTBOOK.CHAPTERS | DP:TEXTBOOK.TASKS |" name="And I click on Next Step button" time="0"/>
  <testcase classname="| DP:SUPER.USERNAME | DP:SUPER.PASSWORD | DP:TEXTBOOK.SUBJECT | DP:TRAININGASSIGNMENTS.TRAININGEDITNAME1 | SAM Assignments | Y | N | Training | DP:TEXTBOOK.BOOK | DP:TEXTBOOK.CHAPTERS | DP:TEXTBOOK.TASKS |" name="And I check DP:TEXTBOOK.TASKS task" time="0"/>
  <testcase classname="| DP:SUPER.USERNAME | DP:SUPER.PASSWORD | DP:TEXTBOOK.SUBJECT | DP:TRAININGASSIGNMENTS.TRAININGEDITNAME1 | SAM Assignments | Y | N | Training | DP:TEXTBOOK.BOOK | DP:TEXTBOOK.CHAPTERS | DP:TEXTBOOK.TASKS |" name="And I click on Save button" time="0"/>
  <testcase classname="| DP:SUPER.USERNAME | DP:SUPER.PASSWORD | DP:TEXTBOOK.SUBJECT | DP:TRAININGASSIGNMENTS.TRAININGEDITNAME1 | SAM Assignments | Y | N | Training | DP:TEXTBOOK.BOOK | DP:TEXTBOOK.CHAPTERS | DP:TEXTBOOK.TASKS |" name="And I click on Schedule button in pop-up" time="0"/>
  <testcase classname="| DP:SUPER.USERNAME | DP:SUPER.PASSWORD | DP:TEXTBOOK.SUBJECT | DP:TRAININGASSIGNMENTS.TRAININGEDITNAME1 | SAM Assignments | Y | N | Training | DP:TEXTBOOK.BOOK | DP:TEXTBOOK.CHAPTERS | DP:TEXTBOOK.TASKS |" name="And I see Display Section Auto selected" time="0"/>
  <testcase classname="| DP:SUPER.USERNAME | DP:SUPER.PASSWORD | DP:TEXTBOOK.SUBJECT | DP:TRAININGASSIGNMENTS.TRAININGEDITNAME1 | SAM Assignments | Y | N | Training | DP:TEXTBOOK.BOOK | DP:TEXTBOOK.CHAPTERS | DP:TEXTBOOK.TASKS |" name="And I click on Schedule button" time="0"/>
  <testcase classname="| DP:SUPER.USERNAME | DP:SUPER.PASSWORD | DP:TEXTBOOK.SUBJECT | DP:TRAININGASSIGNMENTS.TRAININGEDITNAME1 | SAM Assignments | Y | N | Training | DP:TEXTBOOK.BOOK | DP:TEXTBOOK.CHAPTERS | DP:TEXTBOOK.TASKS |" name="And I click on X icon" time="0"/>
  <testcase classname="| DP:SUPER.USERNAME | DP:SUPER.PASSWORD | DP:TEXTBOOK.SUBJECT | DP:TRAININGASSIGNMENTS.TRAININGEDITNAME1 | SAM Assignments | Y | N | Training | DP:TEXTBOOK.BOOK | DP:TEXTBOOK.CHAPTERS | DP:TEXTBOOK.TASKS |" name="And I click on SAM Assignments tab" time="0"/>
  <testcase classname="| DP:SUPER.USERNAME | DP:SUPER.PASSWORD | DP:TEXTBOOK.SUBJECT | DP:TRAININGASSIGNMENTS.TRAININGEDITNAME1 | SAM Assignments | Y | N | Training | DP:TEXTBOOK.BOOK | DP:TEXTBOOK.CHAPTERS | DP:TEXTBOOK.TASKS |" name="And I click on Schedule New button" time="0"/>
  <testcase classname="| DP:SUPER.USERNAME | DP:SUPER.PASSWORD | DP:TEXTBOOK.SUBJECT | DP:TRAININGASSIGNMENTS.TRAININGEDITNAME1 | SAM Assignments | Y | N | Training | DP:TEXTBOOK.BOOK | DP:TEXTBOOK.CHAPTERS | DP:TEXTBOOK.TASKS |" name="And I click on Exam button in Select Assignment Type page" time="0"/>
  <testcase classname="| DP:SUPER.USERNAME | DP:SUPER.PASSWORD | DP:TEXTBOOK.SUBJECT | DP:TRAININGASSIGNMENTS.TRAININGEDITNAME1 | SAM Assignments | Y | N | Training | DP:TEXTBOOK.BOOK | DP:TEXTBOOK.CHAPTERS | DP:TEXTBOOK.TASKS |" name="And I click on Training button in Select Assignment Type page" time="0"/>
  <testcase classname="| DP:SUPER.USERNAME | DP:SUPER.PASSWORD | DP:TEXTBOOK.SUBJECT | DP:TRAININGASSIGNMENTS.TRAININGEDITNAME1 | SAM Assignments | Y | N | Training | DP:TEXTBOOK.BOOK | DP:TEXTBOOK.CHAPTERS | DP:TEXTBOOK.TASKS |" name="And I select DP:TEXTBOOK.SUBJECT in Subject drop down" time="0"/>
  <testcase classname="| DP:SUPER.USERNAME | DP:SUPER.PASSWORD | DP:TEXTBOOK.SUBJECT | DP:TRAININGASSIGNMENTS.TRAININGEDITNAME1 | SAM Assignments | Y | N | Training | DP:TEXTBOOK.BOOK | DP:TEXTBOOK.CHAPTERS | DP:TEXTBOOK.TASKS |" name="And I select DP:TRAININGASSIGNMENTS.TRAININGEDITNAME1 Y in Exam Name" time="0"/>
  <testcase classname="| DP:SUPER.USERNAME | DP:SUPER.PASSWORD | DP:TEXTBOOK.SUBJECT | DP:TRAININGASSIGNMENTS.TRAININGEDITNAME1 | SAM Assignments | Y | N | Training | DP:TEXTBOOK.BOOK | DP:TEXTBOOK.CHAPTERS | DP:TEXTBOOK.TASKS |" name="And I click on Next Step button" time="0"/>
  <testcase classname="| DP:SUPER.USERNAME | DP:SUPER.PASSWORD | DP:TEXTBOOK.SUBJECT | DP:TRAININGASSIGNMENTS.TRAININGEDITNAME1 | SAM Assignments | Y | N | Training | DP:TEXTBOOK.BOOK | DP:TEXTBOOK.CHAPTERS | DP:TEXTBOOK.TASKS |" name="And I see Display Section Auto selected" time="0"/>
  <testcase classname="| DP:SUPER.USERNAME | DP:SUPER.PASSWORD | DP:TEXTBOOK.SUBJECT | DP:TRAININGASSIGNMENTS.TRAININGEDITNAME1 | SAM Assignments | Y | N | Training | DP:TEXTBOOK.BOOK | DP:TEXTBOOK.CHAPTERS | DP:TEXTBOOK.TASKS |" name="And I click on Training tab" time="0"/>
  <testcase classname="| DP:SUPER.USERNAME | DP:SUPER.PASSWORD | DP:TEXTBOOK.SUBJECT | DP:TRAININGASSIGNMENTS.TRAININGEDITNAME1 | SAM Assignments | Y | N | Training | DP:TEXTBOOK.BOOK | DP:TEXTBOOK.CHAPTERS | DP:TEXTBOOK.TASKS |" name="And I see DP:TRAININGASSIGNMENTS.TRAININGEDITNAME1 Y in Exams page" time="0"/>
  <testcase classname="| DP:SUPER.USERNAME | DP:SUPER.PASSWORD | DP:TEXTBOOK.SUBJECT | DP:TRAININGASSIGNMENTS.TRAININGEDITNAME1 | SAM Assignments | Y | N | Training | DP:TEXTBOOK.BOOK | DP:TEXTBOOK.CHAPTERS | DP:TEXTBOOK.TASKS |" name="And I click on DP:TRAININGASSIGNMENTS.TRAININGEDITNAME1 Y Schedule icon" time="0"/>
  <testcase classname="| DP:SUPER.USERNAME | DP:SUPER.PASSWORD | DP:TEXTBOOK.SUBJECT | DP:TRAININGASSIGNMENTS.TRAININGEDITNAME1 | SAM Assignments | Y | N | Training | DP:TEXTBOOK.BOOK | DP:TEXTBOOK.CHAPTERS | DP:TEXTBOOK.TASKS |" name="And I see Display Section Auto selected" time="0"/>
  <testcase classname="| DP:SUPER.USERNAME | DP:SUPER.PASSWORD | DP:TEXTBOOK.SUBJECT | DP:TRAININGASSIGNMENTS.TRAININGEDITNAME1 | SAM Assignments | Y | N | Training | DP:TEXTBOOK.BOOK | DP:TEXTBOOK.CHAPTERS | DP:TEXTBOOK.TASKS |" name="And I click on Training tab" time="0"/>
  <testcase classname="| DP:SUPER.USERNAME | DP:SUPER.PASSWORD | DP:TEXTBOOK.SUBJECT | DP:TRAININGASSIGNMENTS.TRAININGEDITNAME1 | SAM Assignments | Y | N | Training | DP:TEXTBOOK.BOOK | DP:TEXTBOOK.CHAPTERS | DP:TEXTBOOK.TASKS |" name="And I see DP:TRAININGASSIGNMENTS.TRAININGEDITNAME1 Y in Exams page" time="0"/>
  <testcase classname="| DP:SUPER.USERNAME | DP:SUPER.PASSWORD | DP:TEXTBOOK.SUBJECT | DP:TRAININGASSIGNMENTS.TRAININGEDITNAME1 | SAM Assignments | Y | N | Training | DP:TEXTBOOK.BOOK | DP:TEXTBOOK.CHAPTERS | DP:TEXTBOOK.TASKS |" name="And I click on Schedule Individual Student Assignment icon" time="0"/>
  <testcase classname="| DP:SUPER.USERNAME | DP:SUPER.PASSWORD | DP:TEXTBOOK.SUBJECT | DP:TRAININGASSIGNMENTS.TRAININGEDITNAME1 | SAM Assignments | Y | N | Training | DP:TEXTBOOK.BOOK | DP:TEXTBOOK.CHAPTERS | DP:TEXTBOOK.TASKS |" name="And I see Display Section Auto selected in ISA Scheduling" time="0"/>
  <testcase classname="| DP:SUPER.USERNAME | DP:SUPER.PASSWORD | DP:TEXTBOOK.SUBJECT | DP:TRAININGASSIGNMENTS.TRAININGEDITNAME1 | SAM Assignments | Y | N | Training | DP:TEXTBOOK.BOOK | DP:TEXTBOOK.CHAPTERS | DP:TEXTBOOK.TASKS |" name="And I click on SAM Assignments tab" time="0"/>
  <testcase classname="| DP:SUPER.USERNAME | DP:SUPER.PASSWORD | DP:TEXTBOOK.SUBJECT | DP:TRAININGASSIGNMENTS.TRAININGEDITNAME1 | SAM Assignments | Y | N | Training | DP:TEXTBOOK.BOOK | DP:TEXTBOOK.CHAPTERS | DP:TEXTBOOK.TASKS |" name="And I see DP:TRAININGASSIGNMENTS.TRAININGEDITNAME1 Y in Exams page" time="0"/>
  <testcase classname="| DP:SUPER.USERNAME | DP:SUPER.PASSWORD | DP:TEXTBOOK.SUBJECT | DP:TRAININGASSIGNMENTS.TRAININGEDITNAME1 | SAM Assignments | Y | N | Training | DP:TEXTBOOK.BOOK | DP:TEXTBOOK.CHAPTERS | DP:TEXTBOOK.TASKS |" name="When I click on Schedule Individual Student Assignment icon" time="0"/>
  <testcase classname="| DP:SUPER.USERNAME | DP:SUPER.PASSWORD | DP:TEXTBOOK.SUBJECT | DP:TRAININGASSIGNMENTS.TRAININGEDITNAME1 | SAM Assignments | Y | N | Training | DP:TEXTBOOK.BOOK | DP:TEXTBOOK.CHAPTERS | DP:TEXTBOOK.TASKS |" name="Then I see Display Section Auto selected in ISA Scheduling" time="0"/>
  <testcase classname="| DP:SUPER.USERNAME | DP:SUPER.PASSWORD | DP:TEXTBOOK.SUBJECT | DP:TRAININGASSIGNMENTS.TRAININGEDITNAME1 | SAM Assignments | Y | N | Training | DP:TEXTBOOK.BOOK | DP:TEXTBOOK.CHAPTERS | DP:TEXTBOOK.TASKS |" name="And I click on Logout button" time="0"/>
  <testcase classname="| DP:SUPER.USERNAME | DP:SUPER.PASSWORD | DP:TEXTBOOK.SUBJECT | DP:TRAININGASSIGNMENTS.TRAININGEDITNAME1 | SAM Assignments | Y | N | Training | DP:TEXTBOOK.BOOK | DP:TEXTBOOK.CHAPTERS | DP:TEXTBOOK.TASKS |" name="| DP:SUPER.USERNAME | DP:SUPER.PASSWORD | DP:TEXTBOOK.SUBJECT | DP:TRAININGASSIGNMENTS.TRAININGEDITNAME1 | SAM Assignments | Y | N | Training | DP:TEXTBOOK.BOOK | DP:TEXTBOOK.CHAPTERS | DP:TEXTBOOK.TASKS |" time="0.001"/>
  <testcase classname="| DP:SUPER.USERNAME | DP:SUPER.PASSWORD | Projects | CMPTR PowerPoint 2013 Chapter 20: SAM Project 1a | DP:PROJECTASSIGNMENTS.PROJECTASSIGNMENTNAME1 | SAM Assignments | Y | N | DP:PROJECTASSIGNMENTS.PROJECTBOOK | DP:PROJECTASSIGNMENTS.PROJECTUNITS | DP:PROJECTASSIGNMENTS.PROJECTSUBJECT |" name="Given As a user I see login page of LMS" time="0"/>
  <testcase classname="| DP:SUPER.USERNAME | DP:SUPER.PASSWORD | Projects | CMPTR PowerPoint 2013 Chapter 20: SAM Project 1a | DP:PROJECTASSIGNMENTS.PROJECTASSIGNMENTNAME1 | SAM Assignments | Y | N | DP:PROJECTASSIGNMENTS.PROJECTBOOK | DP:PROJECTASSIGNMENTS.PROJECTUNITS | DP:PROJECTASSIGNMENTS.PROJECTSUBJECT |" name="And I enter DP:SUPER.USERNAME N Username in LMS login page" time="0"/>
  <testcase classname="| DP:SUPER.USERNAME | DP:SUPER.PASSWORD | Projects | CMPTR PowerPoint 2013 Chapter 20: SAM Project 1a | DP:PROJECTASSIGNMENTS.PROJECTASSIGNMENTNAME1 | SAM Assignments | Y | N | DP:PROJECTASSIGNMENTS.PROJECTBOOK | DP:PROJECTASSIGNMENTS.PROJECTUNITS | DP:PROJECTASSIGNMENTS.PROJECTSUBJECT |" name="And I enter DP:SUPER.PASSWORD Password in LMS login page" time="0"/>
  <testcase classname="| DP:SUPER.USERNAME | DP:SUPER.PASSWORD | Projects | CMPTR PowerPoint 2013 Chapter 20: SAM Project 1a | DP:PROJECTASSIGNMENTS.PROJECTASSIGNMENTNAME1 | SAM Assignments | Y | N | DP:PROJECTASSIGNMENTS.PROJECTBOOK | DP:PROJECTASSIGNMENTS.PROJECTUNITS | DP:PROJECTASSIGNMENTS.PROJECTSUBJECT |" name="And I click on Log In button" time="0"/>
  <testcase classname="| DP:SUPER.USERNAME | DP:SUPER.PASSWORD | Projects | CMPTR PowerPoint 2013 Chapter 20: SAM Project 1a | DP:PROJECTASSIGNMENTS.PROJECTASSIGNMENTNAME1 | SAM Assignments | Y | N | DP:PROJECTASSIGNMENTS.PROJECTBOOK | DP:PROJECTASSIGNMENTS.PROJECTUNITS | DP:PROJECTASSIGNMENTS.PROJECTSUBJECT |" name="And I see home page of LMS" time="0"/>
  <testcase classname="| DP:SUPER.USERNAME | DP:SUPER.PASSWORD | Projects | CMPTR PowerPoint 2013 Chapter 20: SAM Project 1a | DP:PROJECTASSIGNMENTS.PROJECTASSIGNMENTNAME1 | SAM Assignments | Y | N | DP:PROJECTASSIGNMENTS.PROJECTBOOK | DP:PROJECTASSIGNMENTS.PROJECTUNITS | DP:PROJECTASSIGNMENTS.PROJECTSUBJECT |" name="And I click on SAM Assignments tab" time="0"/>
  <testcase classname="| DP:SUPER.USERNAME | DP:SUPER.PASSWORD | Projects | CMPTR PowerPoint 2013 Chapter 20: SAM Project 1a | DP:PROJECTASSIGNMENTS.PROJECTASSIGNMENTNAME1 | SAM Assignments | Y | N | DP:PROJECTASSIGNMENTS.PROJECTBOOK | DP:PROJECTASSIGNMENTS.PROJECTUNITS | DP:PROJECTASSIGNMENTS.PROJECTSUBJECT |" name="And I click on Schedule New button" time="0"/>
  <testcase classname="| DP:SUPER.USERNAME | DP:SUPER.PASSWORD | Projects | CMPTR PowerPoint 2013 Chapter 20: SAM Project 1a | DP:PROJECTASSIGNMENTS.PROJECTASSIGNMENTNAME1 | SAM Assignments | Y | N | DP:PROJECTASSIGNMENTS.PROJECTBOOK | DP:PROJECTASSIGNMENTS.PROJECTUNITS | DP:PROJECTASSIGNMENTS.PROJECTSUBJECT |" name="And I click on Training button in Select Assignment Type page" time="0"/>
  <testcase classname="| DP:SUPER.USERNAME | DP:SUPER.PASSWORD | Projects | CMPTR PowerPoint 2013 Chapter 20: SAM Project 1a | DP:PROJECTASSIGNMENTS.PROJECTASSIGNMENTNAME1 | SAM Assignments | Y | N | DP:PROJECTASSIGNMENTS.PROJECTBOOK | DP:PROJECTASSIGNMENTS.PROJECTUNITS | DP:PROJECTASSIGNMENTS.PROJECTSUBJECT |" name="And I click on Project button in Select Assignment Type page" time="0"/>
  <testcase classname="| DP:SUPER.USERNAME | DP:SUPER.PASSWORD | Projects | CMPTR PowerPoint 2013 Chapter 20: SAM Project 1a | DP:PROJECTASSIGNMENTS.PROJECTASSIGNMENTNAME1 | SAM Assignments | Y | N | DP:PROJECTASSIGNMENTS.PROJECTBOOK | DP:PROJECTASSIGNMENTS.PROJECTUNITS | DP:PROJECTASSIGNMENTS.PROJECTSUBJECT |" name="And I select DP:PROJECTASSIGNMENTS.PROJECTBOOK in Textbook drop down" time="0"/>
  <testcase classname="| DP:SUPER.USERNAME | DP:SUPER.PASSWORD | Projects | CMPTR PowerPoint 2013 Chapter 20: SAM Project 1a | DP:PROJECTASSIGNMENTS.PROJECTASSIGNMENTNAME1 | SAM Assignments | Y | N | DP:PROJECTASSIGNMENTS.PROJECTBOOK | DP:PROJECTASSIGNMENTS.PROJECTUNITS | DP:PROJECTASSIGNMENTS.PROJECTSUBJECT |" name="And I select DP:PROJECTASSIGNMENTS.PROJECTUNITS in Unit drop down" time="0"/>
  <testcase classname="| DP:SUPER.USERNAME | DP:SUPER.PASSWORD | Projects | CMPTR PowerPoint 2013 Chapter 20: SAM Project 1a | DP:PROJECTASSIGNMENTS.PROJECTASSIGNMENTNAME1 | SAM Assignments | Y | N | DP:PROJECTASSIGNMENTS.PROJECTBOOK | DP:PROJECTASSIGNMENTS.PROJECTUNITS | DP:PROJECTASSIGNMENTS.PROJECTSUBJECT |" name="And I select DP:PROJECTASSIGNMENTS.PROJECTSUBJECT in Subject drop down" time="0"/>
  <testcase classname="| DP:SUPER.USERNAME | DP:SUPER.PASSWORD | Projects | CMPTR PowerPoint 2013 Chapter 20: SAM Project 1a | DP:PROJECTASSIGNMENTS.PROJECTASSIGNMENTNAME1 | SAM Assignments | Y | N | DP:PROJECTASSIGNMENTS.PROJECTBOOK | DP:PROJECTASSIGNMENTS.PROJECTUNITS | DP:PROJECTASSIGNMENTS.PROJECTSUBJECT |" name="And I select CMPTR PowerPoint 2013 Chapter 20: SAM Project 1a N in Project Name" time="0"/>
  <testcase classname="| DP:SUPER.USERNAME | DP:SUPER.PASSWORD | Projects | CMPTR PowerPoint 2013 Chapter 20: SAM Project 1a | DP:PROJECTASSIGNMENTS.PROJECTASSIGNMENTNAME1 | SAM Assignments | Y | N | DP:PROJECTASSIGNMENTS.PROJECTBOOK | DP:PROJECTASSIGNMENTS.PROJECTUNITS | DP:PROJECTASSIGNMENTS.PROJECTSUBJECT |" name="And I click on Next Step button" time="0"/>
  <testcase classname="| DP:SUPER.USERNAME | DP:SUPER.PASSWORD | Projects | CMPTR PowerPoint 2013 Chapter 20: SAM Project 1a | DP:PROJECTASSIGNMENTS.PROJECTASSIGNMENTNAME1 | SAM Assignments | Y | N | DP:PROJECTASSIGNMENTS.PROJECTBOOK | DP:PROJECTASSIGNMENTS.PROJECTUNITS | DP:PROJECTASSIGNMENTS.PROJECTSUBJECT |" name="And I enter DP:PROJECTASSIGNMENTS.PROJECTASSIGNMENTNAME1 Y in Assignment Name" time="0"/>
  <testcase classname="| DP:SUPER.USERNAME | DP:SUPER.PASSWORD | Projects | CMPTR PowerPoint 2013 Chapter 20: SAM Project 1a | DP:PROJECTASSIGNMENTS.PROJECTASSIGNMENTNAME1 | SAM Assignments | Y | N | DP:PROJECTASSIGNMENTS.PROJECTBOOK | DP:PROJECTASSIGNMENTS.PROJECTUNITS | DP:PROJECTASSIGNMENTS.PROJECTSUBJECT |" name="And I see Display Section Auto selected" time="0"/>
  <testcase classname="| DP:SUPER.USERNAME | DP:SUPER.PASSWORD | Projects | CMPTR PowerPoint 2013 Chapter 20: SAM Project 1a | DP:PROJECTASSIGNMENTS.PROJECTASSIGNMENTNAME1 | SAM Assignments | Y | N | DP:PROJECTASSIGNMENTS.PROJECTBOOK | DP:PROJECTASSIGNMENTS.PROJECTUNITS | DP:PROJECTASSIGNMENTS.PROJECTSUBJECT |" name="And I click on Save button" time="0"/>
  <testcase classname="| DP:SUPER.USERNAME | DP:SUPER.PASSWORD | Projects | CMPTR PowerPoint 2013 Chapter 20: SAM Project 1a | DP:PROJECTASSIGNMENTS.PROJECTASSIGNMENTNAME1 | SAM Assignments | Y | N | DP:PROJECTASSIGNMENTS.PROJECTBOOK | DP:PROJECTASSIGNMENTS.PROJECTUNITS | DP:PROJECTASSIGNMENTS.PROJECTSUBJECT |" name="And I click on X icon" time="0"/>
  <testcase classname="| DP:SUPER.USERNAME | DP:SUPER.PASSWORD | Projects | CMPTR PowerPoint 2013 Chapter 20: SAM Project 1a | DP:PROJECTASSIGNMENTS.PROJECTASSIGNMENTNAME1 | SAM Assignments | Y | N | DP:PROJECTASSIGNMENTS.PROJECTBOOK | DP:PROJECTASSIGNMENTS.PROJECTUNITS | DP:PROJECTASSIGNMENTS.PROJECTSUBJECT |" name="And I click on SAM Assignments tab" time="0"/>
  <testcase classname="| DP:SUPER.USERNAME | DP:SUPER.PASSWORD | Projects | CMPTR PowerPoint 2013 Chapter 20: SAM Project 1a | DP:PROJECTASSIGNMENTS.PROJECTASSIGNMENTNAME1 | SAM Assignments | Y | N | DP:PROJECTASSIGNMENTS.PROJECTBOOK | DP:PROJECTASSIGNMENTS.PROJECTUNITS | DP:PROJECTASSIGNMENTS.PROJECTSUBJECT |" name="And I click on Projects tab" time="0"/>
  <testcase classname="| DP:SUPER.USERNAME | DP:SUPER.PASSWORD | Projects | CMPTR PowerPoint 2013 Chapter 20: SAM Project 1a | DP:PROJECTASSIGNMENTS.PROJECTASSIGNMENTNAME1 | SAM Assignments | Y | N | DP:PROJECTASSIGNMENTS.PROJECTBOOK | DP:PROJECTASSIGNMENTS.PROJECTUNITS | DP:PROJECTASSIGNMENTS.PROJECTSUBJECT |" name="And I select DP:PROJECTASSIGNMENTS.PROJECTBOOK in Textbook drop down" time="0"/>
  <testcase classname="| DP:SUPER.USERNAME | DP:SUPER.PASSWORD | Projects | CMPTR PowerPoint 2013 Chapter 20: SAM Project 1a | DP:PROJECTASSIGNMENTS.PROJECTASSIGNMENTNAME1 | SAM Assignments | Y | N | DP:PROJECTASSIGNMENTS.PROJECTBOOK | DP:PROJECTASSIGNMENTS.PROJECTUNITS | DP:PROJECTASSIGNMENTS.PROJECTSUBJECT |" name="And I select DP:PROJECTASSIGNMENTS.PROJECTUNITS Unit for project Assignment" time="0"/>
  <testcase classname="| DP:SUPER.USERNAME | DP:SUPER.PASSWORD | Projects | CMPTR PowerPoint 2013 Chapter 20: SAM Project 1a | DP:PROJECTASSIGNMENTS.PROJECTASSIGNMENTNAME1 | SAM Assignments | Y | N | DP:PROJECTASSIGNMENTS.PROJECTBOOK | DP:PROJECTASSIGNMENTS.PROJECTUNITS | DP:PROJECTASSIGNMENTS.PROJECTSUBJECT |" name="And I click on CMPTR PowerPoint 2013 Chapter 20: SAM Project 1a Schedule Assignment icon in Project Scheduling" time="0"/>
  <testcase classname="| DP:SUPER.USERNAME | DP:SUPER.PASSWORD | Projects | CMPTR PowerPoint 2013 Chapter 20: SAM Project 1a | DP:PROJECTASSIGNMENTS.PROJECTASSIGNMENTNAME1 | SAM Assignments | Y | N | DP:PROJECTASSIGNMENTS.PROJECTBOOK | DP:PROJECTASSIGNMENTS.PROJECTUNITS | DP:PROJECTASSIGNMENTS.PROJECTSUBJECT |" name="And I see Display Section Auto selected in ISA Scheduling" time="0"/>
  <testcase classname="| DP:SUPER.USERNAME | DP:SUPER.PASSWORD | Projects | CMPTR PowerPoint 2013 Chapter 20: SAM Project 1a | DP:PROJECTASSIGNMENTS.PROJECTASSIGNMENTNAME1 | SAM Assignments | Y | N | DP:PROJECTASSIGNMENTS.PROJECTBOOK | DP:PROJECTASSIGNMENTS.PROJECTUNITS | DP:PROJECTASSIGNMENTS.PROJECTSUBJECT |" name="And I click on SAM Assignments tab" time="0"/>
  <testcase classname="| DP:SUPER.USERNAME | DP:SUPER.PASSWORD | Projects | CMPTR PowerPoint 2013 Chapter 20: SAM Project 1a | DP:PROJECTASSIGNMENTS.PROJECTASSIGNMENTNAME1 | SAM Assignments | Y | N | DP:PROJECTASSIGNMENTS.PROJECTBOOK | DP:PROJECTASSIGNMENTS.PROJECTUNITS | DP:PROJECTASSIGNMENTS.PROJECTSUBJECT |" name="And I click on Projects tab" time="0"/>
  <testcase classname="| DP:SUPER.USERNAME | DP:SUPER.PASSWORD | Projects | CMPTR PowerPoint 2013 Chapter 20: SAM Project 1a | DP:PROJECTASSIGNMENTS.PROJECTASSIGNMENTNAME1 | SAM Assignments | Y | N | DP:PROJECTASSIGNMENTS.PROJECTBOOK | DP:PROJECTASSIGNMENTS.PROJECTUNITS | DP:PROJECTASSIGNMENTS.PROJECTSUBJECT |" name="And I select DP:PROJECTASSIGNMENTS.PROJECTBOOK in Textbook drop down" time="0"/>
  <testcase classname="| DP:SUPER.USERNAME | DP:SUPER.PASSWORD | Projects | CMPTR PowerPoint 2013 Chapter 20: SAM Project 1a | DP:PROJECTASSIGNMENTS.PROJECTASSIGNMENTNAME1 | SAM Assignments | Y | N | DP:PROJECTASSIGNMENTS.PROJECTBOOK | DP:PROJECTASSIGNMENTS.PROJECTUNITS | DP:PROJECTASSIGNMENTS.PROJECTSUBJECT |" name="And I select DP:PROJECTASSIGNMENTS.PROJECTUNITS Unit for project Assignment" time="0"/>
  <testcase classname="| DP:SUPER.USERNAME | DP:SUPER.PASSWORD | Projects | CMPTR PowerPoint 2013 Chapter 20: SAM Project 1a | DP:PROJECTASSIGNMENTS.PROJECTASSIGNMENTNAME1 | SAM Assignments | Y | N | DP:PROJECTASSIGNMENTS.PROJECTBOOK | DP:PROJECTASSIGNMENTS.PROJECTUNITS | DP:PROJECTASSIGNMENTS.PROJECTSUBJECT |" name="And I click on Schedule Individual Student Assignment icon" time="0"/>
  <testcase classname="| DP:SUPER.USERNAME | DP:SUPER.PASSWORD | Projects | CMPTR PowerPoint 2013 Chapter 20: SAM Project 1a | DP:PROJECTASSIGNMENTS.PROJECTASSIGNMENTNAME1 | SAM Assignments | Y | N | DP:PROJECTASSIGNMENTS.PROJECTBOOK | DP:PROJECTASSIGNMENTS.PROJECTUNITS | DP:PROJECTASSIGNMENTS.PROJECTSUBJECT |" name="And I see Display Section Auto selected in ISA Scheduling" time="0"/>
  <testcase classname="| DP:SUPER.USERNAME | DP:SUPER.PASSWORD | Projects | CMPTR PowerPoint 2013 Chapter 20: SAM Project 1a | DP:PROJECTASSIGNMENTS.PROJECTASSIGNMENTNAME1 | SAM Assignments | Y | N | DP:PROJECTASSIGNMENTS.PROJECTBOOK | DP:PROJECTASSIGNMENTS.PROJECTUNITS | DP:PROJECTASSIGNMENTS.PROJECTSUBJECT |" name="And I click on SAM Assignments tab" time="0"/>
  <testcase classname="| DP:SUPER.USERNAME | DP:SUPER.PASSWORD | Projects | CMPTR PowerPoint 2013 Chapter 20: SAM Project 1a | DP:PROJECTASSIGNMENTS.PROJECTASSIGNMENTNAME1 | SAM Assignments | Y | N | DP:PROJECTASSIGNMENTS.PROJECTBOOK | DP:PROJECTASSIGNMENTS.PROJECTUNITS | DP:PROJECTASSIGNMENTS.PROJECTSUBJECT |" name="And I see DP:PROJECTASSIGNMENTS.PROJECTASSIGNMENTNAME1 Y in Exams page" time="0"/>
  <testcase classname="| DP:SUPER.USERNAME | DP:SUPER.PASSWORD | Projects | CMPTR PowerPoint 2013 Chapter 20: SAM Project 1a | DP:PROJECTASSIGNMENTS.PROJECTASSIGNMENTNAME1 | SAM Assignments | Y | N | DP:PROJECTASSIGNMENTS.PROJECTBOOK | DP:PROJECTASSIGNMENTS.PROJECTUNITS | DP:PROJECTASSIGNMENTS.PROJECTSUBJECT |" name="When I click on Schedule Individual Student Assignment icon" time="0"/>
  <testcase classname="| DP:SUPER.USERNAME | DP:SUPER.PASSWORD | Projects | CMPTR PowerPoint 2013 Chapter 20: SAM Project 1a | DP:PROJECTASSIGNMENTS.PROJECTASSIGNMENTNAME1 | SAM Assignments | Y | N | DP:PROJECTASSIGNMENTS.PROJECTBOOK | DP:PROJECTASSIGNMENTS.PROJECTUNITS | DP:PROJECTASSIGNMENTS.PROJECTSUBJECT |" name="Then I see Display Section Auto selected in ISA Scheduling" time="0"/>
  <testcase classname="| DP:SUPER.USERNAME | DP:SUPER.PASSWORD | Projects | CMPTR PowerPoint 2013 Chapter 20: SAM Project 1a | DP:PROJECTASSIGNMENTS.PROJECTASSIGNMENTNAME1 | SAM Assignments | Y | N | DP:PROJECTASSIGNMENTS.PROJECTBOOK | DP:PROJECTASSIGNMENTS.PROJECTUNITS | DP:PROJECTASSIGNMENTS.PROJECTSUBJECT |" name="And I click on Logout button" time="0"/>
  <testcase classname="| DP:SUPER.USERNAME | DP:SUPER.PASSWORD | Projects | CMPTR PowerPoint 2013 Chapter 20: SAM Project 1a | DP:PROJECTASSIGNMENTS.PROJECTASSIGNMENTNAME1 | SAM Assignments | Y | N | DP:PROJECTASSIGNMENTS.PROJECTBOOK | DP:PROJECTASSIGNMENTS.PROJECTUNITS | DP:PROJECTASSIGNMENTS.PROJECTSUBJECT |" name="| DP:SUPER.USERNAME | DP:SUPER.PASSWORD | Projects | CMPTR PowerPoint 2013 Chapter 20: SAM Project 1a | DP:PROJECTASSIGNMENTS.PROJECTASSIGNMENTNAME1 | SAM Assignments | Y | N | DP:PROJECTASSIGNMENTS.PROJECTBOOK | DP:PROJECTASSIGNMENTS.PROJECTUNITS | DP:PROJECTASSIGNMENTS.PROJECTSUBJECT |" time="0.001"/>
  <testcase classname="| DP:SUPER.USERNAME | DP:SUPER.PASSWORD | SAM Assignments | Assignments | DP:SAMPATHASSIGNMENTS.SAMPATHSUBJECT | DP:EXAMASSIGNMENTS.EXAMNAME3 | Y | N | DP:SAMPATHASSIGNMENTS.SAMPATHNAME |" name="Given As a user I see login page of LMS" time="0"/>
  <testcase classname="| DP:SUPER.USERNAME | DP:SUPER.PASSWORD | SAM Assignments | Assignments | DP:SAMPATHASSIGNMENTS.SAMPATHSUBJECT | DP:EXAMASSIGNMENTS.EXAMNAME3 | Y | N | DP:SAMPATHASSIGNMENTS.SAMPATHNAME |" name="And I enter DP:SUPER.USERNAME N Username in LMS login page" time="0"/>
  <testcase classname="| DP:SUPER.USERNAME | DP:SUPER.PASSWORD | SAM Assignments | Assignments | DP:SAMPATHASSIGNMENTS.SAMPATHSUBJECT | DP:EXAMASSIGNMENTS.EXAMNAME3 | Y | N | DP:SAMPATHASSIGNMENTS.SAMPATHNAME |" name="And I enter DP:SUPER.PASSWORD Password in LMS login page" time="0"/>
  <testcase classname="| DP:SUPER.USERNAME | DP:SUPER.PASSWORD | SAM Assignments | Assignments | DP:SAMPATHASSIGNMENTS.SAMPATHSUBJECT | DP:EXAMASSIGNMENTS.EXAMNAME3 | Y | N | DP:SAMPATHASSIGNMENTS.SAMPATHNAME |" name="And I click on Log In button" time="0"/>
  <testcase classname="| DP:SUPER.USERNAME | DP:SUPER.PASSWORD | SAM Assignments | Assignments | DP:SAMPATHASSIGNMENTS.SAMPATHSUBJECT | DP:EXAMASSIGNMENTS.EXAMNAME3 | Y | N | DP:SAMPATHASSIGNMENTS.SAMPATHNAME |" name="And I see home page of LMS" time="0"/>
  <testcase classname="| DP:SUPER.USERNAME | DP:SUPER.PASSWORD | SAM Assignments | Assignments | DP:SAMPATHASSIGNMENTS.SAMPATHSUBJECT | DP:EXAMASSIGNMENTS.EXAMNAME3 | Y | N | DP:SAMPATHASSIGNMENTS.SAMPATHNAME |" name="And I click on SAM Assignments tab" time="0"/>
  <testcase classname="| DP:SUPER.USERNAME | DP:SUPER.PASSWORD | SAM Assignments | Assignments | DP:SAMPATHASSIGNMENTS.SAMPATHSUBJECT | DP:EXAMASSIGNMENTS.EXAMNAME3 | Y | N | DP:SAMPATHASSIGNMENTS.SAMPATHNAME |" name="And I click on Assignments tab" time="0"/>
  <testcase classname="| DP:SUPER.USERNAME | DP:SUPER.PASSWORD | SAM Assignments | Assignments | DP:SAMPATHASSIGNMENTS.SAMPATHSUBJECT | DP:EXAMASSIGNMENTS.EXAMNAME3 | Y | N | DP:SAMPATHASSIGNMENTS.SAMPATHNAME |" name="And I click on Schedule New button" time="0"/>
  <testcase classname="| DP:SUPER.USERNAME | DP:SUPER.PASSWORD | SAM Assignments | Assignments | DP:SAMPATHASSIGNMENTS.SAMPATHSUBJECT | DP:EXAMASSIGNMENTS.EXAMNAME3 | Y | N | DP:SAMPATHASSIGNMENTS.SAMPATHNAME |" name="And I click on Training button in Select Assignment Type page" time="0"/>
  <testcase classname="| DP:SUPER.USERNAME | DP:SUPER.PASSWORD | SAM Assignments | Assignments | DP:SAMPATHASSIGNMENTS.SAMPATHSUBJECT | DP:EXAMASSIGNMENTS.EXAMNAME3 | Y | N | DP:SAMPATHASSIGNMENTS.SAMPATHNAME |" name="And I click on SAM path button" time="0"/>
  <testcase classname="| DP:SUPER.USERNAME | DP:SUPER.PASSWORD | SAM Assignments | Assignments | DP:SAMPATHASSIGNMENTS.SAMPATHSUBJECT | DP:EXAMASSIGNMENTS.EXAMNAME3 | Y | N | DP:SAMPATHASSIGNMENTS.SAMPATHNAME |" name="And I select DP:SAMPATHASSIGNMENTS.SAMPATHSUBJECT in Subject drop down" time="0"/>
  <testcase classname="| DP:SUPER.USERNAME | DP:SUPER.PASSWORD | SAM Assignments | Assignments | DP:SAMPATHASSIGNMENTS.SAMPATHSUBJECT | DP:EXAMASSIGNMENTS.EXAMNAME3 | Y | N | DP:SAMPATHASSIGNMENTS.SAMPATHNAME |" name="And I select DP:EXAMASSIGNMENTS.EXAMNAME3 Y in Exam Name" time="0"/>
  <testcase classname="| DP:SUPER.USERNAME | DP:SUPER.PASSWORD | SAM Assignments | Assignments | DP:SAMPATHASSIGNMENTS.SAMPATHSUBJECT | DP:EXAMASSIGNMENTS.EXAMNAME3 | Y | N | DP:SAMPATHASSIGNMENTS.SAMPATHNAME |" name="And I click on Next Step button" time="0"/>
  <testcase classname="| DP:SUPER.USERNAME | DP:SUPER.PASSWORD | SAM Assignments | Assignments | DP:SAMPATHASSIGNMENTS.SAMPATHSUBJECT | DP:EXAMASSIGNMENTS.EXAMNAME3 | Y | N | DP:SAMPATHASSIGNMENTS.SAMPATHNAME |" name="And I enter DP:SAMPATHASSIGNMENTS.SAMPATHNAME Y in Assignment Name" time="0"/>
  <testcase classname="| DP:SUPER.USERNAME | DP:SUPER.PASSWORD | SAM Assignments | Assignments | DP:SAMPATHASSIGNMENTS.SAMPATHSUBJECT | DP:EXAMASSIGNMENTS.EXAMNAME3 | Y | N | DP:SAMPATHASSIGNMENTS.SAMPATHNAME |" name="And I see Display Section Auto selected" time="0"/>
  <testcase classname="| DP:SUPER.USERNAME | DP:SUPER.PASSWORD | SAM Assignments | Assignments | DP:SAMPATHASSIGNMENTS.SAMPATHSUBJECT | DP:EXAMASSIGNMENTS.EXAMNAME3 | Y | N | DP:SAMPATHASSIGNMENTS.SAMPATHNAME |" name="And I click on Save button" time="0"/>
  <testcase classname="| DP:SUPER.USERNAME | DP:SUPER.PASSWORD | SAM Assignments | Assignments | DP:SAMPATHASSIGNMENTS.SAMPATHSUBJECT | DP:EXAMASSIGNMENTS.EXAMNAME3 | Y | N | DP:SAMPATHASSIGNMENTS.SAMPATHNAME |" name="And I click on X icon" time="0"/>
  <testcase classname="| DP:SUPER.USERNAME | DP:SUPER.PASSWORD | SAM Assignments | Assignments | DP:SAMPATHASSIGNMENTS.SAMPATHSUBJECT | DP:EXAMASSIGNMENTS.EXAMNAME3 | Y | N | DP:SAMPATHASSIGNMENTS.SAMPATHNAME |" name="And I click on SAM Assignments tab" time="0"/>
  <testcase classname="| DP:SUPER.USERNAME | DP:SUPER.PASSWORD | SAM Assignments | Assignments | DP:SAMPATHASSIGNMENTS.SAMPATHSUBJECT | DP:EXAMASSIGNMENTS.EXAMNAME3 | Y | N | DP:SAMPATHASSIGNMENTS.SAMPATHNAME |" name="And I see DP:SAMPATHASSIGNMENTS.SAMPATHNAME Y in Exams page" time="0"/>
  <testcase classname="| DP:SUPER.USERNAME | DP:SUPER.PASSWORD | SAM Assignments | Assignments | DP:SAMPATHASSIGNMENTS.SAMPATHSUBJECT | DP:EXAMASSIGNMENTS.EXAMNAME3 | Y | N | DP:SAMPATHASSIGNMENTS.SAMPATHNAME |" name="When I click on Schedule Individual Student Assignment icon" time="0"/>
  <testcase classname="| DP:SUPER.USERNAME | DP:SUPER.PASSWORD | SAM Assignments | Assignments | DP:SAMPATHASSIGNMENTS.SAMPATHSUBJECT | DP:EXAMASSIGNMENTS.EXAMNAME3 | Y | N | DP:SAMPATHASSIGNMENTS.SAMPATHNAME |" name="Then I see Display Section Auto selected in ISA Scheduling" time="0"/>
  <testcase classname="| DP:SUPER.USERNAME | DP:SUPER.PASSWORD | SAM Assignments | Assignments | DP:SAMPATHASSIGNMENTS.SAMPATHSUBJECT | DP:EXAMASSIGNMENTS.EXAMNAME3 | Y | N | DP:SAMPATHASSIGNMENTS.SAMPATHNAME |" name="And I click on Logout button" time="0"/>
  <testcase classname="| DP:SUPER.USERNAME | DP:SUPER.PASSWORD | SAM Assignments | Assignments | DP:SAMPATHASSIGNMENTS.SAMPATHSUBJECT | DP:EXAMASSIGNMENTS.EXAMNAME3 | Y | N | DP:SAMPATHASSIGNMENTS.SAMPATHNAME |" name="| DP:SUPER.USERNAME | DP:SUPER.PASSWORD | SAM Assignments | Assignments | DP:SAMPATHASSIGNMENTS.SAMPATHSUBJECT | DP:EXAMASSIGNMENTS.EXAMNAME3 | Y | N | DP:SAMPATHASSIGNMENTS.SAMPATHNAME |" time="0.011"/>
  <testcase classname="| DP:SUPER.USERNAME | Y | DP:SUPER.PASSWORD | DP:SAMPATHASSIGNMENTS.SAMPATHNAME | SAM Assignments | Sections | Assignments | DP:SECTIONS.SECTIONNAME | DP:PROJECTASSIGNMENTS.PROJECTASSIGNMENTNAME1 | DP:EXAMASSIGNMENTS.EXAMNAME3 | DP:TRAININGASSIGNMENTS.TRAININGEDITNAME1 | DP:SECTIONS.SECTIONNAME1 | N | DP:SECTIONS.COURSENAME | DP:SECTIONS.TERM | DP:TEXTBOOK.SERIES | DP:TEXTBOOK.SUBJECT | DP:TEXTBOOK.BOOK |" name="Given As a user I see login page of LMS" time="0"/>
  <testcase classname="| DP:SUPER.USERNAME | Y | DP:SUPER.PASSWORD | DP:SAMPATHASSIGNMENTS.SAMPATHNAME | SAM Assignments | Sections | Assignments | DP:SECTIONS.SECTIONNAME | DP:PROJECTASSIGNMENTS.PROJECTASSIGNMENTNAME1 | DP:EXAMASSIGNMENTS.EXAMNAME3 | DP:TRAININGASSIGNMENTS.TRAININGEDITNAME1 | DP:SECTIONS.SECTIONNAME1 | N | DP:SECTIONS.COURSENAME | DP:SECTIONS.TERM | DP:TEXTBOOK.SERIES | DP:TEXTBOOK.SUBJECT | DP:TEXTBOOK.BOOK |" name="And I enter DP:SUPER.USERNAME N Username in LMS login page" time="0"/>
  <testcase classname="| DP:SUPER.USERNAME | Y | DP:SUPER.PASSWORD | DP:SAMPATHASSIGNMENTS.SAMPATHNAME | SAM Assignments | Sections | Assignments | DP:SECTIONS.SECTIONNAME | DP:PROJECTASSIGNMENTS.PROJECTASSIGNMENTNAME1 | DP:EXAMASSIGNMENTS.EXAMNAME3 | DP:TRAININGASSIGNMENTS.TRAININGEDITNAME1 | DP:SECTIONS.SECTIONNAME1 | N | DP:SECTIONS.COURSENAME | DP:SECTIONS.TERM | DP:TEXTBOOK.SERIES | DP:TEXTBOOK.SUBJECT | DP:TEXTBOOK.BOOK |" name="And I enter DP:SUPER.PASSWORD Password in LMS login page" time="0"/>
  <testcase classname="| DP:SUPER.USERNAME | Y | DP:SUPER.PASSWORD | DP:SAMPATHASSIGNMENTS.SAMPATHNAME | SAM Assignments | Sections | Assignments | DP:SECTIONS.SECTIONNAME | DP:PROJECTASSIGNMENTS.PROJECTASSIGNMENTNAME1 | DP:EXAMASSIGNMENTS.EXAMNAME3 | DP:TRAININGASSIGNMENTS.TRAININGEDITNAME1 | DP:SECTIONS.SECTIONNAME1 | N | DP:SECTIONS.COURSENAME | DP:SECTIONS.TERM | DP:TEXTBOOK.SERIES | DP:TEXTBOOK.SUBJECT | DP:TEXTBOOK.BOOK |" name="And I click on Log In button" time="0"/>
  <testcase classname="| DP:SUPER.USERNAME | Y | DP:SUPER.PASSWORD | DP:SAMPATHASSIGNMENTS.SAMPATHNAME | SAM Assignments | Sections | Assignments | DP:SECTIONS.SECTIONNAME | DP:PROJECTASSIGNMENTS.PROJECTASSIGNMENTNAME1 | DP:EXAMASSIGNMENTS.EXAMNAME3 | DP:TRAININGASSIGNMENTS.TRAININGEDITNAME1 | DP:SECTIONS.SECTIONNAME1 | N | DP:SECTIONS.COURSENAME | DP:SECTIONS.TERM | DP:TEXTBOOK.SERIES | DP:TEXTBOOK.SUBJECT | DP:TEXTBOOK.BOOK |" name="And I see home page of LMS" time="0"/>
  <testcase classname="| DP:SUPER.USERNAME | Y | DP:SUPER.PASSWORD | DP:SAMPATHASSIGNMENTS.SAMPATHNAME | SAM Assignments | Sections | Assignments | DP:SECTIONS.SECTIONNAME | DP:PROJECTASSIGNMENTS.PROJECTASSIGNMENTNAME1 | DP:EXAMASSIGNMENTS.EXAMNAME3 | DP:TRAININGASSIGNMENTS.TRAININGEDITNAME1 | DP:SECTIONS.SECTIONNAME1 | N | DP:SECTIONS.COURSENAME | DP:SECTIONS.TERM | DP:TEXTBOOK.SERIES | DP:TEXTBOOK.SUBJECT | DP:TEXTBOOK.BOOK |" name="And I click on Sections tab" time="0"/>
  <testcase classname="| DP:SUPER.USERNAME | Y | DP:SUPER.PASSWORD | DP:SAMPATHASSIGNMENTS.SAMPATHNAME | SAM Assignments | Sections | Assignments | DP:SECTIONS.SECTIONNAME | DP:PROJECTASSIGNMENTS.PROJECTASSIGNMENTNAME1 | DP:EXAMASSIGNMENTS.EXAMNAME3 | DP:TRAININGASSIGNMENTS.TRAININGEDITNAME1 | DP:SECTIONS.SECTIONNAME1 | N | DP:SECTIONS.COURSENAME | DP:SECTIONS.TERM | DP:TEXTBOOK.SERIES | DP:TEXTBOOK.SUBJECT | DP:TEXTBOOK.BOOK |" name="And I click on Add New button" time="0"/>
  <testcase classname="| DP:SUPER.USERNAME | Y | DP:SUPER.PASSWORD | DP:SAMPATHASSIGNMENTS.SAMPATHNAME | SAM Assignments | Sections | Assignments | DP:SECTIONS.SECTIONNAME | DP:PROJECTASSIGNMENTS.PROJECTASSIGNMENTNAME1 | DP:EXAMASSIGNMENTS.EXAMNAME3 | DP:TRAININGASSIGNMENTS.TRAININGEDITNAME1 | DP:SECTIONS.SECTIONNAME1 | N | DP:SECTIONS.COURSENAME | DP:SECTIONS.TERM | DP:TEXTBOOK.SERIES | DP:TEXTBOOK.SUBJECT | DP:TEXTBOOK.BOOK |" name="And I enter DP:SECTIONS.SECTIONNAME1 Y in Section Name" time="0"/>
  <testcase classname="| DP:SUPER.USERNAME | Y | DP:SUPER.PASSWORD | DP:SAMPATHASSIGNMENTS.SAMPATHNAME | SAM Assignments | Sections | Assignments | DP:SECTIONS.SECTIONNAME | DP:PROJECTASSIGNMENTS.PROJECTASSIGNMENTNAME1 | DP:EXAMASSIGNMENTS.EXAMNAME3 | DP:TRAININGASSIGNMENTS.TRAININGEDITNAME1 | DP:SECTIONS.SECTIONNAME1 | N | DP:SECTIONS.COURSENAME | DP:SECTIONS.TERM | DP:TEXTBOOK.SERIES | DP:TEXTBOOK.SUBJECT | DP:TEXTBOOK.BOOK |" name="And I enter DP:SECTIONS.COURSENAME in Course Name" time="0"/>
  <testcase classname="| DP:SUPER.USERNAME | Y | DP:SUPER.PASSWORD | DP:SAMPATHASSIGNMENTS.SAMPATHNAME | SAM Assignments | Sections | Assignments | DP:SECTIONS.SECTIONNAME | DP:PROJECTASSIGNMENTS.PROJECTASSIGNMENTNAME1 | DP:EXAMASSIGNMENTS.EXAMNAME3 | DP:TRAININGASSIGNMENTS.TRAININGEDITNAME1 | DP:SECTIONS.SECTIONNAME1 | N | DP:SECTIONS.COURSENAME | DP:SECTIONS.TERM | DP:TEXTBOOK.SERIES | DP:TEXTBOOK.SUBJECT | DP:TEXTBOOK.BOOK |" name="And I enter DP:SECTIONS.TERM in Term" time="0"/>
  <testcase classname="| DP:SUPER.USERNAME | Y | DP:SUPER.PASSWORD | DP:SAMPATHASSIGNMENTS.SAMPATHNAME | SAM Assignments | Sections | Assignments | DP:SECTIONS.SECTIONNAME | DP:PROJECTASSIGNMENTS.PROJECTASSIGNMENTNAME1 | DP:EXAMASSIGNMENTS.EXAMNAME3 | DP:TRAININGASSIGNMENTS.TRAININGEDITNAME1 | DP:SECTIONS.SECTIONNAME1 | N | DP:SECTIONS.COURSENAME | DP:SECTIONS.TERM | DP:TEXTBOOK.SERIES | DP:TEXTBOOK.SUBJECT | DP:TEXTBOOK.BOOK |" name="And I click on Save button" time="0"/>
  <testcase classname="| DP:SUPER.USERNAME | Y | DP:SUPER.PASSWORD | DP:SAMPATHASSIGNMENTS.SAMPATHNAME | SAM Assignments | Sections | Assignments | DP:SECTIONS.SECTIONNAME | DP:PROJECTASSIGNMENTS.PROJECTASSIGNMENTNAME1 | DP:EXAMASSIGNMENTS.EXAMNAME3 | DP:TRAININGASSIGNMENTS.TRAININGEDITNAME1 | DP:SECTIONS.SECTIONNAME1 | N | DP:SECTIONS.COURSENAME | DP:SECTIONS.TERM | DP:TEXTBOOK.SERIES | DP:TEXTBOOK.SUBJECT | DP:TEXTBOOK.BOOK |" name="And I click on OK button in popup" time="0"/>
  <testcase classname="| DP:SUPER.USERNAME | Y | DP:SUPER.PASSWORD | DP:SAMPATHASSIGNMENTS.SAMPATHNAME | SAM Assignments | Sections | Assignments | DP:SECTIONS.SECTIONNAME | DP:PROJECTASSIGNMENTS.PROJECTASSIGNMENTNAME1 | DP:EXAMASSIGNMENTS.EXAMNAME3 | DP:TRAININGASSIGNMENTS.TRAININGEDITNAME1 | DP:SECTIONS.SECTIONNAME1 | N | DP:SECTIONS.COURSENAME | DP:SECTIONS.TERM | DP:TEXTBOOK.SERIES | DP:TEXTBOOK.SUBJECT | DP:TEXTBOOK.BOOK |" name="And I click on text book tab in section page" time="0"/>
  <testcase classname="| DP:SUPER.USERNAME | Y | DP:SUPER.PASSWORD | DP:SAMPATHASSIGNMENTS.SAMPATHNAME | SAM Assignments | Sections | Assignments | DP:SECTIONS.SECTIONNAME | DP:PROJECTASSIGNMENTS.PROJECTASSIGNMENTNAME1 | DP:EXAMASSIGNMENTS.EXAMNAME3 | DP:TRAININGASSIGNMENTS.TRAININGEDITNAME1 | DP:SECTIONS.SECTIONNAME1 | N | DP:SECTIONS.COURSENAME | DP:SECTIONS.TERM | DP:TEXTBOOK.SERIES | DP:TEXTBOOK.SUBJECT | DP:TEXTBOOK.BOOK |" name="And I Click on Available Textbook in textbook tab" time="0"/>
  <testcase classname="| DP:SUPER.USERNAME | Y | DP:SUPER.PASSWORD | DP:SAMPATHASSIGNMENTS.SAMPATHNAME | SAM Assignments | Sections | Assignments | DP:SECTIONS.SECTIONNAME | DP:PROJECTASSIGNMENTS.PROJECTASSIGNMENTNAME1 | DP:EXAMASSIGNMENTS.EXAMNAME3 | DP:TRAININGASSIGNMENTS.TRAININGEDITNAME1 | DP:SECTIONS.SECTIONNAME1 | N | DP:SECTIONS.COURSENAME | DP:SECTIONS.TERM | DP:TEXTBOOK.SERIES | DP:TEXTBOOK.SUBJECT | DP:TEXTBOOK.BOOK |" name="And I select DP:TEXTBOOK.SERIES from Series drop down" time="0"/>
  <testcase classname="| DP:SUPER.USERNAME | Y | DP:SUPER.PASSWORD | DP:SAMPATHASSIGNMENTS.SAMPATHNAME | SAM Assignments | Sections | Assignments | DP:SECTIONS.SECTIONNAME | DP:PROJECTASSIGNMENTS.PROJECTASSIGNMENTNAME1 | DP:EXAMASSIGNMENTS.EXAMNAME3 | DP:TRAININGASSIGNMENTS.TRAININGEDITNAME1 | DP:SECTIONS.SECTIONNAME1 | N | DP:SECTIONS.COURSENAME | DP:SECTIONS.TERM | DP:TEXTBOOK.SERIES | DP:TEXTBOOK.SUBJECT | DP:TEXTBOOK.BOOK |" name="And I select DP:TEXTBOOK.SUBJECT from Subject drop down" time="0"/>
  <testcase classname="| DP:SUPER.USERNAME | Y | DP:SUPER.PASSWORD | DP:SAMPATHASSIGNMENTS.SAMPATHNAME | SAM Assignments | Sections | Assignments | DP:SECTIONS.SECTIONNAME | DP:PROJECTASSIGNMENTS.PROJECTASSIGNMENTNAME1 | DP:EXAMASSIGNMENTS.EXAMNAME3 | DP:TRAININGASSIGNMENTS.TRAININGEDITNAME1 | DP:SECTIONS.SECTIONNAME1 | N | DP:SECTIONS.COURSENAME | DP:SECTIONS.TERM | DP:TEXTBOOK.SERIES | DP:TEXTBOOK.SUBJECT | DP:TEXTBOOK.BOOK |" name="And I Click on DP:TEXTBOOK.BOOK Add Item button" time="0"/>
  <testcase classname="| DP:SUPER.USERNAME | Y | DP:SUPER.PASSWORD | DP:SAMPATHASSIGNMENTS.SAMPATHNAME | SAM Assignments | Sections | Assignments | DP:SECTIONS.SECTIONNAME | DP:PROJECTASSIGNMENTS.PROJECTASSIGNMENTNAME1 | DP:EXAMASSIGNMENTS.EXAMNAME3 | DP:TRAININGASSIGNMENTS.TRAININGEDITNAME1 | DP:SECTIONS.SECTIONNAME1 | N | DP:SECTIONS.COURSENAME | DP:SECTIONS.TERM | DP:TEXTBOOK.SERIES | DP:TEXTBOOK.SUBJECT | DP:TEXTBOOK.BOOK |" name="And I Click on Active Textbooks in textbook tab" time="0"/>
  <testcase classname="| DP:SUPER.USERNAME | Y | DP:SUPER.PASSWORD | DP:SAMPATHASSIGNMENTS.SAMPATHNAME | SAM Assignments | Sections | Assignments | DP:SECTIONS.SECTIONNAME | DP:PROJECTASSIGNMENTS.PROJECTASSIGNMENTNAME1 | DP:EXAMASSIGNMENTS.EXAMNAME3 | DP:TRAININGASSIGNMENTS.TRAININGEDITNAME1 | DP:SECTIONS.SECTIONNAME1 | N | DP:SECTIONS.COURSENAME | DP:SECTIONS.TERM | DP:TEXTBOOK.SERIES | DP:TEXTBOOK.SUBJECT | DP:TEXTBOOK.BOOK |" name="And I Click on Student readings toggle" time="0"/>
  <testcase classname="| DP:SUPER.USERNAME | Y | DP:SUPER.PASSWORD | DP:SAMPATHASSIGNMENTS.SAMPATHNAME | SAM Assignments | Sections | Assignments | DP:SECTIONS.SECTIONNAME | DP:PROJECTASSIGNMENTS.PROJECTASSIGNMENTNAME1 | DP:EXAMASSIGNMENTS.EXAMNAME3 | DP:TRAININGASSIGNMENTS.TRAININGEDITNAME1 | DP:SECTIONS.SECTIONNAME1 | N | DP:SECTIONS.COURSENAME | DP:SECTIONS.TERM | DP:TEXTBOOK.SERIES | DP:TEXTBOOK.SUBJECT | DP:TEXTBOOK.BOOK |" name="And I click on save and close button in section page" time="0"/>
  <testcase classname="| DP:SUPER.USERNAME | Y | DP:SUPER.PASSWORD | DP:SAMPATHASSIGNMENTS.SAMPATHNAME | SAM Assignments | Sections | Assignments | DP:SECTIONS.SECTIONNAME | DP:PROJECTASSIGNMENTS.PROJECTASSIGNMENTNAME1 | DP:EXAMASSIGNMENTS.EXAMNAME3 | DP:TRAININGASSIGNMENTS.TRAININGEDITNAME1 | DP:SECTIONS.SECTIONNAME1 | N | DP:SECTIONS.COURSENAME | DP:SECTIONS.TERM | DP:TEXTBOOK.SERIES | DP:TEXTBOOK.SUBJECT | DP:TEXTBOOK.BOOK |" name="And I see the created DP:SECTIONS.SECTIONNAME1 Y in Sections page" time="0"/>
  <testcase classname="| DP:SUPER.USERNAME | Y | DP:SUPER.PASSWORD | DP:SAMPATHASSIGNMENTS.SAMPATHNAME | SAM Assignments | Sections | Assignments | DP:SECTIONS.SECTIONNAME | DP:PROJECTASSIGNMENTS.PROJECTASSIGNMENTNAME1 | DP:EXAMASSIGNMENTS.EXAMNAME3 | DP:TRAININGASSIGNMENTS.TRAININGEDITNAME1 | DP:SECTIONS.SECTIONNAME1 | N | DP:SECTIONS.COURSENAME | DP:SECTIONS.TERM | DP:TEXTBOOK.SERIES | DP:TEXTBOOK.SUBJECT | DP:TEXTBOOK.BOOK |" name="And I click on SAM Assignments tab" time="0"/>
  <testcase classname="| DP:SUPER.USERNAME | Y | DP:SUPER.PASSWORD | DP:SAMPATHASSIGNMENTS.SAMPATHNAME | SAM Assignments | Sections | Assignments | DP:SECTIONS.SECTIONNAME | DP:PROJECTASSIGNMENTS.PROJECTASSIGNMENTNAME1 | DP:EXAMASSIGNMENTS.EXAMNAME3 | DP:TRAININGASSIGNMENTS.TRAININGEDITNAME1 | DP:SECTIONS.SECTIONNAME1 | N | DP:SECTIONS.COURSENAME | DP:SECTIONS.TERM | DP:TEXTBOOK.SERIES | DP:TEXTBOOK.SUBJECT | DP:TEXTBOOK.BOOK |" name="And I click on Assignments tab" time="0"/>
  <testcase classname="| DP:SUPER.USERNAME | Y | DP:SUPER.PASSWORD | DP:SAMPATHASSIGNMENTS.SAMPATHNAME | SAM Assignments | Sections | Assignments | DP:SECTIONS.SECTIONNAME | DP:PROJECTASSIGNMENTS.PROJECTASSIGNMENTNAME1 | DP:EXAMASSIGNMENTS.EXAMNAME3 | DP:TRAININGASSIGNMENTS.TRAININGEDITNAME1 | DP:SECTIONS.SECTIONNAME1 | N | DP:SECTIONS.COURSENAME | DP:SECTIONS.TERM | DP:TEXTBOOK.SERIES | DP:TEXTBOOK.SUBJECT | DP:TEXTBOOK.BOOK |" name="And I select DP:SECTIONS.SECTIONNAME Y from section drop down" time="0"/>
  <testcase classname="| DP:SUPER.USERNAME | Y | DP:SUPER.PASSWORD | DP:SAMPATHASSIGNMENTS.SAMPATHNAME | SAM Assignments | Sections | Assignments | DP:SECTIONS.SECTIONNAME | DP:PROJECTASSIGNMENTS.PROJECTASSIGNMENTNAME1 | DP:EXAMASSIGNMENTS.EXAMNAME3 | DP:TRAININGASSIGNMENTS.TRAININGEDITNAME1 | DP:SECTIONS.SECTIONNAME1 | N | DP:SECTIONS.COURSENAME | DP:SECTIONS.TERM | DP:TEXTBOOK.SERIES | DP:TEXTBOOK.SUBJECT | DP:TEXTBOOK.BOOK |" name="And I see DP:EXAMASSIGNMENTS.EXAMNAME3 Y in Assignment tab" time="0"/>
  <testcase classname="| DP:SUPER.USERNAME | Y | DP:SUPER.PASSWORD | DP:SAMPATHASSIGNMENTS.SAMPATHNAME | SAM Assignments | Sections | Assignments | DP:SECTIONS.SECTIONNAME | DP:PROJECTASSIGNMENTS.PROJECTASSIGNMENTNAME1 | DP:EXAMASSIGNMENTS.EXAMNAME3 | DP:TRAININGASSIGNMENTS.TRAININGEDITNAME1 | DP:SECTIONS.SECTIONNAME1 | N | DP:SECTIONS.COURSENAME | DP:SECTIONS.TERM | DP:TEXTBOOK.SERIES | DP:TEXTBOOK.SUBJECT | DP:TEXTBOOK.BOOK |" name="And I click on DP:EXAMASSIGNMENTS.EXAMNAME3 Y Edit icon" time="0"/>
  <testcase classname="| DP:SUPER.USERNAME | Y | DP:SUPER.PASSWORD | DP:SAMPATHASSIGNMENTS.SAMPATHNAME | SAM Assignments | Sections | Assignments | DP:SECTIONS.SECTIONNAME | DP:PROJECTASSIGNMENTS.PROJECTASSIGNMENTNAME1 | DP:EXAMASSIGNMENTS.EXAMNAME3 | DP:TRAININGASSIGNMENTS.TRAININGEDITNAME1 | DP:SECTIONS.SECTIONNAME1 | N | DP:SECTIONS.COURSENAME | DP:SECTIONS.TERM | DP:TEXTBOOK.SERIES | DP:TEXTBOOK.SUBJECT | DP:TEXTBOOK.BOOK |" name="And I click on section drop down" time="0"/>
  <testcase classname="| DP:SUPER.USERNAME | Y | DP:SUPER.PASSWORD | DP:SAMPATHASSIGNMENTS.SAMPATHNAME | SAM Assignments | Sections | Assignments | DP:SECTIONS.SECTIONNAME | DP:PROJECTASSIGNMENTS.PROJECTASSIGNMENTNAME1 | DP:EXAMASSIGNMENTS.EXAMNAME3 | DP:TRAININGASSIGNMENTS.TRAININGEDITNAME1 | DP:SECTIONS.SECTIONNAME1 | N | DP:SECTIONS.COURSENAME | DP:SECTIONS.TERM | DP:TEXTBOOK.SERIES | DP:TEXTBOOK.SUBJECT | DP:TEXTBOOK.BOOK |" name="And I check DP:SECTIONS.SECTIONNAME1 Y in Select section drop down" time="0"/>
  <testcase classname="| DP:SUPER.USERNAME | Y | DP:SUPER.PASSWORD | DP:SAMPATHASSIGNMENTS.SAMPATHNAME | SAM Assignments | Sections | Assignments | DP:SECTIONS.SECTIONNAME | DP:PROJECTASSIGNMENTS.PROJECTASSIGNMENTNAME1 | DP:EXAMASSIGNMENTS.EXAMNAME3 | DP:TRAININGASSIGNMENTS.TRAININGEDITNAME1 | DP:SECTIONS.SECTIONNAME1 | N | DP:SECTIONS.COURSENAME | DP:SECTIONS.TERM | DP:TEXTBOOK.SERIES | DP:TEXTBOOK.SUBJECT | DP:TEXTBOOK.BOOK |" name="And I click on section drop down" time="0"/>
  <testcase classname="| DP:SUPER.USERNAME | Y | DP:SUPER.PASSWORD | DP:SAMPATHASSIGNMENTS.SAMPATHNAME | SAM Assignments | Sections | Assignments | DP:SECTIONS.SECTIONNAME | DP:PROJECTASSIGNMENTS.PROJECTASSIGNMENTNAME1 | DP:EXAMASSIGNMENTS.EXAMNAME3 | DP:TRAININGASSIGNMENTS.TRAININGEDITNAME1 | DP:SECTIONS.SECTIONNAME1 | N | DP:SECTIONS.COURSENAME | DP:SECTIONS.TERM | DP:TEXTBOOK.SERIES | DP:TEXTBOOK.SUBJECT | DP:TEXTBOOK.BOOK |" name="And I click on Save button" time="0"/>
  <testcase classname="| DP:SUPER.USERNAME | Y | DP:SUPER.PASSWORD | DP:SAMPATHASSIGNMENTS.SAMPATHNAME | SAM Assignments | Sections | Assignments | DP:SECTIONS.SECTIONNAME | DP:PROJECTASSIGNMENTS.PROJECTASSIGNMENTNAME1 | DP:EXAMASSIGNMENTS.EXAMNAME3 | DP:TRAININGASSIGNMENTS.TRAININGEDITNAME1 | DP:SECTIONS.SECTIONNAME1 | N | DP:SECTIONS.COURSENAME | DP:SECTIONS.TERM | DP:TEXTBOOK.SERIES | DP:TEXTBOOK.SUBJECT | DP:TEXTBOOK.BOOK |" name="And I see DP:TRAININGASSIGNMENTS.TRAININGEDITNAME1 Y in Assignment tab" time="0"/>
  <testcase classname="| DP:SUPER.USERNAME | Y | DP:SUPER.PASSWORD | DP:SAMPATHASSIGNMENTS.SAMPATHNAME | SAM Assignments | Sections | Assignments | DP:SECTIONS.SECTIONNAME | DP:PROJECTASSIGNMENTS.PROJECTASSIGNMENTNAME1 | DP:EXAMASSIGNMENTS.EXAMNAME3 | DP:TRAININGASSIGNMENTS.TRAININGEDITNAME1 | DP:SECTIONS.SECTIONNAME1 | N | DP:SECTIONS.COURSENAME | DP:SECTIONS.TERM | DP:TEXTBOOK.SERIES | DP:TEXTBOOK.SUBJECT | DP:TEXTBOOK.BOOK |" name="And I click on DP:TRAININGASSIGNMENTS.TRAININGEDITNAME1 Y Edit icon" time="0"/>
  <testcase classname="| DP:SUPER.USERNAME | Y | DP:SUPER.PASSWORD | DP:SAMPATHASSIGNMENTS.SAMPATHNAME | SAM Assignments | Sections | Assignments | DP:SECTIONS.SECTIONNAME | DP:PROJECTASSIGNMENTS.PROJECTASSIGNMENTNAME1 | DP:EXAMASSIGNMENTS.EXAMNAME3 | DP:TRAININGASSIGNMENTS.TRAININGEDITNAME1 | DP:SECTIONS.SECTIONNAME1 | N | DP:SECTIONS.COURSENAME | DP:SECTIONS.TERM | DP:TEXTBOOK.SERIES | DP:TEXTBOOK.SUBJECT | DP:TEXTBOOK.BOOK |" name="And I click on section drop down" time="0"/>
  <testcase classname="| DP:SUPER.USERNAME | Y | DP:SUPER.PASSWORD | DP:SAMPATHASSIGNMENTS.SAMPATHNAME | SAM Assignments | Sections | Assignments | DP:SECTIONS.SECTIONNAME | DP:PROJECTASSIGNMENTS.PROJECTASSIGNMENTNAME1 | DP:EXAMASSIGNMENTS.EXAMNAME3 | DP:TRAININGASSIGNMENTS.TRAININGEDITNAME1 | DP:SECTIONS.SECTIONNAME1 | N | DP:SECTIONS.COURSENAME | DP:SECTIONS.TERM | DP:TEXTBOOK.SERIES | DP:TEXTBOOK.SUBJECT | DP:TEXTBOOK.BOOK |" name="And I check DP:SECTIONS.SECTIONNAME1 Y in Select section drop down" time="0"/>
  <testcase classname="| DP:SUPER.USERNAME | Y | DP:SUPER.PASSWORD | DP:SAMPATHASSIGNMENTS.SAMPATHNAME | SAM Assignments | Sections | Assignments | DP:SECTIONS.SECTIONNAME | DP:PROJECTASSIGNMENTS.PROJECTASSIGNMENTNAME1 | DP:EXAMASSIGNMENTS.EXAMNAME3 | DP:TRAININGASSIGNMENTS.TRAININGEDITNAME1 | DP:SECTIONS.SECTIONNAME1 | N | DP:SECTIONS.COURSENAME | DP:SECTIONS.TERM | DP:TEXTBOOK.SERIES | DP:TEXTBOOK.SUBJECT | DP:TEXTBOOK.BOOK |" name="And I click on section drop down" time="0"/>
  <testcase classname="| DP:SUPER.USERNAME | Y | DP:SUPER.PASSWORD | DP:SAMPATHASSIGNMENTS.SAMPATHNAME | SAM Assignments | Sections | Assignments | DP:SECTIONS.SECTIONNAME | DP:PROJECTASSIGNMENTS.PROJECTASSIGNMENTNAME1 | DP:EXAMASSIGNMENTS.EXAMNAME3 | DP:TRAININGASSIGNMENTS.TRAININGEDITNAME1 | DP:SECTIONS.SECTIONNAME1 | N | DP:SECTIONS.COURSENAME | DP:SECTIONS.TERM | DP:TEXTBOOK.SERIES | DP:TEXTBOOK.SUBJECT | DP:TEXTBOOK.BOOK |" name="And I click on Save button" time="0"/>
  <testcase classname="| DP:SUPER.USERNAME | Y | DP:SUPER.PASSWORD | DP:SAMPATHASSIGNMENTS.SAMPATHNAME | SAM Assignments | Sections | Assignments | DP:SECTIONS.SECTIONNAME | DP:PROJECTASSIGNMENTS.PROJECTASSIGNMENTNAME1 | DP:EXAMASSIGNMENTS.EXAMNAME3 | DP:TRAININGASSIGNMENTS.TRAININGEDITNAME1 | DP:SECTIONS.SECTIONNAME1 | N | DP:SECTIONS.COURSENAME | DP:SECTIONS.TERM | DP:TEXTBOOK.SERIES | DP:TEXTBOOK.SUBJECT | DP:TEXTBOOK.BOOK |" name="And I see DP:PROJECTASSIGNMENTS.PROJECTASSIGNMENTNAME1 Y in Assignment tab" time="0"/>
  <testcase classname="| DP:SUPER.USERNAME | Y | DP:SUPER.PASSWORD | DP:SAMPATHASSIGNMENTS.SAMPATHNAME | SAM Assignments | Sections | Assignments | DP:SECTIONS.SECTIONNAME | DP:PROJECTASSIGNMENTS.PROJECTASSIGNMENTNAME1 | DP:EXAMASSIGNMENTS.EXAMNAME3 | DP:TRAININGASSIGNMENTS.TRAININGEDITNAME1 | DP:SECTIONS.SECTIONNAME1 | N | DP:SECTIONS.COURSENAME | DP:SECTIONS.TERM | DP:TEXTBOOK.SERIES | DP:TEXTBOOK.SUBJECT | DP:TEXTBOOK.BOOK |" name="And I click on DP:PROJECTASSIGNMENTS.PROJECTASSIGNMENTNAME1 Y Edit icon" time="0"/>
  <testcase classname="| DP:SUPER.USERNAME | Y | DP:SUPER.PASSWORD | DP:SAMPATHASSIGNMENTS.SAMPATHNAME | SAM Assignments | Sections | Assignments | DP:SECTIONS.SECTIONNAME | DP:PROJECTASSIGNMENTS.PROJECTASSIGNMENTNAME1 | DP:EXAMASSIGNMENTS.EXAMNAME3 | DP:TRAININGASSIGNMENTS.TRAININGEDITNAME1 | DP:SECTIONS.SECTIONNAME1 | N | DP:SECTIONS.COURSENAME | DP:SECTIONS.TERM | DP:TEXTBOOK.SERIES | DP:TEXTBOOK.SUBJECT | DP:TEXTBOOK.BOOK |" name="And I click on section drop down" time="0"/>
  <testcase classname="| DP:SUPER.USERNAME | Y | DP:SUPER.PASSWORD | DP:SAMPATHASSIGNMENTS.SAMPATHNAME | SAM Assignments | Sections | Assignments | DP:SECTIONS.SECTIONNAME | DP:PROJECTASSIGNMENTS.PROJECTASSIGNMENTNAME1 | DP:EXAMASSIGNMENTS.EXAMNAME3 | DP:TRAININGASSIGNMENTS.TRAININGEDITNAME1 | DP:SECTIONS.SECTIONNAME1 | N | DP:SECTIONS.COURSENAME | DP:SECTIONS.TERM | DP:TEXTBOOK.SERIES | DP:TEXTBOOK.SUBJECT | DP:TEXTBOOK.BOOK |" name="And I check DP:SECTIONS.SECTIONNAME1 Y in Select section drop down" time="0"/>
  <testcase classname="| DP:SUPER.USERNAME | Y | DP:SUPER.PASSWORD | DP:SAMPATHASSIGNMENTS.SAMPATHNAME | SAM Assignments | Sections | Assignments | DP:SECTIONS.SECTIONNAME | DP:PROJECTASSIGNMENTS.PROJECTASSIGNMENTNAME1 | DP:EXAMASSIGNMENTS.EXAMNAME3 | DP:TRAININGASSIGNMENTS.TRAININGEDITNAME1 | DP:SECTIONS.SECTIONNAME1 | N | DP:SECTIONS.COURSENAME | DP:SECTIONS.TERM | DP:TEXTBOOK.SERIES | DP:TEXTBOOK.SUBJECT | DP:TEXTBOOK.BOOK |" name="And I click on section drop down" time="0"/>
  <testcase classname="| DP:SUPER.USERNAME | Y | DP:SUPER.PASSWORD | DP:SAMPATHASSIGNMENTS.SAMPATHNAME | SAM Assignments | Sections | Assignments | DP:SECTIONS.SECTIONNAME | DP:PROJECTASSIGNMENTS.PROJECTASSIGNMENTNAME1 | DP:EXAMASSIGNMENTS.EXAMNAME3 | DP:TRAININGASSIGNMENTS.TRAININGEDITNAME1 | DP:SECTIONS.SECTIONNAME1 | N | DP:SECTIONS.COURSENAME | DP:SECTIONS.TERM | DP:TEXTBOOK.SERIES | DP:TEXTBOOK.SUBJECT | DP:TEXTBOOK.BOOK |" name="And I click on Save button" time="0"/>
  <testcase classname="| DP:SUPER.USERNAME | Y | DP:SUPER.PASSWORD | DP:SAMPATHASSIGNMENTS.SAMPATHNAME | SAM Assignments | Sections | Assignments | DP:SECTIONS.SECTIONNAME | DP:PROJECTASSIGNMENTS.PROJECTASSIGNMENTNAME1 | DP:EXAMASSIGNMENTS.EXAMNAME3 | DP:TRAININGASSIGNMENTS.TRAININGEDITNAME1 | DP:SECTIONS.SECTIONNAME1 | N | DP:SECTIONS.COURSENAME | DP:SECTIONS.TERM | DP:TEXTBOOK.SERIES | DP:TEXTBOOK.SUBJECT | DP:TEXTBOOK.BOOK |" name="And I see DP:SAMPATHASSIGNMENTS.SAMPATHNAME Y in Assignment tab" time="0"/>
  <testcase classname="| DP:SUPER.USERNAME | Y | DP:SUPER.PASSWORD | DP:SAMPATHASSIGNMENTS.SAMPATHNAME | SAM Assignments | Sections | Assignments | DP:SECTIONS.SECTIONNAME | DP:PROJECTASSIGNMENTS.PROJECTASSIGNMENTNAME1 | DP:EXAMASSIGNMENTS.EXAMNAME3 | DP:TRAININGASSIGNMENTS.TRAININGEDITNAME1 | DP:SECTIONS.SECTIONNAME1 | N | DP:SECTIONS.COURSENAME | DP:SECTIONS.TERM | DP:TEXTBOOK.SERIES | DP:TEXTBOOK.SUBJECT | DP:TEXTBOOK.BOOK |" name="And I click on DP:SAMPATHASSIGNMENTS.SAMPATHNAME Y Edit icon" time="0"/>
  <testcase classname="| DP:SUPER.USERNAME | Y | DP:SUPER.PASSWORD | DP:SAMPATHASSIGNMENTS.SAMPATHNAME | SAM Assignments | Sections | Assignments | DP:SECTIONS.SECTIONNAME | DP:PROJECTASSIGNMENTS.PROJECTASSIGNMENTNAME1 | DP:EXAMASSIGNMENTS.EXAMNAME3 | DP:TRAININGASSIGNMENTS.TRAININGEDITNAME1 | DP:SECTIONS.SECTIONNAME1 | N | DP:SECTIONS.COURSENAME | DP:SECTIONS.TERM | DP:TEXTBOOK.SERIES | DP:TEXTBOOK.SUBJECT | DP:TEXTBOOK.BOOK |" name="And I click on section drop down" time="0"/>
  <testcase classname="| DP:SUPER.USERNAME | Y | DP:SUPER.PASSWORD | DP:SAMPATHASSIGNMENTS.SAMPATHNAME | SAM Assignments | Sections | Assignments | DP:SECTIONS.SECTIONNAME | DP:PROJECTASSIGNMENTS.PROJECTASSIGNMENTNAME1 | DP:EXAMASSIGNMENTS.EXAMNAME3 | DP:TRAININGASSIGNMENTS.TRAININGEDITNAME1 | DP:SECTIONS.SECTIONNAME1 | N | DP:SECTIONS.COURSENAME | DP:SECTIONS.TERM | DP:TEXTBOOK.SERIES | DP:TEXTBOOK.SUBJECT | DP:TEXTBOOK.BOOK |" name="When I check DP:SECTIONS.SECTIONNAME1 Y in Select section drop down" time="0"/>
  <testcase classname="| DP:SUPER.USERNAME | Y | DP:SUPER.PASSWORD | DP:SAMPATHASSIGNMENTS.SAMPATHNAME | SAM Assignments | Sections | Assignments | DP:SECTIONS.SECTIONNAME | DP:PROJECTASSIGNMENTS.PROJECTASSIGNMENTNAME1 | DP:EXAMASSIGNMENTS.EXAMNAME3 | DP:TRAININGASSIGNMENTS.TRAININGEDITNAME1 | DP:SECTIONS.SECTIONNAME1 | N | DP:SECTIONS.COURSENAME | DP:SECTIONS.TERM | DP:TEXTBOOK.SERIES | DP:TEXTBOOK.SUBJECT | DP:TEXTBOOK.BOOK |" name="Then I click on section drop down" time="0"/>
  <testcase classname="| DP:SUPER.USERNAME | Y | DP:SUPER.PASSWORD | DP:SAMPATHASSIGNMENTS.SAMPATHNAME | SAM Assignments | Sections | Assignments | DP:SECTIONS.SECTIONNAME | DP:PROJECTASSIGNMENTS.PROJECTASSIGNMENTNAME1 | DP:EXAMASSIGNMENTS.EXAMNAME3 | DP:TRAININGASSIGNMENTS.TRAININGEDITNAME1 | DP:SECTIONS.SECTIONNAME1 | N | DP:SECTIONS.COURSENAME | DP:SECTIONS.TERM | DP:TEXTBOOK.SERIES | DP:TEXTBOOK.SUBJECT | DP:TEXTBOOK.BOOK |" name="And I click on Save button" time="0"/>
  <testcase classname="| DP:SUPER.USERNAME | Y | DP:SUPER.PASSWORD | DP:SAMPATHASSIGNMENTS.SAMPATHNAME | SAM Assignments | Sections | Assignments | DP:SECTIONS.SECTIONNAME | DP:PROJECTASSIGNMENTS.PROJECTASSIGNMENTNAME1 | DP:EXAMASSIGNMENTS.EXAMNAME3 | DP:TRAININGASSIGNMENTS.TRAININGEDITNAME1 | DP:SECTIONS.SECTIONNAME1 | N | DP:SECTIONS.COURSENAME | DP:SECTIONS.TERM | DP:TEXTBOOK.SERIES | DP:TEXTBOOK.SUBJECT | DP:TEXTBOOK.BOOK |" name="And I click on Logout button" time="0"/>
  <testcase classname="| DP:SUPER.USERNAME | Y | DP:SUPER.PASSWORD | DP:SAMPATHASSIGNMENTS.SAMPATHNAME | SAM Assignments | Sections | Assignments | DP:SECTIONS.SECTIONNAME | DP:PROJECTASSIGNMENTS.PROJECTASSIGNMENTNAME1 | DP:EXAMASSIGNMENTS.EXAMNAME3 | DP:TRAININGASSIGNMENTS.TRAININGEDITNAME1 | DP:SECTIONS.SECTIONNAME1 | N | DP:SECTIONS.COURSENAME | DP:SECTIONS.TERM | DP:TEXTBOOK.SERIES | DP:TEXTBOOK.SUBJECT | DP:TEXTBOOK.BOOK |" name="| DP:SUPER.USERNAME | Y | DP:SUPER.PASSWORD | DP:SAMPATHASSIGNMENTS.SAMPATHNAME | SAM Assignments | Sections | Assignments | DP:SECTIONS.SECTIONNAME | DP:PROJECTASSIGNMENTS.PROJECTASSIGNMENTNAME1 | DP:EXAMASSIGNMENTS.EXAMNAME3 | DP:TRAININGASSIGNMENTS.TRAININGEDITNAME1 | DP:SECTIONS.SECTIONNAME1 | N | DP:SECTIONS.COURSENAME | DP:SECTIONS.TERM | DP:TEXTBOOK.SERIES | DP:TEXTBOOK.SUBJECT | DP:TEXTBOOK.BOOK |" time="0.001"/>
  <testcase classname="| DP:SUPER.USERNAME | DP:SUPER.PASSWORD | \u002C | SAM Assignments | Winter | 2017 | Admin | Deactivate | SAM Assignments | DP:SAMPATHASSIGNMENTS.SAMPATHNAME | DP:PROJECTASSIGNMENTS.PROJECTASSIGNMENTNAME1 | DP:EXAMASSIGNMENTS.EXAMNAME3 | DP:TRAININGASSIGNMENTS.TRAININGEDITNAME1 | Exams | Trainings | Projects | SAM Paths | N | Y |" name="Given As a user I see login page of LMS" time="0"/>
  <testcase classname="| DP:SUPER.USERNAME | DP:SUPER.PASSWORD | \u002C | SAM Assignments | Winter | 2017 | Admin | Deactivate | SAM Assignments | DP:SAMPATHASSIGNMENTS.SAMPATHNAME | DP:PROJECTASSIGNMENTS.PROJECTASSIGNMENTNAME1 | DP:EXAMASSIGNMENTS.EXAMNAME3 | DP:TRAININGASSIGNMENTS.TRAININGEDITNAME1 | Exams | Trainings | Projects | SAM Paths | N | Y |" name="And I enter DP:SUPER.USERNAME N Username in LMS login page" time="0"/>
  <testcase classname="| DP:SUPER.USERNAME | DP:SUPER.PASSWORD | \u002C | SAM Assignments | Winter | 2017 | Admin | Deactivate | SAM Assignments | DP:SAMPATHASSIGNMENTS.SAMPATHNAME | DP:PROJECTASSIGNMENTS.PROJECTASSIGNMENTNAME1 | DP:EXAMASSIGNMENTS.EXAMNAME3 | DP:TRAININGASSIGNMENTS.TRAININGEDITNAME1 | Exams | Trainings | Projects | SAM Paths | N | Y |" name="And I enter DP:SUPER.PASSWORD Password in LMS login page" time="0"/>
[...]
  <testcase classname="| DP:SUPER.USERNAME | DP:SUPER.PASSWORD | N | DP:PROJECTASSIGNMENTS.PROJECTNAME | SAM Assignments | DP:PROJECTASSIGNMENTS.PROJECTUNITS | Projects | DP:PROJECTASSIGNMENTS.PROJECTBOOK | DP:PROJECTASSIGNMENTS.PROJECTSUBJECT |  | N | DP:NAMEVALIDATION.LOWERCASE | DP:NAMEVALIDATION.UPPERCASE | DP:NAMEVALIDATION.MINCHAR | DP:NAMEVALIDATION.MAXCHAR | DP:NAMEVALIDATION.NUMERICDIGIT | DP:NAMEVALIDATION.SPECIALCHARACTER | DP:NAMEVALIDATION.UPPERLOWER | DP:NAMEVALIDATION.UPPERLOWERNUMERIC | DP:NAMEVALIDATION.UPPERLOWERNUMERICSPECIAL | ! |" name="And I click on Logout button" time="0"/>
  <testcase classname="| DP:SUPER.USERNAME | DP:SUPER.PASSWORD | N | DP:PROJECTASSIGNMENTS.PROJECTNAME | SAM Assignments | DP:PROJECTASSIGNMENTS.PROJECTUNITS | Projects | DP:PROJECTASSIGNMENTS.PROJECTBOOK | DP:PROJECTASSIGNMENTS.PROJECTSUBJECT |  | N | DP:NAMEVALIDATION.LOWERCASE | DP:NAMEVALIDATION.UPPERCASE | DP:NAMEVALIDATION.MINCHAR | DP:NAMEVALIDATION.MAXCHAR | DP:NAMEVALIDATION.NUMERICDIGIT | DP:NAMEVALIDATION.SPECIALCHARACTER | DP:NAMEVALIDATION.UPPERLOWER | DP:NAMEVALIDATION.UPPERLOWERNUMERIC | DP:NAMEVALIDATION.UPPERLOWERNUMERICSPECIAL | ! |" name="| DP:SUPER.USERNAME | DP:SUPER.PASSWORD | N | DP:PROJECTASSIGNMENTS.PROJECTNAME | SAM Assignments | DP:PROJECTASSIGNMENTS.PROJECTUNITS | Projects | DP:PROJECTASSIGNMENTS.PROJECTBOOK | DP:PROJECTASSIGNMENTS.PROJECTSUBJECT |  | N | DP:NAMEVALIDATION.LOWERCASE | DP:NAMEVALIDATION.UPPERCASE | DP:NAMEVALIDATION.MINCHAR | DP:NAMEVALIDATION.MAXCHAR | DP:NAMEVALIDATION.NUMERICDIGIT | DP:NAMEVALIDATION.SPECIALCHARACTER | DP:NAMEVALIDATION.UPPERLOWER | DP:NAMEVALIDATION.UPPERLOWERNUMERIC | DP:NAMEVALIDATION.UPPERLOWERNUMERICSPECIAL | ! |" time="0"/>
  <testcase classname="| DP:SUPER.USERNAME | DP:SUPER.PASSWORD | N | SAM Assignments | Exams | DP:EXAMASSIGNMENTS.EXAMNAME2 | Y | DP:NAMEVALIDATION.LOWERCASE | DP:NAMEVALIDATION.UPPERCASE | DP:NAMEVALIDATION.MINCHAR | DP:NAMEVALIDATION.MAXCHAR | DP:NAMEVALIDATION.NUMERICDIGIT | DP:NAMEVALIDATION.SPECIALCHARACTER | DP:NAMEVALIDATION.UPPERLOWER | DP:NAMEVALIDATION.UPPERLOWERNUMERIC | DP:NAMEVALIDATION.UPPERLOWERNUMERICSPECIAL | ! |" name="Given As a user I see login page of LMS" time="0"/>
  <testcase classname="| DP:SUPER.USERNAME | DP:SUPER.PASSWORD | N | SAM Assignments | Exams | DP:EXAMASSIGNMENTS.EXAMNAME2 | Y | DP:NAMEVALIDATION.LOWERCASE | DP:NAMEVALIDATION.UPPERCASE | DP:NAMEVALIDATION.MINCHAR | DP:NAMEVALIDATION.MAXCHAR | DP:NAMEVALIDATION.NUMERICDIGIT | DP:NAMEVALIDATION.SPECIALCHARACTER | DP:NAMEVALIDATION.UPPERLOWER | DP:NAMEVALIDATION.UPPERLOWERNUMERIC | DP:NAMEVALIDATION.UPPERLOWERNUMERICSPECIAL | ! |" name="And I enter DP:SUPER.USERNAME N Username in LMS login page" time="0"/>
  <testcase classname="| DP:SUPER.USERNAME | DP:SUPER.PASSWORD | N | SAM Assignments | Exams | DP:EXAMASSIGNMENTS.EXAMNAME2 | Y | DP:NAMEVALIDATION.LOWERCASE | DP:NAMEVALIDATION.UPPERCASE | DP:NAMEVALIDATION.MINCHAR | DP:NAMEVALIDATION.MAXCHAR | DP:NAMEVALIDATION.NUMERICDIGIT | DP:NAMEVALIDATION.SPECIALCHARACTER | DP:NAMEVALIDATION.UPPERLOWER | DP:NAMEVALIDATION.UPPERLOWERNUMERIC | DP:NAMEVALIDATION.UPPERLOWERNUMERICSPECIAL | ! |" name="And I enter DP:SUPER.PASSWORD Password in LMS login page" time="0"/>
  <testcase classname="| DP:SUPER.USERNAME | DP:SUPER.PASSWORD | N | SAM Assignments | Exams | DP:EXAMASSIGNMENTS.EXAMNAME2 | Y | DP:NAMEVALIDATION.LOWERCASE | DP:NAMEVALIDATION.UPPERCASE | DP:NAMEVALIDATION.MINCHAR | DP:NAMEVALIDATION.MAXCHAR | DP:NAMEVALIDATION.NUMERICDIGIT | DP:NAMEVALIDATION.SPECIALCHARACTER | DP:NAMEVALIDATION.UPPERLOWER | DP:NAMEVALIDATION.UPPERLOWERNUMERIC | DP:NAMEVALIDATION.UPPERLOWERNUMERICSPECIAL | ! |" name="And I click on Log In button" time="0"/>
  <testcase classname="| DP:SUPER.USERNAME | DP:SUPER.PASSWORD | N | SAM Assignments | Exams | DP:EXAMASSIGNMENTS.EXAMNAME2 | Y | DP:NAMEVALIDATION.LOWERCASE | DP:NAMEVALIDATION.UPPERCASE | DP:NAMEVALIDATION.MINCHAR | DP:NAMEVALIDATION.MAXCHAR | DP:NAMEVALIDATION.NUMERICDIGIT | DP:NAMEVALIDATION.SPECIALCHARACTER | DP:NAMEVALIDATION.UPPERLOWER | DP:NAMEVALIDATION.UPPERLOWERNUMERIC | DP:NAMEVALIDATION.UPPERLOWERNUMERICSPECIAL | ! |" name="And I see home page of LMS" time="0"/>
  <testcase classname="| DP:SUPER.USERNAME | DP:SUPER.PASSWORD | N | SAM Assignments | Exams | DP:EXAMASSIGNMENTS.EXAMNAME2 | Y | DP:NAMEVALIDATION.LOWERCASE | DP:NAMEVALIDATION.UPPERCASE | DP:NAMEVALIDATION.MINCHAR | DP:NAMEVALIDATION.MAXCHAR | DP:NAMEVALIDATION.NUMERICDIGIT | DP:NAMEVALIDATION.SPECIALCHARACTER | DP:NAMEVALIDATION.UPPERLOWER | DP:NAMEVALIDATION.UPPERLOWERNUMERIC | DP:NAMEVALIDATION.UPPERLOWERNUMERICSPECIAL | ! |" name="And I click on SAM Assignments tab" time="0"/>
  <testcase classname="| DP:SUPER.USERNAME | DP:SUPER.PASSWORD | N | SAM Assignments | Exams | DP:EXAMASSIGNMENTS.EXAMNAME2 | Y | DP:NAMEVALIDATION.LOWERCASE | DP:NAMEVALIDATION.UPPERCASE | DP:NAMEVALIDATION.MINCHAR | DP:NAMEVALIDATION.MAXCHAR | DP:NAMEVALIDATION.NUMERICDIGIT | DP:NAMEVALIDATION.SPECIALCHARACTER | DP:NAMEVALIDATION.UPPERLOWER | DP:NAMEVALIDATION.UPPERLOWERNUMERIC | DP:NAMEVALIDATION.UPPERLOWERNUMERICSPECIAL | ! |" name="And I click on Exams tab" time="0"/>
  <testcase classname="| DP:SUPER.USERNAME | DP:SUPER.PASSWORD | N | SAM Assignments | Exams | DP:EXAMASSIGNMENTS.EXAMNAME2 | Y | DP:NAMEVALIDATION.LOWERCASE | DP:NAMEVALIDATION.UPPERCASE | DP:NAMEVALIDATION.MINCHAR | DP:NAMEVALIDATION.MAXCHAR | DP:NAMEVALIDATION.NUMERICDIGIT | DP:NAMEVALIDATION.SPECIALCHARACTER | DP:NAMEVALIDATION.UPPERLOWER | DP:NAMEVALIDATION.UPPERLOWERNUMERIC | DP:NAMEVALIDATION.UPPERLOWERNUMERICSPECIAL | ! |" name="And I see DP:EXAMASSIGNMENTS.EXAMNAME2 Y in Exams page" time="0"/>
  <testcase classname="| DP:SUPER.USERNAME | DP:SUPER.PASSWORD | N | SAM Assignments | Exams | DP:EXAMASSIGNMENTS.EXAMNAME2 | Y | DP:NAMEVALIDATION.LOWERCASE | DP:NAMEVALIDATION.UPPERCASE | DP:NAMEVALIDATION.MINCHAR | DP:NAMEVALIDATION.MAXCHAR | DP:NAMEVALIDATION.NUMERICDIGIT | DP:NAMEVALIDATION.SPECIALCHARACTER | DP:NAMEVALIDATION.UPPERLOWER | DP:NAMEVALIDATION.UPPERLOWERNUMERIC | DP:NAMEVALIDATION.UPPERLOWERNUMERICSPECIAL | ! |" name="And I click on DP:EXAMASSIGNMENTS.EXAMNAME2 Y Edit icon" time="0"/>
  <testcase classname="| DP:SUPER.USERNAME | DP:SUPER.PASSWORD | N | SAM Assignments | Exams | DP:EXAMASSIGNMENTS.EXAMNAME2 | Y | DP:NAMEVALIDATION.LOWERCASE | DP:NAMEVALIDATION.UPPERCASE | DP:NAMEVALIDATION.MINCHAR | DP:NAMEVALIDATION.MAXCHAR | DP:NAMEVALIDATION.NUMERICDIGIT | DP:NAMEVALIDATION.SPECIALCHARACTER | DP:NAMEVALIDATION.UPPERLOWER | DP:NAMEVALIDATION.UPPERLOWERNUMERIC | DP:NAMEVALIDATION.UPPERLOWERNUMERICSPECIAL | ! |" name="And I enter ! DP:NAMEVALIDATION.MINCHAR AssignmentName in Exam Name: DP:NAMEVALIDATION.LOWERCASE\u002C DP:NAMEVALIDATION.UPPERCASE\u002C DP:NAMEVALIDATION.NUMERICDIGIT\u002C DP:NAMEVALIDATION.SPECIALCHARACTER\u002C DP:NAMEVALIDATION.UPPERLOWER\u002CDP:NAMEVALIDATION.UPPERLOWERNUMERIC\u002C DP:NAMEVALIDATION.UPPERLOWERNUMERICSPECIAL\u002C DP:NAMEVALIDATION.MAXCHAR\u002C !\u002C DP:NAMEVALIDATION.MINCHAR" time="0"/>
  <testcase classname="| DP:SUPER.USERNAME | DP:SUPER.PASSWORD | N | SAM Assignments | Exams | DP:EXAMASSIGNMENTS.EXAMNAME2 | Y | DP:NAMEVALIDATION.LOWERCASE | DP:NAMEVALIDATION.UPPERCASE | DP:NAMEVALIDATION.MINCHAR | DP:NAMEVALIDATION.MAXCHAR | DP:NAMEVALIDATION.NUMERICDIGIT | DP:NAMEVALIDATION.SPECIALCHARACTER | DP:NAMEVALIDATION.UPPERLOWER | DP:NAMEVALIDATION.UPPERLOWERNUMERIC | DP:NAMEVALIDATION.UPPERLOWERNUMERICSPECIAL | ! |" name="And I click on Exams tab" time="0"/>
  <testcase classname="| DP:SUPER.USERNAME | DP:SUPER.PASSWORD | N | SAM Assignments | Exams | DP:EXAMASSIGNMENTS.EXAMNAME2 | Y | DP:NAMEVALIDATION.LOWERCASE | DP:NAMEVALIDATION.UPPERCASE | DP:NAMEVALIDATION.MINCHAR | DP:NAMEVALIDATION.MAXCHAR | DP:NAMEVALIDATION.NUMERICDIGIT | DP:NAMEVALIDATION.SPECIALCHARACTER | DP:NAMEVALIDATION.UPPERLOWER | DP:NAMEVALIDATION.UPPERLOWERNUMERIC | DP:NAMEVALIDATION.UPPERLOWERNUMERICSPECIAL | ! |" name="And I see DP:EXAMASSIGNMENTS.EXAMNAME2 Y in Exams page" time="0"/>
  <testcase classname="| DP:SUPER.USERNAME | DP:SUPER.PASSWORD | N | SAM Assignments | Exams | DP:EXAMASSIGNMENTS.EXAMNAME2 | Y | DP:NAMEVALIDATION.LOWERCASE | DP:NAMEVALIDATION.UPPERCASE | DP:NAMEVALIDATION.MINCHAR | DP:NAMEVALIDATION.MAXCHAR | DP:NAMEVALIDATION.NUMERICDIGIT | DP:NAMEVALIDATION.SPECIALCHARACTER | DP:NAMEVALIDATION.UPPERLOWER | DP:NAMEVALIDATION.UPPERLOWERNUMERIC | DP:NAMEVALIDATION.UPPERLOWERNUMERICSPECIAL | ! |" name="When I click on DP:EXAMASSIGNMENTS.EXAMNAME2 Y Copy icon" time="0"/>
  <testcase classname="| DP:SUPER.USERNAME | DP:SUPER.PASSWORD | N | SAM Assignments | Exams | DP:EXAMASSIGNMENTS.EXAMNAME2 | Y | DP:NAMEVALIDATION.LOWERCASE | DP:NAMEVALIDATION.UPPERCASE | DP:NAMEVALIDATION.MINCHAR | DP:NAMEVALIDATION.MAXCHAR | DP:NAMEVALIDATION.NUMERICDIGIT | DP:NAMEVALIDATION.SPECIALCHARACTER | DP:NAMEVALIDATION.UPPERLOWER | DP:NAMEVALIDATION.UPPERLOWERNUMERIC | DP:NAMEVALIDATION.UPPERLOWERNUMERICSPECIAL | ! |" name="Then I enter ! DP:NAMEVALIDATION.MINCHAR AssignmentName in Exam Name: DP:NAMEVALIDATION.LOWERCASE\u002C DP:NAMEVALIDATION.UPPERCASE\u002C DP:NAMEVALIDATION.NUMERICDIGIT\u002C DP:NAMEVALIDATION.SPECIALCHARACTER\u002C DP:NAMEVALIDATION.UPPERLOWER\u002CDP:NAMEVALIDATION.UPPERLOWERNUMERIC\u002C DP:NAMEVALIDATION.UPPERLOWERNUMERICSPECIAL\u002C DP:NAMEVALIDATION.MAXCHAR\u002C !\u002C DP:NAMEVALIDATION.MINCHAR" time="0"/>
  <testcase classname="| DP:SUPER.USERNAME | DP:SUPER.PASSWORD | N | SAM Assignments | Exams | DP:EXAMASSIGNMENTS.EXAMNAME2 | Y | DP:NAMEVALIDATION.LOWERCASE | DP:NAMEVALIDATION.UPPERCASE | DP:NAMEVALIDATION.MINCHAR | DP:NAMEVALIDATION.MAXCHAR | DP:NAMEVALIDATION.NUMERICDIGIT | DP:NAMEVALIDATION.SPECIALCHARACTER | DP:NAMEVALIDATION.UPPERLOWER | DP:NAMEVALIDATION.UPPERLOWERNUMERIC | DP:NAMEVALIDATION.UPPERLOWERNUMERICSPECIAL | ! |" name="And I click on Logout button" time="0"/>
  <testcase classname="| DP:SUPER.USERNAME | DP:SUPER.PASSWORD | N | SAM Assignments | Exams | DP:EXAMASSIGNMENTS.EXAMNAME2 | Y | DP:NAMEVALIDATION.LOWERCASE | DP:NAMEVALIDATION.UPPERCASE | DP:NAMEVALIDATION.MINCHAR | DP:NAMEVALIDATION.MAXCHAR | DP:NAMEVALIDATION.NUMERICDIGIT | DP:NAMEVALIDATION.SPECIALCHARACTER | DP:NAMEVALIDATION.UPPERLOWER | DP:NAMEVALIDATION.UPPERLOWERNUMERIC | DP:NAMEVALIDATION.UPPERLOWERNUMERICSPECIAL | ! |" name="| DP:SUPER.USERNAME | DP:SUPER.PASSWORD | N | SAM Assignments | Exams | DP:EXAMASSIGNMENTS.EXAMNAME2 | Y | DP:NAMEVALIDATION.LOWERCASE | DP:NAMEVALIDATION.UPPERCASE | DP:NAMEVALIDATION.MINCHAR | DP:NAMEVALIDATION.MAXCHAR | DP:NAMEVALIDATION.NUMERICDIGIT | DP:NAMEVALIDATION.SPECIALCHARACTER | DP:NAMEVALIDATION.UPPERLOWER | DP:NAMEVALIDATION.UPPERLOWERNUMERIC | DP:NAMEVALIDATION.UPPERLOWERNUMERICSPECIAL | ! |" time="0"/>
  <testcase classname="| DP:SUPER.USERNAME | DP:SUPER.PASSWORD | N | SAM Assignments | Training | DP:TRAININGASSIGNMENTS.TRAININGNAME1 | Y | DP:NAMEVALIDATION.LOWERCASE | DP:NAMEVALIDATION.UPPERCASE | DP:NAMEVALIDATION.MINCHAR | DP:NAMEVALIDATION.MAXCHAR | DP:NAMEVALIDATION.NUMERICDIGIT | DP:NAMEVALIDATION.SPECIALCHARACTER | DP:NAMEVALIDATION.UPPERLOWER | DP:NAMEVALIDATION.UPPERLOWERNUMERIC | DP:NAMEVALIDATION.UPPERLOWERNUMERICSPECIAL | ! |" name="Given As a user I see login page of LMS" time="0"/>
  <testcase classname="| DP:SUPER.USERNAME | DP:SUPER.PASSWORD | N | SAM Assignments | Training | DP:TRAININGASSIGNMENTS.TRAININGNAME1 | Y | DP:NAMEVALIDATION.LOWERCASE | DP:NAMEVALIDATION.UPPERCASE | DP:NAMEVALIDATION.MINCHAR | DP:NAMEVALIDATION.MAXCHAR | DP:NAMEVALIDATION.NUMERICDIGIT | DP:NAMEVALIDATION.SPECIALCHARACTER | DP:NAMEVALIDATION.UPPERLOWER | DP:NAMEVALIDATION.UPPERLOWERNUMERIC | DP:NAMEVALIDATION.UPPERLOWERNUMERICSPECIAL | ! |" name="And I enter DP:SUPER.USERNAME N Username in LMS login page" time="0"/>
  <testcase classname="| DP:SUPER.USERNAME | DP:SUPER.PASSWORD | N | SAM Assignments | Training | DP:TRAININGASSIGNMENTS.TRAININGNAME1 | Y | DP:NAMEVALIDATION.LOWERCASE | DP:NAMEVALIDATION.UPPERCASE | DP:NAMEVALIDATION.MINCHAR | DP:NAMEVALIDATION.MAXCHAR | DP:NAMEVALIDATION.NUMERICDIGIT | DP:NAMEVALIDATION.SPECIALCHARACTER | DP:NAMEVALIDATION.UPPERLOWER | DP:NAMEVALIDATION.UPPERLOWERNUMERIC | DP:NAMEVALIDATION.UPPERLOWERNUMERICSPECIAL | ! |" name="And I enter DP:SUPER.PASSWORD Password in LMS login page" time="0"/>
  <testcase classname="| DP:SUPER.USERNAME | DP:SUPER.PASSWORD | N | SAM Assignments | Training | DP:TRAININGASSIGNMENTS.TRAININGNAME1 | Y | DP:NAMEVALIDATION.LOWERCASE | DP:NAMEVALIDATION.UPPERCASE | DP:NAMEVALIDATION.MINCHAR | DP:NAMEVALIDATION.MAXCHAR | DP:NAMEVALIDATION.NUMERICDIGIT | DP:NAMEVALIDATION.SPECIALCHARACTER | DP:NAMEVALIDATION.UPPERLOWER | DP:NAMEVALIDATION.UPPERLOWERNUMERIC | DP:NAMEVALIDATION.UPPERLOWERNUMERICSPECIAL | ! |" name="And I click on Log In button" time="0"/>
  <testcase classname="| DP:SUPER.USERNAME | DP:SUPER.PASSWORD | N | SAM Assignments | Training | DP:TRAININGASSIGNMENTS.TRAININGNAME1 | Y | DP:NAMEVALIDATION.LOWERCASE | DP:NAMEVALIDATION.UPPERCASE | DP:NAMEVALIDATION.MINCHAR | DP:NAMEVALIDATION.MAXCHAR | DP:NAMEVALIDATION.NUMERICDIGIT | DP:NAMEVALIDATION.SPECIALCHARACTER | DP:NAMEVALIDATION.UPPERLOWER | DP:NAMEVALIDATION.UPPERLOWERNUMERIC | DP:NAMEVALIDATION.UPPERLOWERNUMERICSPECIAL | ! |" name="And I see home page of LMS" time="0"/>
  <testcase classname="| DP:SUPER.USERNAME | DP:SUPER.PASSWORD | N | SAM Assignments | Training | DP:TRAININGASSIGNMENTS.TRAININGNAME1 | Y | DP:NAMEVALIDATION.LOWERCASE | DP:NAMEVALIDATION.UPPERCASE | DP:NAMEVALIDATION.MINCHAR | DP:NAMEVALIDATION.MAXCHAR | DP:NAMEVALIDATION.NUMERICDIGIT | DP:NAMEVALIDATION.SPECIALCHARACTER | DP:NAMEVALIDATION.UPPERLOWER | DP:NAMEVALIDATION.UPPERLOWERNUMERIC | DP:NAMEVALIDATION.UPPERLOWERNUMERICSPECIAL | ! |" name="And I click on SAM Assignments tab" time="0"/>
  <testcase classname="| DP:SUPER.USERNAME | DP:SUPER.PASSWORD | N | SAM Assignments | Training | DP:TRAININGASSIGNMENTS.TRAININGNAME1 | Y | DP:NAMEVALIDATION.LOWERCASE | DP:NAMEVALIDATION.UPPERCASE | DP:NAMEVALIDATION.MINCHAR | DP:NAMEVALIDATION.MAXCHAR | DP:NAMEVALIDATION.NUMERICDIGIT | DP:NAMEVALIDATION.SPECIALCHARACTER | DP:NAMEVALIDATION.UPPERLOWER | DP:NAMEVALIDATION.UPPERLOWERNUMERIC | DP:NAMEVALIDATION.UPPERLOWERNUMERICSPECIAL | ! |" name="And I click on Training tab" time="0"/>
  <testcase classname="| DP:SUPER.USERNAME | DP:SUPER.PASSWORD | N | SAM Assignments | Training | DP:TRAININGASSIGNMENTS.TRAININGNAME1 | Y | DP:NAMEVALIDATION.LOWERCASE | DP:NAMEVALIDATION.UPPERCASE | DP:NAMEVALIDATION.MINCHAR | DP:NAMEVALIDATION.MAXCHAR | DP:NAMEVALIDATION.NUMERICDIGIT | DP:NAMEVALIDATION.SPECIALCHARACTER | DP:NAMEVALIDATION.UPPERLOWER | DP:NAMEVALIDATION.UPPERLOWERNUMERIC | DP:NAMEVALIDATION.UPPERLOWERNUMERICSPECIAL | ! |" name="And I see DP:TRAININGASSIGNMENTS.TRAININGNAME1 Y in Exams page" time="0"/>
  <testcase classname="| DP:SUPER.USERNAME | DP:SUPER.PASSWORD | N | SAM Assignments | Training | DP:TRAININGASSIGNMENTS.TRAININGNAME1 | Y | DP:NAMEVALIDATION.LOWERCASE | DP:NAMEVALIDATION.UPPERCASE | DP:NAMEVALIDATION.MINCHAR | DP:NAMEVALIDATION.MAXCHAR | DP:NAMEVALIDATION.NUMERICDIGIT | DP:NAMEVALIDATION.SPECIALCHARACTER | DP:NAMEVALIDATION.UPPERLOWER | DP:NAMEVALIDATION.UPPERLOWERNUMERIC | DP:NAMEVALIDATION.UPPERLOWERNUMERICSPECIAL | ! |" name="And I click on DP:TRAININGASSIGNMENTS.TRAININGNAME1 Y Edit icon" time="0"/>
  <testcase classname="| DP:SUPER.USERNAME | DP:SUPER.PASSWORD | N | SAM Assignments | Training | DP:TRAININGASSIGNMENTS.TRAININGNAME1 | Y | DP:NAMEVALIDATION.LOWERCASE | DP:NAMEVALIDATION.UPPERCASE | DP:NAMEVALIDATION.MINCHAR | DP:NAMEVALIDATION.MAXCHAR | DP:NAMEVALIDATION.NUMERICDIGIT | DP:NAMEVALIDATION.SPECIALCHARACTER | DP:NAMEVALIDATION.UPPERLOWER | DP:NAMEVALIDATION.UPPERLOWERNUMERIC | DP:NAMEVALIDATION.UPPERLOWERNUMERICSPECIAL | ! |" name="And I enter ! DP:NAMEVALIDATION.MINCHAR AssignmentName in Exam Name: DP:NAMEVALIDATION.LOWERCASE\u002C DP:NAMEVALIDATION.UPPERCASE\u002C DP:NAMEVALIDATION.NUMERICDIGIT\u002C DP:NAMEVALIDATION.SPECIALCHARACTER\u002C DP:NAMEVALIDATION.UPPERLOWER\u002CDP:NAMEVALIDATION.UPPERLOWERNUMERIC\u002C DP:NAMEVALIDATION.UPPERLOWERNUMERICSPECIAL\u002C DP:NAMEVALIDATION.MAXCHAR\u002C !\u002C DP:NAMEVALIDATION.MINCHAR" time="0"/>
  <testcase classname="| DP:SUPER.USERNAME | DP:SUPER.PASSWORD | N | SAM Assignments | Training | DP:TRAININGASSIGNMENTS.TRAININGNAME1 | Y | DP:NAMEVALIDATION.LOWERCASE | DP:NAMEVALIDATION.UPPERCASE | DP:NAMEVALIDATION.MINCHAR | DP:NAMEVALIDATION.MAXCHAR | DP:NAMEVALIDATION.NUMERICDIGIT | DP:NAMEVALIDATION.SPECIALCHARACTER | DP:NAMEVALIDATION.UPPERLOWER | DP:NAMEVALIDATION.UPPERLOWERNUMERIC | DP:NAMEVALIDATION.UPPERLOWERNUMERICSPECIAL | ! |" name="And I click on Training tab" time="0"/>
  <testcase classname="| DP:SUPER.USERNAME | DP:SUPER.PASSWORD | N | SAM Assignments | Training | DP:TRAININGASSIGNMENTS.TRAININGNAME1 | Y | DP:NAMEVALIDATION.LOWERCASE | DP:NAMEVALIDATION.UPPERCASE | DP:NAMEVALIDATION.MINCHAR | DP:NAMEVALIDATION.MAXCHAR | DP:NAMEVALIDATION.NUMERICDIGIT | DP:NAMEVALIDATION.SPECIALCHARACTER | DP:NAMEVALIDATION.UPPERLOWER | DP:NAMEVALIDATION.UPPERLOWERNUMERIC | DP:NAMEVALIDATION.UPPERLOWERNUMERICSPECIAL | ! |" name="And I see DP:TRAININGASSIGNMENTS.TRAININGNAME1 Y in Exams page" time="0"/>
  <testcase classname="| DP:SUPER.USERNAME | DP:SUPER.PASSWORD | N | SAM Assignments | Training | DP:TRAININGASSIGNMENTS.TRAININGNAME1 | Y | DP:NAMEVALIDATION.LOWERCASE | DP:NAMEVALIDATION.UPPERCASE | DP:NAMEVALIDATION.MINCHAR | DP:NAMEVALIDATION.MAXCHAR | DP:NAMEVALIDATION.NUMERICDIGIT | DP:NAMEVALIDATION.SPECIALCHARACTER | DP:NAMEVALIDATION.UPPERLOWER | DP:NAMEVALIDATION.UPPERLOWERNUMERIC | DP:NAMEVALIDATION.UPPERLOWERNUMERICSPECIAL | ! |" name="When I click on DP:TRAININGASSIGNMENTS.TRAININGNAME1 Y Copy icon" time="0"/>
  <testcase classname="| DP:SUPER.USERNAME | DP:SUPER.PASSWORD | N | SAM Assignments | Training | DP:TRAININGASSIGNMENTS.TRAININGNAME1 | Y | DP:NAMEVALIDATION.LOWERCASE | DP:NAMEVALIDATION.UPPERCASE | DP:NAMEVALIDATION.MINCHAR | DP:NAMEVALIDATION.MAXCHAR | DP:NAMEVALIDATION.NUMERICDIGIT | DP:NAMEVALIDATION.SPECIALCHARACTER | DP:NAMEVALIDATION.UPPERLOWER | DP:NAMEVALIDATION.UPPERLOWERNUMERIC | DP:NAMEVALIDATION.UPPERLOWERNUMERICSPECIAL | ! |" name="Then I enter ! DP:NAMEVALIDATION.MINCHAR AssignmentName in Exam Name: DP:NAMEVALIDATION.LOWERCASE\u002C DP:NAMEVALIDATION.UPPERCASE\u002C DP:NAMEVALIDATION.NUMERICDIGIT\u002C DP:NAMEVALIDATION.SPECIALCHARACTER\u002C DP:NAMEVALIDATION.UPPERLOWER\u002CDP:NAMEVALIDATION.UPPERLOWERNUMERIC\u002C DP:NAMEVALIDATION.UPPERLOWERNUMERICSPECIAL\u002C DP:NAMEVALIDATION.MAXCHAR\u002C !\u002C DP:NAMEVALIDATION.MINCHAR" time="0"/>
  <testcase classname="| DP:SUPER.USERNAME | DP:SUPER.PASSWORD | N | SAM Assignments | Training | DP:TRAININGASSIGNMENTS.TRAININGNAME1 | Y | DP:NAMEVALIDATION.LOWERCASE | DP:NAMEVALIDATION.UPPERCASE | DP:NAMEVALIDATION.MINCHAR | DP:NAMEVALIDATION.MAXCHAR | DP:NAMEVALIDATION.NUMERICDIGIT | DP:NAMEVALIDATION.SPECIALCHARACTER | DP:NAMEVALIDATION.UPPERLOWER | DP:NAMEVALIDATION.UPPERLOWERNUMERIC | DP:NAMEVALIDATION.UPPERLOWERNUMERICSPECIAL | ! |" name="And I click on Logout button" time="0"/>
  <testcase classname="| DP:SUPER.USERNAME | DP:SUPER.PASSWORD | N | SAM Assignments | Training | DP:TRAININGASSIGNMENTS.TRAININGNAME1 | Y | DP:NAMEVALIDATION.LOWERCASE | DP:NAMEVALIDATION.UPPERCASE | DP:NAMEVALIDATION.MINCHAR | DP:NAMEVALIDATION.MAXCHAR | DP:NAMEVALIDATION.NUMERICDIGIT | DP:NAMEVALIDATION.SPECIALCHARACTER | DP:NAMEVALIDATION.UPPERLOWER | DP:NAMEVALIDATION.UPPERLOWERNUMERIC | DP:NAMEVALIDATION.UPPERLOWERNUMERICSPECIAL | ! |" name="| DP:SUPER.USERNAME | DP:SUPER.PASSWORD | N | SAM Assignments | Training | DP:TRAININGASSIGNMENTS.TRAININGNAME1 | Y | DP:NAMEVALIDATION.LOWERCASE | DP:NAMEVALIDATION.UPPERCASE | DP:NAMEVALIDATION.MINCHAR | DP:NAMEVALIDATION.MAXCHAR | DP:NAMEVALIDATION.NUMERICDIGIT | DP:NAMEVALIDATION.SPECIALCHARACTER | DP:NAMEVALIDATION.UPPERLOWER | DP:NAMEVALIDATION.UPPERLOWERNUMERIC | DP:NAMEVALIDATION.UPPERLOWERNUMERICSPECIAL | ! |" time="0"/>
</testsuite>