<?xml version="1.0" encoding="UTF-8" ?>
<testsuite tests="891" failures="18" name="cengage.samlms.cukes.LMSStories2CukesTest" time="7,227.099" errors="0" skipped="163">
  <properties>
[...]
</properties>
  <testcase classname="| DP:SUPER.USERNAME | Y | DP:SUPER.PASSWORD | Sections | DP:SECTIONS.SECTIONNAME | N | DP:SECTIONS.COURSENAME | DP:SECTIONS.TERM | DP:TEXTBOOK.SERIES | DP:TEXTBOOK.SUBJECT | DP:TEXTBOOK.BOOK |" name="Given As a user I see login page of LMS" time="0"/>
  <testcase classname="| DP:SUPER.USERNAME | Y | DP:SUPER.PASSWORD | Sections | DP:SECTIONS.SECTIONNAME | N | DP:SECTIONS.COURSENAME | DP:SECTIONS.TERM | DP:TEXTBOOK.SERIES | DP:TEXTBOOK.SUBJECT | DP:TEXTBOOK.BOOK |" name="And I enter DP:SUPER.USERNAME N Username in LMS login page" time="0"/>
  <testcase classname="| DP:SUPER.USERNAME | Y | DP:SUPER.PASSWORD | Sections | DP:SECTIONS.SECTIONNAME | N | DP:SECTIONS.COURSENAME | DP:SECTIONS.TERM | DP:TEXTBOOK.SERIES | DP:TEXTBOOK.SUBJECT | DP:TEXTBOOK.BOOK |" name="And I enter DP:SUPER.PASSWORD Password in LMS login page" time="0"/>
  <testcase classname="| DP:SUPER.USERNAME | Y | DP:SUPER.PASSWORD | Sections | DP:SECTIONS.SECTIONNAME | N | DP:SECTIONS.COURSENAME | DP:SECTIONS.TERM | DP:TEXTBOOK.SERIES | DP:TEXTBOOK.SUBJECT | DP:TEXTBOOK.BOOK |" name="And I click on Log In button" time="0"/>
  <testcase classname="| DP:SUPER.USERNAME | Y | DP:SUPER.PASSWORD | Sections | DP:SECTIONS.SECTIONNAME | N | DP:SECTIONS.COURSENAME | DP:SECTIONS.TERM | DP:TEXTBOOK.SERIES | DP:TEXTBOOK.SUBJECT | DP:TEXTBOOK.BOOK |" name="And I see home page of LMS" time="0"/>
  <testcase classname="| DP:SUPER.USERNAME | Y | DP:SUPER.PASSWORD | Sections | DP:SECTIONS.SECTIONNAME | N | DP:SECTIONS.COURSENAME | DP:SECTIONS.TERM | DP:TEXTBOOK.SERIES | DP:TEXTBOOK.SUBJECT | DP:TEXTBOOK.BOOK |" name="And I click on Sections tab" time="0"/>
  <testcase classname="| DP:SUPER.USERNAME | Y | DP:SUPER.PASSWORD | Sections | DP:SECTIONS.SECTIONNAME | N | DP:SECTIONS.COURSENAME | DP:SECTIONS.TERM | DP:TEXTBOOK.SERIES | DP:TEXTBOOK.SUBJECT | DP:TEXTBOOK.BOOK |" name="And I click on Add New button" time="0"/>
  <testcase classname="| DP:SUPER.USERNAME | Y | DP:SUPER.PASSWORD | Sections | DP:SECTIONS.SECTIONNAME | N | DP:SECTIONS.COURSENAME | DP:SECTIONS.TERM | DP:TEXTBOOK.SERIES | DP:TEXTBOOK.SUBJECT | DP:TEXTBOOK.BOOK |" name="And I enter DP:SECTIONS.SECTIONNAME Y in Section Name" time="0"/>
  <testcase classname="| DP:SUPER.USERNAME | Y | DP:SUPER.PASSWORD | Sections | DP:SECTIONS.SECTIONNAME | N | DP:SECTIONS.COURSENAME | DP:SECTIONS.TERM | DP:TEXTBOOK.SERIES | DP:TEXTBOOK.SUBJECT | DP:TEXTBOOK.BOOK |" name="And I enter DP:SECTIONS.COURSENAME in Course Name" time="0"/>
  <testcase classname="| DP:SUPER.USERNAME | Y | DP:SUPER.PASSWORD | Sections | DP:SECTIONS.SECTIONNAME | N | DP:SECTIONS.COURSENAME | DP:SECTIONS.TERM | DP:TEXTBOOK.SERIES | DP:TEXTBOOK.SUBJECT | DP:TEXTBOOK.BOOK |" name="And I enter DP:SECTIONS.TERM in Term" time="0"/>
  <testcase classname="| DP:SUPER.USERNAME | Y | DP:SUPER.PASSWORD | Sections | DP:SECTIONS.SECTIONNAME | N | DP:SECTIONS.COURSENAME | DP:SECTIONS.TERM | DP:TEXTBOOK.SERIES | DP:TEXTBOOK.SUBJECT | DP:TEXTBOOK.BOOK |" name="And I click on Save button" time="0"/>
  <testcase classname="| DP:SUPER.USERNAME | Y | DP:SUPER.PASSWORD | Sections | DP:SECTIONS.SECTIONNAME | N | DP:SECTIONS.COURSENAME | DP:SECTIONS.TERM | DP:TEXTBOOK.SERIES | DP:TEXTBOOK.SUBJECT | DP:TEXTBOOK.BOOK |" name="And I click on OK button in popup" time="0"/>
  <testcase classname="| DP:SUPER.USERNAME | Y | DP:SUPER.PASSWORD | Sections | DP:SECTIONS.SECTIONNAME | N | DP:SECTIONS.COURSENAME | DP:SECTIONS.TERM | DP:TEXTBOOK.SERIES | DP:TEXTBOOK.SUBJECT | DP:TEXTBOOK.BOOK |" name="And I click on text book tab in section page" time="0"/>
  <testcase classname="| DP:SUPER.USERNAME | Y | DP:SUPER.PASSWORD | Sections | DP:SECTIONS.SECTIONNAME | N | DP:SECTIONS.COURSENAME | DP:SECTIONS.TERM | DP:TEXTBOOK.SERIES | DP:TEXTBOOK.SUBJECT | DP:TEXTBOOK.BOOK |" name="And I Click on Available Textbook in textbook tab" time="0"/>
  <testcase classname="| DP:SUPER.USERNAME | Y | DP:SUPER.PASSWORD | Sections | DP:SECTIONS.SECTIONNAME | N | DP:SECTIONS.COURSENAME | DP:SECTIONS.TERM | DP:TEXTBOOK.SERIES | DP:TEXTBOOK.SUBJECT | DP:TEXTBOOK.BOOK |" name="And I select DP:TEXTBOOK.SERIES from Series drop down" time="0"/>
  <testcase classname="| DP:SUPER.USERNAME | Y | DP:SUPER.PASSWORD | Sections | DP:SECTIONS.SECTIONNAME | N | DP:SECTIONS.COURSENAME | DP:SECTIONS.TERM | DP:TEXTBOOK.SERIES | DP:TEXTBOOK.SUBJECT | DP:TEXTBOOK.BOOK |" name="And I select DP:TEXTBOOK.SUBJECT from Subject drop down" time="0"/>
  <testcase classname="| DP:SUPER.USERNAME | Y | DP:SUPER.PASSWORD | Sections | DP:SECTIONS.SECTIONNAME | N | DP:SECTIONS.COURSENAME | DP:SECTIONS.TERM | DP:TEXTBOOK.SERIES | DP:TEXTBOOK.SUBJECT | DP:TEXTBOOK.BOOK |" name="And I Click on DP:TEXTBOOK.BOOK Add Item button" time="0"/>
  <testcase classname="| DP:SUPER.USERNAME | Y | DP:SUPER.PASSWORD | Sections | DP:SECTIONS.SECTIONNAME | N | DP:SECTIONS.COURSENAME | DP:SECTIONS.TERM | DP:TEXTBOOK.SERIES | DP:TEXTBOOK.SUBJECT | DP:TEXTBOOK.BOOK |" name="And I Click on Active Textbooks in textbook tab" time="0"/>
  <testcase classname="| DP:SUPER.USERNAME | Y | DP:SUPER.PASSWORD | Sections | DP:SECTIONS.SECTIONNAME | N | DP:SECTIONS.COURSENAME | DP:SECTIONS.TERM | DP:TEXTBOOK.SERIES | DP:TEXTBOOK.SUBJECT | DP:TEXTBOOK.BOOK |" name="And I Click on Student readings toggle" time="0"/>
  <testcase classname="| DP:SUPER.USERNAME | Y | DP:SUPER.PASSWORD | Sections | DP:SECTIONS.SECTIONNAME | N | DP:SECTIONS.COURSENAME | DP:SECTIONS.TERM | DP:TEXTBOOK.SERIES | DP:TEXTBOOK.SUBJECT | DP:TEXTBOOK.BOOK |" name="When I click on save and close button in section page" time="0"/>
  <testcase classname="| DP:SUPER.USERNAME | Y | DP:SUPER.PASSWORD | Sections | DP:SECTIONS.SECTIONNAME | N | DP:SECTIONS.COURSENAME | DP:SECTIONS.TERM | DP:TEXTBOOK.SERIES | DP:TEXTBOOK.SUBJECT | DP:TEXTBOOK.BOOK |" name="Then I see the created DP:SECTIONS.SECTIONNAME Y in Sections page" time="0"/>
  <testcase classname="| DP:SUPER.USERNAME | Y | DP:SUPER.PASSWORD | Sections | DP:SECTIONS.SECTIONNAME | N | DP:SECTIONS.COURSENAME | DP:SECTIONS.TERM | DP:TEXTBOOK.SERIES | DP:TEXTBOOK.SUBJECT | DP:TEXTBOOK.BOOK |" name="And I click on Logout button" time="0"/>
  <testcase classname="| DP:SUPER.USERNAME | Y | DP:SUPER.PASSWORD | Sections | DP:SECTIONS.SECTIONNAME | N | DP:SECTIONS.COURSENAME | DP:SECTIONS.TERM | DP:TEXTBOOK.SERIES | DP:TEXTBOOK.SUBJECT | DP:TEXTBOOK.BOOK |" name="| DP:SUPER.USERNAME | Y | DP:SUPER.PASSWORD | Sections | DP:SECTIONS.SECTIONNAME | N | DP:SECTIONS.COURSENAME | DP:SECTIONS.TERM | DP:TEXTBOOK.SERIES | DP:TEXTBOOK.SUBJECT | DP:TEXTBOOK.BOOK |" time="0.002"/>
  <testcase classname="| DP:SUPER.USERNAME | DP:SUPER.PASSWORD | Users | DP:STUDENTS.STUDENT1.FIRSTNAME | DP:STUDENTS.STUDENT1.LASTNAME | Student | DP:STUDENTS.STUDENT1.USERNAME | DP:STUDENTS.STUDENT1.PASSWORD | DP:SECRET.QUESTION | DP:SECRET.ANSWER | DP:STUDENTS.STUDENT1.NEWPASSWORD | Y | N | Sections | Join a Section | DP:SECTIONS.SECTIONNAME | https:\/\/sam.cengage.com\/Content\/InstructionFiles\/Help\/Student\/Student%20Help.htm#_Toc421607419 |" name="Given As a user I see login page of LMS" time="0"/>
  <testcase classname="| DP:SUPER.USERNAME | DP:SUPER.PASSWORD | Users | DP:STUDENTS.STUDENT1.FIRSTNAME | DP:STUDENTS.STUDENT1.LASTNAME | Student | DP:STUDENTS.STUDENT1.USERNAME | DP:STUDENTS.STUDENT1.PASSWORD | DP:SECRET.QUESTION | DP:SECRET.ANSWER | DP:STUDENTS.STUDENT1.NEWPASSWORD | Y | N | Sections | Join a Section | DP:SECTIONS.SECTIONNAME | https:\/\/sam.cengage.com\/Content\/InstructionFiles\/Help\/Student\/Student%20Help.htm#_Toc421607419 |" name="And I enter DP:SUPER.USERNAME N Username in LMS login page" time="0"/>
  <testcase classname="| DP:SUPER.USERNAME | DP:SUPER.PASSWORD | Users | DP:STUDENTS.STUDENT1.FIRSTNAME | DP:STUDENTS.STUDENT1.LASTNAME | Student | DP:STUDENTS.STUDENT1.USERNAME | DP:STUDENTS.STUDENT1.PASSWORD | DP:SECRET.QUESTION | DP:SECRET.ANSWER | DP:STUDENTS.STUDENT1.NEWPASSWORD | Y | N | Sections | Join a Section | DP:SECTIONS.SECTIONNAME | https:\/\/sam.cengage.com\/Content\/InstructionFiles\/Help\/Student\/Student%20Help.htm#_Toc421607419 |" name="And I enter DP:SUPER.PASSWORD Password in LMS login page" time="0"/>
  <testcase classname="| DP:SUPER.USERNAME | DP:SUPER.PASSWORD | Users | DP:STUDENTS.STUDENT1.FIRSTNAME | DP:STUDENTS.STUDENT1.LASTNAME | Student | DP:STUDENTS.STUDENT1.USERNAME | DP:STUDENTS.STUDENT1.PASSWORD | DP:SECRET.QUESTION | DP:SECRET.ANSWER | DP:STUDENTS.STUDENT1.NEWPASSWORD | Y | N | Sections | Join a Section | DP:SECTIONS.SECTIONNAME | https:\/\/sam.cengage.com\/Content\/InstructionFiles\/Help\/Student\/Student%20Help.htm#_Toc421607419 |" name="And I click on Log In button" time="0"/>
  <testcase classname="| DP:SUPER.USERNAME | DP:SUPER.PASSWORD | Users | DP:STUDENTS.STUDENT1.FIRSTNAME | DP:STUDENTS.STUDENT1.LASTNAME | Student | DP:STUDENTS.STUDENT1.USERNAME | DP:STUDENTS.STUDENT1.PASSWORD | DP:SECRET.QUESTION | DP:SECRET.ANSWER | DP:STUDENTS.STUDENT1.NEWPASSWORD | Y | N | Sections | Join a Section | DP:SECTIONS.SECTIONNAME | https:\/\/sam.cengage.com\/Content\/InstructionFiles\/Help\/Student\/Student%20Help.htm#_Toc421607419 |" name="And I see home page of LMS" time="0"/>
  <testcase classname="| DP:SUPER.USERNAME | DP:SUPER.PASSWORD | Users | DP:STUDENTS.STUDENT1.FIRSTNAME | DP:STUDENTS.STUDENT1.LASTNAME | Student | DP:STUDENTS.STUDENT1.USERNAME | DP:STUDENTS.STUDENT1.PASSWORD | DP:SECRET.QUESTION | DP:SECRET.ANSWER | DP:STUDENTS.STUDENT1.NEWPASSWORD | Y | N | Sections | Join a Section | DP:SECTIONS.SECTIONNAME | https:\/\/sam.cengage.com\/Content\/InstructionFiles\/Help\/Student\/Student%20Help.htm#_Toc421607419 |" name="And I click on Users tab" time="0.002"/>
  <testcase classname="| DP:SUPER.USERNAME | DP:SUPER.PASSWORD | Users | DP:STUDENTS.STUDENT1.FIRSTNAME | DP:STUDENTS.STUDENT1.LASTNAME | Student | DP:STUDENTS.STUDENT1.USERNAME | DP:STUDENTS.STUDENT1.PASSWORD | DP:SECRET.QUESTION | DP:SECRET.ANSWER | DP:STUDENTS.STUDENT1.NEWPASSWORD | Y | N | Sections | Join a Section | DP:SECTIONS.SECTIONNAME | https:\/\/sam.cengage.com\/Content\/InstructionFiles\/Help\/Student\/Student%20Help.htm#_Toc421607419 |" name="And I click on Add New button" time="0"/>
  <testcase classname="| DP:SUPER.USERNAME | DP:SUPER.PASSWORD | Users | DP:STUDENTS.STUDENT1.FIRSTNAME | DP:STUDENTS.STUDENT1.LASTNAME | Student | DP:STUDENTS.STUDENT1.USERNAME | DP:STUDENTS.STUDENT1.PASSWORD | DP:SECRET.QUESTION | DP:SECRET.ANSWER | DP:STUDENTS.STUDENT1.NEWPASSWORD | Y | N | Sections | Join a Section | DP:SECTIONS.SECTIONNAME | https:\/\/sam.cengage.com\/Content\/InstructionFiles\/Help\/Student\/Student%20Help.htm#_Toc421607419 |" name="And I enter DP:STUDENTS.STUDENT1.FIRSTNAME in First Name" time="0"/>
  <testcase classname="| DP:SUPER.USERNAME | DP:SUPER.PASSWORD | Users | DP:STUDENTS.STUDENT1.FIRSTNAME | DP:STUDENTS.STUDENT1.LASTNAME | Student | DP:STUDENTS.STUDENT1.USERNAME | DP:STUDENTS.STUDENT1.PASSWORD | DP:SECRET.QUESTION | DP:SECRET.ANSWER | DP:STUDENTS.STUDENT1.NEWPASSWORD | Y | N | Sections | Join a Section | DP:SECTIONS.SECTIONNAME | https:\/\/sam.cengage.com\/Content\/InstructionFiles\/Help\/Student\/Student%20Help.htm#_Toc421607419 |" name="And I enter DP:STUDENTS.STUDENT1.LASTNAME in Last Name" time="0"/>
  <testcase classname="| DP:SUPER.USERNAME | DP:SUPER.PASSWORD | Users | DP:STUDENTS.STUDENT1.FIRSTNAME | DP:STUDENTS.STUDENT1.LASTNAME | Student | DP:STUDENTS.STUDENT1.USERNAME | DP:STUDENTS.STUDENT1.PASSWORD | DP:SECRET.QUESTION | DP:SECRET.ANSWER | DP:STUDENTS.STUDENT1.NEWPASSWORD | Y | N | Sections | Join a Section | DP:SECTIONS.SECTIONNAME | https:\/\/sam.cengage.com\/Content\/InstructionFiles\/Help\/Student\/Student%20Help.htm#_Toc421607419 |" name="And I select Student from Role" time="0"/>
  <testcase classname="| DP:SUPER.USERNAME | DP:SUPER.PASSWORD | Users | DP:STUDENTS.STUDENT1.FIRSTNAME | DP:STUDENTS.STUDENT1.LASTNAME | Student | DP:STUDENTS.STUDENT1.USERNAME | DP:STUDENTS.STUDENT1.PASSWORD | DP:SECRET.QUESTION | DP:SECRET.ANSWER | DP:STUDENTS.STUDENT1.NEWPASSWORD | Y | N | Sections | Join a Section | DP:SECTIONS.SECTIONNAME | https:\/\/sam.cengage.com\/Content\/InstructionFiles\/Help\/Student\/Student%20Help.htm#_Toc421607419 |" name="And I enter DP:STUDENTS.STUDENT1.USERNAME in Username" time="0"/>
  <testcase classname="| DP:SUPER.USERNAME | DP:SUPER.PASSWORD | Users | DP:STUDENTS.STUDENT1.FIRSTNAME | DP:STUDENTS.STUDENT1.LASTNAME | Student | DP:STUDENTS.STUDENT1.USERNAME | DP:STUDENTS.STUDENT1.PASSWORD | DP:SECRET.QUESTION | DP:SECRET.ANSWER | DP:STUDENTS.STUDENT1.NEWPASSWORD | Y | N | Sections | Join a Section | DP:SECTIONS.SECTIONNAME | https:\/\/sam.cengage.com\/Content\/InstructionFiles\/Help\/Student\/Student%20Help.htm#_Toc421607419 |" name="And I enter DP:STUDENTS.STUDENT1.USERNAME in Verify Username" time="0"/>
  <testcase classname="| DP:SUPER.USERNAME | DP:SUPER.PASSWORD | Users | DP:STUDENTS.STUDENT1.FIRSTNAME | DP:STUDENTS.STUDENT1.LASTNAME | Student | DP:STUDENTS.STUDENT1.USERNAME | DP:STUDENTS.STUDENT1.PASSWORD | DP:SECRET.QUESTION | DP:SECRET.ANSWER | DP:STUDENTS.STUDENT1.NEWPASSWORD | Y | N | Sections | Join a Section | DP:SECTIONS.SECTIONNAME | https:\/\/sam.cengage.com\/Content\/InstructionFiles\/Help\/Student\/Student%20Help.htm#_Toc421607419 |" name="And I enter DP:STUDENTS.STUDENT1.PASSWORD in Password" time="0"/>
  <testcase classname="| DP:SUPER.USERNAME | DP:SUPER.PASSWORD | Users | DP:STUDENTS.STUDENT1.FIRSTNAME | DP:STUDENTS.STUDENT1.LASTNAME | Student | DP:STUDENTS.STUDENT1.USERNAME | DP:STUDENTS.STUDENT1.PASSWORD | DP:SECRET.QUESTION | DP:SECRET.ANSWER | DP:STUDENTS.STUDENT1.NEWPASSWORD | Y | N | Sections | Join a Section | DP:SECTIONS.SECTIONNAME | https:\/\/sam.cengage.com\/Content\/InstructionFiles\/Help\/Student\/Student%20Help.htm#_Toc421607419 |" name="And I enter DP:STUDENTS.STUDENT1.PASSWORD in Verify Password" time="0"/>
  <testcase classname="| DP:SUPER.USERNAME | DP:SUPER.PASSWORD | Users | DP:STUDENTS.STUDENT1.FIRSTNAME | DP:STUDENTS.STUDENT1.LASTNAME | Student | DP:STUDENTS.STUDENT1.USERNAME | DP:STUDENTS.STUDENT1.PASSWORD | DP:SECRET.QUESTION | DP:SECRET.ANSWER | DP:STUDENTS.STUDENT1.NEWPASSWORD | Y | N | Sections | Join a Section | DP:SECTIONS.SECTIONNAME | https:\/\/sam.cengage.com\/Content\/InstructionFiles\/Help\/Student\/Student%20Help.htm#_Toc421607419 |" name="And I click on Save button" time="0"/>
  <testcase classname="| DP:SUPER.USERNAME | DP:SUPER.PASSWORD | Users | DP:STUDENTS.STUDENT1.FIRSTNAME | DP:STUDENTS.STUDENT1.LASTNAME | Student | DP:STUDENTS.STUDENT1.USERNAME | DP:STUDENTS.STUDENT1.PASSWORD | DP:SECRET.QUESTION | DP:SECRET.ANSWER | DP:STUDENTS.STUDENT1.NEWPASSWORD | Y | N | Sections | Join a Section | DP:SECTIONS.SECTIONNAME | https:\/\/sam.cengage.com\/Content\/InstructionFiles\/Help\/Student\/Student%20Help.htm#_Toc421607419 |" name="And I click on Cancel button in User Added Successfully pop-up" time="0"/>
  <testcase classname="| DP:SUPER.USERNAME | DP:SUPER.PASSWORD | Users | DP:STUDENTS.STUDENT1.FIRSTNAME | DP:STUDENTS.STUDENT1.LASTNAME | Student | DP:STUDENTS.STUDENT1.USERNAME | DP:STUDENTS.STUDENT1.PASSWORD | DP:SECRET.QUESTION | DP:SECRET.ANSWER | DP:STUDENTS.STUDENT1.NEWPASSWORD | Y | N | Sections | Join a Section | DP:SECTIONS.SECTIONNAME | https:\/\/sam.cengage.com\/Content\/InstructionFiles\/Help\/Student\/Student%20Help.htm#_Toc421607419 |" name="And I see the created DP:STUDENTS.STUDENT1.USERNAME Student Y in Users page" time="0"/>
  <testcase classname="| DP:SUPER.USERNAME | DP:SUPER.PASSWORD | Users | DP:STUDENTS.STUDENT1.FIRSTNAME | DP:STUDENTS.STUDENT1.LASTNAME | Student | DP:STUDENTS.STUDENT1.USERNAME | DP:STUDENTS.STUDENT1.PASSWORD | DP:SECRET.QUESTION | DP:SECRET.ANSWER | DP:STUDENTS.STUDENT1.NEWPASSWORD | Y | N | Sections | Join a Section | DP:SECTIONS.SECTIONNAME | https:\/\/sam.cengage.com\/Content\/InstructionFiles\/Help\/Student\/Student%20Help.htm#_Toc421607419 |" name="And I click on Logout button" time="0"/>
  <testcase classname="| DP:SUPER.USERNAME | DP:SUPER.PASSWORD | Users | DP:STUDENTS.STUDENT1.FIRSTNAME | DP:STUDENTS.STUDENT1.LASTNAME | Student | DP:STUDENTS.STUDENT1.USERNAME | DP:STUDENTS.STUDENT1.PASSWORD | DP:SECRET.QUESTION | DP:SECRET.ANSWER | DP:STUDENTS.STUDENT1.NEWPASSWORD | Y | N | Sections | Join a Section | DP:SECTIONS.SECTIONNAME | https:\/\/sam.cengage.com\/Content\/InstructionFiles\/Help\/Student\/Student%20Help.htm#_Toc421607419 |" name="And I enter DP:STUDENTS.STUDENT1.USERNAME Y Username in LMS login page" time="0.001"/>
  <testcase classname="| DP:SUPER.USERNAME | DP:SUPER.PASSWORD | Users | DP:STUDENTS.STUDENT1.FIRSTNAME | DP:STUDENTS.STUDENT1.LASTNAME | Student | DP:STUDENTS.STUDENT1.USERNAME | DP:STUDENTS.STUDENT1.PASSWORD | DP:SECRET.QUESTION | DP:SECRET.ANSWER | DP:STUDENTS.STUDENT1.NEWPASSWORD | Y | N | Sections | Join a Section | DP:SECTIONS.SECTIONNAME | https:\/\/sam.cengage.com\/Content\/InstructionFiles\/Help\/Student\/Student%20Help.htm#_Toc421607419 |" name="And I enter DP:STUDENTS.STUDENT1.PASSWORD Password in LMS login page" time="0"/>
  <testcase classname="| DP:SUPER.USERNAME | DP:SUPER.PASSWORD | Users | DP:STUDENTS.STUDENT1.FIRSTNAME | DP:STUDENTS.STUDENT1.LASTNAME | Student | DP:STUDENTS.STUDENT1.USERNAME | DP:STUDENTS.STUDENT1.PASSWORD | DP:SECRET.QUESTION | DP:SECRET.ANSWER | DP:STUDENTS.STUDENT1.NEWPASSWORD | Y | N | Sections | Join a Section | DP:SECTIONS.SECTIONNAME | https:\/\/sam.cengage.com\/Content\/InstructionFiles\/Help\/Student\/Student%20Help.htm#_Toc421607419 |" name="And I click on Log In button" time="0"/>
  <testcase classname="| DP:SUPER.USERNAME | DP:SUPER.PASSWORD | Users | DP:STUDENTS.STUDENT1.FIRSTNAME | DP:STUDENTS.STUDENT1.LASTNAME | Student | DP:STUDENTS.STUDENT1.USERNAME | DP:STUDENTS.STUDENT1.PASSWORD | DP:SECRET.QUESTION | DP:SECRET.ANSWER | DP:STUDENTS.STUDENT1.NEWPASSWORD | Y | N | Sections | Join a Section | DP:SECTIONS.SECTIONNAME | https:\/\/sam.cengage.com\/Content\/InstructionFiles\/Help\/Student\/Student%20Help.htm#_Toc421607419 |" name="And I click on I Agree button in EULA page" time="0"/>
  <testcase classname="| DP:SUPER.USERNAME | DP:SUPER.PASSWORD | Users | DP:STUDENTS.STUDENT1.FIRSTNAME | DP:STUDENTS.STUDENT1.LASTNAME | Student | DP:STUDENTS.STUDENT1.USERNAME | DP:STUDENTS.STUDENT1.PASSWORD | DP:SECRET.QUESTION | DP:SECRET.ANSWER | DP:STUDENTS.STUDENT1.NEWPASSWORD | Y | N | Sections | Join a Section | DP:SECTIONS.SECTIONNAME | https:\/\/sam.cengage.com\/Content\/InstructionFiles\/Help\/Student\/Student%20Help.htm#_Toc421607419 |" name="And I select DP:SECRET.QUESTION from secret question" time="0"/>
  <testcase classname="| DP:SUPER.USERNAME | DP:SUPER.PASSWORD | Users | DP:STUDENTS.STUDENT1.FIRSTNAME | DP:STUDENTS.STUDENT1.LASTNAME | Student | DP:STUDENTS.STUDENT1.USERNAME | DP:STUDENTS.STUDENT1.PASSWORD | DP:SECRET.QUESTION | DP:SECRET.ANSWER | DP:STUDENTS.STUDENT1.NEWPASSWORD | Y | N | Sections | Join a Section | DP:SECTIONS.SECTIONNAME | https:\/\/sam.cengage.com\/Content\/InstructionFiles\/Help\/Student\/Student%20Help.htm#_Toc421607419 |" name="And I enter DP:SECRET.ANSWER in secret answer" time="0"/>
  <testcase classname="| DP:SUPER.USERNAME | DP:SUPER.PASSWORD | Users | DP:STUDENTS.STUDENT1.FIRSTNAME | DP:STUDENTS.STUDENT1.LASTNAME | Student | DP:STUDENTS.STUDENT1.USERNAME | DP:STUDENTS.STUDENT1.PASSWORD | DP:SECRET.QUESTION | DP:SECRET.ANSWER | DP:STUDENTS.STUDENT1.NEWPASSWORD | Y | N | Sections | Join a Section | DP:SECTIONS.SECTIONNAME | https:\/\/sam.cengage.com\/Content\/InstructionFiles\/Help\/Student\/Student%20Help.htm#_Toc421607419 |" name="And I click on Submit button" time="0"/>
  <testcase classname="| DP:SUPER.USERNAME | DP:SUPER.PASSWORD | Users | DP:STUDENTS.STUDENT1.FIRSTNAME | DP:STUDENTS.STUDENT1.LASTNAME | Student | DP:STUDENTS.STUDENT1.USERNAME | DP:STUDENTS.STUDENT1.PASSWORD | DP:SECRET.QUESTION | DP:SECRET.ANSWER | DP:STUDENTS.STUDENT1.NEWPASSWORD | Y | N | Sections | Join a Section | DP:SECTIONS.SECTIONNAME | https:\/\/sam.cengage.com\/Content\/InstructionFiles\/Help\/Student\/Student%20Help.htm#_Toc421607419 |" name="And I enter DP:STUDENTS.STUDENT1.NEWPASSWORD in New Password" time="0"/>
  <testcase classname="| DP:SUPER.USERNAME | DP:SUPER.PASSWORD | Users | DP:STUDENTS.STUDENT1.FIRSTNAME | DP:STUDENTS.STUDENT1.LASTNAME | Student | DP:STUDENTS.STUDENT1.USERNAME | DP:STUDENTS.STUDENT1.PASSWORD | DP:SECRET.QUESTION | DP:SECRET.ANSWER | DP:STUDENTS.STUDENT1.NEWPASSWORD | Y | N | Sections | Join a Section | DP:SECTIONS.SECTIONNAME | https:\/\/sam.cengage.com\/Content\/InstructionFiles\/Help\/Student\/Student%20Help.htm#_Toc421607419 |" name="And I enter DP:STUDENTS.STUDENT1.NEWPASSWORD in Confirm Password" time="0"/>
  <testcase classname="| DP:SUPER.USERNAME | DP:SUPER.PASSWORD | Users | DP:STUDENTS.STUDENT1.FIRSTNAME | DP:STUDENTS.STUDENT1.LASTNAME | Student | DP:STUDENTS.STUDENT1.USERNAME | DP:STUDENTS.STUDENT1.PASSWORD | DP:SECRET.QUESTION | DP:SECRET.ANSWER | DP:STUDENTS.STUDENT1.NEWPASSWORD | Y | N | Sections | Join a Section | DP:SECTIONS.SECTIONNAME | https:\/\/sam.cengage.com\/Content\/InstructionFiles\/Help\/Student\/Student%20Help.htm#_Toc421607419 |" name="And I click on Continue button" time="0"/>
  <testcase classname="| DP:SUPER.USERNAME | DP:SUPER.PASSWORD | Users | DP:STUDENTS.STUDENT1.FIRSTNAME | DP:STUDENTS.STUDENT1.LASTNAME | Student | DP:STUDENTS.STUDENT1.USERNAME | DP:STUDENTS.STUDENT1.PASSWORD | DP:SECRET.QUESTION | DP:SECRET.ANSWER | DP:STUDENTS.STUDENT1.NEWPASSWORD | Y | N | Sections | Join a Section | DP:SECTIONS.SECTIONNAME | https:\/\/sam.cengage.com\/Content\/InstructionFiles\/Help\/Student\/Student%20Help.htm#_Toc421607419 |" name="And I see Student Activities page" time="0"/>
  <testcase classname="| DP:SUPER.USERNAME | DP:SUPER.PASSWORD | Users | DP:STUDENTS.STUDENT1.FIRSTNAME | DP:STUDENTS.STUDENT1.LASTNAME | Student | DP:STUDENTS.STUDENT1.USERNAME | DP:STUDENTS.STUDENT1.PASSWORD | DP:SECRET.QUESTION | DP:SECRET.ANSWER | DP:STUDENTS.STUDENT1.NEWPASSWORD | Y | N | Sections | Join a Section | DP:SECTIONS.SECTIONNAME | https:\/\/sam.cengage.com\/Content\/InstructionFiles\/Help\/Student\/Student%20Help.htm#_Toc421607419 |" name="And I click on Logout button" time="0"/>
  <testcase classname="| DP:SUPER.USERNAME | DP:SUPER.PASSWORD | Users | DP:STUDENTS.STUDENT1.FIRSTNAME | DP:STUDENTS.STUDENT1.LASTNAME | Student | DP:STUDENTS.STUDENT1.USERNAME | DP:STUDENTS.STUDENT1.PASSWORD | DP:SECRET.QUESTION | DP:SECRET.ANSWER | DP:STUDENTS.STUDENT1.NEWPASSWORD | Y | N | Sections | Join a Section | DP:SECTIONS.SECTIONNAME | https:\/\/sam.cengage.com\/Content\/InstructionFiles\/Help\/Student\/Student%20Help.htm#_Toc421607419 |" name="And I enter DP:STUDENTS.STUDENT1.USERNAME Y Username in LMS login page" time="0"/>
  <testcase classname="| DP:SUPER.USERNAME | DP:SUPER.PASSWORD | Users | DP:STUDENTS.STUDENT1.FIRSTNAME | DP:STUDENTS.STUDENT1.LASTNAME | Student | DP:STUDENTS.STUDENT1.USERNAME | DP:STUDENTS.STUDENT1.PASSWORD | DP:SECRET.QUESTION | DP:SECRET.ANSWER | DP:STUDENTS.STUDENT1.NEWPASSWORD | Y | N | Sections | Join a Section | DP:SECTIONS.SECTIONNAME | https:\/\/sam.cengage.com\/Content\/InstructionFiles\/Help\/Student\/Student%20Help.htm#_Toc421607419 |" name="And I enter DP:STUDENTS.STUDENT1.PASSWORD Password in LMS login page" time="0"/>
  <testcase classname="| DP:SUPER.USERNAME | DP:SUPER.PASSWORD | Users | DP:STUDENTS.STUDENT1.FIRSTNAME | DP:STUDENTS.STUDENT1.LASTNAME | Student | DP:STUDENTS.STUDENT1.USERNAME | DP:STUDENTS.STUDENT1.PASSWORD | DP:SECRET.QUESTION | DP:SECRET.ANSWER | DP:STUDENTS.STUDENT1.NEWPASSWORD | Y | N | Sections | Join a Section | DP:SECTIONS.SECTIONNAME | https:\/\/sam.cengage.com\/Content\/InstructionFiles\/Help\/Student\/Student%20Help.htm#_Toc421607419 |" name="And I click on Log In button" time="0"/>
  <testcase classname="| DP:SUPER.USERNAME | DP:SUPER.PASSWORD | Users | DP:STUDENTS.STUDENT1.FIRSTNAME | DP:STUDENTS.STUDENT1.LASTNAME | Student | DP:STUDENTS.STUDENT1.USERNAME | DP:STUDENTS.STUDENT1.PASSWORD | DP:SECRET.QUESTION | DP:SECRET.ANSWER | DP:STUDENTS.STUDENT1.NEWPASSWORD | Y | N | Sections | Join a Section | DP:SECTIONS.SECTIONNAME | https:\/\/sam.cengage.com\/Content\/InstructionFiles\/Help\/Student\/Student%20Help.htm#_Toc421607419 |" name="And I see join section header" time="0"/>
  <testcase classname="| DP:SUPER.USERNAME | DP:SUPER.PASSWORD | Users | DP:STUDENTS.STUDENT1.FIRSTNAME | DP:STUDENTS.STUDENT1.LASTNAME | Student | DP:STUDENTS.STUDENT1.USERNAME | DP:STUDENTS.STUDENT1.PASSWORD | DP:SECRET.QUESTION | DP:SECRET.ANSWER | DP:STUDENTS.STUDENT1.NEWPASSWORD | Y | N | Sections | Join a Section | DP:SECTIONS.SECTIONNAME | https:\/\/sam.cengage.com\/Content\/InstructionFiles\/Help\/Student\/Student%20Help.htm#_Toc421607419 |" name="And I see join section header content" time="0.015">
    <failure type="java.lang.AssertionError">java.lang.AssertionError
	at org.junit.Assert.fail(Assert.java:86)
	at org.junit.Assert.assertTrue(Assert.java:41)
	at org.junit.Assert.assertTrue(Assert.java:52)
	at cengage.samlms.stepdefinition.UsersSteps.I_see_join_section_header_content(UsersSteps.java:675)
	at ✽.And I see join section header content(test/resources/cengage/samlms/lms_stories/Assignment_Name_Validation.feature:69)
</failure>
    <system-out>22:53:07.572 [main] ERROR cengage.common.toolbox.Sync - org.openqa.selenium.TimeoutException: Timed out after 150 seconds waiting for cengage.common.toolbox.Sync$4@3af7d855
Build info: version: &apos;2.53.0&apos;, revision: &apos;35ae25b1534ae328c771e0856c93e187490ca824&apos;, time: &apos;2016-03-15 10:43:46&apos;
System info: host: &apos;CODOID&apos;, ip: &apos;10.161.243.104&apos;, os.name: &apos;Windows 8.1&apos;, os.arch: &apos;amd64&apos;, os.version: &apos;6.3&apos;, java.version: &apos;1.8.0_91&apos;
Driver info: driver.version: unknown
22:53:07.588 [main] ERROR cengage.common.toolbox.Element - org.openqa.selenium.NoSuchElementException: no such element: Unable to locate element: {&quot;method&quot;:&quot;xpath&quot;,&quot;selector&quot;:&quot;//p[contains(.,&apos;You have not yet joined a section and need to do so to access your assignments. Click&apos;)]&quot;}
  (Session info: chrome=56.0.2924.87)
  (Driver info: chromedriver=2.25.426923 (0390b88869384d6eb0d5d09729679f934aab9eed),platform=Windows NT 6.3.9600 x86_64) (WARNING: The server did not provide any stacktrace information)
Command duration or timeout: 16 milliseconds
For documentation on this error, please visit: http://seleniumhq.org/exceptions/no_such_element.html
Build info: version: &apos;2.53.0&apos;, revision: &apos;35ae25b1534ae328c771e0856c93e187490ca824&apos;, time: &apos;2016-03-15 10:43:46&apos;
System info: host: &apos;CODOID&apos;, ip: &apos;10.161.243.104&apos;, os.name: &apos;Windows 8.1&apos;, os.arch: &apos;amd64&apos;, os.version: &apos;6.3&apos;, java.version: &apos;1.8.0_91&apos;
Driver info: org.openqa.selenium.chrome.ChromeDriver
Capabilities [{applicationCacheEnabled=false, rotatable=false, mobileEmulationEnabled=false, networkConnectionEnabled=false, chrome={chromedriverVersion=2.25.426923 (0390b88869384d6eb0d5d09729679f934aab9eed), userDataDir=C:\Users\CODOID~1\AppData\Local\Temp\scoped_dir7952_21811}, takesHeapSnapshot=true, pageLoadStrategy=normal, databaseEnabled=false, handlesAlerts=true, hasTouchScreen=false, version=56.0.2924.87, platform=WIN8_1, browserConnectionEnabled=false, nativeEvents=true, acceptSslCerts=true, locationContextEnabled=true, webStorageEnabled=true, browserName=chrome, takesScreenshot=true, javascriptEnabled=true, cssSelectorsEnabled=true}]
Session ID: 894fbd691213eda0da5482641bc6502f
*** Element info: {Using=xpath, value=//p[contains(.,&apos;You have not yet joined a section and need to do so to access your assignments. Click&apos;)]}
</system-out>
  </testcase>
  <testcase classname="| DP:SUPER.USERNAME | DP:SUPER.PASSWORD | Users | DP:STUDENTS.STUDENT1.FIRSTNAME | DP:STUDENTS.STUDENT1.LASTNAME | Student | DP:STUDENTS.STUDENT1.USERNAME | DP:STUDENTS.STUDENT1.PASSWORD | DP:SECRET.QUESTION | DP:SECRET.ANSWER | DP:STUDENTS.STUDENT1.NEWPASSWORD | Y | N | Sections | Join a Section | DP:SECTIONS.SECTIONNAME | https:\/\/sam.cengage.com\/Content\/InstructionFiles\/Help\/Student\/Student%20Help.htm#_Toc421607419 |" name="| DP:SUPER.USERNAME | DP:SUPER.PASSWORD | Users | DP:STUDENTS.STUDENT1.FIRSTNAME | DP:STUDENTS.STUDENT1.LASTNAME | Student | DP:STUDENTS.STUDENT1.USERNAME | DP:STUDENTS.STUDENT1.PASSWORD | DP:SECRET.QUESTION | DP:SECRET.ANSWER | DP:STUDENTS.STUDENT1.NEWPASSWORD | Y | N | Sections | Join a Section | DP:SECTIONS.SECTIONNAME | https:\/\/sam.cengage.com\/Content\/InstructionFiles\/Help\/Student\/Student%20Help.htm#_Toc421607419 |" time="0.015">
    <failure type="java.lang.AssertionError">java.lang.AssertionError
	at org.junit.Assert.fail(Assert.java:86)
	at org.junit.Assert.assertTrue(Assert.java:41)
	at org.junit.Assert.assertTrue(Assert.java:52)
	at cengage.samlms.stepdefinition.UsersSteps.I_see_join_section_header_content(UsersSteps.java:675)
	at ✽.And I see join section header content(test/resources/cengage/samlms/lms_stories/Assignment_Name_Validation.feature:69)
</failure>
  </testcase>
  <testcase classname="| DP:SUPER.USERNAME | DP:SUPER.PASSWORD | Users | DP:STUDENTS.STUDENT1.FIRSTNAME | DP:STUDENTS.STUDENT1.LASTNAME | Student | DP:STUDENTS.STUDENT1.USERNAME | DP:STUDENTS.STUDENT1.PASSWORD | DP:SECRET.QUESTION | DP:SECRET.ANSWER | DP:STUDENTS.STUDENT1.NEWPASSWORD | Y | N | Sections | Join a Section | DP:SECTIONS.SECTIONNAME | https:\/\/sam.cengage.com\/Content\/InstructionFiles\/Help\/Student\/Student%20Help.htm#_Toc421607419 |" name="And I see Student Activities page" time="0.015">
    <skipped/>
  </testcase>
  <testcase classname="| DP:SUPER.USERNAME | DP:SUPER.PASSWORD | Users | DP:STUDENTS.STUDENT1.FIRSTNAME | DP:STUDENTS.STUDENT1.LASTNAME | Student | DP:STUDENTS.STUDENT1.USERNAME | DP:STUDENTS.STUDENT1.PASSWORD | DP:SECRET.QUESTION | DP:SECRET.ANSWER | DP:STUDENTS.STUDENT1.NEWPASSWORD | Y | N | Sections | Join a Section | DP:SECTIONS.SECTIONNAME | https:\/\/sam.cengage.com\/Content\/InstructionFiles\/Help\/Student\/Student%20Help.htm#_Toc421607419 |" name="And I click on Sections tab" time="0.015">
    <skipped/>
  </testcase>
  <testcase classname="| DP:SUPER.USERNAME | DP:SUPER.PASSWORD | Users | DP:STUDENTS.STUDENT1.FIRSTNAME | DP:STUDENTS.STUDENT1.LASTNAME | Student | DP:STUDENTS.STUDENT1.USERNAME | DP:STUDENTS.STUDENT1.PASSWORD | DP:SECRET.QUESTION | DP:SECRET.ANSWER | DP:STUDENTS.STUDENT1.NEWPASSWORD | Y | N | Sections | Join a Section | DP:SECTIONS.SECTIONNAME | https:\/\/sam.cengage.com\/Content\/InstructionFiles\/Help\/Student\/Student%20Help.htm#_Toc421607419 |" name="And I click on Join a Section tab" time="0.015">
    <skipped/>
  </testcase>
  <testcase classname="| DP:SUPER.USERNAME | DP:SUPER.PASSWORD | Users | DP:STUDENTS.STUDENT1.FIRSTNAME | DP:STUDENTS.STUDENT1.LASTNAME | Student | DP:STUDENTS.STUDENT1.USERNAME | DP:STUDENTS.STUDENT1.PASSWORD | DP:SECRET.QUESTION | DP:SECRET.ANSWER | DP:STUDENTS.STUDENT1.NEWPASSWORD | Y | N | Sections | Join a Section | DP:SECTIONS.SECTIONNAME | https:\/\/sam.cengage.com\/Content\/InstructionFiles\/Help\/Student\/Student%20Help.htm#_Toc421607419 |" name="And I click on DP:SECTIONS.SECTIONNAME Y Join Section icon" time="0.015">
    <skipped/>
  </testcase>
  <testcase classname="| DP:SUPER.USERNAME | DP:SUPER.PASSWORD | Users | DP:STUDENTS.STUDENT1.FIRSTNAME | DP:STUDENTS.STUDENT1.LASTNAME | Student | DP:STUDENTS.STUDENT1.USERNAME | DP:STUDENTS.STUDENT1.PASSWORD | DP:SECRET.QUESTION | DP:SECRET.ANSWER | DP:STUDENTS.STUDENT1.NEWPASSWORD | Y | N | Sections | Join a Section | DP:SECTIONS.SECTIONNAME | https:\/\/sam.cengage.com\/Content\/InstructionFiles\/Help\/Student\/Student%20Help.htm#_Toc421607419 |" name="And I click on X icon" time="0.015">
    <skipped/>
  </testcase>
  <testcase classname="| DP:SUPER.USERNAME | DP:SUPER.PASSWORD | Users | DP:STUDENTS.STUDENT1.FIRSTNAME | DP:STUDENTS.STUDENT1.LASTNAME | Student | DP:STUDENTS.STUDENT1.USERNAME | DP:STUDENTS.STUDENT1.PASSWORD | DP:SECRET.QUESTION | DP:SECRET.ANSWER | DP:STUDENTS.STUDENT1.NEWPASSWORD | Y | N | Sections | Join a Section | DP:SECTIONS.SECTIONNAME | https:\/\/sam.cengage.com\/Content\/InstructionFiles\/Help\/Student\/Student%20Help.htm#_Toc421607419 |" name="And I click on Logout button" time="0.031">
    <skipped/>
  </testcase>
  <testcase classname="| DP:SUPER.USERNAME | DP:SUPER.PASSWORD | Users | DP:STUDENTS.STUDENT1.FIRSTNAME | DP:STUDENTS.STUDENT1.LASTNAME | Student | DP:STUDENTS.STUDENT1.USERNAME | DP:STUDENTS.STUDENT1.PASSWORD | DP:SECRET.QUESTION | DP:SECRET.ANSWER | DP:STUDENTS.STUDENT1.NEWPASSWORD | Y | N | Sections | Join a Section | DP:SECTIONS.SECTIONNAME | https:\/\/sam.cengage.com\/Content\/InstructionFiles\/Help\/Student\/Student%20Help.htm#_Toc421607419 |" name="And I enter DP:STUDENTS.STUDENT1.USERNAME Y Username in LMS login page" time="0.031">
    <skipped/>
  </testcase>
  <testcase classname="| DP:SUPER.USERNAME | DP:SUPER.PASSWORD | Users | DP:STUDENTS.STUDENT1.FIRSTNAME | DP:STUDENTS.STUDENT1.LASTNAME | Student | DP:STUDENTS.STUDENT1.USERNAME | DP:STUDENTS.STUDENT1.PASSWORD | DP:SECRET.QUESTION | DP:SECRET.ANSWER | DP:STUDENTS.STUDENT1.NEWPASSWORD | Y | N | Sections | Join a Section | DP:SECTIONS.SECTIONNAME | https:\/\/sam.cengage.com\/Content\/InstructionFiles\/Help\/Student\/Student%20Help.htm#_Toc421607419 |" name="And I enter DP:STUDENTS.STUDENT1.PASSWORD Password in LMS login page" time="0.031">
    <skipped/>
  </testcase>
  <testcase classname="| DP:SUPER.USERNAME | DP:SUPER.PASSWORD | Users | DP:STUDENTS.STUDENT1.FIRSTNAME | DP:STUDENTS.STUDENT1.LASTNAME | Student | DP:STUDENTS.STUDENT1.USERNAME | DP:STUDENTS.STUDENT1.PASSWORD | DP:SECRET.QUESTION | DP:SECRET.ANSWER | DP:STUDENTS.STUDENT1.NEWPASSWORD | Y | N | Sections | Join a Section | DP:SECTIONS.SECTIONNAME | https:\/\/sam.cengage.com\/Content\/InstructionFiles\/Help\/Student\/Student%20Help.htm#_Toc421607419 |" name="When I click on Log In button" time="0.031">
    <skipped/>
  </testcase>
  <testcase classname="| DP:SUPER.USERNAME | DP:SUPER.PASSWORD | Users | DP:STUDENTS.STUDENT1.FIRSTNAME | DP:STUDENTS.STUDENT1.LASTNAME | Student | DP:STUDENTS.STUDENT1.USERNAME | DP:STUDENTS.STUDENT1.PASSWORD | DP:SECRET.QUESTION | DP:SECRET.ANSWER | DP:STUDENTS.STUDENT1.NEWPASSWORD | Y | N | Sections | Join a Section | DP:SECTIONS.SECTIONNAME | https:\/\/sam.cengage.com\/Content\/InstructionFiles\/Help\/Student\/Student%20Help.htm#_Toc421607419 |" name="Then I should not see join section header" time="0.031">
    <skipped/>
  </testcase>
  <testcase classname="| DP:SUPER.USERNAME | DP:SUPER.PASSWORD | Users | DP:STUDENTS.STUDENT1.FIRSTNAME | DP:STUDENTS.STUDENT1.LASTNAME | Student | DP:STUDENTS.STUDENT1.USERNAME | DP:STUDENTS.STUDENT1.PASSWORD | DP:SECRET.QUESTION | DP:SECRET.ANSWER | DP:STUDENTS.STUDENT1.NEWPASSWORD | Y | N | Sections | Join a Section | DP:SECTIONS.SECTIONNAME | https:\/\/sam.cengage.com\/Content\/InstructionFiles\/Help\/Student\/Student%20Help.htm#_Toc421607419 |" name="And I click on Logout button" time="0.031">
    <skipped/>
  </testcase>
  <testcase classname="| DP:SUPER.USERNAME | DP:SUPER.PASSWORD | Users | Sections | Join a Section | DP:SECTIONS.SECTIONNAME | DP:STUDENTS.STUDENT2.FIRSTNAME | DP:STUDENTS.STUDENT2.LASTNAME | Student | DP:STUDENTS.STUDENT2.USERNAME | DP:STUDENTS.STUDENT2.PASSWORD | DP:SECRET.QUESTION | DP:SECRET.ANSWER | DP:STUDENTS.STUDENT2.NEWPASSWORD | Y | N |" name="Given As a user I see login page of LMS" time="0"/>
  <testcase classname="| DP:SUPER.USERNAME | DP:SUPER.PASSWORD | Users | Sections | Join a Section | DP:SECTIONS.SECTIONNAME | DP:STUDENTS.STUDENT2.FIRSTNAME | DP:STUDENTS.STUDENT2.LASTNAME | Student | DP:STUDENTS.STUDENT2.USERNAME | DP:STUDENTS.STUDENT2.PASSWORD | DP:SECRET.QUESTION | DP:SECRET.ANSWER | DP:STUDENTS.STUDENT2.NEWPASSWORD | Y | N |" name="And I enter DP:SUPER.USERNAME N Username in LMS login page" time="0"/>
  <testcase classname="| DP:SUPER.USERNAME | DP:SUPER.PASSWORD | Users | Sections | Join a Section | DP:SECTIONS.SECTIONNAME | DP:STUDENTS.STUDENT2.FIRSTNAME | DP:STUDENTS.STUDENT2.LASTNAME | Student | DP:STUDENTS.STUDENT2.USERNAME | DP:STUDENTS.STUDENT2.PASSWORD | DP:SECRET.QUESTION | DP:SECRET.ANSWER | DP:STUDENTS.STUDENT2.NEWPASSWORD | Y | N |" name="And I enter DP:SUPER.PASSWORD Password in LMS login page" time="0"/>
  <testcase classname="| DP:SUPER.USERNAME | DP:SUPER.PASSWORD | Users | Sections | Join a Section | DP:SECTIONS.SECTIONNAME | DP:STUDENTS.STUDENT2.FIRSTNAME | DP:STUDENTS.STUDENT2.LASTNAME | Student | DP:STUDENTS.STUDENT2.USERNAME | DP:STUDENTS.STUDENT2.PASSWORD | DP:SECRET.QUESTION | DP:SECRET.ANSWER | DP:STUDENTS.STUDENT2.NEWPASSWORD | Y | N |" name="And I click on Log In button" time="0"/>
  <testcase classname="| DP:SUPER.USERNAME | DP:SUPER.PASSWORD | Users | Sections | Join a Section | DP:SECTIONS.SECTIONNAME | DP:STUDENTS.STUDENT2.FIRSTNAME | DP:STUDENTS.STUDENT2.LASTNAME | Student | DP:STUDENTS.STUDENT2.USERNAME | DP:STUDENTS.STUDENT2.PASSWORD | DP:SECRET.QUESTION | DP:SECRET.ANSWER | DP:STUDENTS.STUDENT2.NEWPASSWORD | Y | N |" name="And I see home page of LMS" time="0"/>
  <testcase classname="| DP:SUPER.USERNAME | DP:SUPER.PASSWORD | Users | Sections | Join a Section | DP:SECTIONS.SECTIONNAME | DP:STUDENTS.STUDENT2.FIRSTNAME | DP:STUDENTS.STUDENT2.LASTNAME | Student | DP:STUDENTS.STUDENT2.USERNAME | DP:STUDENTS.STUDENT2.PASSWORD | DP:SECRET.QUESTION | DP:SECRET.ANSWER | DP:STUDENTS.STUDENT2.NEWPASSWORD | Y | N |" name="And I click on Users tab" time="0"/>
  <testcase classname="| DP:SUPER.USERNAME | DP:SUPER.PASSWORD | Users | Sections | Join a Section | DP:SECTIONS.SECTIONNAME | DP:STUDENTS.STUDENT2.FIRSTNAME | DP:STUDENTS.STUDENT2.LASTNAME | Student | DP:STUDENTS.STUDENT2.USERNAME | DP:STUDENTS.STUDENT2.PASSWORD | DP:SECRET.QUESTION | DP:SECRET.ANSWER | DP:STUDENTS.STUDENT2.NEWPASSWORD | Y | N |" name="And I click on Add New button" time="0"/>
  <testcase classname="| DP:SUPER.USERNAME | DP:SUPER.PASSWORD | Users | Sections | Join a Section | DP:SECTIONS.SECTIONNAME | DP:STUDENTS.STUDENT2.FIRSTNAME | DP:STUDENTS.STUDENT2.LASTNAME | Student | DP:STUDENTS.STUDENT2.USERNAME | DP:STUDENTS.STUDENT2.PASSWORD | DP:SECRET.QUESTION | DP:SECRET.ANSWER | DP:STUDENTS.STUDENT2.NEWPASSWORD | Y | N |" name="And I enter DP:STUDENTS.STUDENT2.FIRSTNAME in First Name" time="0"/>
  <testcase classname="| DP:SUPER.USERNAME | DP:SUPER.PASSWORD | Users | Sections | Join a Section | DP:SECTIONS.SECTIONNAME | DP:STUDENTS.STUDENT2.FIRSTNAME | DP:STUDENTS.STUDENT2.LASTNAME | Student | DP:STUDENTS.STUDENT2.USERNAME | DP:STUDENTS.STUDENT2.PASSWORD | DP:SECRET.QUESTION | DP:SECRET.ANSWER | DP:STUDENTS.STUDENT2.NEWPASSWORD | Y | N |" name="And I enter DP:STUDENTS.STUDENT2.LASTNAME in Last Name" time="0"/>
  <testcase classname="| DP:SUPER.USERNAME | DP:SUPER.PASSWORD | Users | Sections | Join a Section | DP:SECTIONS.SECTIONNAME | DP:STUDENTS.STUDENT2.FIRSTNAME | DP:STUDENTS.STUDENT2.LASTNAME | Student | DP:STUDENTS.STUDENT2.USERNAME | DP:STUDENTS.STUDENT2.PASSWORD | DP:SECRET.QUESTION | DP:SECRET.ANSWER | DP:STUDENTS.STUDENT2.NEWPASSWORD | Y | N |" name="And I select Student from Role" time="0"/>
  <testcase classname="| DP:SUPER.USERNAME | DP:SUPER.PASSWORD | Users | Sections | Join a Section | DP:SECTIONS.SECTIONNAME | DP:STUDENTS.STUDENT2.FIRSTNAME | DP:STUDENTS.STUDENT2.LASTNAME | Student | DP:STUDENTS.STUDENT2.USERNAME | DP:STUDENTS.STUDENT2.PASSWORD | DP:SECRET.QUESTION | DP:SECRET.ANSWER | DP:STUDENTS.STUDENT2.NEWPASSWORD | Y | N |" name="And I enter DP:STUDENTS.STUDENT2.USERNAME in Username" time="0"/>
  <testcase classname="| DP:SUPER.USERNAME | DP:SUPER.PASSWORD | Users | Sections | Join a Section | DP:SECTIONS.SECTIONNAME | DP:STUDENTS.STUDENT2.FIRSTNAME | DP:STUDENTS.STUDENT2.LASTNAME | Student | DP:STUDENTS.STUDENT2.USERNAME | DP:STUDENTS.STUDENT2.PASSWORD | DP:SECRET.QUESTION | DP:SECRET.ANSWER | DP:STUDENTS.STUDENT2.NEWPASSWORD | Y | N |" name="And I enter DP:STUDENTS.STUDENT2.USERNAME in Verify Username" time="0"/>
  <testcase classname="| DP:SUPER.USERNAME | DP:SUPER.PASSWORD | Users | Sections | Join a Section | DP:SECTIONS.SECTIONNAME | DP:STUDENTS.STUDENT2.FIRSTNAME | DP:STUDENTS.STUDENT2.LASTNAME | Student | DP:STUDENTS.STUDENT2.USERNAME | DP:STUDENTS.STUDENT2.PASSWORD | DP:SECRET.QUESTION | DP:SECRET.ANSWER | DP:STUDENTS.STUDENT2.NEWPASSWORD | Y | N |" name="And I enter DP:STUDENTS.STUDENT2.PASSWORD in Password" time="0.001"/>
  <testcase classname="| DP:SUPER.USERNAME | DP:SUPER.PASSWORD | Users | Sections | Join a Section | DP:SECTIONS.SECTIONNAME | DP:STUDENTS.STUDENT2.FIRSTNAME | DP:STUDENTS.STUDENT2.LASTNAME | Student | DP:STUDENTS.STUDENT2.USERNAME | DP:STUDENTS.STUDENT2.PASSWORD | DP:SECRET.QUESTION | DP:SECRET.ANSWER | DP:STUDENTS.STUDENT2.NEWPASSWORD | Y | N |" name="And I enter DP:STUDENTS.STUDENT2.PASSWORD in Verify Password" time="0"/>
  <testcase classname="| DP:SUPER.USERNAME | DP:SUPER.PASSWORD | Users | Sections | Join a Section | DP:SECTIONS.SECTIONNAME | DP:STUDENTS.STUDENT2.FIRSTNAME | DP:STUDENTS.STUDENT2.LASTNAME | Student | DP:STUDENTS.STUDENT2.USERNAME | DP:STUDENTS.STUDENT2.PASSWORD | DP:SECRET.QUESTION | DP:SECRET.ANSWER | DP:STUDENTS.STUDENT2.NEWPASSWORD | Y | N |" name="And I click on Save button" time="0"/>
  <testcase classname="| DP:SUPER.USERNAME | DP:SUPER.PASSWORD | Users | Sections | Join a Section | DP:SECTIONS.SECTIONNAME | DP:STUDENTS.STUDENT2.FIRSTNAME | DP:STUDENTS.STUDENT2.LASTNAME | Student | DP:STUDENTS.STUDENT2.USERNAME | DP:STUDENTS.STUDENT2.PASSWORD | DP:SECRET.QUESTION | DP:SECRET.ANSWER | DP:STUDENTS.STUDENT2.NEWPASSWORD | Y | N |" name="And I click on Cancel button in User Added Successfully pop-up" time="0"/>
  <testcase classname="| DP:SUPER.USERNAME | DP:SUPER.PASSWORD | Users | Sections | Join a Section | DP:SECTIONS.SECTIONNAME | DP:STUDENTS.STUDENT2.FIRSTNAME | DP:STUDENTS.STUDENT2.LASTNAME | Student | DP:STUDENTS.STUDENT2.USERNAME | DP:STUDENTS.STUDENT2.PASSWORD | DP:SECRET.QUESTION | DP:SECRET.ANSWER | DP:STUDENTS.STUDENT2.NEWPASSWORD | Y | N |" name="And I see the created DP:STUDENTS.STUDENT2.USERNAME Student Y in Users page" time="0"/>
  <testcase classname="| DP:SUPER.USERNAME | DP:SUPER.PASSWORD | Users | Sections | Join a Section | DP:SECTIONS.SECTIONNAME | DP:STUDENTS.STUDENT2.FIRSTNAME | DP:STUDENTS.STUDENT2.LASTNAME | Student | DP:STUDENTS.STUDENT2.USERNAME | DP:STUDENTS.STUDENT2.PASSWORD | DP:SECRET.QUESTION | DP:SECRET.ANSWER | DP:STUDENTS.STUDENT2.NEWPASSWORD | Y | N |" name="And I click on Logout button" time="0"/>
  <testcase classname="| DP:SUPER.USERNAME | DP:SUPER.PASSWORD | Users | Sections | Join a Section | DP:SECTIONS.SECTIONNAME | DP:STUDENTS.STUDENT2.FIRSTNAME | DP:STUDENTS.STUDENT2.LASTNAME | Student | DP:STUDENTS.STUDENT2.USERNAME | DP:STUDENTS.STUDENT2.PASSWORD | DP:SECRET.QUESTION | DP:SECRET.ANSWER | DP:STUDENTS.STUDENT2.NEWPASSWORD | Y | N |" name="And I enter DP:STUDENTS.STUDENT2.USERNAME Y Username in LMS login page" time="0"/>
  <testcase classname="| DP:SUPER.USERNAME | DP:SUPER.PASSWORD | Users | Sections | Join a Section | DP:SECTIONS.SECTIONNAME | DP:STUDENTS.STUDENT2.FIRSTNAME | DP:STUDENTS.STUDENT2.LASTNAME | Student | DP:STUDENTS.STUDENT2.USERNAME | DP:STUDENTS.STUDENT2.PASSWORD | DP:SECRET.QUESTION | DP:SECRET.ANSWER | DP:STUDENTS.STUDENT2.NEWPASSWORD | Y | N |" name="And I enter DP:STUDENTS.STUDENT2.PASSWORD Password in LMS login page" time="0"/>
  <testcase classname="| DP:SUPER.USERNAME | DP:SUPER.PASSWORD | Users | Sections | Join a Section | DP:SECTIONS.SECTIONNAME | DP:STUDENTS.STUDENT2.FIRSTNAME | DP:STUDENTS.STUDENT2.LASTNAME | Student | DP:STUDENTS.STUDENT2.USERNAME | DP:STUDENTS.STUDENT2.PASSWORD | DP:SECRET.QUESTION | DP:SECRET.ANSWER | DP:STUDENTS.STUDENT2.NEWPASSWORD | Y | N |" name="And I click on Log In button" time="0"/>
  <testcase classname="| DP:SUPER.USERNAME | DP:SUPER.PASSWORD | Users | Sections | Join a Section | DP:SECTIONS.SECTIONNAME | DP:STUDENTS.STUDENT2.FIRSTNAME | DP:STUDENTS.STUDENT2.LASTNAME | Student | DP:STUDENTS.STUDENT2.USERNAME | DP:STUDENTS.STUDENT2.PASSWORD | DP:SECRET.QUESTION | DP:SECRET.ANSWER | DP:STUDENTS.STUDENT2.NEWPASSWORD | Y | N |" name="And I click on I Agree button in EULA page" time="0"/>
  <testcase classname="| DP:SUPER.USERNAME | DP:SUPER.PASSWORD | Users | Sections | Join a Section | DP:SECTIONS.SECTIONNAME | DP:STUDENTS.STUDENT2.FIRSTNAME | DP:STUDENTS.STUDENT2.LASTNAME | Student | DP:STUDENTS.STUDENT2.USERNAME | DP:STUDENTS.STUDENT2.PASSWORD | DP:SECRET.QUESTION | DP:SECRET.ANSWER | DP:STUDENTS.STUDENT2.NEWPASSWORD | Y | N |" name="And I select DP:SECRET.QUESTION from secret question" time="0"/>
  <testcase classname="| DP:SUPER.USERNAME | DP:SUPER.PASSWORD | Users | Sections | Join a Section | DP:SECTIONS.SECTIONNAME | DP:STUDENTS.STUDENT2.FIRSTNAME | DP:STUDENTS.STUDENT2.LASTNAME | Student | DP:STUDENTS.STUDENT2.USERNAME | DP:STUDENTS.STUDENT2.PASSWORD | DP:SECRET.QUESTION | DP:SECRET.ANSWER | DP:STUDENTS.STUDENT2.NEWPASSWORD | Y | N |" name="And I enter DP:SECRET.ANSWER in secret answer" time="0"/>
  <testcase classname="| DP:SUPER.USERNAME | DP:SUPER.PASSWORD | Users | Sections | Join a Section | DP:SECTIONS.SECTIONNAME | DP:STUDENTS.STUDENT2.FIRSTNAME | DP:STUDENTS.STUDENT2.LASTNAME | Student | DP:STUDENTS.STUDENT2.USERNAME | DP:STUDENTS.STUDENT2.PASSWORD | DP:SECRET.QUESTION | DP:SECRET.ANSWER | DP:STUDENTS.STUDENT2.NEWPASSWORD | Y | N |" name="And I click on Submit button" time="0"/>
  <testcase classname="| DP:SUPER.USERNAME | DP:SUPER.PASSWORD | Users | Sections | Join a Section | DP:SECTIONS.SECTIONNAME | DP:STUDENTS.STUDENT2.FIRSTNAME | DP:STUDENTS.STUDENT2.LASTNAME | Student | DP:STUDENTS.STUDENT2.USERNAME | DP:STUDENTS.STUDENT2.PASSWORD | DP:SECRET.QUESTION | DP:SECRET.ANSWER | DP:STUDENTS.STUDENT2.NEWPASSWORD | Y | N |" name="And I enter DP:STUDENTS.STUDENT2.NEWPASSWORD in New Password" time="0"/>
  <testcase classname="| DP:SUPER.USERNAME | DP:SUPER.PASSWORD | Users | Sections | Join a Section | DP:SECTIONS.SECTIONNAME | DP:STUDENTS.STUDENT2.FIRSTNAME | DP:STUDENTS.STUDENT2.LASTNAME | Student | DP:STUDENTS.STUDENT2.USERNAME | DP:STUDENTS.STUDENT2.PASSWORD | DP:SECRET.QUESTION | DP:SECRET.ANSWER | DP:STUDENTS.STUDENT2.NEWPASSWORD | Y | N |" name="And I enter DP:STUDENTS.STUDENT2.NEWPASSWORD in Confirm Password" time="0"/>
  <testcase classname="| DP:SUPER.USERNAME | DP:SUPER.PASSWORD | Users | Sections | Join a Section | DP:SECTIONS.SECTIONNAME | DP:STUDENTS.STUDENT2.FIRSTNAME | DP:STUDENTS.STUDENT2.LASTNAME | Student | DP:STUDENTS.STUDENT2.USERNAME | DP:STUDENTS.STUDENT2.PASSWORD | DP:SECRET.QUESTION | DP:SECRET.ANSWER | DP:STUDENTS.STUDENT2.NEWPASSWORD | Y | N |" name="When I click on Continue button" time="0"/>
  <testcase classname="| DP:SUPER.USERNAME | DP:SUPER.PASSWORD | Users | Sections | Join a Section | DP:SECTIONS.SECTIONNAME | DP:STUDENTS.STUDENT2.FIRSTNAME | DP:STUDENTS.STUDENT2.LASTNAME | Student | DP:STUDENTS.STUDENT2.USERNAME | DP:STUDENTS.STUDENT2.PASSWORD | DP:SECRET.QUESTION | DP:SECRET.ANSWER | DP:STUDENTS.STUDENT2.NEWPASSWORD | Y | N |" name="Then I see Student Activities page" time="0"/>
  <testcase classname="| DP:SUPER.USERNAME | DP:SUPER.PASSWORD | Users | Sections | Join a Section | DP:SECTIONS.SECTIONNAME | DP:STUDENTS.STUDENT2.FIRSTNAME | DP:STUDENTS.STUDENT2.LASTNAME | Student | DP:STUDENTS.STUDENT2.USERNAME | DP:STUDENTS.STUDENT2.PASSWORD | DP:SECRET.QUESTION | DP:SECRET.ANSWER | DP:STUDENTS.STUDENT2.NEWPASSWORD | Y | N |" name="And I click on Sections tab" time="0"/>
  <testcase classname="| DP:SUPER.USERNAME | DP:SUPER.PASSWORD | Users | Sections | Join a Section | DP:SECTIONS.SECTIONNAME | DP:STUDENTS.STUDENT2.FIRSTNAME | DP:STUDENTS.STUDENT2.LASTNAME | Student | DP:STUDENTS.STUDENT2.USERNAME | DP:STUDENTS.STUDENT2.PASSWORD | DP:SECRET.QUESTION | DP:SECRET.ANSWER | DP:STUDENTS.STUDENT2.NEWPASSWORD | Y | N |" name="And I click on Join a Section tab" time="0"/>
  <testcase classname="| DP:SUPER.USERNAME | DP:SUPER.PASSWORD | Users | Sections | Join a Section | DP:SECTIONS.SECTIONNAME | DP:STUDENTS.STUDENT2.FIRSTNAME | DP:STUDENTS.STUDENT2.LASTNAME | Student | DP:STUDENTS.STUDENT2.USERNAME | DP:STUDENTS.STUDENT2.PASSWORD | DP:SECRET.QUESTION | DP:SECRET.ANSWER | DP:STUDENTS.STUDENT2.NEWPASSWORD | Y | N |" name="And I click on DP:SECTIONS.SECTIONNAME Y Join Section icon" time="0"/>
  <testcase classname="| DP:SUPER.USERNAME | DP:SUPER.PASSWORD | Users | Sections | Join a Section | DP:SECTIONS.SECTIONNAME | DP:STUDENTS.STUDENT2.FIRSTNAME | DP:STUDENTS.STUDENT2.LASTNAME | Student | DP:STUDENTS.STUDENT2.USERNAME | DP:STUDENTS.STUDENT2.PASSWORD | DP:SECRET.QUESTION | DP:SECRET.ANSWER | DP:STUDENTS.STUDENT2.NEWPASSWORD | Y | N |" name="And I click on X icon" time="0"/>
  <testcase classname="| DP:SUPER.USERNAME | DP:SUPER.PASSWORD | Users | Sections | Join a Section | DP:SECTIONS.SECTIONNAME | DP:STUDENTS.STUDENT2.FIRSTNAME | DP:STUDENTS.STUDENT2.LASTNAME | Student | DP:STUDENTS.STUDENT2.USERNAME | DP:STUDENTS.STUDENT2.PASSWORD | DP:SECRET.QUESTION | DP:SECRET.ANSWER | DP:STUDENTS.STUDENT2.NEWPASSWORD | Y | N |" name="And I click on Logout button" time="0"/>
  <testcase classname="| DP:SUPER.USERNAME | DP:SUPER.PASSWORD | Users | Sections | Join a Section | DP:SECTIONS.SECTIONNAME | DP:STUDENTS.STUDENT2.FIRSTNAME | DP:STUDENTS.STUDENT2.LASTNAME | Student | DP:STUDENTS.STUDENT2.USERNAME | DP:STUDENTS.STUDENT2.PASSWORD | DP:SECRET.QUESTION | DP:SECRET.ANSWER | DP:STUDENTS.STUDENT2.NEWPASSWORD | Y | N |" name="| DP:SUPER.USERNAME | DP:SUPER.PASSWORD | Users | Sections | Join a Section | DP:SECTIONS.SECTIONNAME | DP:STUDENTS.STUDENT2.FIRSTNAME | DP:STUDENTS.STUDENT2.LASTNAME | Student | DP:STUDENTS.STUDENT2.USERNAME | DP:STUDENTS.STUDENT2.PASSWORD | DP:SECRET.QUESTION | DP:SECRET.ANSWER | DP:STUDENTS.STUDENT2.NEWPASSWORD | Y | N |" time="0.001"/>
  <testcase classname="| DP:SUPER.USERNAME | DP:SUPER.PASSWORD | DP:SECTIONS.SECTIONNAME | Y | N | SAM Assignments | Exams | DP:EXAMASSIGNMENTS.EXAMNAME1 | DP:TEXTBOOK.BOOK | DP:TEXTBOOK.CHAPTERS | DP:TEXTBOOK.TASKS | DP:TEXTBOOK.TESTBANKQUESTION |" name="Given As a user I see login page of LMS" time="0"/>
  <testcase classname="| DP:SUPER.USERNAME | DP:SUPER.PASSWORD | DP:SECTIONS.SECTIONNAME | Y | N | SAM Assignments | Exams | DP:EXAMASSIGNMENTS.EXAMNAME1 | DP:TEXTBOOK.BOOK | DP:TEXTBOOK.CHAPTERS | DP:TEXTBOOK.TASKS | DP:TEXTBOOK.TESTBANKQUESTION |" name="And I enter DP:SUPER.USERNAME N Username in LMS login page" time="0"/>
  <testcase classname="| DP:SUPER.USERNAME | DP:SUPER.PASSWORD | DP:SECTIONS.SECTIONNAME | Y | N | SAM Assignments | Exams | DP:EXAMASSIGNMENTS.EXAMNAME1 | DP:TEXTBOOK.BOOK | DP:TEXTBOOK.CHAPTERS | DP:TEXTBOOK.TASKS | DP:TEXTBOOK.TESTBANKQUESTION |" name="And I enter DP:SUPER.PASSWORD Password in LMS login page" time="0"/>
  <testcase classname="| DP:SUPER.USERNAME | DP:SUPER.PASSWORD | DP:SECTIONS.SECTIONNAME | Y | N | SAM Assignments | Exams | DP:EXAMASSIGNMENTS.EXAMNAME1 | DP:TEXTBOOK.BOOK | DP:TEXTBOOK.CHAPTERS | DP:TEXTBOOK.TASKS | DP:TEXTBOOK.TESTBANKQUESTION |" name="And I click on Log In button" time="0"/>
  <testcase classname="| DP:SUPER.USERNAME | DP:SUPER.PASSWORD | DP:SECTIONS.SECTIONNAME | Y | N | SAM Assignments | Exams | DP:EXAMASSIGNMENTS.EXAMNAME1 | DP:TEXTBOOK.BOOK | DP:TEXTBOOK.CHAPTERS | DP:TEXTBOOK.TASKS | DP:TEXTBOOK.TESTBANKQUESTION |" name="And I see home page of LMS" time="0"/>
  <testcase classname="| DP:SUPER.USERNAME | DP:SUPER.PASSWORD | DP:SECTIONS.SECTIONNAME | Y | N | SAM Assignments | Exams | DP:EXAMASSIGNMENTS.EXAMNAME1 | DP:TEXTBOOK.BOOK | DP:TEXTBOOK.CHAPTERS | DP:TEXTBOOK.TASKS | DP:TEXTBOOK.TESTBANKQUESTION |" name="And I click on SAM Assignments tab" time="0"/>
  <testcase classname="| DP:SUPER.USERNAME | DP:SUPER.PASSWORD | DP:SECTIONS.SECTIONNAME | Y | N | SAM Assignments | Exams | DP:EXAMASSIGNMENTS.EXAMNAME1 | DP:TEXTBOOK.BOOK | DP:TEXTBOOK.CHAPTERS | DP:TEXTBOOK.TASKS | DP:TEXTBOOK.TESTBANKQUESTION |" name="And I click on Exams tab" time="0"/>
  <testcase classname="| DP:SUPER.USERNAME | DP:SUPER.PASSWORD | DP:SECTIONS.SECTIONNAME | Y | N | SAM Assignments | Exams | DP:EXAMASSIGNMENTS.EXAMNAME1 | DP:TEXTBOOK.BOOK | DP:TEXTBOOK.CHAPTERS | DP:TEXTBOOK.TASKS | DP:TEXTBOOK.TESTBANKQUESTION |" name="And I click on Add Exam button" time="0"/>
  <testcase classname="| DP:SUPER.USERNAME | DP:SUPER.PASSWORD | DP:SECTIONS.SECTIONNAME | Y | N | SAM Assignments | Exams | DP:EXAMASSIGNMENTS.EXAMNAME1 | DP:TEXTBOOK.BOOK | DP:TEXTBOOK.CHAPTERS | DP:TEXTBOOK.TASKS | DP:TEXTBOOK.TESTBANKQUESTION |" name="And I enter DP:EXAMASSIGNMENTS.EXAMNAME1 Y in Exam Name" time="0"/>
  <testcase classname="| DP:SUPER.USERNAME | DP:SUPER.PASSWORD | DP:SECTIONS.SECTIONNAME | Y | N | SAM Assignments | Exams | DP:EXAMASSIGNMENTS.EXAMNAME1 | DP:TEXTBOOK.BOOK | DP:TEXTBOOK.CHAPTERS | DP:TEXTBOOK.TASKS | DP:TEXTBOOK.TESTBANKQUESTION |" name="And I check Auto-generate companion training" time="0"/>
  <testcase classname="| DP:SUPER.USERNAME | DP:SUPER.PASSWORD | DP:SECTIONS.SECTIONNAME | Y | N | SAM Assignments | Exams | DP:EXAMASSIGNMENTS.EXAMNAME1 | DP:TEXTBOOK.BOOK | DP:TEXTBOOK.CHAPTERS | DP:TEXTBOOK.TASKS | DP:TEXTBOOK.TESTBANKQUESTION |" name="And I click on Next Step button" time="0"/>
  <testcase classname="| DP:SUPER.USERNAME | DP:SUPER.PASSWORD | DP:SECTIONS.SECTIONNAME | Y | N | SAM Assignments | Exams | DP:EXAMASSIGNMENTS.EXAMNAME1 | DP:TEXTBOOK.BOOK | DP:TEXTBOOK.CHAPTERS | DP:TEXTBOOK.TASKS | DP:TEXTBOOK.TESTBANKQUESTION |" name="And I check DP:TEXTBOOK.BOOK in Select Textbooks page" time="0"/>
  <testcase classname="| DP:SUPER.USERNAME | DP:SUPER.PASSWORD | DP:SECTIONS.SECTIONNAME | Y | N | SAM Assignments | Exams | DP:EXAMASSIGNMENTS.EXAMNAME1 | DP:TEXTBOOK.BOOK | DP:TEXTBOOK.CHAPTERS | DP:TEXTBOOK.TASKS | DP:TEXTBOOK.TESTBANKQUESTION |" name="And I click on Next Step button" time="0"/>
  <testcase classname="| DP:SUPER.USERNAME | DP:SUPER.PASSWORD | DP:SECTIONS.SECTIONNAME | Y | N | SAM Assignments | Exams | DP:EXAMASSIGNMENTS.EXAMNAME1 | DP:TEXTBOOK.BOOK | DP:TEXTBOOK.CHAPTERS | DP:TEXTBOOK.TASKS | DP:TEXTBOOK.TESTBANKQUESTION |" name="And I check DP:TEXTBOOK.CHAPTERS in Select Chapters" time="0"/>
  <testcase classname="| DP:SUPER.USERNAME | DP:SUPER.PASSWORD | DP:SECTIONS.SECTIONNAME | Y | N | SAM Assignments | Exams | DP:EXAMASSIGNMENTS.EXAMNAME1 | DP:TEXTBOOK.BOOK | DP:TEXTBOOK.CHAPTERS | DP:TEXTBOOK.TASKS | DP:TEXTBOOK.TESTBANKQUESTION |" name="And I click on Next Step button" time="0"/>
  <testcase classname="| DP:SUPER.USERNAME | DP:SUPER.PASSWORD | DP:SECTIONS.SECTIONNAME | Y | N | SAM Assignments | Exams | DP:EXAMASSIGNMENTS.EXAMNAME1 | DP:TEXTBOOK.BOOK | DP:TEXTBOOK.CHAPTERS | DP:TEXTBOOK.TASKS | DP:TEXTBOOK.TESTBANKQUESTION |" name="And I check DP:TEXTBOOK.TASKS task" time="0"/>
  <testcase classname="| DP:SUPER.USERNAME | DP:SUPER.PASSWORD | DP:SECTIONS.SECTIONNAME | Y | N | SAM Assignments | Exams | DP:EXAMASSIGNMENTS.EXAMNAME1 | DP:TEXTBOOK.BOOK | DP:TEXTBOOK.CHAPTERS | DP:TEXTBOOK.TASKS | DP:TEXTBOOK.TESTBANKQUESTION |" name="And I click on Testbank Question" time="0"/>
  <testcase classname="| DP:SUPER.USERNAME | DP:SUPER.PASSWORD | DP:SECTIONS.SECTIONNAME | Y | N | SAM Assignments | Exams | DP:EXAMASSIGNMENTS.EXAMNAME1 | DP:TEXTBOOK.BOOK | DP:TEXTBOOK.CHAPTERS | DP:TEXTBOOK.TASKS | DP:TEXTBOOK.TESTBANKQUESTION |" name="And I check DP:TEXTBOOK.TESTBANKQUESTION in Testbank Question" time="0"/>
  <testcase classname="| DP:SUPER.USERNAME | DP:SUPER.PASSWORD | DP:SECTIONS.SECTIONNAME | Y | N | SAM Assignments | Exams | DP:EXAMASSIGNMENTS.EXAMNAME1 | DP:TEXTBOOK.BOOK | DP:TEXTBOOK.CHAPTERS | DP:TEXTBOOK.TASKS | DP:TEXTBOOK.TESTBANKQUESTION |" name="And I click on Save button" time="0"/>
  <testcase classname="| DP:SUPER.USERNAME | DP:SUPER.PASSWORD | DP:SECTIONS.SECTIONNAME | Y | N | SAM Assignments | Exams | DP:EXAMASSIGNMENTS.EXAMNAME1 | DP:TEXTBOOK.BOOK | DP:TEXTBOOK.CHAPTERS | DP:TEXTBOOK.TASKS | DP:TEXTBOOK.TESTBANKQUESTION |" name="And I click on Schedule button in pop-up" time="0"/>
  <testcase classname="| DP:SUPER.USERNAME | DP:SUPER.PASSWORD | DP:SECTIONS.SECTIONNAME | Y | N | SAM Assignments | Exams | DP:EXAMASSIGNMENTS.EXAMNAME1 | DP:TEXTBOOK.BOOK | DP:TEXTBOOK.CHAPTERS | DP:TEXTBOOK.TASKS | DP:TEXTBOOK.TESTBANKQUESTION |" name="And I click on section drop down" time="0"/>
  <testcase classname="| DP:SUPER.USERNAME | DP:SUPER.PASSWORD | DP:SECTIONS.SECTIONNAME | Y | N | SAM Assignments | Exams | DP:EXAMASSIGNMENTS.EXAMNAME1 | DP:TEXTBOOK.BOOK | DP:TEXTBOOK.CHAPTERS | DP:TEXTBOOK.TASKS | DP:TEXTBOOK.TESTBANKQUESTION |" name="And I check DP:SECTIONS.SECTIONNAME Y in Select section drop down" time="0"/>
  <testcase classname="| DP:SUPER.USERNAME | DP:SUPER.PASSWORD | DP:SECTIONS.SECTIONNAME | Y | N | SAM Assignments | Exams | DP:EXAMASSIGNMENTS.EXAMNAME1 | DP:TEXTBOOK.BOOK | DP:TEXTBOOK.CHAPTERS | DP:TEXTBOOK.TASKS | DP:TEXTBOOK.TESTBANKQUESTION |" name="And I click on section drop down" time="0"/>
  <testcase classname="| DP:SUPER.USERNAME | DP:SUPER.PASSWORD | DP:SECTIONS.SECTIONNAME | Y | N | SAM Assignments | Exams | DP:EXAMASSIGNMENTS.EXAMNAME1 | DP:TEXTBOOK.BOOK | DP:TEXTBOOK.CHAPTERS | DP:TEXTBOOK.TASKS | DP:TEXTBOOK.TESTBANKQUESTION |" name="When I click on Schedule button" time="0"/>
  <testcase classname="| DP:SUPER.USERNAME | DP:SUPER.PASSWORD | DP:SECTIONS.SECTIONNAME | Y | N | SAM Assignments | Exams | DP:EXAMASSIGNMENTS.EXAMNAME1 | DP:TEXTBOOK.BOOK | DP:TEXTBOOK.CHAPTERS | DP:TEXTBOOK.TASKS | DP:TEXTBOOK.TESTBANKQUESTION |" name="Then I click on X icon" time="0"/>
  <testcase classname="| DP:SUPER.USERNAME | DP:SUPER.PASSWORD | DP:SECTIONS.SECTIONNAME | Y | N | SAM Assignments | Exams | DP:EXAMASSIGNMENTS.EXAMNAME1 | DP:TEXTBOOK.BOOK | DP:TEXTBOOK.CHAPTERS | DP:TEXTBOOK.TASKS | DP:TEXTBOOK.TESTBANKQUESTION |" name="And I click on Logout button" time="0.001"/>
  <testcase classname="| DP:SUPER.USERNAME | DP:SUPER.PASSWORD | DP:SECTIONS.SECTIONNAME | Y | N | SAM Assignments | Exams | DP:EXAMASSIGNMENTS.EXAMNAME1 | DP:TEXTBOOK.BOOK | DP:TEXTBOOK.CHAPTERS | DP:TEXTBOOK.TASKS | DP:TEXTBOOK.TESTBANKQUESTION |" name="| DP:SUPER.USERNAME | DP:SUPER.PASSWORD | DP:SECTIONS.SECTIONNAME | Y | N | SAM Assignments | Exams | DP:EXAMASSIGNMENTS.EXAMNAME1 | DP:TEXTBOOK.BOOK | DP:TEXTBOOK.CHAPTERS | DP:TEXTBOOK.TASKS | DP:TEXTBOOK.TESTBANKQUESTION |" time="0.001"/>
  <testcase classname="| DP:SUPER.USERNAME | DP:SUPER.PASSWORD | DP:SECTIONS.SECTIONNAME | Y | N | SAM Assignments | Exams | DP:EXAMASSIGNMENTS.EXAMNAME2 | DP:TEXTBOOK.BOOK | DP:TEXTBOOK.CHAPTERS | DP:TEXTBOOK.TASKS | DP:TEXTBOOK.TESTBANKQUESTION |" name="Given As a user I see login page of LMS" time="0"/>
  <testcase classname="| DP:SUPER.USERNAME | DP:SUPER.PASSWORD | DP:SECTIONS.SECTIONNAME | Y | N | SAM Assignments | Exams | DP:EXAMASSIGNMENTS.EXAMNAME2 | DP:TEXTBOOK.BOOK | DP:TEXTBOOK.CHAPTERS | DP:TEXTBOOK.TASKS | DP:TEXTBOOK.TESTBANKQUESTION |" name="And I enter DP:SUPER.USERNAME N Username in LMS login page" time="0"/>
  <testcase classname="| DP:SUPER.USERNAME | DP:SUPER.PASSWORD | DP:SECTIONS.SECTIONNAME | Y | N | SAM Assignments | Exams | DP:EXAMASSIGNMENTS.EXAMNAME2 | DP:TEXTBOOK.BOOK | DP:TEXTBOOK.CHAPTERS | DP:TEXTBOOK.TASKS | DP:TEXTBOOK.TESTBANKQUESTION |" name="And I enter DP:SUPER.PASSWORD Password in LMS login page" time="0"/>
  <testcase classname="| DP:SUPER.USERNAME | DP:SUPER.PASSWORD | DP:SECTIONS.SECTIONNAME | Y | N | SAM Assignments | Exams | DP:EXAMASSIGNMENTS.EXAMNAME2 | DP:TEXTBOOK.BOOK | DP:TEXTBOOK.CHAPTERS | DP:TEXTBOOK.TASKS | DP:TEXTBOOK.TESTBANKQUESTION |" name="And I click on Log In button" time="0"/>
  <testcase classname="| DP:SUPER.USERNAME | DP:SUPER.PASSWORD | DP:SECTIONS.SECTIONNAME | Y | N | SAM Assignments | Exams | DP:EXAMASSIGNMENTS.EXAMNAME2 | DP:TEXTBOOK.BOOK | DP:TEXTBOOK.CHAPTERS | DP:TEXTBOOK.TASKS | DP:TEXTBOOK.TESTBANKQUESTION |" name="And I see home page of LMS" time="0"/>
  <testcase classname="| DP:SUPER.USERNAME | DP:SUPER.PASSWORD | DP:SECTIONS.SECTIONNAME | Y | N | SAM Assignments | Exams | DP:EXAMASSIGNMENTS.EXAMNAME2 | DP:TEXTBOOK.BOOK | DP:TEXTBOOK.CHAPTERS | DP:TEXTBOOK.TASKS | DP:TEXTBOOK.TESTBANKQUESTION |" name="And I click on SAM Assignments tab" time="0"/>
  <testcase classname="| DP:SUPER.USERNAME | DP:SUPER.PASSWORD | DP:SECTIONS.SECTIONNAME | Y | N | SAM Assignments | Exams | DP:EXAMASSIGNMENTS.EXAMNAME2 | DP:TEXTBOOK.BOOK | DP:TEXTBOOK.CHAPTERS | DP:TEXTBOOK.TASKS | DP:TEXTBOOK.TESTBANKQUESTION |" name="And I click on Exams tab" time="0"/>
  <testcase classname="| DP:SUPER.USERNAME | DP:SUPER.PASSWORD | DP:SECTIONS.SECTIONNAME | Y | N | SAM Assignments | Exams | DP:EXAMASSIGNMENTS.EXAMNAME2 | DP:TEXTBOOK.BOOK | DP:TEXTBOOK.CHAPTERS | DP:TEXTBOOK.TASKS | DP:TEXTBOOK.TESTBANKQUESTION |" name="And I click on Add Exam button" time="0"/>
  <testcase classname="| DP:SUPER.USERNAME | DP:SUPER.PASSWORD | DP:SECTIONS.SECTIONNAME | Y | N | SAM Assignments | Exams | DP:EXAMASSIGNMENTS.EXAMNAME2 | DP:TEXTBOOK.BOOK | DP:TEXTBOOK.CHAPTERS | DP:TEXTBOOK.TASKS | DP:TEXTBOOK.TESTBANKQUESTION |" name="And I enter DP:EXAMASSIGNMENTS.EXAMNAME2 Y in Exam Name" time="0"/>
  <testcase classname="| DP:SUPER.USERNAME | DP:SUPER.PASSWORD | DP:SECTIONS.SECTIONNAME | Y | N | SAM Assignments | Exams | DP:EXAMASSIGNMENTS.EXAMNAME2 | DP:TEXTBOOK.BOOK | DP:TEXTBOOK.CHAPTERS | DP:TEXTBOOK.TASKS | DP:TEXTBOOK.TESTBANKQUESTION |" name="And I check Auto-generate companion training" time="0"/>
  <testcase classname="| DP:SUPER.USERNAME | DP:SUPER.PASSWORD | DP:SECTIONS.SECTIONNAME | Y | N | SAM Assignments | Exams | DP:EXAMASSIGNMENTS.EXAMNAME2 | DP:TEXTBOOK.BOOK | DP:TEXTBOOK.CHAPTERS | DP:TEXTBOOK.TASKS | DP:TEXTBOOK.TESTBANKQUESTION |" name="And I click on Next Step button" time="0"/>
  <testcase classname="| DP:SUPER.USERNAME | DP:SUPER.PASSWORD | DP:SECTIONS.SECTIONNAME | Y | N | SAM Assignments | Exams | DP:EXAMASSIGNMENTS.EXAMNAME2 | DP:TEXTBOOK.BOOK | DP:TEXTBOOK.CHAPTERS | DP:TEXTBOOK.TASKS | DP:TEXTBOOK.TESTBANKQUESTION |" name="And I check DP:TEXTBOOK.BOOK in Select Textbooks page" time="0"/>
  <testcase classname="| DP:SUPER.USERNAME | DP:SUPER.PASSWORD | DP:SECTIONS.SECTIONNAME | Y | N | SAM Assignments | Exams | DP:EXAMASSIGNMENTS.EXAMNAME2 | DP:TEXTBOOK.BOOK | DP:TEXTBOOK.CHAPTERS | DP:TEXTBOOK.TASKS | DP:TEXTBOOK.TESTBANKQUESTION |" name="And I click on Next Step button" time="0"/>
  <testcase classname="| DP:SUPER.USERNAME | DP:SUPER.PASSWORD | DP:SECTIONS.SECTIONNAME | Y | N | SAM Assignments | Exams | DP:EXAMASSIGNMENTS.EXAMNAME2 | DP:TEXTBOOK.BOOK | DP:TEXTBOOK.CHAPTERS | DP:TEXTBOOK.TASKS | DP:TEXTBOOK.TESTBANKQUESTION |" name="And I check DP:TEXTBOOK.CHAPTERS in Select Chapters" time="0"/>
  <testcase classname="| DP:SUPER.USERNAME | DP:SUPER.PASSWORD | DP:SECTIONS.SECTIONNAME | Y | N | SAM Assignments | Exams | DP:EXAMASSIGNMENTS.EXAMNAME2 | DP:TEXTBOOK.BOOK | DP:TEXTBOOK.CHAPTERS | DP:TEXTBOOK.TASKS | DP:TEXTBOOK.TESTBANKQUESTION |" name="And I click on Next Step button" time="0"/>
  <testcase classname="| DP:SUPER.USERNAME | DP:SUPER.PASSWORD | DP:SECTIONS.SECTIONNAME | Y | N | SAM Assignments | Exams | DP:EXAMASSIGNMENTS.EXAMNAME2 | DP:TEXTBOOK.BOOK | DP:TEXTBOOK.CHAPTERS | DP:TEXTBOOK.TASKS | DP:TEXTBOOK.TESTBANKQUESTION |" name="And I check DP:TEXTBOOK.TASKS task" time="0"/>
  <testcase classname="| DP:SUPER.USERNAME | DP:SUPER.PASSWORD | DP:SECTIONS.SECTIONNAME | Y | N | SAM Assignments | Exams | DP:EXAMASSIGNMENTS.EXAMNAME2 | DP:TEXTBOOK.BOOK | DP:TEXTBOOK.CHAPTERS | DP:TEXTBOOK.TASKS | DP:TEXTBOOK.TESTBANKQUESTION |" name="And I click on Testbank Question" time="0"/>
  <testcase classname="| DP:SUPER.USERNAME | DP:SUPER.PASSWORD | DP:SECTIONS.SECTIONNAME | Y | N | SAM Assignments | Exams | DP:EXAMASSIGNMENTS.EXAMNAME2 | DP:TEXTBOOK.BOOK | DP:TEXTBOOK.CHAPTERS | DP:TEXTBOOK.TASKS | DP:TEXTBOOK.TESTBANKQUESTION |" name="And I check DP:TEXTBOOK.TESTBANKQUESTION in Testbank Question" time="0"/>
  <testcase classname="| DP:SUPER.USERNAME | DP:SUPER.PASSWORD | DP:SECTIONS.SECTIONNAME | Y | N | SAM Assignments | Exams | DP:EXAMASSIGNMENTS.EXAMNAME2 | DP:TEXTBOOK.BOOK | DP:TEXTBOOK.CHAPTERS | DP:TEXTBOOK.TASKS | DP:TEXTBOOK.TESTBANKQUESTION |" name="And I click on Save button" time="0"/>
  <testcase classname="| DP:SUPER.USERNAME | DP:SUPER.PASSWORD | DP:SECTIONS.SECTIONNAME | Y | N | SAM Assignments | Exams | DP:EXAMASSIGNMENTS.EXAMNAME2 | DP:TEXTBOOK.BOOK | DP:TEXTBOOK.CHAPTERS | DP:TEXTBOOK.TASKS | DP:TEXTBOOK.TESTBANKQUESTION |" name="And I click on Schedule button in pop-up" time="0"/>
  <testcase classname="| DP:SUPER.USERNAME | DP:SUPER.PASSWORD | DP:SECTIONS.SECTIONNAME | Y | N | SAM Assignments | Exams | DP:EXAMASSIGNMENTS.EXAMNAME2 | DP:TEXTBOOK.BOOK | DP:TEXTBOOK.CHAPTERS | DP:TEXTBOOK.TASKS | DP:TEXTBOOK.TESTBANKQUESTION |" name="And I click on section drop down" time="0"/>
  <testcase classname="| DP:SUPER.USERNAME | DP:SUPER.PASSWORD | DP:SECTIONS.SECTIONNAME | Y | N | SAM Assignments | Exams | DP:EXAMASSIGNMENTS.EXAMNAME2 | DP:TEXTBOOK.BOOK | DP:TEXTBOOK.CHAPTERS | DP:TEXTBOOK.TASKS | DP:TEXTBOOK.TESTBANKQUESTION |" name="And I check DP:SECTIONS.SECTIONNAME Y in Select section drop down" time="0"/>
  <testcase classname="| DP:SUPER.USERNAME | DP:SUPER.PASSWORD | DP:SECTIONS.SECTIONNAME | Y | N | SAM Assignments | Exams | DP:EXAMASSIGNMENTS.EXAMNAME2 | DP:TEXTBOOK.BOOK | DP:TEXTBOOK.CHAPTERS | DP:TEXTBOOK.TASKS | DP:TEXTBOOK.TESTBANKQUESTION |" name="And I click on section drop down" time="0"/>
  <testcase classname="| DP:SUPER.USERNAME | DP:SUPER.PASSWORD | DP:SECTIONS.SECTIONNAME | Y | N | SAM Assignments | Exams | DP:EXAMASSIGNMENTS.EXAMNAME2 | DP:TEXTBOOK.BOOK | DP:TEXTBOOK.CHAPTERS | DP:TEXTBOOK.TASKS | DP:TEXTBOOK.TESTBANKQUESTION |" name="When I click on Schedule button" time="0"/>
  <testcase classname="| DP:SUPER.USERNAME | DP:SUPER.PASSWORD | DP:SECTIONS.SECTIONNAME | Y | N | SAM Assignments | Exams | DP:EXAMASSIGNMENTS.EXAMNAME2 | DP:TEXTBOOK.BOOK | DP:TEXTBOOK.CHAPTERS | DP:TEXTBOOK.TASKS | DP:TEXTBOOK.TESTBANKQUESTION |" name="Then I click on X icon" time="0"/>
  <testcase classname="| DP:SUPER.USERNAME | DP:SUPER.PASSWORD | DP:SECTIONS.SECTIONNAME | Y | N | SAM Assignments | Exams | DP:EXAMASSIGNMENTS.EXAMNAME2 | DP:TEXTBOOK.BOOK | DP:TEXTBOOK.CHAPTERS | DP:TEXTBOOK.TASKS | DP:TEXTBOOK.TESTBANKQUESTION |" name="And I click on Logout button" time="0"/>
  <testcase classname="| DP:SUPER.USERNAME | DP:SUPER.PASSWORD | DP:SECTIONS.SECTIONNAME | Y | N | SAM Assignments | Exams | DP:EXAMASSIGNMENTS.EXAMNAME2 | DP:TEXTBOOK.BOOK | DP:TEXTBOOK.CHAPTERS | DP:TEXTBOOK.TASKS | DP:TEXTBOOK.TESTBANKQUESTION |" name="| DP:SUPER.USERNAME | DP:SUPER.PASSWORD | DP:SECTIONS.SECTIONNAME | Y | N | SAM Assignments | Exams | DP:EXAMASSIGNMENTS.EXAMNAME2 | DP:TEXTBOOK.BOOK | DP:TEXTBOOK.CHAPTERS | DP:TEXTBOOK.TASKS | DP:TEXTBOOK.TESTBANKQUESTION |" time="0.002"/>
  <testcase classname="| DP:SUPER.USERNAME | DP:SUPER.PASSWORD | DP:SECTIONS.SECTIONNAME | DP:TRAININGASSIGNMENTS.TRAININGNAME1 | DP:TEXTBOOK.BOOK | DP:ASSIGNMENTS.TRAININGAPPLICATION1TASK1 | SAM Assignments | Training | Y | N | DP:TEXTBOOK.CHAPTERS |" name="Given As a user I see login page of LMS" time="0"/>
  <testcase classname="| DP:SUPER.USERNAME | DP:SUPER.PASSWORD | DP:SECTIONS.SECTIONNAME | DP:TRAININGASSIGNMENTS.TRAININGNAME1 | DP:TEXTBOOK.BOOK | DP:ASSIGNMENTS.TRAININGAPPLICATION1TASK1 | SAM Assignments | Training | Y | N | DP:TEXTBOOK.CHAPTERS |" name="And I enter DP:SUPER.USERNAME N Username in LMS login page" time="0"/>
  <testcase classname="| DP:SUPER.USERNAME | DP:SUPER.PASSWORD | DP:SECTIONS.SECTIONNAME | DP:TRAININGASSIGNMENTS.TRAININGNAME1 | DP:TEXTBOOK.BOOK | DP:ASSIGNMENTS.TRAININGAPPLICATION1TASK1 | SAM Assignments | Training | Y | N | DP:TEXTBOOK.CHAPTERS |" name="And I enter DP:SUPER.PASSWORD Password in LMS login page" time="0"/>
  <testcase classname="| DP:SUPER.USERNAME | DP:SUPER.PASSWORD | DP:SECTIONS.SECTIONNAME | DP:TRAININGASSIGNMENTS.TRAININGNAME1 | DP:TEXTBOOK.BOOK | DP:ASSIGNMENTS.TRAININGAPPLICATION1TASK1 | SAM Assignments | Training | Y | N | DP:TEXTBOOK.CHAPTERS |" name="And I click on Log In button" time="0"/>
  <testcase classname="| DP:SUPER.USERNAME | DP:SUPER.PASSWORD | DP:SECTIONS.SECTIONNAME | DP:TRAININGASSIGNMENTS.TRAININGNAME1 | DP:TEXTBOOK.BOOK | DP:ASSIGNMENTS.TRAININGAPPLICATION1TASK1 | SAM Assignments | Training | Y | N | DP:TEXTBOOK.CHAPTERS |" name="And I see home page of LMS" time="0"/>
  <testcase classname="| DP:SUPER.USERNAME | DP:SUPER.PASSWORD | DP:SECTIONS.SECTIONNAME | DP:TRAININGASSIGNMENTS.TRAININGNAME1 | DP:TEXTBOOK.BOOK | DP:ASSIGNMENTS.TRAININGAPPLICATION1TASK1 | SAM Assignments | Training | Y | N | DP:TEXTBOOK.CHAPTERS |" name="And I click on SAM Assignments tab" time="0"/>
  <testcase classname="| DP:SUPER.USERNAME | DP:SUPER.PASSWORD | DP:SECTIONS.SECTIONNAME | DP:TRAININGASSIGNMENTS.TRAININGNAME1 | DP:TEXTBOOK.BOOK | DP:ASSIGNMENTS.TRAININGAPPLICATION1TASK1 | SAM Assignments | Training | Y | N | DP:TEXTBOOK.CHAPTERS |" name="And I click on Training tab" time="0"/>
  <testcase classname="| DP:SUPER.USERNAME | DP:SUPER.PASSWORD | DP:SECTIONS.SECTIONNAME | DP:TRAININGASSIGNMENTS.TRAININGNAME1 | DP:TEXTBOOK.BOOK | DP:ASSIGNMENTS.TRAININGAPPLICATION1TASK1 | SAM Assignments | Training | Y | N | DP:TEXTBOOK.CHAPTERS |" name="And I click on Add Training button" time="0"/>
  <testcase classname="| DP:SUPER.USERNAME | DP:SUPER.PASSWORD | DP:SECTIONS.SECTIONNAME | DP:TRAININGASSIGNMENTS.TRAININGNAME1 | DP:TEXTBOOK.BOOK | DP:ASSIGNMENTS.TRAININGAPPLICATION1TASK1 | SAM Assignments | Training | Y | N | DP:TEXTBOOK.CHAPTERS |" name="And I enter DP:TRAININGASSIGNMENTS.TRAININGNAME1 Y in Training Name" time="0"/>
  <testcase classname="| DP:SUPER.USERNAME | DP:SUPER.PASSWORD | DP:SECTIONS.SECTIONNAME | DP:TRAININGASSIGNMENTS.TRAININGNAME1 | DP:TEXTBOOK.BOOK | DP:ASSIGNMENTS.TRAININGAPPLICATION1TASK1 | SAM Assignments | Training | Y | N | DP:TEXTBOOK.CHAPTERS |" name="And I check on Auto-generate companion exam" time="0"/>
  <testcase classname="| DP:SUPER.USERNAME | DP:SUPER.PASSWORD | DP:SECTIONS.SECTIONNAME | DP:TRAININGASSIGNMENTS.TRAININGNAME1 | DP:TEXTBOOK.BOOK | DP:ASSIGNMENTS.TRAININGAPPLICATION1TASK1 | SAM Assignments | Training | Y | N | DP:TEXTBOOK.CHAPTERS |" name="And I click on Next Step button" time="0"/>
  <testcase classname="| DP:SUPER.USERNAME | DP:SUPER.PASSWORD | DP:SECTIONS.SECTIONNAME | DP:TRAININGASSIGNMENTS.TRAININGNAME1 | DP:TEXTBOOK.BOOK | DP:ASSIGNMENTS.TRAININGAPPLICATION1TASK1 | SAM Assignments | Training | Y | N | DP:TEXTBOOK.CHAPTERS |" name="And I check on Make all SAM Tasks available" time="0"/>
  <testcase classname="| DP:SUPER.USERNAME | DP:SUPER.PASSWORD | DP:SECTIONS.SECTIONNAME | DP:TRAININGASSIGNMENTS.TRAININGNAME1 | DP:TEXTBOOK.BOOK | DP:ASSIGNMENTS.TRAININGAPPLICATION1TASK1 | SAM Assignments | Training | Y | N | DP:TEXTBOOK.CHAPTERS |" name="And I check DP:TEXTBOOK.BOOK in Select Textbooks page" time="0"/>
  <testcase classname="| DP:SUPER.USERNAME | DP:SUPER.PASSWORD | DP:SECTIONS.SECTIONNAME | DP:TRAININGASSIGNMENTS.TRAININGNAME1 | DP:TEXTBOOK.BOOK | DP:ASSIGNMENTS.TRAININGAPPLICATION1TASK1 | SAM Assignments | Training | Y | N | DP:TEXTBOOK.CHAPTERS |" name="And I click on Next Step button" time="0"/>
  <testcase classname="| DP:SUPER.USERNAME | DP:SUPER.PASSWORD | DP:SECTIONS.SECTIONNAME | DP:TRAININGASSIGNMENTS.TRAININGNAME1 | DP:TEXTBOOK.BOOK | DP:ASSIGNMENTS.TRAININGAPPLICATION1TASK1 | SAM Assignments | Training | Y | N | DP:TEXTBOOK.CHAPTERS |" name="And I check DP:TEXTBOOK.CHAPTERS in Select Chapters" time="0"/>
  <testcase classname="| DP:SUPER.USERNAME | DP:SUPER.PASSWORD | DP:SECTIONS.SECTIONNAME | DP:TRAININGASSIGNMENTS.TRAININGNAME1 | DP:TEXTBOOK.BOOK | DP:ASSIGNMENTS.TRAININGAPPLICATION1TASK1 | SAM Assignments | Training | Y | N | DP:TEXTBOOK.CHAPTERS |" name="And I click on Next Step button" time="0"/>
  <testcase classname="| DP:SUPER.USERNAME | DP:SUPER.PASSWORD | DP:SECTIONS.SECTIONNAME | DP:TRAININGASSIGNMENTS.TRAININGNAME1 | DP:TEXTBOOK.BOOK | DP:ASSIGNMENTS.TRAININGAPPLICATION1TASK1 | SAM Assignments | Training | Y | N | DP:TEXTBOOK.CHAPTERS |" name="And I check DP:ASSIGNMENTS.TRAININGAPPLICATION1TASK1 task" time="0"/>
  <testcase classname="| DP:SUPER.USERNAME | DP:SUPER.PASSWORD | DP:SECTIONS.SECTIONNAME | DP:TRAININGASSIGNMENTS.TRAININGNAME1 | DP:TEXTBOOK.BOOK | DP:ASSIGNMENTS.TRAININGAPPLICATION1TASK1 | SAM Assignments | Training | Y | N | DP:TEXTBOOK.CHAPTERS |" name="And I click on Save button" time="0"/>
  <testcase classname="| DP:SUPER.USERNAME | DP:SUPER.PASSWORD | DP:SECTIONS.SECTIONNAME | DP:TRAININGASSIGNMENTS.TRAININGNAME1 | DP:TEXTBOOK.BOOK | DP:ASSIGNMENTS.TRAININGAPPLICATION1TASK1 | SAM Assignments | Training | Y | N | DP:TEXTBOOK.CHAPTERS |" name="And I click on Schedule button in pop-up" time="0"/>
  <testcase classname="| DP:SUPER.USERNAME | DP:SUPER.PASSWORD | DP:SECTIONS.SECTIONNAME | DP:TRAININGASSIGNMENTS.TRAININGNAME1 | DP:TEXTBOOK.BOOK | DP:ASSIGNMENTS.TRAININGAPPLICATION1TASK1 | SAM Assignments | Training | Y | N | DP:TEXTBOOK.CHAPTERS |" name="When I click on section drop down" time="0"/>
  <testcase classname="| DP:SUPER.USERNAME | DP:SUPER.PASSWORD | DP:SECTIONS.SECTIONNAME | DP:TRAININGASSIGNMENTS.TRAININGNAME1 | DP:TEXTBOOK.BOOK | DP:ASSIGNMENTS.TRAININGAPPLICATION1TASK1 | SAM Assignments | Training | Y | N | DP:TEXTBOOK.CHAPTERS |" name="Then I check DP:SECTIONS.SECTIONNAME Y in Select section drop down" time="0"/>
  <testcase classname="| DP:SUPER.USERNAME | DP:SUPER.PASSWORD | DP:SECTIONS.SECTIONNAME | DP:TRAININGASSIGNMENTS.TRAININGNAME1 | DP:TEXTBOOK.BOOK | DP:ASSIGNMENTS.TRAININGAPPLICATION1TASK1 | SAM Assignments | Training | Y | N | DP:TEXTBOOK.CHAPTERS |" name="And I click on section drop down" time="0"/>
  <testcase classname="| DP:SUPER.USERNAME | DP:SUPER.PASSWORD | DP:SECTIONS.SECTIONNAME | DP:TRAININGASSIGNMENTS.TRAININGNAME1 | DP:TEXTBOOK.BOOK | DP:ASSIGNMENTS.TRAININGAPPLICATION1TASK1 | SAM Assignments | Training | Y | N | DP:TEXTBOOK.CHAPTERS |" name="And I click on Schedule button" time="0"/>
  <testcase classname="| DP:SUPER.USERNAME | DP:SUPER.PASSWORD | DP:SECTIONS.SECTIONNAME | DP:TRAININGASSIGNMENTS.TRAININGNAME1 | DP:TEXTBOOK.BOOK | DP:ASSIGNMENTS.TRAININGAPPLICATION1TASK1 | SAM Assignments | Training | Y | N | DP:TEXTBOOK.CHAPTERS |" name="And I click on X icon" time="0"/>
  <testcase classname="| DP:SUPER.USERNAME | DP:SUPER.PASSWORD | DP:SECTIONS.SECTIONNAME | DP:TRAININGASSIGNMENTS.TRAININGNAME1 | DP:TEXTBOOK.BOOK | DP:ASSIGNMENTS.TRAININGAPPLICATION1TASK1 | SAM Assignments | Training | Y | N | DP:TEXTBOOK.CHAPTERS |" name="And I click on Logout button" time="0"/>
  <testcase classname="| DP:SUPER.USERNAME | DP:SUPER.PASSWORD | DP:SECTIONS.SECTIONNAME | DP:TRAININGASSIGNMENTS.TRAININGNAME1 | DP:TEXTBOOK.BOOK | DP:ASSIGNMENTS.TRAININGAPPLICATION1TASK1 | SAM Assignments | Training | Y | N | DP:TEXTBOOK.CHAPTERS |" name="| DP:SUPER.USERNAME | DP:SUPER.PASSWORD | DP:SECTIONS.SECTIONNAME | DP:TRAININGASSIGNMENTS.TRAININGNAME1 | DP:TEXTBOOK.BOOK | DP:ASSIGNMENTS.TRAININGAPPLICATION1TASK1 | SAM Assignments | Training | Y | N | DP:TEXTBOOK.CHAPTERS |" time="0"/>
  <testcase classname="| DP:SUPER.USERNAME | DP:SUPER.PASSWORD | DP:SECTIONS.SECTIONNAME | DP:TRAININGASSIGNMENTS.TRAININGNAME2 | DP:TEXTBOOK.BOOK | DP:ASSIGNMENTS.TRAININGAPPLICATION1TASK1 | SAM Assignments | Training | Y | N | DP:TEXTBOOK.CHAPTERS |" name="Given As a user I see login page of LMS" time="0"/>
  <testcase classname="| DP:SUPER.USERNAME | DP:SUPER.PASSWORD | DP:SECTIONS.SECTIONNAME | DP:TRAININGASSIGNMENTS.TRAININGNAME2 | DP:TEXTBOOK.BOOK | DP:ASSIGNMENTS.TRAININGAPPLICATION1TASK1 | SAM Assignments | Training | Y | N | DP:TEXTBOOK.CHAPTERS |" name="And I enter DP:SUPER.USERNAME N Username in LMS login page" time="0"/>
  <testcase classname="| DP:SUPER.USERNAME | DP:SUPER.PASSWORD | DP:SECTIONS.SECTIONNAME | DP:TRAININGASSIGNMENTS.TRAININGNAME2 | DP:TEXTBOOK.BOOK | DP:ASSIGNMENTS.TRAININGAPPLICATION1TASK1 | SAM Assignments | Training | Y | N | DP:TEXTBOOK.CHAPTERS |" name="And I enter DP:SUPER.PASSWORD Password in LMS login page" time="0"/>
  <testcase classname="| DP:SUPER.USERNAME | DP:SUPER.PASSWORD | DP:SECTIONS.SECTIONNAME | DP:TRAININGASSIGNMENTS.TRAININGNAME2 | DP:TEXTBOOK.BOOK | DP:ASSIGNMENTS.TRAININGAPPLICATION1TASK1 | SAM Assignments | Training | Y | N | DP:TEXTBOOK.CHAPTERS |" name="And I click on Log In button" time="0"/>
  <testcase classname="| DP:SUPER.USERNAME | DP:SUPER.PASSWORD | DP:SECTIONS.SECTIONNAME | DP:TRAININGASSIGNMENTS.TRAININGNAME2 | DP:TEXTBOOK.BOOK | DP:ASSIGNMENTS.TRAININGAPPLICATION1TASK1 | SAM Assignments | Training | Y | N | DP:TEXTBOOK.CHAPTERS |" name="And I see home page of LMS" time="0"/>
  <testcase classname="| DP:SUPER.USERNAME | DP:SUPER.PASSWORD | DP:SECTIONS.SECTIONNAME | DP:TRAININGASSIGNMENTS.TRAININGNAME2 | DP:TEXTBOOK.BOOK | DP:ASSIGNMENTS.TRAININGAPPLICATION1TASK1 | SAM Assignments | Training | Y | N | DP:TEXTBOOK.CHAPTERS |" name="And I click on SAM Assignments tab" time="0"/>
  <testcase classname="| DP:SUPER.USERNAME | DP:SUPER.PASSWORD | DP:SECTIONS.SECTIONNAME | DP:TRAININGASSIGNMENTS.TRAININGNAME2 | DP:TEXTBOOK.BOOK | DP:ASSIGNMENTS.TRAININGAPPLICATION1TASK1 | SAM Assignments | Training | Y | N | DP:TEXTBOOK.CHAPTERS |" name="And I click on Training tab" time="0"/>
  <testcase classname="| DP:SUPER.USERNAME | DP:SUPER.PASSWORD | DP:SECTIONS.SECTIONNAME | DP:TRAININGASSIGNMENTS.TRAININGNAME2 | DP:TEXTBOOK.BOOK | DP:ASSIGNMENTS.TRAININGAPPLICATION1TASK1 | SAM Assignments | Training | Y | N | DP:TEXTBOOK.CHAPTERS |" name="And I click on Add Training button" time="0"/>
  <testcase classname="| DP:SUPER.USERNAME | DP:SUPER.PASSWORD | DP:SECTIONS.SECTIONNAME | DP:TRAININGASSIGNMENTS.TRAININGNAME2 | DP:TEXTBOOK.BOOK | DP:ASSIGNMENTS.TRAININGAPPLICATION1TASK1 | SAM Assignments | Training | Y | N | DP:TEXTBOOK.CHAPTERS |" name="And I enter DP:TRAININGASSIGNMENTS.TRAININGNAME2 Y in Training Name" time="0"/>
  <testcase classname="| DP:SUPER.USERNAME | DP:SUPER.PASSWORD | DP:SECTIONS.SECTIONNAME | DP:TRAININGASSIGNMENTS.TRAININGNAME2 | DP:TEXTBOOK.BOOK | DP:ASSIGNMENTS.TRAININGAPPLICATION1TASK1 | SAM Assignments | Training | Y | N | DP:TEXTBOOK.CHAPTERS |" name="And I check on Auto-generate companion exam" time="0"/>
  <testcase classname="| DP:SUPER.USERNAME | DP:SUPER.PASSWORD | DP:SECTIONS.SECTIONNAME | DP:TRAININGASSIGNMENTS.TRAININGNAME2 | DP:TEXTBOOK.BOOK | DP:ASSIGNMENTS.TRAININGAPPLICATION1TASK1 | SAM Assignments | Training | Y | N | DP:TEXTBOOK.CHAPTERS |" name="And I click on Next Step button" time="0"/>
  <testcase classname="| DP:SUPER.USERNAME | DP:SUPER.PASSWORD | DP:SECTIONS.SECTIONNAME | DP:TRAININGASSIGNMENTS.TRAININGNAME2 | DP:TEXTBOOK.BOOK | DP:ASSIGNMENTS.TRAININGAPPLICATION1TASK1 | SAM Assignments | Training | Y | N | DP:TEXTBOOK.CHAPTERS |" name="And I check on Make all SAM Tasks available" time="0"/>
  <testcase classname="| DP:SUPER.USERNAME | DP:SUPER.PASSWORD | DP:SECTIONS.SECTIONNAME | DP:TRAININGASSIGNMENTS.TRAININGNAME2 | DP:TEXTBOOK.BOOK | DP:ASSIGNMENTS.TRAININGAPPLICATION1TASK1 | SAM Assignments | Training | Y | N | DP:TEXTBOOK.CHAPTERS |" name="And I check DP:TEXTBOOK.BOOK in Select Textbooks page" time="0"/>
  <testcase classname="| DP:SUPER.USERNAME | DP:SUPER.PASSWORD | DP:SECTIONS.SECTIONNAME | DP:TRAININGASSIGNMENTS.TRAININGNAME2 | DP:TEXTBOOK.BOOK | DP:ASSIGNMENTS.TRAININGAPPLICATION1TASK1 | SAM Assignments | Training | Y | N | DP:TEXTBOOK.CHAPTERS |" name="And I click on Next Step button" time="0"/>
  <testcase classname="| DP:SUPER.USERNAME | DP:SUPER.PASSWORD | DP:SECTIONS.SECTIONNAME | DP:TRAININGASSIGNMENTS.TRAININGNAME2 | DP:TEXTBOOK.BOOK | DP:ASSIGNMENTS.TRAININGAPPLICATION1TASK1 | SAM Assignments | Training | Y | N | DP:TEXTBOOK.CHAPTERS |" name="And I check DP:TEXTBOOK.CHAPTERS in Select Chapters" time="0"/>
[...]
  <testcase classname="| DP:SUPER.USERNAME | DP:SUPER.PASSWORD | DP:PROJECTASSIGNMENTS.PROJECTSUBJECT | DP:EXAMASSIGNMENTS.EXAMNAME2 | DP:SECTIONS.SECTIONNAME | CMPTR PowerPoint 2013 Chapter 20: SAM Project 1a | DP:TEXTBOOK.BOOK | DP:PROJECTASSIGNMENTS.PROJECTUNITS | DP:SAMPATHASSIGNMENTS.SAMPATHSUBJECT | SAM Assignments | Exams | Projects | Trainings | DP:SAMPATHASSIGNMENTS.SAMPATHNAME | SAM Paths | Y | N | Admin | SAM Assignments | Purge | DP:EXAMASSIGNMENTS.EXAMNAME1 | DP:TRAININGASSIGNMENTS.TRAININGNAME1 | DP:PROJECTASSIGNMENTS.PROJECTASSIGNMENTNAME1 | DP:TRAININGASSIGNMENTS.TRAININGNAME2 |" name="And I click on X icon" time="0"/>
  <testcase classname="| DP:SUPER.USERNAME | DP:SUPER.PASSWORD | DP:PROJECTASSIGNMENTS.PROJECTSUBJECT | DP:EXAMASSIGNMENTS.EXAMNAME2 | DP:SECTIONS.SECTIONNAME | CMPTR PowerPoint 2013 Chapter 20: SAM Project 1a | DP:TEXTBOOK.BOOK | DP:PROJECTASSIGNMENTS.PROJECTUNITS | DP:SAMPATHASSIGNMENTS.SAMPATHSUBJECT | SAM Assignments | Exams | Projects | Trainings | DP:SAMPATHASSIGNMENTS.SAMPATHNAME | SAM Paths | Y | N | Admin | SAM Assignments | Purge | DP:EXAMASSIGNMENTS.EXAMNAME1 | DP:TRAININGASSIGNMENTS.TRAININGNAME1 | DP:PROJECTASSIGNMENTS.PROJECTASSIGNMENTNAME1 | DP:TRAININGASSIGNMENTS.TRAININGNAME2 |" name="And I click on SAM Assignments tab" time="0"/>
  <testcase classname="| DP:SUPER.USERNAME | DP:SUPER.PASSWORD | DP:PROJECTASSIGNMENTS.PROJECTSUBJECT | DP:EXAMASSIGNMENTS.EXAMNAME2 | DP:SECTIONS.SECTIONNAME | CMPTR PowerPoint 2013 Chapter 20: SAM Project 1a | DP:TEXTBOOK.BOOK | DP:PROJECTASSIGNMENTS.PROJECTUNITS | DP:SAMPATHASSIGNMENTS.SAMPATHSUBJECT | SAM Assignments | Exams | Projects | Trainings | DP:SAMPATHASSIGNMENTS.SAMPATHNAME | SAM Paths | Y | N | Admin | SAM Assignments | Purge | DP:EXAMASSIGNMENTS.EXAMNAME1 | DP:TRAININGASSIGNMENTS.TRAININGNAME1 | DP:PROJECTASSIGNMENTS.PROJECTASSIGNMENTNAME1 | DP:TRAININGASSIGNMENTS.TRAININGNAME2 |" name="And I click on Schedule New button" time="0"/>
  <testcase classname="| DP:SUPER.USERNAME | DP:SUPER.PASSWORD | DP:PROJECTASSIGNMENTS.PROJECTSUBJECT | DP:EXAMASSIGNMENTS.EXAMNAME2 | DP:SECTIONS.SECTIONNAME | CMPTR PowerPoint 2013 Chapter 20: SAM Project 1a | DP:TEXTBOOK.BOOK | DP:PROJECTASSIGNMENTS.PROJECTUNITS | DP:SAMPATHASSIGNMENTS.SAMPATHSUBJECT | SAM Assignments | Exams | Projects | Trainings | DP:SAMPATHASSIGNMENTS.SAMPATHNAME | SAM Paths | Y | N | Admin | SAM Assignments | Purge | DP:EXAMASSIGNMENTS.EXAMNAME1 | DP:TRAININGASSIGNMENTS.TRAININGNAME1 | DP:PROJECTASSIGNMENTS.PROJECTASSIGNMENTNAME1 | DP:TRAININGASSIGNMENTS.TRAININGNAME2 |" name="And I click on Project button in Select Assignment Type page" time="0"/>
  <testcase classname="| DP:SUPER.USERNAME | DP:SUPER.PASSWORD | DP:PROJECTASSIGNMENTS.PROJECTSUBJECT | DP:EXAMASSIGNMENTS.EXAMNAME2 | DP:SECTIONS.SECTIONNAME | CMPTR PowerPoint 2013 Chapter 20: SAM Project 1a | DP:TEXTBOOK.BOOK | DP:PROJECTASSIGNMENTS.PROJECTUNITS | DP:SAMPATHASSIGNMENTS.SAMPATHSUBJECT | SAM Assignments | Exams | Projects | Trainings | DP:SAMPATHASSIGNMENTS.SAMPATHNAME | SAM Paths | Y | N | Admin | SAM Assignments | Purge | DP:EXAMASSIGNMENTS.EXAMNAME1 | DP:TRAININGASSIGNMENTS.TRAININGNAME1 | DP:PROJECTASSIGNMENTS.PROJECTASSIGNMENTNAME1 | DP:TRAININGASSIGNMENTS.TRAININGNAME2 |" name="And I select DP:TEXTBOOK.BOOK in Textbook drop down" time="0"/>
  <testcase classname="| DP:SUPER.USERNAME | DP:SUPER.PASSWORD | DP:PROJECTASSIGNMENTS.PROJECTSUBJECT | DP:EXAMASSIGNMENTS.EXAMNAME2 | DP:SECTIONS.SECTIONNAME | CMPTR PowerPoint 2013 Chapter 20: SAM Project 1a | DP:TEXTBOOK.BOOK | DP:PROJECTASSIGNMENTS.PROJECTUNITS | DP:SAMPATHASSIGNMENTS.SAMPATHSUBJECT | SAM Assignments | Exams | Projects | Trainings | DP:SAMPATHASSIGNMENTS.SAMPATHNAME | SAM Paths | Y | N | Admin | SAM Assignments | Purge | DP:EXAMASSIGNMENTS.EXAMNAME1 | DP:TRAININGASSIGNMENTS.TRAININGNAME1 | DP:PROJECTASSIGNMENTS.PROJECTASSIGNMENTNAME1 | DP:TRAININGASSIGNMENTS.TRAININGNAME2 |" name="And I select DP:PROJECTASSIGNMENTS.PROJECTUNITS in Unit drop down" time="0"/>
  <testcase classname="| DP:SUPER.USERNAME | DP:SUPER.PASSWORD | DP:PROJECTASSIGNMENTS.PROJECTSUBJECT | DP:EXAMASSIGNMENTS.EXAMNAME2 | DP:SECTIONS.SECTIONNAME | CMPTR PowerPoint 2013 Chapter 20: SAM Project 1a | DP:TEXTBOOK.BOOK | DP:PROJECTASSIGNMENTS.PROJECTUNITS | DP:SAMPATHASSIGNMENTS.SAMPATHSUBJECT | SAM Assignments | Exams | Projects | Trainings | DP:SAMPATHASSIGNMENTS.SAMPATHNAME | SAM Paths | Y | N | Admin | SAM Assignments | Purge | DP:EXAMASSIGNMENTS.EXAMNAME1 | DP:TRAININGASSIGNMENTS.TRAININGNAME1 | DP:PROJECTASSIGNMENTS.PROJECTASSIGNMENTNAME1 | DP:TRAININGASSIGNMENTS.TRAININGNAME2 |" name="And I select DP:PROJECTASSIGNMENTS.PROJECTSUBJECT in Subject drop down" time="0"/>
  <testcase classname="| DP:SUPER.USERNAME | DP:SUPER.PASSWORD | DP:PROJECTASSIGNMENTS.PROJECTSUBJECT | DP:EXAMASSIGNMENTS.EXAMNAME2 | DP:SECTIONS.SECTIONNAME | CMPTR PowerPoint 2013 Chapter 20: SAM Project 1a | DP:TEXTBOOK.BOOK | DP:PROJECTASSIGNMENTS.PROJECTUNITS | DP:SAMPATHASSIGNMENTS.SAMPATHSUBJECT | SAM Assignments | Exams | Projects | Trainings | DP:SAMPATHASSIGNMENTS.SAMPATHNAME | SAM Paths | Y | N | Admin | SAM Assignments | Purge | DP:EXAMASSIGNMENTS.EXAMNAME1 | DP:TRAININGASSIGNMENTS.TRAININGNAME1 | DP:PROJECTASSIGNMENTS.PROJECTASSIGNMENTNAME1 | DP:TRAININGASSIGNMENTS.TRAININGNAME2 |" name="And I select CMPTR PowerPoint 2013 Chapter 20: SAM Project 1a N in Exam Name" time="0"/>
  <testcase classname="| DP:SUPER.USERNAME | DP:SUPER.PASSWORD | DP:PROJECTASSIGNMENTS.PROJECTSUBJECT | DP:EXAMASSIGNMENTS.EXAMNAME2 | DP:SECTIONS.SECTIONNAME | CMPTR PowerPoint 2013 Chapter 20: SAM Project 1a | DP:TEXTBOOK.BOOK | DP:PROJECTASSIGNMENTS.PROJECTUNITS | DP:SAMPATHASSIGNMENTS.SAMPATHSUBJECT | SAM Assignments | Exams | Projects | Trainings | DP:SAMPATHASSIGNMENTS.SAMPATHNAME | SAM Paths | Y | N | Admin | SAM Assignments | Purge | DP:EXAMASSIGNMENTS.EXAMNAME1 | DP:TRAININGASSIGNMENTS.TRAININGNAME1 | DP:PROJECTASSIGNMENTS.PROJECTASSIGNMENTNAME1 | DP:TRAININGASSIGNMENTS.TRAININGNAME2 |" name="And I click on Next Step button" time="0"/>
  <testcase classname="| DP:SUPER.USERNAME | DP:SUPER.PASSWORD | DP:PROJECTASSIGNMENTS.PROJECTSUBJECT | DP:EXAMASSIGNMENTS.EXAMNAME2 | DP:SECTIONS.SECTIONNAME | CMPTR PowerPoint 2013 Chapter 20: SAM Project 1a | DP:TEXTBOOK.BOOK | DP:PROJECTASSIGNMENTS.PROJECTUNITS | DP:SAMPATHASSIGNMENTS.SAMPATHSUBJECT | SAM Assignments | Exams | Projects | Trainings | DP:SAMPATHASSIGNMENTS.SAMPATHNAME | SAM Paths | Y | N | Admin | SAM Assignments | Purge | DP:EXAMASSIGNMENTS.EXAMNAME1 | DP:TRAININGASSIGNMENTS.TRAININGNAME1 | DP:PROJECTASSIGNMENTS.PROJECTASSIGNMENTNAME1 | DP:TRAININGASSIGNMENTS.TRAININGNAME2 |" name="And I enter DP:PROJECTASSIGNMENTS.PROJECTASSIGNMENTNAME1 Y in Assignment Name" time="0"/>
  <testcase classname="| DP:SUPER.USERNAME | DP:SUPER.PASSWORD | DP:PROJECTASSIGNMENTS.PROJECTSUBJECT | DP:EXAMASSIGNMENTS.EXAMNAME2 | DP:SECTIONS.SECTIONNAME | CMPTR PowerPoint 2013 Chapter 20: SAM Project 1a | DP:TEXTBOOK.BOOK | DP:PROJECTASSIGNMENTS.PROJECTUNITS | DP:SAMPATHASSIGNMENTS.SAMPATHSUBJECT | SAM Assignments | Exams | Projects | Trainings | DP:SAMPATHASSIGNMENTS.SAMPATHNAME | SAM Paths | Y | N | Admin | SAM Assignments | Purge | DP:EXAMASSIGNMENTS.EXAMNAME1 | DP:TRAININGASSIGNMENTS.TRAININGNAME1 | DP:PROJECTASSIGNMENTS.PROJECTASSIGNMENTNAME1 | DP:TRAININGASSIGNMENTS.TRAININGNAME2 |" name="And I click on section drop down" time="0"/>
  <testcase classname="| DP:SUPER.USERNAME | DP:SUPER.PASSWORD | DP:PROJECTASSIGNMENTS.PROJECTSUBJECT | DP:EXAMASSIGNMENTS.EXAMNAME2 | DP:SECTIONS.SECTIONNAME | CMPTR PowerPoint 2013 Chapter 20: SAM Project 1a | DP:TEXTBOOK.BOOK | DP:PROJECTASSIGNMENTS.PROJECTUNITS | DP:SAMPATHASSIGNMENTS.SAMPATHSUBJECT | SAM Assignments | Exams | Projects | Trainings | DP:SAMPATHASSIGNMENTS.SAMPATHNAME | SAM Paths | Y | N | Admin | SAM Assignments | Purge | DP:EXAMASSIGNMENTS.EXAMNAME1 | DP:TRAININGASSIGNMENTS.TRAININGNAME1 | DP:PROJECTASSIGNMENTS.PROJECTASSIGNMENTNAME1 | DP:TRAININGASSIGNMENTS.TRAININGNAME2 |" name="And I check DP:SECTIONS.SECTIONNAME Y in Select section drop down" time="0"/>
  <testcase classname="| DP:SUPER.USERNAME | DP:SUPER.PASSWORD | DP:PROJECTASSIGNMENTS.PROJECTSUBJECT | DP:EXAMASSIGNMENTS.EXAMNAME2 | DP:SECTIONS.SECTIONNAME | CMPTR PowerPoint 2013 Chapter 20: SAM Project 1a | DP:TEXTBOOK.BOOK | DP:PROJECTASSIGNMENTS.PROJECTUNITS | DP:SAMPATHASSIGNMENTS.SAMPATHSUBJECT | SAM Assignments | Exams | Projects | Trainings | DP:SAMPATHASSIGNMENTS.SAMPATHNAME | SAM Paths | Y | N | Admin | SAM Assignments | Purge | DP:EXAMASSIGNMENTS.EXAMNAME1 | DP:TRAININGASSIGNMENTS.TRAININGNAME1 | DP:PROJECTASSIGNMENTS.PROJECTASSIGNMENTNAME1 | DP:TRAININGASSIGNMENTS.TRAININGNAME2 |" name="And I click on section drop down" time="0"/>
  <testcase classname="| DP:SUPER.USERNAME | DP:SUPER.PASSWORD | DP:PROJECTASSIGNMENTS.PROJECTSUBJECT | DP:EXAMASSIGNMENTS.EXAMNAME2 | DP:SECTIONS.SECTIONNAME | CMPTR PowerPoint 2013 Chapter 20: SAM Project 1a | DP:TEXTBOOK.BOOK | DP:PROJECTASSIGNMENTS.PROJECTUNITS | DP:SAMPATHASSIGNMENTS.SAMPATHSUBJECT | SAM Assignments | Exams | Projects | Trainings | DP:SAMPATHASSIGNMENTS.SAMPATHNAME | SAM Paths | Y | N | Admin | SAM Assignments | Purge | DP:EXAMASSIGNMENTS.EXAMNAME1 | DP:TRAININGASSIGNMENTS.TRAININGNAME1 | DP:PROJECTASSIGNMENTS.PROJECTASSIGNMENTNAME1 | DP:TRAININGASSIGNMENTS.TRAININGNAME2 |" name="And I click on Save button" time="0"/>
  <testcase classname="| DP:SUPER.USERNAME | DP:SUPER.PASSWORD | DP:PROJECTASSIGNMENTS.PROJECTSUBJECT | DP:EXAMASSIGNMENTS.EXAMNAME2 | DP:SECTIONS.SECTIONNAME | CMPTR PowerPoint 2013 Chapter 20: SAM Project 1a | DP:TEXTBOOK.BOOK | DP:PROJECTASSIGNMENTS.PROJECTUNITS | DP:SAMPATHASSIGNMENTS.SAMPATHSUBJECT | SAM Assignments | Exams | Projects | Trainings | DP:SAMPATHASSIGNMENTS.SAMPATHNAME | SAM Paths | Y | N | Admin | SAM Assignments | Purge | DP:EXAMASSIGNMENTS.EXAMNAME1 | DP:TRAININGASSIGNMENTS.TRAININGNAME1 | DP:PROJECTASSIGNMENTS.PROJECTASSIGNMENTNAME1 | DP:TRAININGASSIGNMENTS.TRAININGNAME2 |" name="And I click on X icon" time="0"/>
  <testcase classname="| DP:SUPER.USERNAME | DP:SUPER.PASSWORD | DP:PROJECTASSIGNMENTS.PROJECTSUBJECT | DP:EXAMASSIGNMENTS.EXAMNAME2 | DP:SECTIONS.SECTIONNAME | CMPTR PowerPoint 2013 Chapter 20: SAM Project 1a | DP:TEXTBOOK.BOOK | DP:PROJECTASSIGNMENTS.PROJECTUNITS | DP:SAMPATHASSIGNMENTS.SAMPATHSUBJECT | SAM Assignments | Exams | Projects | Trainings | DP:SAMPATHASSIGNMENTS.SAMPATHNAME | SAM Paths | Y | N | Admin | SAM Assignments | Purge | DP:EXAMASSIGNMENTS.EXAMNAME1 | DP:TRAININGASSIGNMENTS.TRAININGNAME1 | DP:PROJECTASSIGNMENTS.PROJECTASSIGNMENTNAME1 | DP:TRAININGASSIGNMENTS.TRAININGNAME2 |" name="And I click on SAM Assignments tab" time="0"/>
  <testcase classname="| DP:SUPER.USERNAME | DP:SUPER.PASSWORD | DP:PROJECTASSIGNMENTS.PROJECTSUBJECT | DP:EXAMASSIGNMENTS.EXAMNAME2 | DP:SECTIONS.SECTIONNAME | CMPTR PowerPoint 2013 Chapter 20: SAM Project 1a | DP:TEXTBOOK.BOOK | DP:PROJECTASSIGNMENTS.PROJECTUNITS | DP:SAMPATHASSIGNMENTS.SAMPATHSUBJECT | SAM Assignments | Exams | Projects | Trainings | DP:SAMPATHASSIGNMENTS.SAMPATHNAME | SAM Paths | Y | N | Admin | SAM Assignments | Purge | DP:EXAMASSIGNMENTS.EXAMNAME1 | DP:TRAININGASSIGNMENTS.TRAININGNAME1 | DP:PROJECTASSIGNMENTS.PROJECTASSIGNMENTNAME1 | DP:TRAININGASSIGNMENTS.TRAININGNAME2 |" name="And I click on Schedule New button" time="0"/>
  <testcase classname="| DP:SUPER.USERNAME | DP:SUPER.PASSWORD | DP:PROJECTASSIGNMENTS.PROJECTSUBJECT | DP:EXAMASSIGNMENTS.EXAMNAME2 | DP:SECTIONS.SECTIONNAME | CMPTR PowerPoint 2013 Chapter 20: SAM Project 1a | DP:TEXTBOOK.BOOK | DP:PROJECTASSIGNMENTS.PROJECTUNITS | DP:SAMPATHASSIGNMENTS.SAMPATHSUBJECT | SAM Assignments | Exams | Projects | Trainings | DP:SAMPATHASSIGNMENTS.SAMPATHNAME | SAM Paths | Y | N | Admin | SAM Assignments | Purge | DP:EXAMASSIGNMENTS.EXAMNAME1 | DP:TRAININGASSIGNMENTS.TRAININGNAME1 | DP:PROJECTASSIGNMENTS.PROJECTASSIGNMENTNAME1 | DP:TRAININGASSIGNMENTS.TRAININGNAME2 |" name="And I click on SAM path button" time="0"/>
  <testcase classname="| DP:SUPER.USERNAME | DP:SUPER.PASSWORD | DP:PROJECTASSIGNMENTS.PROJECTSUBJECT | DP:EXAMASSIGNMENTS.EXAMNAME2 | DP:SECTIONS.SECTIONNAME | CMPTR PowerPoint 2013 Chapter 20: SAM Project 1a | DP:TEXTBOOK.BOOK | DP:PROJECTASSIGNMENTS.PROJECTUNITS | DP:SAMPATHASSIGNMENTS.SAMPATHSUBJECT | SAM Assignments | Exams | Projects | Trainings | DP:SAMPATHASSIGNMENTS.SAMPATHNAME | SAM Paths | Y | N | Admin | SAM Assignments | Purge | DP:EXAMASSIGNMENTS.EXAMNAME1 | DP:TRAININGASSIGNMENTS.TRAININGNAME1 | DP:PROJECTASSIGNMENTS.PROJECTASSIGNMENTNAME1 | DP:TRAININGASSIGNMENTS.TRAININGNAME2 |" name="And I select DP:SAMPATHASSIGNMENTS.SAMPATHSUBJECT in Subject drop down" time="0"/>
  <testcase classname="| DP:SUPER.USERNAME | DP:SUPER.PASSWORD | DP:PROJECTASSIGNMENTS.PROJECTSUBJECT | DP:EXAMASSIGNMENTS.EXAMNAME2 | DP:SECTIONS.SECTIONNAME | CMPTR PowerPoint 2013 Chapter 20: SAM Project 1a | DP:TEXTBOOK.BOOK | DP:PROJECTASSIGNMENTS.PROJECTUNITS | DP:SAMPATHASSIGNMENTS.SAMPATHSUBJECT | SAM Assignments | Exams | Projects | Trainings | DP:SAMPATHASSIGNMENTS.SAMPATHNAME | SAM Paths | Y | N | Admin | SAM Assignments | Purge | DP:EXAMASSIGNMENTS.EXAMNAME1 | DP:TRAININGASSIGNMENTS.TRAININGNAME1 | DP:PROJECTASSIGNMENTS.PROJECTASSIGNMENTNAME1 | DP:TRAININGASSIGNMENTS.TRAININGNAME2 |" name="And I select DP:EXAMASSIGNMENTS.EXAMNAME2 Y in Exam Name" time="0"/>
  <testcase classname="| DP:SUPER.USERNAME | DP:SUPER.PASSWORD | DP:PROJECTASSIGNMENTS.PROJECTSUBJECT | DP:EXAMASSIGNMENTS.EXAMNAME2 | DP:SECTIONS.SECTIONNAME | CMPTR PowerPoint 2013 Chapter 20: SAM Project 1a | DP:TEXTBOOK.BOOK | DP:PROJECTASSIGNMENTS.PROJECTUNITS | DP:SAMPATHASSIGNMENTS.SAMPATHSUBJECT | SAM Assignments | Exams | Projects | Trainings | DP:SAMPATHASSIGNMENTS.SAMPATHNAME | SAM Paths | Y | N | Admin | SAM Assignments | Purge | DP:EXAMASSIGNMENTS.EXAMNAME1 | DP:TRAININGASSIGNMENTS.TRAININGNAME1 | DP:PROJECTASSIGNMENTS.PROJECTASSIGNMENTNAME1 | DP:TRAININGASSIGNMENTS.TRAININGNAME2 |" name="And I click on Next Step button" time="0"/>
  <testcase classname="| DP:SUPER.USERNAME | DP:SUPER.PASSWORD | DP:PROJECTASSIGNMENTS.PROJECTSUBJECT | DP:EXAMASSIGNMENTS.EXAMNAME2 | DP:SECTIONS.SECTIONNAME | CMPTR PowerPoint 2013 Chapter 20: SAM Project 1a | DP:TEXTBOOK.BOOK | DP:PROJECTASSIGNMENTS.PROJECTUNITS | DP:SAMPATHASSIGNMENTS.SAMPATHSUBJECT | SAM Assignments | Exams | Projects | Trainings | DP:SAMPATHASSIGNMENTS.SAMPATHNAME | SAM Paths | Y | N | Admin | SAM Assignments | Purge | DP:EXAMASSIGNMENTS.EXAMNAME1 | DP:TRAININGASSIGNMENTS.TRAININGNAME1 | DP:PROJECTASSIGNMENTS.PROJECTASSIGNMENTNAME1 | DP:TRAININGASSIGNMENTS.TRAININGNAME2 |" name="And I enter DP:SAMPATHASSIGNMENTS.SAMPATHNAME Y in Assignment Name" time="0"/>
  <testcase classname="| DP:SUPER.USERNAME | DP:SUPER.PASSWORD | DP:PROJECTASSIGNMENTS.PROJECTSUBJECT | DP:EXAMASSIGNMENTS.EXAMNAME2 | DP:SECTIONS.SECTIONNAME | CMPTR PowerPoint 2013 Chapter 20: SAM Project 1a | DP:TEXTBOOK.BOOK | DP:PROJECTASSIGNMENTS.PROJECTUNITS | DP:SAMPATHASSIGNMENTS.SAMPATHSUBJECT | SAM Assignments | Exams | Projects | Trainings | DP:SAMPATHASSIGNMENTS.SAMPATHNAME | SAM Paths | Y | N | Admin | SAM Assignments | Purge | DP:EXAMASSIGNMENTS.EXAMNAME1 | DP:TRAININGASSIGNMENTS.TRAININGNAME1 | DP:PROJECTASSIGNMENTS.PROJECTASSIGNMENTNAME1 | DP:TRAININGASSIGNMENTS.TRAININGNAME2 |" name="And I click on section drop down" time="0"/>
  <testcase classname="| DP:SUPER.USERNAME | DP:SUPER.PASSWORD | DP:PROJECTASSIGNMENTS.PROJECTSUBJECT | DP:EXAMASSIGNMENTS.EXAMNAME2 | DP:SECTIONS.SECTIONNAME | CMPTR PowerPoint 2013 Chapter 20: SAM Project 1a | DP:TEXTBOOK.BOOK | DP:PROJECTASSIGNMENTS.PROJECTUNITS | DP:SAMPATHASSIGNMENTS.SAMPATHSUBJECT | SAM Assignments | Exams | Projects | Trainings | DP:SAMPATHASSIGNMENTS.SAMPATHNAME | SAM Paths | Y | N | Admin | SAM Assignments | Purge | DP:EXAMASSIGNMENTS.EXAMNAME1 | DP:TRAININGASSIGNMENTS.TRAININGNAME1 | DP:PROJECTASSIGNMENTS.PROJECTASSIGNMENTNAME1 | DP:TRAININGASSIGNMENTS.TRAININGNAME2 |" name="And I check DP:SECTIONS.SECTIONNAME Y in Select section drop down" time="0"/>
  <testcase classname="| DP:SUPER.USERNAME | DP:SUPER.PASSWORD | DP:PROJECTASSIGNMENTS.PROJECTSUBJECT | DP:EXAMASSIGNMENTS.EXAMNAME2 | DP:SECTIONS.SECTIONNAME | CMPTR PowerPoint 2013 Chapter 20: SAM Project 1a | DP:TEXTBOOK.BOOK | DP:PROJECTASSIGNMENTS.PROJECTUNITS | DP:SAMPATHASSIGNMENTS.SAMPATHSUBJECT | SAM Assignments | Exams | Projects | Trainings | DP:SAMPATHASSIGNMENTS.SAMPATHNAME | SAM Paths | Y | N | Admin | SAM Assignments | Purge | DP:EXAMASSIGNMENTS.EXAMNAME1 | DP:TRAININGASSIGNMENTS.TRAININGNAME1 | DP:PROJECTASSIGNMENTS.PROJECTASSIGNMENTNAME1 | DP:TRAININGASSIGNMENTS.TRAININGNAME2 |" name="And I click on section drop down" time="0.001"/>
  <testcase classname="| DP:SUPER.USERNAME | DP:SUPER.PASSWORD | DP:PROJECTASSIGNMENTS.PROJECTSUBJECT | DP:EXAMASSIGNMENTS.EXAMNAME2 | DP:SECTIONS.SECTIONNAME | CMPTR PowerPoint 2013 Chapter 20: SAM Project 1a | DP:TEXTBOOK.BOOK | DP:PROJECTASSIGNMENTS.PROJECTUNITS | DP:SAMPATHASSIGNMENTS.SAMPATHSUBJECT | SAM Assignments | Exams | Projects | Trainings | DP:SAMPATHASSIGNMENTS.SAMPATHNAME | SAM Paths | Y | N | Admin | SAM Assignments | Purge | DP:EXAMASSIGNMENTS.EXAMNAME1 | DP:TRAININGASSIGNMENTS.TRAININGNAME1 | DP:PROJECTASSIGNMENTS.PROJECTASSIGNMENTNAME1 | DP:TRAININGASSIGNMENTS.TRAININGNAME2 |" name="When I click on Save button" time="0"/>
  <testcase classname="| DP:SUPER.USERNAME | DP:SUPER.PASSWORD | DP:PROJECTASSIGNMENTS.PROJECTSUBJECT | DP:EXAMASSIGNMENTS.EXAMNAME2 | DP:SECTIONS.SECTIONNAME | CMPTR PowerPoint 2013 Chapter 20: SAM Project 1a | DP:TEXTBOOK.BOOK | DP:PROJECTASSIGNMENTS.PROJECTUNITS | DP:SAMPATHASSIGNMENTS.SAMPATHSUBJECT | SAM Assignments | Exams | Projects | Trainings | DP:SAMPATHASSIGNMENTS.SAMPATHNAME | SAM Paths | Y | N | Admin | SAM Assignments | Purge | DP:EXAMASSIGNMENTS.EXAMNAME1 | DP:TRAININGASSIGNMENTS.TRAININGNAME1 | DP:PROJECTASSIGNMENTS.PROJECTASSIGNMENTNAME1 | DP:TRAININGASSIGNMENTS.TRAININGNAME2 |" name="Then I click on X icon" time="0"/>
  <testcase classname="| DP:SUPER.USERNAME | DP:SUPER.PASSWORD | DP:PROJECTASSIGNMENTS.PROJECTSUBJECT | DP:EXAMASSIGNMENTS.EXAMNAME2 | DP:SECTIONS.SECTIONNAME | CMPTR PowerPoint 2013 Chapter 20: SAM Project 1a | DP:TEXTBOOK.BOOK | DP:PROJECTASSIGNMENTS.PROJECTUNITS | DP:SAMPATHASSIGNMENTS.SAMPATHSUBJECT | SAM Assignments | Exams | Projects | Trainings | DP:SAMPATHASSIGNMENTS.SAMPATHNAME | SAM Paths | Y | N | Admin | SAM Assignments | Purge | DP:EXAMASSIGNMENTS.EXAMNAME1 | DP:TRAININGASSIGNMENTS.TRAININGNAME1 | DP:PROJECTASSIGNMENTS.PROJECTASSIGNMENTNAME1 | DP:TRAININGASSIGNMENTS.TRAININGNAME2 |" name="And I click on Logout button" time="0"/>
  <testcase classname="| DP:SUPER.USERNAME | DP:SUPER.PASSWORD | DP:PROJECTASSIGNMENTS.PROJECTSUBJECT | DP:EXAMASSIGNMENTS.EXAMNAME2 | DP:SECTIONS.SECTIONNAME | CMPTR PowerPoint 2013 Chapter 20: SAM Project 1a | DP:TEXTBOOK.BOOK | DP:PROJECTASSIGNMENTS.PROJECTUNITS | DP:SAMPATHASSIGNMENTS.SAMPATHSUBJECT | SAM Assignments | Exams | Projects | Trainings | DP:SAMPATHASSIGNMENTS.SAMPATHNAME | SAM Paths | Y | N | Admin | SAM Assignments | Purge | DP:EXAMASSIGNMENTS.EXAMNAME1 | DP:TRAININGASSIGNMENTS.TRAININGNAME1 | DP:PROJECTASSIGNMENTS.PROJECTASSIGNMENTNAME1 | DP:TRAININGASSIGNMENTS.TRAININGNAME2 |" name="| DP:SUPER.USERNAME | DP:SUPER.PASSWORD | DP:PROJECTASSIGNMENTS.PROJECTSUBJECT | DP:EXAMASSIGNMENTS.EXAMNAME2 | DP:SECTIONS.SECTIONNAME | CMPTR PowerPoint 2013 Chapter 20: SAM Project 1a | DP:TEXTBOOK.BOOK | DP:PROJECTASSIGNMENTS.PROJECTUNITS | DP:SAMPATHASSIGNMENTS.SAMPATHSUBJECT | SAM Assignments | Exams | Projects | Trainings | DP:SAMPATHASSIGNMENTS.SAMPATHNAME | SAM Paths | Y | N | Admin | SAM Assignments | Purge | DP:EXAMASSIGNMENTS.EXAMNAME1 | DP:TRAININGASSIGNMENTS.TRAININGNAME1 | DP:PROJECTASSIGNMENTS.PROJECTASSIGNMENTNAME1 | DP:TRAININGASSIGNMENTS.TRAININGNAME2 |" time="0.002"/>
</testsuite>