<?xml version="1.0" encoding="UTF-8" ?>
<testsuite tests="432" failures="12" name="cengage.samlms.cukes.KBTrainingAssignmentValidationCukesTest" time="9,481.051" errors="0" skipped="125">
  <properties>
[...]
</properties>
  <testcase classname="| super_T2088807@sam.com | DP:SUPER.PASSWORD | N | DP:SECTIONS.SECTIONNAME | Y | DP:SECTIONS.COURSENAME | DP:SECTIONS.TERM |" name="Given As a user I see login page of LMS" time="0"/>
  <testcase classname="| super_T2088807@sam.com | DP:SUPER.PASSWORD | N | DP:SECTIONS.SECTIONNAME | Y | DP:SECTIONS.COURSENAME | DP:SECTIONS.TERM |" name="And I enter super_T2088807@sam.com N Username in LMS login page" time="0"/>
  <testcase classname="| super_T2088807@sam.com | DP:SUPER.PASSWORD | N | DP:SECTIONS.SECTIONNAME | Y | DP:SECTIONS.COURSENAME | DP:SECTIONS.TERM |" name="And I enter DP:SUPER.PASSWORD Password in LMS login page" time="0"/>
  <testcase classname="| super_T2088807@sam.com | DP:SUPER.PASSWORD | N | DP:SECTIONS.SECTIONNAME | Y | DP:SECTIONS.COURSENAME | DP:SECTIONS.TERM |" name="And I click on Log In button" time="0"/>
  <testcase classname="| super_T2088807@sam.com | DP:SUPER.PASSWORD | N | DP:SECTIONS.SECTIONNAME | Y | DP:SECTIONS.COURSENAME | DP:SECTIONS.TERM |" name="And I see home page of LMS" time="0"/>
  <testcase classname="| super_T2088807@sam.com | DP:SUPER.PASSWORD | N | DP:SECTIONS.SECTIONNAME | Y | DP:SECTIONS.COURSENAME | DP:SECTIONS.TERM |" name="And I click on Sections tab" time="0"/>
  <testcase classname="| super_T2088807@sam.com | DP:SUPER.PASSWORD | N | DP:SECTIONS.SECTIONNAME | Y | DP:SECTIONS.COURSENAME | DP:SECTIONS.TERM |" name="And I click on Add New button" time="0"/>
  <testcase classname="| super_T2088807@sam.com | DP:SUPER.PASSWORD | N | DP:SECTIONS.SECTIONNAME | Y | DP:SECTIONS.COURSENAME | DP:SECTIONS.TERM |" name="And I enter DP:SECTIONS.SECTIONNAME Y in Section Name" time="0"/>
  <testcase classname="| super_T2088807@sam.com | DP:SUPER.PASSWORD | N | DP:SECTIONS.SECTIONNAME | Y | DP:SECTIONS.COURSENAME | DP:SECTIONS.TERM |" name="And I enter DP:SECTIONS.COURSENAME in Course Name" time="0"/>
  <testcase classname="| super_T2088807@sam.com | DP:SUPER.PASSWORD | N | DP:SECTIONS.SECTIONNAME | Y | DP:SECTIONS.COURSENAME | DP:SECTIONS.TERM |" name="And I enter DP:SECTIONS.TERM in Term" time="0.001"/>
  <testcase classname="| super_T2088807@sam.com | DP:SUPER.PASSWORD | N | DP:SECTIONS.SECTIONNAME | Y | DP:SECTIONS.COURSENAME | DP:SECTIONS.TERM |" name="When I click on Save button" time="0"/>
  <testcase classname="| super_T2088807@sam.com | DP:SUPER.PASSWORD | N | DP:SECTIONS.SECTIONNAME | Y | DP:SECTIONS.COURSENAME | DP:SECTIONS.TERM |" name="Then I see Successfully added the Section Pop-up" time="0"/>
  <testcase classname="| super_T2088807@sam.com | DP:SUPER.PASSWORD | N | DP:SECTIONS.SECTIONNAME | Y | DP:SECTIONS.COURSENAME | DP:SECTIONS.TERM |" name="And I click on OK button in popup" time="0"/>
  <testcase classname="| super_T2088807@sam.com | DP:SUPER.PASSWORD | N | DP:SECTIONS.SECTIONNAME | Y | DP:SECTIONS.COURSENAME | DP:SECTIONS.TERM |" name="And I click on keyboarding preferences tab in section page" time="0"/>
  <testcase classname="| super_T2088807@sam.com | DP:SUPER.PASSWORD | N | DP:SECTIONS.SECTIONNAME | Y | DP:SECTIONS.COURSENAME | DP:SECTIONS.TERM |" name="And I click on Lessons tab in Section page" time="0"/>
  <testcase classname="| super_T2088807@sam.com | DP:SUPER.PASSWORD | N | DP:SECTIONS.SECTIONNAME | Y | DP:SECTIONS.COURSENAME | DP:SECTIONS.TERM |" name="And I click on save and close button in section page" time="0"/>
  <testcase classname="| super_T2088807@sam.com | DP:SUPER.PASSWORD | N | DP:SECTIONS.SECTIONNAME | Y | DP:SECTIONS.COURSENAME | DP:SECTIONS.TERM |" name="| super_T2088807@sam.com | DP:SUPER.PASSWORD | N | DP:SECTIONS.SECTIONNAME | Y | DP:SECTIONS.COURSENAME | DP:SECTIONS.TERM |" time="11.449"/>
  <testcase classname="| super_T2088807@sam.com | DP:SUPER.PASSWORD | DP:SECTIONS.SECTIONNAME | Y | L1 Training: Computer Basics | N | chrome:\/\/plugins\/ |" name="Given As a user I see login page of LMS" time="0"/>
  <testcase classname="| super_T2088807@sam.com | DP:SUPER.PASSWORD | DP:SECTIONS.SECTIONNAME | Y | L1 Training: Computer Basics | N | chrome:\/\/plugins\/ |" name="And I enter super_T2088807@sam.com N Username in LMS login page" time="0"/>
  <testcase classname="| super_T2088807@sam.com | DP:SUPER.PASSWORD | DP:SECTIONS.SECTIONNAME | Y | L1 Training: Computer Basics | N | chrome:\/\/plugins\/ |" name="And I enter DP:SUPER.PASSWORD Password in LMS login page" time="0"/>
  <testcase classname="| super_T2088807@sam.com | DP:SUPER.PASSWORD | DP:SECTIONS.SECTIONNAME | Y | L1 Training: Computer Basics | N | chrome:\/\/plugins\/ |" name="And I click on Log In button" time="0"/>
  <testcase classname="| super_T2088807@sam.com | DP:SUPER.PASSWORD | DP:SECTIONS.SECTIONNAME | Y | L1 Training: Computer Basics | N | chrome:\/\/plugins\/ |" name="And I see home page of LMS" time="0"/>
  <testcase classname="| super_T2088807@sam.com | DP:SUPER.PASSWORD | DP:SECTIONS.SECTIONNAME | Y | L1 Training: Computer Basics | N | chrome:\/\/plugins\/ |" name="And I click on SAM Assignments tab" time="0"/>
  <testcase classname="| super_T2088807@sam.com | DP:SUPER.PASSWORD | DP:SECTIONS.SECTIONNAME | Y | L1 Training: Computer Basics | N | chrome:\/\/plugins\/ |" name="And I select DP:SECTIONS.SECTIONNAME Y from section drop down" time="0"/>
  <testcase classname="| super_T2088807@sam.com | DP:SUPER.PASSWORD | DP:SECTIONS.SECTIONNAME | Y | L1 Training: Computer Basics | N | chrome:\/\/plugins\/ |" name="And I click on L1 Training: Computer Basics N Preview icon" time="0.001"/>
  <testcase classname="| super_T2088807@sam.com | DP:SUPER.PASSWORD | DP:SECTIONS.SECTIONNAME | Y | L1 Training: Computer Basics | N | chrome:\/\/plugins\/ |" name="And I verify the L1 Training: Computer Basics N in the top" time="0"/>
  <testcase classname="| super_T2088807@sam.com | DP:SUPER.PASSWORD | DP:SECTIONS.SECTIONNAME | Y | L1 Training: Computer Basics | N | chrome:\/\/plugins\/ |" name="And I verify the date and time in the top right corner" time="0"/>
  <testcase classname="| super_T2088807@sam.com | DP:SUPER.PASSWORD | DP:SECTIONS.SECTIONNAME | Y | L1 Training: Computer Basics | N | chrome:\/\/plugins\/ |" name="And I see Launch All button left to the Print Screen button at the top right corner of header area of the dialog" time="0"/>
  <testcase classname="| super_T2088807@sam.com | DP:SUPER.PASSWORD | DP:SECTIONS.SECTIONNAME | Y | L1 Training: Computer Basics | N | chrome:\/\/plugins\/ |" name="And I see Print Screen button at the top right corner of header area of the dialog" time="0"/>
  <testcase classname="| super_T2088807@sam.com | DP:SUPER.PASSWORD | DP:SECTIONS.SECTIONNAME | Y | L1 Training: Computer Basics | N | chrome:\/\/plugins\/ |" name="And I verify Task ID value CMA order in training preview popup" time="0"/>
  <testcase classname="| super_T2088807@sam.com | DP:SUPER.PASSWORD | DP:SECTIONS.SECTIONNAME | Y | L1 Training: Computer Basics | N | chrome:\/\/plugins\/ |" name="And I verify Task Group value CMA order in training preview popup" time="0"/>
  <testcase classname="| super_T2088807@sam.com | DP:SUPER.PASSWORD | DP:SECTIONS.SECTIONNAME | Y | L1 Training: Computer Basics | N | chrome:\/\/plugins\/ |" name="And I click Launch All button in training preview popup" time="0"/>
  <testcase classname="| super_T2088807@sam.com | DP:SUPER.PASSWORD | DP:SECTIONS.SECTIONNAME | Y | L1 Training: Computer Basics | N | chrome:\/\/plugins\/ |" name="And I verify 2013 task launch successfully" time="0"/>
  <testcase classname="| super_T2088807@sam.com | DP:SUPER.PASSWORD | DP:SECTIONS.SECTIONNAME | Y | L1 Training: Computer Basics | N | chrome:\/\/plugins\/ |" name="And I click Buying a Computer launch button for training task" time="0"/>
  <testcase classname="| super_T2088807@sam.com | DP:SUPER.PASSWORD | DP:SECTIONS.SECTIONNAME | Y | L1 Training: Computer Basics | N | chrome:\/\/plugins\/ |" name="And I attempt KB training assignment" time="0"/>
  <testcase classname="| super_T2088807@sam.com | DP:SUPER.PASSWORD | DP:SECTIONS.SECTIONNAME | Y | L1 Training: Computer Basics | N | chrome:\/\/plugins\/ |" name="And I click on X icon" time="0"/>
  <testcase classname="| super_T2088807@sam.com | DP:SUPER.PASSWORD | DP:SECTIONS.SECTIONNAME | Y | L1 Training: Computer Basics | N | chrome:\/\/plugins\/ |" name="| super_T2088807@sam.com | DP:SUPER.PASSWORD | DP:SECTIONS.SECTIONNAME | Y | L1 Training: Computer Basics | N | chrome:\/\/plugins\/ |" time="12.535"/>
  <testcase classname="| super_T2088807@sam.com | DP:SUPER.PASSWORD | DP:SECTIONS.SECTIONNAME | MMM d\u002C yyyy | L1 Training: Computer Basics | N | Y |" name="Given As a user I see login page of LMS" time="0"/>
  <testcase classname="| super_T2088807@sam.com | DP:SUPER.PASSWORD | DP:SECTIONS.SECTIONNAME | MMM d\u002C yyyy | L1 Training: Computer Basics | N | Y |" name="And I enter super_T2088807@sam.com N Username in LMS login page" time="0"/>
  <testcase classname="| super_T2088807@sam.com | DP:SUPER.PASSWORD | DP:SECTIONS.SECTIONNAME | MMM d\u002C yyyy | L1 Training: Computer Basics | N | Y |" name="And I enter DP:SUPER.PASSWORD Password in LMS login page" time="0"/>
  <testcase classname="| super_T2088807@sam.com | DP:SUPER.PASSWORD | DP:SECTIONS.SECTIONNAME | MMM d\u002C yyyy | L1 Training: Computer Basics | N | Y |" name="And I click on Log In button" time="0"/>
  <testcase classname="| super_T2088807@sam.com | DP:SUPER.PASSWORD | DP:SECTIONS.SECTIONNAME | MMM d\u002C yyyy | L1 Training: Computer Basics | N | Y |" name="And I see home page of LMS" time="0"/>
  <testcase classname="| super_T2088807@sam.com | DP:SUPER.PASSWORD | DP:SECTIONS.SECTIONNAME | MMM d\u002C yyyy | L1 Training: Computer Basics | N | Y |" name="And I click on SAM Assignments tab" time="0"/>
  <testcase classname="| super_T2088807@sam.com | DP:SUPER.PASSWORD | DP:SECTIONS.SECTIONNAME | MMM d\u002C yyyy | L1 Training: Computer Basics | N | Y |" name="And I select DP:SECTIONS.SECTIONNAME Y from section drop down" time="0"/>
  <testcase classname="| super_T2088807@sam.com | DP:SUPER.PASSWORD | DP:SECTIONS.SECTIONNAME | MMM d\u002C yyyy | L1 Training: Computer Basics | N | Y |" name="And I uncheck Reading checkbox in assignment filter" time="0"/>
  <testcase classname="| super_T2088807@sam.com | DP:SUPER.PASSWORD | DP:SECTIONS.SECTIONNAME | MMM d\u002C yyyy | L1 Training: Computer Basics | N | Y |" name="And I verify Lesson 2 lesson available value in Always column" time="0"/>
  <testcase classname="| super_T2088807@sam.com | DP:SUPER.PASSWORD | DP:SECTIONS.SECTIONNAME | MMM d\u002C yyyy | L1 Training: Computer Basics | N | Y |" name="And I click to collapse Lesson 1 lesson in SAM Assignments page" time="0"/>
  <testcase classname="| super_T2088807@sam.com | DP:SUPER.PASSWORD | DP:SECTIONS.SECTIONNAME | MMM d\u002C yyyy | L1 Training: Computer Basics | N | Y |" name="And I click to expand Lesson 1 lesson in SAM Assignments page" time="0"/>
  <testcase classname="| super_T2088807@sam.com | DP:SUPER.PASSWORD | DP:SECTIONS.SECTIONNAME | MMM d\u002C yyyy | L1 Training: Computer Basics | N | Y |" name="And I see L1 Training: Computer Basics N keyboarding project assignment in assignments page" time="0"/>
  <testcase classname="| super_T2088807@sam.com | DP:SUPER.PASSWORD | DP:SECTIONS.SECTIONNAME | MMM d\u002C yyyy | L1 Training: Computer Basics | N | Y |" name="And I uncheck Keyboarding checkbox in assignment filter" time="0"/>
  <testcase classname="| super_T2088807@sam.com | DP:SUPER.PASSWORD | DP:SECTIONS.SECTIONNAME | MMM d\u002C yyyy | L1 Training: Computer Basics | N | Y |" name="And I should not see L1 Training: Computer Basics N keyboarding assignment in assignments page" time="0"/>
  <testcase classname="| super_T2088807@sam.com | DP:SUPER.PASSWORD | DP:SECTIONS.SECTIONNAME | MMM d\u002C yyyy | L1 Training: Computer Basics | N | Y |" name="And I check Keyboarding checkbox in assignment filter" time="0"/>
  <testcase classname="| super_T2088807@sam.com | DP:SUPER.PASSWORD | DP:SECTIONS.SECTIONNAME | MMM d\u002C yyyy | L1 Training: Computer Basics | N | Y |" name="And I click to collapse Lesson 1 lesson in SAM Assignments page" time="0"/>
  <testcase classname="| super_T2088807@sam.com | DP:SUPER.PASSWORD | DP:SECTIONS.SECTIONNAME | MMM d\u002C yyyy | L1 Training: Computer Basics | N | Y |" name="And I verify Lesson 1 lesson available value should be blank" time="0"/>
  <testcase classname="| super_T2088807@sam.com | DP:SUPER.PASSWORD | DP:SECTIONS.SECTIONNAME | MMM d\u002C yyyy | L1 Training: Computer Basics | N | Y |" name="And I verify Lesson 1 lesson due-date value should be blank" time="0"/>
  <testcase classname="| super_T2088807@sam.com | DP:SUPER.PASSWORD | DP:SECTIONS.SECTIONNAME | MMM d\u002C yyyy | L1 Training: Computer Basics | N | Y |" name="And I click to expand Lesson 1 lesson in SAM Assignments page" time="0"/>
  <testcase classname="| super_T2088807@sam.com | DP:SUPER.PASSWORD | DP:SECTIONS.SECTIONNAME | MMM d\u002C yyyy | L1 Training: Computer Basics | N | Y |" name="And I verify L1 Training: Computer Basics assignment Always value in available column" time="0"/>
  <testcase classname="| super_T2088807@sam.com | DP:SUPER.PASSWORD | DP:SECTIONS.SECTIONNAME | MMM d\u002C yyyy | L1 Training: Computer Basics | N | Y |" name="And I verify L1 Training: Computer Basics assignment --- value in due-date column" time="0"/>
  <testcase classname="| super_T2088807@sam.com | DP:SUPER.PASSWORD | DP:SECTIONS.SECTIONNAME | MMM d\u002C yyyy | L1 Training: Computer Basics | N | Y |" name="And I click on Sections tab" time="0"/>
  <testcase classname="| super_T2088807@sam.com | DP:SUPER.PASSWORD | DP:SECTIONS.SECTIONNAME | MMM d\u002C yyyy | L1 Training: Computer Basics | N | Y |" name="And I check DP:SECTIONS.SECTIONNAME Y from section list" time="0"/>
  <testcase classname="| super_T2088807@sam.com | DP:SUPER.PASSWORD | DP:SECTIONS.SECTIONNAME | MMM d\u002C yyyy | L1 Training: Computer Basics | N | Y |" name="And I click on Edit button" time="0"/>
  <testcase classname="| super_T2088807@sam.com | DP:SUPER.PASSWORD | DP:SECTIONS.SECTIONNAME | MMM d\u002C yyyy | L1 Training: Computer Basics | N | Y |" name="And I click on keyboarding preferences tab in section page" time="0"/>
  <testcase classname="| super_T2088807@sam.com | DP:SUPER.PASSWORD | DP:SECTIONS.SECTIONNAME | MMM d\u002C yyyy | L1 Training: Computer Basics | N | Y |" name="And I click on Lessons tab in Section page" time="0"/>
  <testcase classname="| super_T2088807@sam.com | DP:SUPER.PASSWORD | DP:SECTIONS.SECTIONNAME | MMM d\u002C yyyy | L1 Training: Computer Basics | N | Y |" name="And I enter L1 Training: Computer Basics in lesson search textbox" time="0"/>
  <testcase classname="| super_T2088807@sam.com | DP:SUPER.PASSWORD | DP:SECTIONS.SECTIONNAME | MMM d\u002C yyyy | L1 Training: Computer Basics | N | Y |" name="And I set L1 Training: Computer Basics N Keyboarding Project Always Available toggle to OFF" time="0"/>
  <testcase classname="| super_T2088807@sam.com | DP:SUPER.PASSWORD | DP:SECTIONS.SECTIONNAME | MMM d\u002C yyyy | L1 Training: Computer Basics | N | Y |" name="And I click L1 Training: Computer Basics N section lesson dates and security field" time="0"/>
  <testcase classname="| super_T2088807@sam.com | DP:SUPER.PASSWORD | DP:SECTIONS.SECTIONNAME | MMM d\u002C yyyy | L1 Training: Computer Basics | N | Y |" name="And I select Tomorrow date with MMM d\u002C yyyy from select available or due date in previous calendar" time="0"/>
  <testcase classname="| super_T2088807@sam.com | DP:SUPER.PASSWORD | DP:SECTIONS.SECTIONNAME | MMM d\u002C yyyy | L1 Training: Computer Basics | N | Y |" name="And I click on Scheduling option Save and Close button" time="0"/>
  <testcase classname="| super_T2088807@sam.com | DP:SUPER.PASSWORD | DP:SECTIONS.SECTIONNAME | MMM d\u002C yyyy | L1 Training: Computer Basics | N | Y |" name="And I click on save and close button in section page" time="0"/>
  <testcase classname="| super_T2088807@sam.com | DP:SUPER.PASSWORD | DP:SECTIONS.SECTIONNAME | MMM d\u002C yyyy | L1 Training: Computer Basics | N | Y |" name="And I click on SAM Assignments tab" time="0"/>
  <testcase classname="| super_T2088807@sam.com | DP:SUPER.PASSWORD | DP:SECTIONS.SECTIONNAME | MMM d\u002C yyyy | L1 Training: Computer Basics | N | Y |" name="And I select DP:SECTIONS.SECTIONNAME Y from section drop down" time="0"/>
  <testcase classname="| super_T2088807@sam.com | DP:SUPER.PASSWORD | DP:SECTIONS.SECTIONNAME | MMM d\u002C yyyy | L1 Training: Computer Basics | N | Y |" name="And I verify Lesson 1 lesson available value should be blank" time="0.004">
    <failure type="java.lang.AssertionError">java.lang.AssertionError
	at org.junit.Assert.fail(Assert.java:86)
	at org.junit.Assert.assertTrue(Assert.java:41)
	at org.junit.Assert.assertTrue(Assert.java:52)
	at cengage.samlms.stepdefinition.SAMAssignmentsSteps.iVerifyLessonLessonAvailableValueShouldBeBlank(SAMAssignmentsSteps.java:2635)
	at ✽.And I verify Lesson 1 lesson available value should be blank(test/resources/cengage/samlms/keyboarding/KB_Training_Assignment_Validation.feature:123)
</failure>
    <system-out>20:58:27.511 [main] ERROR cengage.common.toolbox.Sync - org.openqa.selenium.TimeoutException: Timed out after 150 seconds waiting for cengage.common.toolbox.Sync$1@2d85fb64
Build info: version: &apos;2.53.0&apos;, revision: &apos;35ae25b1534ae328c771e0856c93e187490ca824&apos;, time: &apos;2016-03-15 10:43:46&apos;
System info: host: &apos;CODOID&apos;, ip: &apos;10.161.244.44&apos;, os.name: &apos;Windows 8.1&apos;, os.arch: &apos;amd64&apos;, os.version: &apos;6.3&apos;, java.version: &apos;1.8.0_91&apos;
Driver info: driver.version: unknown
20:58:27.513 [main] ERROR cengage.common.toolbox.Element - java.lang.NullPointerException
</system-out>
  </testcase>
  <testcase classname="| super_T2088807@sam.com | DP:SUPER.PASSWORD | DP:SECTIONS.SECTIONNAME | MMM d\u002C yyyy | L1 Training: Computer Basics | N | Y |" name="| super_T2088807@sam.com | DP:SUPER.PASSWORD | DP:SECTIONS.SECTIONNAME | MMM d\u002C yyyy | L1 Training: Computer Basics | N | Y |" time="0.005">
    <failure type="java.lang.AssertionError">java.lang.AssertionError
	at org.junit.Assert.fail(Assert.java:86)
	at org.junit.Assert.assertTrue(Assert.java:41)
	at org.junit.Assert.assertTrue(Assert.java:52)
	at cengage.samlms.stepdefinition.SAMAssignmentsSteps.iVerifyLessonLessonAvailableValueShouldBeBlank(SAMAssignmentsSteps.java:2635)
	at ✽.And I verify Lesson 1 lesson available value should be blank(test/resources/cengage/samlms/keyboarding/KB_Training_Assignment_Validation.feature:123)
</failure>
  </testcase>
  <testcase classname="| super_T2088807@sam.com | DP:SUPER.PASSWORD | DP:SECTIONS.SECTIONNAME | MMM d\u002C yyyy | L1 Training: Computer Basics | N | Y |" name="And I verify Lesson 1 lesson due-date value should be blank" time="0.006">
    <skipped/>
  </testcase>
  <testcase classname="| super_T2088807@sam.com | DP:SUPER.PASSWORD | DP:SECTIONS.SECTIONNAME | MMM d\u002C yyyy | L1 Training: Computer Basics | N | Y |" name="And I verify L1 Training: Computer Basics available value as tomorowDate" time="0.008">
    <skipped/>
  </testcase>
  <testcase classname="| super_T2088807@sam.com | DP:SUPER.PASSWORD | DP:SECTIONS.SECTIONNAME | MMM d\u002C yyyy | L1 Training: Computer Basics | N | Y |" name="And I click on Sections tab" time="0.011">
    <skipped/>
  </testcase>
  <testcase classname="| super_T2088807@sam.com | DP:SUPER.PASSWORD | DP:SECTIONS.SECTIONNAME | MMM d\u002C yyyy | L1 Training: Computer Basics | N | Y |" name="And I check DP:SECTIONS.SECTIONNAME Y from section list" time="0.015">
    <skipped/>
  </testcase>
  <testcase classname="| super_T2088807@sam.com | DP:SUPER.PASSWORD | DP:SECTIONS.SECTIONNAME | MMM d\u002C yyyy | L1 Training: Computer Basics | N | Y |" name="And I click on Edit button" time="0.016">
    <skipped/>
  </testcase>
  <testcase classname="| super_T2088807@sam.com | DP:SUPER.PASSWORD | DP:SECTIONS.SECTIONNAME | MMM d\u002C yyyy | L1 Training: Computer Basics | N | Y |" name="And I click on Lessons tab in Section page" time="0.018">
    <skipped/>
  </testcase>
  <testcase classname="| super_T2088807@sam.com | DP:SUPER.PASSWORD | DP:SECTIONS.SECTIONNAME | MMM d\u002C yyyy | L1 Training: Computer Basics | N | Y |" name="And I enter L1 Training: Computer Basics in lesson search textbox" time="0.021">
    <skipped/>
  </testcase>
  <testcase classname="| super_T2088807@sam.com | DP:SUPER.PASSWORD | DP:SECTIONS.SECTIONNAME | MMM d\u002C yyyy | L1 Training: Computer Basics | N | Y |" name="And I set L1 Training: Computer Basics N Keyboarding Project Always Available toggle to ON" time="0.023">
    <skipped/>
  </testcase>
  <testcase classname="| super_T2088807@sam.com | DP:SUPER.PASSWORD | DP:SECTIONS.SECTIONNAME | MMM d\u002C yyyy | L1 Training: Computer Basics | N | Y |" name="And I set L1 Training: Computer Basics N Keyboarding Project Always Available toggle to OFF" time="0.025">
    <skipped/>
  </testcase>
  <testcase classname="| super_T2088807@sam.com | DP:SUPER.PASSWORD | DP:SECTIONS.SECTIONNAME | MMM d\u002C yyyy | L1 Training: Computer Basics | N | Y |" name="And I click L1 Training: Computer Basics N section lesson dates and security field" time="0.028">
    <skipped/>
  </testcase>
  <testcase classname="| super_T2088807@sam.com | DP:SUPER.PASSWORD | DP:SECTIONS.SECTIONNAME | MMM d\u002C yyyy | L1 Training: Computer Basics | N | Y |" name="And I select Tomorrow date with MMM d\u002C yyyy from select available or due date in previous calendar" time="0.033">
    <skipped/>
  </testcase>
  <testcase classname="| super_T2088807@sam.com | DP:SUPER.PASSWORD | DP:SECTIONS.SECTIONNAME | MMM d\u002C yyyy | L1 Training: Computer Basics | N | Y |" name="And I select Day After Tomorrow date with MMM d\u002C yyyy from select available or due date in previous calendar" time="0.036">
    <skipped/>
  </testcase>
  <testcase classname="| super_T2088807@sam.com | DP:SUPER.PASSWORD | DP:SECTIONS.SECTIONNAME | MMM d\u002C yyyy | L1 Training: Computer Basics | N | Y |" name="And I click on Scheduling option Save and Close button" time="0.038">
    <skipped/>
  </testcase>
  <testcase classname="| super_T2088807@sam.com | DP:SUPER.PASSWORD | DP:SECTIONS.SECTIONNAME | MMM d\u002C yyyy | L1 Training: Computer Basics | N | Y |" name="And I click on save and close button in section page" time="0.04">
    <skipped/>
  </testcase>
  <testcase classname="| super_T2088807@sam.com | DP:SUPER.PASSWORD | DP:SECTIONS.SECTIONNAME | MMM d\u002C yyyy | L1 Training: Computer Basics | N | Y |" name="And I click on SAM Assignments tab" time="0.042">
    <skipped/>
  </testcase>
  <testcase classname="| super_T2088807@sam.com | DP:SUPER.PASSWORD | DP:SECTIONS.SECTIONNAME | MMM d\u002C yyyy | L1 Training: Computer Basics | N | Y |" name="When I select DP:SECTIONS.SECTIONNAME Y from section drop down" time="0.043">
    <skipped/>
  </testcase>
  <testcase classname="| super_T2088807@sam.com | DP:SUPER.PASSWORD | DP:SECTIONS.SECTIONNAME | MMM d\u002C yyyy | L1 Training: Computer Basics | N | Y |" name="Then I verify Lesson 1 lesson available value should be blank" time="0.045">
    <skipped/>
  </testcase>
  <testcase classname="| super_T2088807@sam.com | DP:SUPER.PASSWORD | DP:SECTIONS.SECTIONNAME | MMM d\u002C yyyy | L1 Training: Computer Basics | N | Y |" name="And I verify Lesson 1 lesson due-date value should be blank" time="0.048">
    <skipped/>
  </testcase>
  <testcase classname="| super_T2088807@sam.com | DP:SUPER.PASSWORD | DP:SECTIONS.SECTIONNAME | MMM d\u002C yyyy | L1 Training: Computer Basics | N | Y |" name="And I verify L1 Training: Computer Basics available value as tomorowDate" time="0.049">
    <skipped/>
  </testcase>
  <testcase classname="| super_T2088807@sam.com | DP:SUPER.PASSWORD | DP:SECTIONS.SECTIONNAME | MMM d\u002C yyyy | L1 Training: Computer Basics | N | Y |" name="And I verify L1 Training: Computer Basics due-date value as dayAfterTomorrow" time="0.051">
    <skipped/>
  </testcase>
  <testcase classname="Given I click on Sections tab(| L6 Textbook Drills: Home Keys (fdsa jkl;) | DP:SECTIONS.SECTIONNAME | Y | MMM d\u002C yyyy | L6 Additional Drills: Learn Home Row\u002C Enter\u002C and Space Bar | N | N |)" name="Given I click on Sections tab" time="0"/>
  <testcase classname="And I check DP:SECTIONS.SECTIONNAME Y from section list(| L6 Textbook Drills: Home Keys (fdsa jkl;) | DP:SECTIONS.SECTIONNAME | Y | MMM d\u002C yyyy | L6 Additional Drills: Learn Home Row\u002C Enter\u002C and Space Bar | N | N |)" name="And I check DP:SECTIONS.SECTIONNAME Y from section list" time="0"/>
  <testcase classname="And I click on Edit button(| L6 Textbook Drills: Home Keys (fdsa jkl;) | DP:SECTIONS.SECTIONNAME | Y | MMM d\u002C yyyy | L6 Additional Drills: Learn Home Row\u002C Enter\u002C and Space Bar | N | N |)" name="And I click on Edit button" time="0"/>
  <testcase classname="And I click on Lessons tab in Section page(| L6 Textbook Drills: Home Keys (fdsa jkl;) | DP:SECTIONS.SECTIONNAME | Y | MMM d\u002C yyyy | L6 Additional Drills: Learn Home Row\u002C Enter\u002C and Space Bar | N | N |)" name="And I click on Lessons tab in Section page" time="0"/>
  <testcase classname="And I enter L6 Additional Drills: Learn Home Row\u002C Enter\u002C and Space Bar in lesson search textbox(| L6 Textbook Drills: Home Keys (fdsa jkl;) | DP:SECTIONS.SECTIONNAME | Y | MMM d\u002C yyyy | L6 Additional Drills: Learn Home Row\u002C Enter\u002C and Space Bar | N | N |)" name="And I enter L6 Additional Drills: Learn Home Row\u002C Enter\u002C and Space Bar in lesson search textbox" time="0"/>
  <testcase classname="And I set L6 Additional Drills: Learn Home Row\u002C Enter\u002C and Space Bar N Keyboarding Project Always Available toggle to OFF(| L6 Textbook Drills: Home Keys (fdsa jkl;) | DP:SECTIONS.SECTIONNAME | Y | MMM d\u002C yyyy | L6 Additional Drills: Learn Home Row\u002C Enter\u002C and Space Bar | N | N |)" name="And I set L6 Additional Drills: Learn Home Row\u002C Enter\u002C and Space Bar N Keyboarding Project Always Available toggle to OFF" time="0"/>
  <testcase classname="And I click L6 Additional Drills: Learn Home Row\u002C Enter\u002C and Space Bar N section lesson dates and security field(| L6 Textbook Drills: Home Keys (fdsa jkl;) | DP:SECTIONS.SECTIONNAME | Y | MMM d\u002C yyyy | L6 Additional Drills: Learn Home Row\u002C Enter\u002C and Space Bar | N | N |)" name="And I click L6 Additional Drills: Learn Home Row\u002C Enter\u002C and Space Bar N section lesson dates and security field" time="0"/>
  <testcase classname="And I select Tomorrow date with MMM d\u002C yyyy from select available or due date in previous calendar(| L6 Textbook Drills: Home Keys (fdsa jkl;) | DP:SECTIONS.SECTIONNAME | Y | MMM d\u002C yyyy | L6 Additional Drills: Learn Home Row\u002C Enter\u002C and Space Bar | N | N |)" name="And I select Tomorrow date with MMM d\u002C yyyy from select available or due date in previous calendar" time="0"/>
  <testcase classname="And I click on Scheduling option Save and Close button(| L6 Textbook Drills: Home Keys (fdsa jkl;) | DP:SECTIONS.SECTIONNAME | Y | MMM d\u002C yyyy | L6 Additional Drills: Learn Home Row\u002C Enter\u002C and Space Bar | N | N |)" name="And I click on Scheduling option Save and Close button" time="0"/>
  <testcase classname="And I click on save and close button in section page(| L6 Textbook Drills: Home Keys (fdsa jkl;) | DP:SECTIONS.SECTIONNAME | Y | MMM d\u002C yyyy | L6 Additional Drills: Learn Home Row\u002C Enter\u002C and Space Bar | N | N |)" name="And I click on save and close button in section page" time="0"/>
  <testcase classname="And I click on SAM Assignments tab(| L6 Textbook Drills: Home Keys (fdsa jkl;) | DP:SECTIONS.SECTIONNAME | Y | MMM d\u002C yyyy | L6 Additional Drills: Learn Home Row\u002C Enter\u002C and Space Bar | N | N |)" name="And I click on SAM Assignments tab" time="0"/>
  <testcase classname="And I select DP:SECTIONS.SECTIONNAME Y from section drop down(| L6 Textbook Drills: Home Keys (fdsa jkl;) | DP:SECTIONS.SECTIONNAME | Y | MMM d\u002C yyyy | L6 Additional Drills: Learn Home Row\u002C Enter\u002C and Space Bar | N | N |)" name="And I select DP:SECTIONS.SECTIONNAME Y from section drop down" time="0"/>
  <testcase classname="And I verify Lesson 6 lesson available value should be blank(| L6 Textbook Drills: Home Keys (fdsa jkl;) | DP:SECTIONS.SECTIONNAME | Y | MMM d\u002C yyyy | L6 Additional Drills: Learn Home Row\u002C Enter\u002C and Space Bar | N | N |)" name="And I verify Lesson 6 lesson available value should be blank" time="0.001">
    <failure type="java.lang.AssertionError">java.lang.AssertionError
	at org.junit.Assert.fail(Assert.java:86)
	at org.junit.Assert.assertTrue(Assert.java:41)
	at org.junit.Assert.assertTrue(Assert.java:52)
	at cengage.samlms.stepdefinition.SAMAssignmentsSteps.iVerifyLessonLessonAvailableValueShouldBeBlank(SAMAssignmentsSteps.java:2635)
	at ✽.And I verify Lesson 6 lesson available value should be blank(test/resources/cengage/samlms/keyboarding/KB_Training_Assignment_Validation.feature:165)
</failure>
    <system-out>21:02:08.426 [main] ERROR cengage.common.toolbox.Sync - org.openqa.selenium.TimeoutException: Timed out after 150 seconds waiting for cengage.common.toolbox.Sync$1@39ee94de
Build info: version: &apos;2.53.0&apos;, revision: &apos;35ae25b1534ae328c771e0856c93e187490ca824&apos;, time: &apos;2016-03-15 10:43:46&apos;
System info: host: &apos;CODOID&apos;, ip: &apos;10.161.244.44&apos;, os.name: &apos;Windows 8.1&apos;, os.arch: &apos;amd64&apos;, os.version: &apos;6.3&apos;, java.version: &apos;1.8.0_91&apos;
Driver info: driver.version: unknown
21:02:08.429 [main] ERROR cengage.common.toolbox.Element - java.lang.NullPointerException
</system-out>
  </testcase>
  <testcase classname="| L6 Textbook Drills: Home Keys (fdsa jkl;) | DP:SECTIONS.SECTIONNAME | Y | MMM d\u002C yyyy | L6 Additional Drills: Learn Home Row\u002C Enter\u002C and Space Bar | N | N |" name="| L6 Textbook Drills: Home Keys " time="0.002">
    <failure type="java.lang.AssertionError">java.lang.AssertionError
	at org.junit.Assert.fail(Assert.java:86)
	at org.junit.Assert.assertTrue(Assert.java:41)
	at org.junit.Assert.assertTrue(Assert.java:52)
	at cengage.samlms.stepdefinition.SAMAssignmentsSteps.iVerifyLessonLessonAvailableValueShouldBeBlank(SAMAssignmentsSteps.java:2635)
	at ✽.And I verify Lesson 6 lesson available value should be blank(test/resources/cengage/samlms/keyboarding/KB_Training_Assignment_Validation.feature:165)
</failure>
  </testcase>
  <testcase classname="And I verify Lesson 6 lesson due-date value should be blank(| L6 Textbook Drills: Home Keys (fdsa jkl;) | DP:SECTIONS.SECTIONNAME | Y | MMM d\u002C yyyy | L6 Additional Drills: Learn Home Row\u002C Enter\u002C and Space Bar | N | N |)" name="And I verify Lesson 6 lesson due-date value should be blank" time="0.009">
    <skipped/>
  </testcase>
  <testcase classname="And I click to expand Lesson 6 lesson in SAM Assignments page(| L6 Textbook Drills: Home Keys (fdsa jkl;) | DP:SECTIONS.SECTIONNAME | Y | MMM d\u002C yyyy | L6 Additional Drills: Learn Home Row\u002C Enter\u002C and Space Bar | N | N |)" name="And I click to expand Lesson 6 lesson in SAM Assignments page" time="0.014">
    <skipped/>
  </testcase>
  <testcase classname="And I verify L6 Textbook Drills: Home Keys (fdsa jkl;) assignment Always value in available column(| L6 Textbook Drills: Home Keys (fdsa jkl;) | DP:SECTIONS.SECTIONNAME | Y | MMM d\u002C yyyy | L6 Additional Drills: Learn Home Row\u002C Enter\u002C and Space Bar | N | N |)" name="And I verify L6 Textbook Drills: Home Keys " time="0.02">
    <skipped/>
  </testcase>
  <testcase classname="And I click on Sections tab(| L6 Textbook Drills: Home Keys (fdsa jkl;) | DP:SECTIONS.SECTIONNAME | Y | MMM d\u002C yyyy | L6 Additional Drills: Learn Home Row\u002C Enter\u002C and Space Bar | N | N |)" name="And I click on Sections tab" time="0.022">
    <skipped/>
  </testcase>
  <testcase classname="And I check DP:SECTIONS.SECTIONNAME Y from section list(| L6 Textbook Drills: Home Keys (fdsa jkl;) | DP:SECTIONS.SECTIONNAME | Y | MMM d\u002C yyyy | L6 Additional Drills: Learn Home Row\u002C Enter\u002C and Space Bar | N | N |)" name="And I check DP:SECTIONS.SECTIONNAME Y from section list" time="0.024">
    <skipped/>
  </testcase>
  <testcase classname="And I click on Edit button(| L6 Textbook Drills: Home Keys (fdsa jkl;) | DP:SECTIONS.SECTIONNAME | Y | MMM d\u002C yyyy | L6 Additional Drills: Learn Home Row\u002C Enter\u002C and Space Bar | N | N |)" name="And I click on Edit button" time="0.025">
    <skipped/>
  </testcase>
  <testcase classname="And I click on Lessons tab in Section page(| L6 Textbook Drills: Home Keys (fdsa jkl;) | DP:SECTIONS.SECTIONNAME | Y | MMM d\u002C yyyy | L6 Additional Drills: Learn Home Row\u002C Enter\u002C and Space Bar | N | N |)" name="And I click on Lessons tab in Section page" time="0.027">
    <skipped/>
  </testcase>
  <testcase classname="And I enter L6 Textbook Drills: Home Keys (fdsa jkl;) in lesson search textbox(| L6 Textbook Drills: Home Keys (fdsa jkl;) | DP:SECTIONS.SECTIONNAME | Y | MMM d\u002C yyyy | L6 Additional Drills: Learn Home Row\u002C Enter\u002C and Space Bar | N | N |)" name="And I enter L6 Textbook Drills: Home Keys " time="0.029">
    <skipped/>
  </testcase>
  <testcase classname="And I set L6 Textbook Drills: Home Keys (fdsa jkl;) N Keyboarding Project Always Available toggle to OFF(| L6 Textbook Drills: Home Keys (fdsa jkl;) | DP:SECTIONS.SECTIONNAME | Y | MMM d\u002C yyyy | L6 Additional Drills: Learn Home Row\u002C Enter\u002C and Space Bar | N | N |)" name="And I set L6 Textbook Drills: Home Keys " time="0.031">
    <skipped/>
  </testcase>
  <testcase classname="And I click L6 Textbook Drills: Home Keys (fdsa jkl;) N section lesson dates and security field(| L6 Textbook Drills: Home Keys (fdsa jkl;) | DP:SECTIONS.SECTIONNAME | Y | MMM d\u002C yyyy | L6 Additional Drills: Learn Home Row\u002C Enter\u002C and Space Bar | N | N |)" name="And I click L6 Textbook Drills: Home Keys " time="0.033">
    <skipped/>
  </testcase>
  <testcase classname="And I select Tomorrow date with MMM d\u002C yyyy from select available or due date in previous calendar(| L6 Textbook Drills: Home Keys (fdsa jkl;) | DP:SECTIONS.SECTIONNAME | Y | MMM d\u002C yyyy | L6 Additional Drills: Learn Home Row\u002C Enter\u002C and Space Bar | N | N |)" name="And I select Tomorrow date with MMM d\u002C yyyy from select available or due date in previous calendar" time="0.037">
    <skipped/>
  </testcase>
  <testcase classname="And I select Day After Tomorrow date with MMM d\u002C yyyy from select available or due date in previous calendar(| L6 Textbook Drills: Home Keys (fdsa jkl;) | DP:SECTIONS.SECTIONNAME | Y | MMM d\u002C yyyy | L6 Additional Drills: Learn Home Row\u002C Enter\u002C and Space Bar | N | N |)" name="And I select Day After Tomorrow date with MMM d\u002C yyyy from select available or due date in previous calendar" time="0.043">
    <skipped/>
  </testcase>
  <testcase classname="And I click on Scheduling option Save and Close button(| L6 Textbook Drills: Home Keys (fdsa jkl;) | DP:SECTIONS.SECTIONNAME | Y | MMM d\u002C yyyy | L6 Additional Drills: Learn Home Row\u002C Enter\u002C and Space Bar | N | N |)" name="And I click on Scheduling option Save and Close button" time="0.045">
    <skipped/>
  </testcase>
  <testcase classname="And I click on save and close button in section page(| L6 Textbook Drills: Home Keys (fdsa jkl;) | DP:SECTIONS.SECTIONNAME | Y | MMM d\u002C yyyy | L6 Additional Drills: Learn Home Row\u002C Enter\u002C and Space Bar | N | N |)" name="And I click on save and close button in section page" time="0.047">
    <skipped/>
  </testcase>
  <testcase classname="And I click on SAM Assignments tab(| L6 Textbook Drills: Home Keys (fdsa jkl;) | DP:SECTIONS.SECTIONNAME | Y | MMM d\u002C yyyy | L6 Additional Drills: Learn Home Row\u002C Enter\u002C and Space Bar | N | N |)" name="And I click on SAM Assignments tab" time="0.048">
    <skipped/>
  </testcase>
  <testcase classname="And I select DP:SECTIONS.SECTIONNAME Y from section drop down(| L6 Textbook Drills: Home Keys (fdsa jkl;) | DP:SECTIONS.SECTIONNAME | Y | MMM d\u002C yyyy | L6 Additional Drills: Learn Home Row\u002C Enter\u002C and Space Bar | N | N |)" name="And I select DP:SECTIONS.SECTIONNAME Y from section drop down" time="0.05">
    <skipped/>
  </testcase>
  <testcase classname="And I verify Lesson 6 lesson available value should be blank(| L6 Textbook Drills: Home Keys (fdsa jkl;) | DP:SECTIONS.SECTIONNAME | Y | MMM d\u002C yyyy | L6 Additional Drills: Learn Home Row\u002C Enter\u002C and Space Bar | N | N |)" name="And I verify Lesson 6 lesson available value should be blank" time="0.051">
    <skipped/>
  </testcase>
  <testcase classname="And I verify Lesson 6 lesson due-date value should be blank(| L6 Textbook Drills: Home Keys (fdsa jkl;) | DP:SECTIONS.SECTIONNAME | Y | MMM d\u002C yyyy | L6 Additional Drills: Learn Home Row\u002C Enter\u002C and Space Bar | N | N |)" name="And I verify Lesson 6 lesson due-date value should be blank" time="0.053">
    <skipped/>
  </testcase>
  <testcase classname="When I click to expand Lesson 6 lesson in SAM Assignments page(| L6 Textbook Drills: Home Keys (fdsa jkl;) | DP:SECTIONS.SECTIONNAME | Y | MMM d\u002C yyyy | L6 Additional Drills: Learn Home Row\u002C Enter\u002C and Space Bar | N | N |)" name="When I click to expand Lesson 6 lesson in SAM Assignments page" time="0.054">
    <skipped/>
  </testcase>
  <testcase classname="Then I verify L6 Additional Drills: Learn Home Row\u002C Enter\u002C and Space Bar available value as tomorowDate(| L6 Textbook Drills: Home Keys (fdsa jkl;) | DP:SECTIONS.SECTIONNAME | Y | MMM d\u002C yyyy | L6 Additional Drills: Learn Home Row\u002C Enter\u002C and Space Bar | N | N |)" name="Then I verify L6 Additional Drills: Learn Home Row\u002C Enter\u002C and Space Bar available value as tomorowDate" time="0.056">
    <skipped/>
  </testcase>
  <testcase classname="And I verify L6 Textbook Drills: Home Keys (fdsa jkl;) available value as tomorowDate(| L6 Textbook Drills: Home Keys (fdsa jkl;) | DP:SECTIONS.SECTIONNAME | Y | MMM d\u002C yyyy | L6 Additional Drills: Learn Home Row\u002C Enter\u002C and Space Bar | N | N |)" name="And I verify L6 Textbook Drills: Home Keys " time="0.058">
    <skipped/>
  </testcase>
  <testcase classname="And I verify L6 Textbook Drills: Home Keys (fdsa jkl;) due-date value as dayAfterTomorrow(| L6 Textbook Drills: Home Keys (fdsa jkl;) | DP:SECTIONS.SECTIONNAME | Y | MMM d\u002C yyyy | L6 Additional Drills: Learn Home Row\u002C Enter\u002C and Space Bar | N | N |)" name="And I verify L6 Textbook Drills: Home Keys " time="0.06">
    <skipped/>
  </testcase>
  <testcase classname="| L2 Training: Application Software Basics | DP:SECTIONS.SECTIONNAME | L3 Training: Using a Software Application | MMM d\u002C yyyy | N | Y |" name="Given I click on Sections tab" time="0"/>
  <testcase classname="| L2 Training: Application Software Basics | DP:SECTIONS.SECTIONNAME | L3 Training: Using a Software Application | MMM d\u002C yyyy | N | Y |" name="And I check DP:SECTIONS.SECTIONNAME Y from section list" time="0"/>
  <testcase classname="| L2 Training: Application Software Basics | DP:SECTIONS.SECTIONNAME | L3 Training: Using a Software Application | MMM d\u002C yyyy | N | Y |" name="And I click on Edit button" time="0"/>
  <testcase classname="| L2 Training: Application Software Basics | DP:SECTIONS.SECTIONNAME | L3 Training: Using a Software Application | MMM d\u002C yyyy | N | Y |" name="And I click on Lessons tab in Section page" time="0"/>
  <testcase classname="| L2 Training: Application Software Basics | DP:SECTIONS.SECTIONNAME | L3 Training: Using a Software Application | MMM d\u002C yyyy | N | Y |" name="And I enter L3 Training: Using a Software Application in lesson search textbox" time="0"/>
  <testcase classname="| L2 Training: Application Software Basics | DP:SECTIONS.SECTIONNAME | L3 Training: Using a Software Application | MMM d\u002C yyyy | N | Y |" name="And I set L3 Training: Using a Software Application N Keyboarding Project Always Available toggle to OFF" time="0"/>
  <testcase classname="| L2 Training: Application Software Basics | DP:SECTIONS.SECTIONNAME | L3 Training: Using a Software Application | MMM d\u002C yyyy | N | Y |" name="And I click L3 Training: Using a Software Application N section lesson dates and security field" time="0"/>
  <testcase classname="| L2 Training: Application Software Basics | DP:SECTIONS.SECTIONNAME | L3 Training: Using a Software Application | MMM d\u002C yyyy | N | Y |" name="And I click select Available Date only radio button in Dates\/Security scheduling options modal" time="0.001"/>
  <testcase classname="| L2 Training: Application Software Basics | DP:SECTIONS.SECTIONNAME | L3 Training: Using a Software Application | MMM d\u002C yyyy | N | Y |" name="And I select Todays date with MMM d\u002C yyyy from select available or due date in previous calendar" time="0"/>
  <testcase classname="| L2 Training: Application Software Basics | DP:SECTIONS.SECTIONNAME | L3 Training: Using a Software Application | MMM d\u002C yyyy | N | Y |" name="And I click on Scheduling option Save and Close button" time="0"/>
  <testcase classname="| L2 Training: Application Software Basics | DP:SECTIONS.SECTIONNAME | L3 Training: Using a Software Application | MMM d\u002C yyyy | N | Y |" name="And I click on save and close button in section page" time="0"/>
  <testcase classname="| L2 Training: Application Software Basics | DP:SECTIONS.SECTIONNAME | L3 Training: Using a Software Application | MMM d\u002C yyyy | N | Y |" name="And I click on SAM Assignments tab" time="0"/>
  <testcase classname="| L2 Training: Application Software Basics | DP:SECTIONS.SECTIONNAME | L3 Training: Using a Software Application | MMM d\u002C yyyy | N | Y |" name="And I select DP:SECTIONS.SECTIONNAME Y from section drop down" time="0"/>
  <testcase classname="| L2 Training: Application Software Basics | DP:SECTIONS.SECTIONNAME | L3 Training: Using a Software Application | MMM d\u002C yyyy | N | Y |" name="And I click to expand Lesson 3 lesson in SAM Assignments page" time="0">
    <failure type="java.lang.AssertionError">java.lang.AssertionError
	at org.junit.Assert.fail(Assert.java:86)
	at org.junit.Assert.assertTrue(Assert.java:41)
	at org.junit.Assert.assertTrue(Assert.java:52)
	at cengage.samlms.stepdefinition.SAMAssignmentsSteps.iClickToExpandLessonnoLessonInSAMAssignmentsPage(SAMAssignmentsSteps.java:2615)
	at ✽.And I click to expand Lesson 3 lesson in SAM Assignments page(test/resources/cengage/samlms/keyboarding/KB_Training_Assignment_Validation.feature:211)
</failure>
    <system-out>21:05:59.586 [main] ERROR cengage.common.toolbox.Sync - org.openqa.selenium.TimeoutException: Timed out after 150 seconds waiting for cengage.common.toolbox.Sync$1@4fb04a72
Build info: version: &apos;2.53.0&apos;, revision: &apos;35ae25b1534ae328c771e0856c93e187490ca824&apos;, time: &apos;2016-03-15 10:43:46&apos;
System info: host: &apos;CODOID&apos;, ip: &apos;10.161.244.44&apos;, os.name: &apos;Windows 8.1&apos;, os.arch: &apos;amd64&apos;, os.version: &apos;6.3&apos;, java.version: &apos;1.8.0_91&apos;
Driver info: driver.version: unknown
21:05:59.590 [main] ERROR cengage.common.toolbox.Sync - java.lang.NullPointerException
21:05:59.603 [main] ERROR cengage.common.toolbox.Element - org.openqa.selenium.WebDriverException: unknown error: Cannot read property &apos;click&apos; of null
  (Session info: chrome=56.0.2924.87)
  (Driver info: chromedriver=2.25.426923 (0390b88869384d6eb0d5d09729679f934aab9eed),platform=Windows NT 6.3.9600 x86_64) (WARNING: The server did not provide any stacktrace information)
Command duration or timeout: 11 milliseconds
Build info: version: &apos;2.53.0&apos;, revision: &apos;35ae25b1534ae328c771e0856c93e187490ca824&apos;, time: &apos;2016-03-15 10:43:46&apos;
System info: host: &apos;CODOID&apos;, ip: &apos;10.161.244.44&apos;, os.name: &apos;Windows 8.1&apos;, os.arch: &apos;amd64&apos;, os.version: &apos;6.3&apos;, java.version: &apos;1.8.0_91&apos;
Driver info: org.openqa.selenium.chrome.ChromeDriver
Capabilities [{applicationCacheEnabled=false, rotatable=false, mobileEmulationEnabled=false, networkConnectionEnabled=false, chrome={chromedriverVersion=2.25.426923 (0390b88869384d6eb0d5d09729679f934aab9eed), userDataDir=C:\Users\CODOID~1\AppData\Local\Temp\scoped_dir3872_13250}, takesHeapSnapshot=true, pageLoadStrategy=normal, databaseEnabled=false, handlesAlerts=true, hasTouchScreen=false, version=56.0.2924.87, platform=WIN8_1, browserConnectionEnabled=false, nativeEvents=true, acceptSslCerts=true, locationContextEnabled=true, webStorageEnabled=true, browserName=chrome, takesScreenshot=true, javascriptEnabled=true, cssSelectorsEnabled=true}]
Session ID: 18b4ef8828fe3887e5e860a542d7704c
</system-out>
  </testcase>
  <testcase classname="| L2 Training: Application Software Basics | DP:SECTIONS.SECTIONNAME | L3 Training: Using a Software Application | MMM d\u002C yyyy | N | Y |" name="| L2 Training: Application Software Basics | DP:SECTIONS.SECTIONNAME | L3 Training: Using a Software Application | MMM d\u002C yyyy | N | Y |" time="0.001">
    <failure type="java.lang.AssertionError">java.lang.AssertionError
	at org.junit.Assert.fail(Assert.java:86)
	at org.junit.Assert.assertTrue(Assert.java:41)
	at org.junit.Assert.assertTrue(Assert.java:52)
	at cengage.samlms.stepdefinition.SAMAssignmentsSteps.iClickToExpandLessonnoLessonInSAMAssignmentsPage(SAMAssignmentsSteps.java:2615)
	at ✽.And I click to expand Lesson 3 lesson in SAM Assignments page(test/resources/cengage/samlms/keyboarding/KB_Training_Assignment_Validation.feature:211)
</failure>
  </testcase>
  <testcase classname="| L2 Training: Application Software Basics | DP:SECTIONS.SECTIONNAME | L3 Training: Using a Software Application | MMM d\u002C yyyy | N | Y |" name="And I verify L3 Training: Using a Software Application assignment Always value in available column" time="0.004">
    <skipped/>
  </testcase>
  <testcase classname="| L2 Training: Application Software Basics | DP:SECTIONS.SECTIONNAME | L3 Training: Using a Software Application | MMM d\u002C yyyy | N | Y |" name="And I click on Sections tab" time="0.006">
    <skipped/>
  </testcase>
  <testcase classname="| L2 Training: Application Software Basics | DP:SECTIONS.SECTIONNAME | L3 Training: Using a Software Application | MMM d\u002C yyyy | N | Y |" name="And I check DP:SECTIONS.SECTIONNAME Y from section list" time="0.008">
    <skipped/>
  </testcase>
  <testcase classname="| L2 Training: Application Software Basics | DP:SECTIONS.SECTIONNAME | L3 Training: Using a Software Application | MMM d\u002C yyyy | N | Y |" name="And I click on Edit button" time="0.01">
    <skipped/>
  </testcase>
  <testcase classname="| L2 Training: Application Software Basics | DP:SECTIONS.SECTIONNAME | L3 Training: Using a Software Application | MMM d\u002C yyyy | N | Y |" name="And I click on Lessons tab in Section page" time="0.013">
    <skipped/>
  </testcase>
  <testcase classname="| L2 Training: Application Software Basics | DP:SECTIONS.SECTIONNAME | L3 Training: Using a Software Application | MMM d\u002C yyyy | N | Y |" name="And I enter L3 Training: Using a Software Application in lesson search textbox" time="0.016">
    <skipped/>
  </testcase>
  <testcase classname="| L2 Training: Application Software Basics | DP:SECTIONS.SECTIONNAME | L3 Training: Using a Software Application | MMM d\u002C yyyy | N | Y |" name="And I click L3 Training: Using a Software Application N section lesson dates and security field" time="0.018">
    <skipped/>
  </testcase>
  <testcase classname="| L2 Training: Application Software Basics | DP:SECTIONS.SECTIONNAME | L3 Training: Using a Software Application | MMM d\u002C yyyy | N | Y |" name="And I select Tomorrow date with MMM d\u002C yyyy from select available or due date in previous calendar" time="0.021">
    <skipped/>
  </testcase>
  <testcase classname="| L2 Training: Application Software Basics | DP:SECTIONS.SECTIONNAME | L3 Training: Using a Software Application | MMM d\u002C yyyy | N | Y |" name="And I click on Scheduling option Save and Close button" time="0.023">
    <skipped/>
  </testcase>
  <testcase classname="| L2 Training: Application Software Basics | DP:SECTIONS.SECTIONNAME | L3 Training: Using a Software Application | MMM d\u002C yyyy | N | Y |" name="And I click on save and close button in section page" time="0.025">
    <skipped/>
  </testcase>
  <testcase classname="| L2 Training: Application Software Basics | DP:SECTIONS.SECTIONNAME | L3 Training: Using a Software Application | MMM d\u002C yyyy | N | Y |" name="And I click on SAM Assignments tab" time="0.027">
    <skipped/>
  </testcase>
  <testcase classname="| L2 Training: Application Software Basics | DP:SECTIONS.SECTIONNAME | L3 Training: Using a Software Application | MMM d\u002C yyyy | N | Y |" name="And I select DP:SECTIONS.SECTIONNAME Y from section drop down" time="0.029">
    <skipped/>
  </testcase>
  <testcase classname="| L2 Training: Application Software Basics | DP:SECTIONS.SECTIONNAME | L3 Training: Using a Software Application | MMM d\u002C yyyy | N | Y |" name="And I click to expand Lesson 3 lesson in SAM Assignments page" time="0.03">
    <skipped/>
  </testcase>
  <testcase classname="| L2 Training: Application Software Basics | DP:SECTIONS.SECTIONNAME | L3 Training: Using a Software Application | MMM d\u002C yyyy | N | Y |" name="And I verify L3 Training: Using a Software Application available value as tomorowDate" time="0.032">
    <skipped/>
  </testcase>
  <testcase classname="| L2 Training: Application Software Basics | DP:SECTIONS.SECTIONNAME | L3 Training: Using a Software Application | MMM d\u002C yyyy | N | Y |" name="And I verify L3 Training: Using a Software Application assignment --- value in due-date column" time="0.035">
    <skipped/>
  </testcase>
  <testcase classname="| L2 Training: Application Software Basics | DP:SECTIONS.SECTIONNAME | L3 Training: Using a Software Application | MMM d\u002C yyyy | N | Y |" name="And I click on Sections tab" time="0.038">
    <skipped/>
  </testcase>
  <testcase classname="| L2 Training: Application Software Basics | DP:SECTIONS.SECTIONNAME | L3 Training: Using a Software Application | MMM d\u002C yyyy | N | Y |" name="And I check DP:SECTIONS.SECTIONNAME Y from section list" time="0.039">
    <skipped/>
  </testcase>
  <testcase classname="| L2 Training: Application Software Basics | DP:SECTIONS.SECTIONNAME | L3 Training: Using a Software Application | MMM d\u002C yyyy | N | Y |" name="And I click on Edit button" time="0.041">
    <skipped/>
  </testcase>
  <testcase classname="| L2 Training: Application Software Basics | DP:SECTIONS.SECTIONNAME | L3 Training: Using a Software Application | MMM d\u002C yyyy | N | Y |" name="And I click on Lessons tab in Section page" time="0.042">
    <skipped/>
  </testcase>
  <testcase classname="| L2 Training: Application Software Basics | DP:SECTIONS.SECTIONNAME | L3 Training: Using a Software Application | MMM d\u002C yyyy | N | Y |" name="And I enter L2 Training: Application Software Basics in lesson search textbox" time="0.044">
    <skipped/>
  </testcase>
  <testcase classname="| L2 Training: Application Software Basics | DP:SECTIONS.SECTIONNAME | L3 Training: Using a Software Application | MMM d\u002C yyyy | N | Y |" name="And I set L2 Training: Application Software Basics N Keyboarding Project Always Available toggle to OFF" time="0.045">
    <skipped/>
  </testcase>
  <testcase classname="| L2 Training: Application Software Basics | DP:SECTIONS.SECTIONNAME | L3 Training: Using a Software Application | MMM d\u002C yyyy | N | Y |" name="And I click L2 Training: Application Software Basics N section lesson dates and security field" time="0.047">
    <skipped/>
  </testcase>
  <testcase classname="| L2 Training: Application Software Basics | DP:SECTIONS.SECTIONNAME | L3 Training: Using a Software Application | MMM d\u002C yyyy | N | Y |" name="And I Click Select Training Due Date only radio button" time="0.048">
    <skipped/>
  </testcase>
  <testcase classname="| L2 Training: Application Software Basics | DP:SECTIONS.SECTIONNAME | L3 Training: Using a Software Application | MMM d\u002C yyyy | N | Y |" name="And I select Tomorrow date with MMM d\u002C yyyy from select available or due date in previous calendar" time="0.051">
    <skipped/>
  </testcase>
  <testcase classname="| L2 Training: Application Software Basics | DP:SECTIONS.SECTIONNAME | L3 Training: Using a Software Application | MMM d\u002C yyyy | N | Y |" name="And I click on Scheduling option Save and Close button" time="0.052">
    <skipped/>
  </testcase>
  <testcase classname="| L2 Training: Application Software Basics | DP:SECTIONS.SECTIONNAME | L3 Training: Using a Software Application | MMM d\u002C yyyy | N | Y |" name="And I click on save and close button in section page" time="0.054">
    <skipped/>
  </testcase>
  <testcase classname="| L2 Training: Application Software Basics | DP:SECTIONS.SECTIONNAME | L3 Training: Using a Software Application | MMM d\u002C yyyy | N | Y |" name="And I click on SAM Assignments tab" time="0.055">
    <skipped/>
  </testcase>
  <testcase classname="| L2 Training: Application Software Basics | DP:SECTIONS.SECTIONNAME | L3 Training: Using a Software Application | MMM d\u002C yyyy | N | Y |" name="And I select DP:SECTIONS.SECTIONNAME Y from section drop down" time="0.057">
    <skipped/>
  </testcase>
  <testcase classname="| L2 Training: Application Software Basics | DP:SECTIONS.SECTIONNAME | L3 Training: Using a Software Application | MMM d\u002C yyyy | N | Y |" name="And I verify Lesson 2 lesson available value in Always column" time="0.058">
    <skipped/>
  </testcase>
  <testcase classname="| L2 Training: Application Software Basics | DP:SECTIONS.SECTIONNAME | L3 Training: Using a Software Application | MMM d\u002C yyyy | N | Y |" name="And I verify Lesson 2 corresponding to lesson row due-date values as tomorowDate" time="0.06">
    <skipped/>
  </testcase>
  <testcase classname="| L2 Training: Application Software Basics | DP:SECTIONS.SECTIONNAME | L3 Training: Using a Software Application | MMM d\u002C yyyy | N | Y |" name="And I click to expand Lesson 2 lesson in SAM Assignments page" time="0.061">
    <skipped/>
  </testcase>
  <testcase classname="| L2 Training: Application Software Basics | DP:SECTIONS.SECTIONNAME | L3 Training: Using a Software Application | MMM d\u002C yyyy | N | Y |" name="And I verify L2 Training: Application Software Basics due-date value as tomorowDate" time="0.062">
    <skipped/>
  </testcase>
  <testcase classname="| L2 Training: Application Software Basics | DP:SECTIONS.SECTIONNAME | L3 Training: Using a Software Application | MMM d\u002C yyyy | N | Y |" name="And I click on Sections tab" time="0.063">
    <skipped/>
  </testcase>
  <testcase classname="| L2 Training: Application Software Basics | DP:SECTIONS.SECTIONNAME | L3 Training: Using a Software Application | MMM d\u002C yyyy | N | Y |" name="And I check DP:SECTIONS.SECTIONNAME Y from section list" time="0.064">
    <skipped/>
  </testcase>
  <testcase classname="| L2 Training: Application Software Basics | DP:SECTIONS.SECTIONNAME | L3 Training: Using a Software Application | MMM d\u002C yyyy | N | Y |" name="And I click on Edit button" time="0.065">
    <skipped/>
  </testcase>
  <testcase classname="| L2 Training: Application Software Basics | DP:SECTIONS.SECTIONNAME | L3 Training: Using a Software Application | MMM d\u002C yyyy | N | Y |" name="And I click on Lessons tab in Section page" time="0.066">
    <skipped/>
  </testcase>
  <testcase classname="| L2 Training: Application Software Basics | DP:SECTIONS.SECTIONNAME | L3 Training: Using a Software Application | MMM d\u002C yyyy | N | Y |" name="And I enter L2 Training: Application Software Basics in lesson search textbox" time="0.069">
    <skipped/>
  </testcase>
  <testcase classname="| L2 Training: Application Software Basics | DP:SECTIONS.SECTIONNAME | L3 Training: Using a Software Application | MMM d\u002C yyyy | N | Y |" name="And I click L2 Training: Application Software Basics N section lesson dates and security field" time="0.07">
    <skipped/>
  </testcase>
  <testcase classname="| L2 Training: Application Software Basics | DP:SECTIONS.SECTIONNAME | L3 Training: Using a Software Application | MMM d\u002C yyyy | N | Y |" name="And I Click Select Training Due Date only radio button" time="0.071">
    <skipped/>
  </testcase>
  <testcase classname="| L2 Training: Application Software Basics | DP:SECTIONS.SECTIONNAME | L3 Training: Using a Software Application | MMM d\u002C yyyy | N | Y |" name="And I set Available After due date toggle to ON" time="0.072">
    <skipped/>
  </testcase>
  <testcase classname="| L2 Training: Application Software Basics | DP:SECTIONS.SECTIONNAME | L3 Training: Using a Software Application | MMM d\u002C yyyy | N | Y |" name="And I click on Scheduling option Save and Close button" time="0.073">
    <skipped/>
  </testcase>
  <testcase classname="| L2 Training: Application Software Basics | DP:SECTIONS.SECTIONNAME | L3 Training: Using a Software Application | MMM d\u002C yyyy | N | Y |" name="And I click on save and close button in section page" time="0.074">
    <skipped/>
  </testcase>
  <testcase classname="| L2 Training: Application Software Basics | DP:SECTIONS.SECTIONNAME | L3 Training: Using a Software Application | MMM d\u002C yyyy | N | Y |" name="And I click on SAM Assignments tab" time="0.075">
    <skipped/>
  </testcase>
  <testcase classname="| L2 Training: Application Software Basics | DP:SECTIONS.SECTIONNAME | L3 Training: Using a Software Application | MMM d\u002C yyyy | N | Y |" name="And I select DP:SECTIONS.SECTIONNAME Y from section drop down" time="0.077">
    <skipped/>
  </testcase>
  <testcase classname="| L2 Training: Application Software Basics | DP:SECTIONS.SECTIONNAME | L3 Training: Using a Software Application | MMM d\u002C yyyy | N | Y |" name="And I verify Lesson 2 lesson available value in Always column" time="0.078">
    <skipped/>
  </testcase>
  <testcase classname="| L2 Training: Application Software Basics | DP:SECTIONS.SECTIONNAME | L3 Training: Using a Software Application | MMM d\u002C yyyy | N | Y |" name="And I verify Lesson 2 corresponding to lesson row due-date values as tomorowDate" time="0.08">
    <skipped/>
  </testcase>
  <testcase classname="| L2 Training: Application Software Basics | DP:SECTIONS.SECTIONNAME | L3 Training: Using a Software Application | MMM d\u002C yyyy | N | Y |" name="When I click to expand Lesson 2 lesson in SAM Assignments page" time="0.081">
    <skipped/>
  </testcase>
  <testcase classname="| L2 Training: Application Software Basics | DP:SECTIONS.SECTIONNAME | L3 Training: Using a Software Application | MMM d\u002C yyyy | N | Y |" name="Then I verify L2 Training: Application Software Basics due-date value as tomorowDate" time="0.082">
    <skipped/>
  </testcase>
  <testcase classname="| super_T2088807@sam.com | &amp;PASSWORD&amp; | &amp;SECTIONS.SECTIONNAME_RANDOM&amp; |" name="Given As a SAM LMS user\u002C I login with following credential super_T2088807@sam.com and &amp;PASSWORD&amp;" time="0"/>
  <testcase classname="| super_T2088807@sam.com | &amp;PASSWORD&amp; | &amp;SECTIONS.SECTIONNAME_RANDOM&amp; |" name="And I create keyboarding &amp;SECTIONS.SECTIONNAME_RANDOM&amp; section" time="0"/>
  <testcase classname="| super_T2088807@sam.com | &amp;PASSWORD&amp; | &amp;SECTIONS.SECTIONNAME_RANDOM&amp; |" name="| super_T2088807@sam.com | &amp;PASSWORD&amp; | &amp;SECTIONS.SECTIONNAME_RANDOM&amp; |" time="11.334"/>
  <testcase classname="| super_T2088807@sam.com | DP:SUPER.PASSWORD | Users | DP:STUDENTS.STUDENT1.FIRSTNAME | DP:STUDENTS.STUDENT1.LASTNAME | Student | DP:STUDENTS.STUDENT1.USERNAME | DP:STUDENTS.STUDENT1.PASSWORD | DP:SECRET.QUESTION | DP:SECRET.ANSWER | DP:STUDENTS.STUDENT1.NEWPASSWORD | Y | N | Sections | Join a Section | &amp;SECTIONS.SECTIONNAME_RANDOM&amp; |" name="Given As a user I see login page of LMS" time="0"/>
  <testcase classname="| super_T2088807@sam.com | DP:SUPER.PASSWORD | Users | DP:STUDENTS.STUDENT1.FIRSTNAME | DP:STUDENTS.STUDENT1.LASTNAME | Student | DP:STUDENTS.STUDENT1.USERNAME | DP:STUDENTS.STUDENT1.PASSWORD | DP:SECRET.QUESTION | DP:SECRET.ANSWER | DP:STUDENTS.STUDENT1.NEWPASSWORD | Y | N | Sections | Join a Section | &amp;SECTIONS.SECTIONNAME_RANDOM&amp; |" name="And I enter super_T2088807@sam.com N Username in LMS login page" time="0"/>
  <testcase classname="| super_T2088807@sam.com | DP:SUPER.PASSWORD | Users | DP:STUDENTS.STUDENT1.FIRSTNAME | DP:STUDENTS.STUDENT1.LASTNAME | Student | DP:STUDENTS.STUDENT1.USERNAME | DP:STUDENTS.STUDENT1.PASSWORD | DP:SECRET.QUESTION | DP:SECRET.ANSWER | DP:STUDENTS.STUDENT1.NEWPASSWORD | Y | N | Sections | Join a Section | &amp;SECTIONS.SECTIONNAME_RANDOM&amp; |" name="And I enter DP:SUPER.PASSWORD Password in LMS login page" time="0"/>
  <testcase classname="| super_T2088807@sam.com | DP:SUPER.PASSWORD | Users | DP:STUDENTS.STUDENT1.FIRSTNAME | DP:STUDENTS.STUDENT1.LASTNAME | Student | DP:STUDENTS.STUDENT1.USERNAME | DP:STUDENTS.STUDENT1.PASSWORD | DP:SECRET.QUESTION | DP:SECRET.ANSWER | DP:STUDENTS.STUDENT1.NEWPASSWORD | Y | N | Sections | Join a Section | &amp;SECTIONS.SECTIONNAME_RANDOM&amp; |" name="And I click on Log In button" time="0"/>
  <testcase classname="| super_T2088807@sam.com | DP:SUPER.PASSWORD | Users | DP:STUDENTS.STUDENT1.FIRSTNAME | DP:STUDENTS.STUDENT1.LASTNAME | Student | DP:STUDENTS.STUDENT1.USERNAME | DP:STUDENTS.STUDENT1.PASSWORD | DP:SECRET.QUESTION | DP:SECRET.ANSWER | DP:STUDENTS.STUDENT1.NEWPASSWORD | Y | N | Sections | Join a Section | &amp;SECTIONS.SECTIONNAME_RANDOM&amp; |" name="And I see home page of LMS" time="0"/>
  <testcase classname="| super_T2088807@sam.com | DP:SUPER.PASSWORD | Users | DP:STUDENTS.STUDENT1.FIRSTNAME | DP:STUDENTS.STUDENT1.LASTNAME | Student | DP:STUDENTS.STUDENT1.USERNAME | DP:STUDENTS.STUDENT1.PASSWORD | DP:SECRET.QUESTION | DP:SECRET.ANSWER | DP:STUDENTS.STUDENT1.NEWPASSWORD | Y | N | Sections | Join a Section | &amp;SECTIONS.SECTIONNAME_RANDOM&amp; |" name="And I click on Users tab" time="0"/>
  <testcase classname="| super_T2088807@sam.com | DP:SUPER.PASSWORD | Users | DP:STUDENTS.STUDENT1.FIRSTNAME | DP:STUDENTS.STUDENT1.LASTNAME | Student | DP:STUDENTS.STUDENT1.USERNAME | DP:STUDENTS.STUDENT1.PASSWORD | DP:SECRET.QUESTION | DP:SECRET.ANSWER | DP:STUDENTS.STUDENT1.NEWPASSWORD | Y | N | Sections | Join a Section | &amp;SECTIONS.SECTIONNAME_RANDOM&amp; |" name="And I click on Add New button" time="0"/>
  <testcase classname="| super_T2088807@sam.com | DP:SUPER.PASSWORD | Users | DP:STUDENTS.STUDENT1.FIRSTNAME | DP:STUDENTS.STUDENT1.LASTNAME | Student | DP:STUDENTS.STUDENT1.USERNAME | DP:STUDENTS.STUDENT1.PASSWORD | DP:SECRET.QUESTION | DP:SECRET.ANSWER | DP:STUDENTS.STUDENT1.NEWPASSWORD | Y | N | Sections | Join a Section | &amp;SECTIONS.SECTIONNAME_RANDOM&amp; |" name="And I enter DP:STUDENTS.STUDENT1.FIRSTNAME in First Name" time="0"/>
  <testcase classname="| super_T2088807@sam.com | DP:SUPER.PASSWORD | Users | DP:STUDENTS.STUDENT1.FIRSTNAME | DP:STUDENTS.STUDENT1.LASTNAME | Student | DP:STUDENTS.STUDENT1.USERNAME | DP:STUDENTS.STUDENT1.PASSWORD | DP:SECRET.QUESTION | DP:SECRET.ANSWER | DP:STUDENTS.STUDENT1.NEWPASSWORD | Y | N | Sections | Join a Section | &amp;SECTIONS.SECTIONNAME_RANDOM&amp; |" name="And I enter DP:STUDENTS.STUDENT1.LASTNAME in Last Name" time="0"/>
  <testcase classname="| super_T2088807@sam.com | DP:SUPER.PASSWORD | Users | DP:STUDENTS.STUDENT1.FIRSTNAME | DP:STUDENTS.STUDENT1.LASTNAME | Student | DP:STUDENTS.STUDENT1.USERNAME | DP:STUDENTS.STUDENT1.PASSWORD | DP:SECRET.QUESTION | DP:SECRET.ANSWER | DP:STUDENTS.STUDENT1.NEWPASSWORD | Y | N | Sections | Join a Section | &amp;SECTIONS.SECTIONNAME_RANDOM&amp; |" name="And I select Student from Role" time="0"/>
  <testcase classname="| super_T2088807@sam.com | DP:SUPER.PASSWORD | Users | DP:STUDENTS.STUDENT1.FIRSTNAME | DP:STUDENTS.STUDENT1.LASTNAME | Student | DP:STUDENTS.STUDENT1.USERNAME | DP:STUDENTS.STUDENT1.PASSWORD | DP:SECRET.QUESTION | DP:SECRET.ANSWER | DP:STUDENTS.STUDENT1.NEWPASSWORD | Y | N | Sections | Join a Section | &amp;SECTIONS.SECTIONNAME_RANDOM&amp; |" name="And I enter DP:STUDENTS.STUDENT1.USERNAME in Username" time="0"/>
  <testcase classname="| super_T2088807@sam.com | DP:SUPER.PASSWORD | Users | DP:STUDENTS.STUDENT1.FIRSTNAME | DP:STUDENTS.STUDENT1.LASTNAME | Student | DP:STUDENTS.STUDENT1.USERNAME | DP:STUDENTS.STUDENT1.PASSWORD | DP:SECRET.QUESTION | DP:SECRET.ANSWER | DP:STUDENTS.STUDENT1.NEWPASSWORD | Y | N | Sections | Join a Section | &amp;SECTIONS.SECTIONNAME_RANDOM&amp; |" name="And I enter DP:STUDENTS.STUDENT1.USERNAME in Verify Username" time="0"/>
  <testcase classname="| super_T2088807@sam.com | DP:SUPER.PASSWORD | Users | DP:STUDENTS.STUDENT1.FIRSTNAME | DP:STUDENTS.STUDENT1.LASTNAME | Student | DP:STUDENTS.STUDENT1.USERNAME | DP:STUDENTS.STUDENT1.PASSWORD | DP:SECRET.QUESTION | DP:SECRET.ANSWER | DP:STUDENTS.STUDENT1.NEWPASSWORD | Y | N | Sections | Join a Section | &amp;SECTIONS.SECTIONNAME_RANDOM&amp; |" name="And I enter DP:STUDENTS.STUDENT1.PASSWORD in Password" time="0"/>
  <testcase classname="| super_T2088807@sam.com | DP:SUPER.PASSWORD | Users | DP:STUDENTS.STUDENT1.FIRSTNAME | DP:STUDENTS.STUDENT1.LASTNAME | Student | DP:STUDENTS.STUDENT1.USERNAME | DP:STUDENTS.STUDENT1.PASSWORD | DP:SECRET.QUESTION | DP:SECRET.ANSWER | DP:STUDENTS.STUDENT1.NEWPASSWORD | Y | N | Sections | Join a Section | &amp;SECTIONS.SECTIONNAME_RANDOM&amp; |" name="And I enter DP:STUDENTS.STUDENT1.PASSWORD in Verify Password" time="0"/>
  <testcase classname="| super_T2088807@sam.com | DP:SUPER.PASSWORD | Users | DP:STUDENTS.STUDENT1.FIRSTNAME | DP:STUDENTS.STUDENT1.LASTNAME | Student | DP:STUDENTS.STUDENT1.USERNAME | DP:STUDENTS.STUDENT1.PASSWORD | DP:SECRET.QUESTION | DP:SECRET.ANSWER | DP:STUDENTS.STUDENT1.NEWPASSWORD | Y | N | Sections | Join a Section | &amp;SECTIONS.SECTIONNAME_RANDOM&amp; |" name="And I click on Save button" time="0"/>
  <testcase classname="| super_T2088807@sam.com | DP:SUPER.PASSWORD | Users | DP:STUDENTS.STUDENT1.FIRSTNAME | DP:STUDENTS.STUDENT1.LASTNAME | Student | DP:STUDENTS.STUDENT1.USERNAME | DP:STUDENTS.STUDENT1.PASSWORD | DP:SECRET.QUESTION | DP:SECRET.ANSWER | DP:STUDENTS.STUDENT1.NEWPASSWORD | Y | N | Sections | Join a Section | &amp;SECTIONS.SECTIONNAME_RANDOM&amp; |" name="And I click on Cancel button in User Added Successfully pop-up" time="0"/>
  <testcase classname="| super_T2088807@sam.com | DP:SUPER.PASSWORD | Users | DP:STUDENTS.STUDENT1.FIRSTNAME | DP:STUDENTS.STUDENT1.LASTNAME | Student | DP:STUDENTS.STUDENT1.USERNAME | DP:STUDENTS.STUDENT1.PASSWORD | DP:SECRET.QUESTION | DP:SECRET.ANSWER | DP:STUDENTS.STUDENT1.NEWPASSWORD | Y | N | Sections | Join a Section | &amp;SECTIONS.SECTIONNAME_RANDOM&amp; |" name="And I click on Logout button" time="0"/>
  <testcase classname="| super_T2088807@sam.com | DP:SUPER.PASSWORD | Users | DP:STUDENTS.STUDENT1.FIRSTNAME | DP:STUDENTS.STUDENT1.LASTNAME | Student | DP:STUDENTS.STUDENT1.USERNAME | DP:STUDENTS.STUDENT1.PASSWORD | DP:SECRET.QUESTION | DP:SECRET.ANSWER | DP:STUDENTS.STUDENT1.NEWPASSWORD | Y | N | Sections | Join a Section | &amp;SECTIONS.SECTIONNAME_RANDOM&amp; |" name="And I enter DP:STUDENTS.STUDENT1.USERNAME Y Username in LMS login page" time="0.001"/>
  <testcase classname="| super_T2088807@sam.com | DP:SUPER.PASSWORD | Users | DP:STUDENTS.STUDENT1.FIRSTNAME | DP:STUDENTS.STUDENT1.LASTNAME | Student | DP:STUDENTS.STUDENT1.USERNAME | DP:STUDENTS.STUDENT1.PASSWORD | DP:SECRET.QUESTION | DP:SECRET.ANSWER | DP:STUDENTS.STUDENT1.NEWPASSWORD | Y | N | Sections | Join a Section | &amp;SECTIONS.SECTIONNAME_RANDOM&amp; |" name="And I enter DP:STUDENTS.STUDENT1.PASSWORD Password in LMS login page" time="0"/>
  <testcase classname="| super_T2088807@sam.com | DP:SUPER.PASSWORD | Users | DP:STUDENTS.STUDENT1.FIRSTNAME | DP:STUDENTS.STUDENT1.LASTNAME | Student | DP:STUDENTS.STUDENT1.USERNAME | DP:STUDENTS.STUDENT1.PASSWORD | DP:SECRET.QUESTION | DP:SECRET.ANSWER | DP:STUDENTS.STUDENT1.NEWPASSWORD | Y | N | Sections | Join a Section | &amp;SECTIONS.SECTIONNAME_RANDOM&amp; |" name="And I click on Log In button" time="0"/>
  <testcase classname="| super_T2088807@sam.com | DP:SUPER.PASSWORD | Users | DP:STUDENTS.STUDENT1.FIRSTNAME | DP:STUDENTS.STUDENT1.LASTNAME | Student | DP:STUDENTS.STUDENT1.USERNAME | DP:STUDENTS.STUDENT1.PASSWORD | DP:SECRET.QUESTION | DP:SECRET.ANSWER | DP:STUDENTS.STUDENT1.NEWPASSWORD | Y | N | Sections | Join a Section | &amp;SECTIONS.SECTIONNAME_RANDOM&amp; |" name="And I click on I Agree button in EULA page" time="0"/>
  <testcase classname="| super_T2088807@sam.com | DP:SUPER.PASSWORD | Users | DP:STUDENTS.STUDENT1.FIRSTNAME | DP:STUDENTS.STUDENT1.LASTNAME | Student | DP:STUDENTS.STUDENT1.USERNAME | DP:STUDENTS.STUDENT1.PASSWORD | DP:SECRET.QUESTION | DP:SECRET.ANSWER | DP:STUDENTS.STUDENT1.NEWPASSWORD | Y | N | Sections | Join a Section | &amp;SECTIONS.SECTIONNAME_RANDOM&amp; |" name="And I select DP:SECRET.QUESTION from secret question" time="0"/>
  <testcase classname="| super_T2088807@sam.com | DP:SUPER.PASSWORD | Users | DP:STUDENTS.STUDENT1.FIRSTNAME | DP:STUDENTS.STUDENT1.LASTNAME | Student | DP:STUDENTS.STUDENT1.USERNAME | DP:STUDENTS.STUDENT1.PASSWORD | DP:SECRET.QUESTION | DP:SECRET.ANSWER | DP:STUDENTS.STUDENT1.NEWPASSWORD | Y | N | Sections | Join a Section | &amp;SECTIONS.SECTIONNAME_RANDOM&amp; |" name="And I enter DP:SECRET.ANSWER in secret answer" time="0"/>
  <testcase classname="| super_T2088807@sam.com | DP:SUPER.PASSWORD | Users | DP:STUDENTS.STUDENT1.FIRSTNAME | DP:STUDENTS.STUDENT1.LASTNAME | Student | DP:STUDENTS.STUDENT1.USERNAME | DP:STUDENTS.STUDENT1.PASSWORD | DP:SECRET.QUESTION | DP:SECRET.ANSWER | DP:STUDENTS.STUDENT1.NEWPASSWORD | Y | N | Sections | Join a Section | &amp;SECTIONS.SECTIONNAME_RANDOM&amp; |" name="And I click on Submit button" time="0"/>
  <testcase classname="| super_T2088807@sam.com | DP:SUPER.PASSWORD | Users | DP:STUDENTS.STUDENT1.FIRSTNAME | DP:STUDENTS.STUDENT1.LASTNAME | Student | DP:STUDENTS.STUDENT1.USERNAME | DP:STUDENTS.STUDENT1.PASSWORD | DP:SECRET.QUESTION | DP:SECRET.ANSWER | DP:STUDENTS.STUDENT1.NEWPASSWORD | Y | N | Sections | Join a Section | &amp;SECTIONS.SECTIONNAME_RANDOM&amp; |" name="And I enter DP:STUDENTS.STUDENT1.NEWPASSWORD in New Password" time="0"/>
  <testcase classname="| super_T2088807@sam.com | DP:SUPER.PASSWORD | Users | DP:STUDENTS.STUDENT1.FIRSTNAME | DP:STUDENTS.STUDENT1.LASTNAME | Student | DP:STUDENTS.STUDENT1.USERNAME | DP:STUDENTS.STUDENT1.PASSWORD | DP:SECRET.QUESTION | DP:SECRET.ANSWER | DP:STUDENTS.STUDENT1.NEWPASSWORD | Y | N | Sections | Join a Section | &amp;SECTIONS.SECTIONNAME_RANDOM&amp; |" name="And I enter DP:STUDENTS.STUDENT1.NEWPASSWORD in Confirm Password" time="0"/>
  <testcase classname="| super_T2088807@sam.com | DP:SUPER.PASSWORD | Users | DP:STUDENTS.STUDENT1.FIRSTNAME | DP:STUDENTS.STUDENT1.LASTNAME | Student | DP:STUDENTS.STUDENT1.USERNAME | DP:STUDENTS.STUDENT1.PASSWORD | DP:SECRET.QUESTION | DP:SECRET.ANSWER | DP:STUDENTS.STUDENT1.NEWPASSWORD | Y | N | Sections | Join a Section | &amp;SECTIONS.SECTIONNAME_RANDOM&amp; |" name="And I click on Continue button" time="0"/>
  <testcase classname="| super_T2088807@sam.com | DP:SUPER.PASSWORD | Users | DP:STUDENTS.STUDENT1.FIRSTNAME | DP:STUDENTS.STUDENT1.LASTNAME | Student | DP:STUDENTS.STUDENT1.USERNAME | DP:STUDENTS.STUDENT1.PASSWORD | DP:SECRET.QUESTION | DP:SECRET.ANSWER | DP:STUDENTS.STUDENT1.NEWPASSWORD | Y | N | Sections | Join a Section | &amp;SECTIONS.SECTIONNAME_RANDOM&amp; |" name="And I see Student Activities page" time="0"/>
  <testcase classname="| super_T2088807@sam.com | DP:SUPER.PASSWORD | Users | DP:STUDENTS.STUDENT1.FIRSTNAME | DP:STUDENTS.STUDENT1.LASTNAME | Student | DP:STUDENTS.STUDENT1.USERNAME | DP:STUDENTS.STUDENT1.PASSWORD | DP:SECRET.QUESTION | DP:SECRET.ANSWER | DP:STUDENTS.STUDENT1.NEWPASSWORD | Y | N | Sections | Join a Section | &amp;SECTIONS.SECTIONNAME_RANDOM&amp; |" name="And I join to &amp;SECTIONS.SECTIONNAME_RANDOM&amp;" time="0"/>
  <testcase classname="| super_T2088807@sam.com | DP:SUPER.PASSWORD | Users | DP:STUDENTS.STUDENT1.FIRSTNAME | DP:STUDENTS.STUDENT1.LASTNAME | Student | DP:STUDENTS.STUDENT1.USERNAME | DP:STUDENTS.STUDENT1.PASSWORD | DP:SECRET.QUESTION | DP:SECRET.ANSWER | DP:STUDENTS.STUDENT1.NEWPASSWORD | Y | N | Sections | Join a Section | &amp;SECTIONS.SECTIONNAME_RANDOM&amp; |" name="And I click on Logout button" time="0.001"/>
  <testcase classname="| super_T2088807@sam.com | DP:SUPER.PASSWORD | Users | DP:STUDENTS.STUDENT1.FIRSTNAME | DP:STUDENTS.STUDENT1.LASTNAME | Student | DP:STUDENTS.STUDENT1.USERNAME | DP:STUDENTS.STUDENT1.PASSWORD | DP:SECRET.QUESTION | DP:SECRET.ANSWER | DP:STUDENTS.STUDENT1.NEWPASSWORD | Y | N | Sections | Join a Section | &amp;SECTIONS.SECTIONNAME_RANDOM&amp; |" name="| super_T2088807@sam.com | DP:SUPER.PASSWORD | Users | DP:STUDENTS.STUDENT1.FIRSTNAME | DP:STUDENTS.STUDENT1.LASTNAME | Student | DP:STUDENTS.STUDENT1.USERNAME | DP:STUDENTS.STUDENT1.PASSWORD | DP:SECRET.QUESTION | DP:SECRET.ANSWER | DP:STUDENTS.STUDENT1.NEWPASSWORD | Y | N | Sections | Join a Section | &amp;SECTIONS.SECTIONNAME_RANDOM&amp; |" time="0.002"/>
  <testcase classname="| super_T2088807@sam.com | &amp;PASSWORD&amp; | &amp;SECTIONS.SECTIONNAME_RANDOM&amp; | DP:KEYBOARDING.LESSON2 | DP:KEYBOARDING.KBTRAININGTASK |" name="Given As a SAM LMS user\u002C I login with following credential super_T2088807@sam.com and &amp;PASSWORD&amp;" time="0"/>
  <testcase classname="| super_T2088807@sam.com | &amp;PASSWORD&amp; | &amp;SECTIONS.SECTIONNAME_RANDOM&amp; | DP:KEYBOARDING.LESSON2 | DP:KEYBOARDING.KBTRAININGTASK |" name="And I see home page of LMS" time="0"/>
  <testcase classname="| super_T2088807@sam.com | &amp;PASSWORD&amp; | &amp;SECTIONS.SECTIONNAME_RANDOM&amp; | DP:KEYBOARDING.LESSON2 | DP:KEYBOARDING.KBTRAININGTASK |" name="And I navigate to ISV page" time="0"/>
  <testcase classname="| super_T2088807@sam.com | &amp;PASSWORD&amp; | &amp;SECTIONS.SECTIONNAME_RANDOM&amp; | DP:KEYBOARDING.LESSON2 | DP:KEYBOARDING.KBTRAININGTASK |" name="And I navigate to Activity List tab" time="0"/>
  <testcase classname="| super_T2088807@sam.com | &amp;PASSWORD&amp; | &amp;SECTIONS.SECTIONNAME_RANDOM&amp; | DP:KEYBOARDING.LESSON2 | DP:KEYBOARDING.KBTRAININGTASK |" name="When I take up &amp;SECTIONS.SECTIONNAME_RANDOM&amp; DP:KEYBOARDING.LESSON2 keyboarding task DP:KEYBOARDING.KBTRAININGTASK" time="0"/>
  <testcase classname="| super_T2088807@sam.com | &amp;PASSWORD&amp; | &amp;SECTIONS.SECTIONNAME_RANDOM&amp; | DP:KEYBOARDING.LESSON2 | DP:KEYBOARDING.KBTRAININGTASK |" name="Then I should see the start instruction of keyboarding task in ISV" time="0"/>
  <testcase classname="| super_T2088807@sam.com | &amp;PASSWORD&amp; | &amp;SECTIONS.SECTIONNAME_RANDOM&amp; | DP:KEYBOARDING.LESSON2 | DP:KEYBOARDING.KBTRAININGTASK |" name="And I click on cancel button in start popup page" time="0"/>
  <testcase classname="| super_T2088807@sam.com | &amp;PASSWORD&amp; | &amp;SECTIONS.SECTIONNAME_RANDOM&amp; | DP:KEYBOARDING.LESSON2 | DP:KEYBOARDING.KBTRAININGTASK |" name="| super_T2088807@sam.com | &amp;PASSWORD&amp; | &amp;SECTIONS.SECTIONNAME_RANDOM&amp; | DP:KEYBOARDING.LESSON2 | DP:KEYBOARDING.KBTRAININGTASK |" time="0.002"/>
  <testcase classname="| DP:KEYBOARDING.KBTRAININGTASK | &amp;SECTIONS.SECTIONNAME&amp; | N | DP:KEYBOARDING.LESSON2 |" name="Given I see student activities page of LMS" time="0"/>
  <testcase classname="| DP:KEYBOARDING.KBTRAININGTASK | &amp;SECTIONS.SECTIONNAME&amp; | N | DP:KEYBOARDING.LESSON2 |" name="And I navigate to Activity List tab" time="0"/>
  <testcase classname="| DP:KEYBOARDING.KBTRAININGTASK | &amp;SECTIONS.SECTIONNAME&amp; | N | DP:KEYBOARDING.LESSON2 |" name="And I select &amp;SECTIONS.SECTIONNAME&amp; N from section drop down" time="0"/>
  <testcase classname="| DP:KEYBOARDING.KBTRAININGTASK | &amp;SECTIONS.SECTIONNAME&amp; | N | DP:KEYBOARDING.LESSON2 |" name="When I take up &amp;SECTIONS.SECTIONNAME&amp; DP:KEYBOARDING.LESSON2 keyboarding task DP:KEYBOARDING.KBTRAININGTASK" time="0"/>
  <testcase classname="| DP:KEYBOARDING.KBTRAININGTASK | &amp;SECTIONS.SECTIONNAME&amp; | N | DP:KEYBOARDING.LESSON2 |" name="Then I should launch keyboarding training assignment in ISV" time="0"/>
  <testcase classname="| DP:KEYBOARDING.KBTRAININGTASK | &amp;SECTIONS.SECTIONNAME&amp; | N | DP:KEYBOARDING.LESSON2 |" name="| DP:KEYBOARDING.KBTRAININGTASK | &amp;SECTIONS.SECTIONNAME&amp; | N | DP:KEYBOARDING.LESSON2 |" time="0.001"/>
  <testcase classname="| DP:KEYBOARDING.KBTRAININGTASK | &amp;SECTIONS.SECTIONNAME&amp; | N | DP:KEYBOARDING.LESSON2 |" name="Given I see student activities page of LMS" time="0"/>
  <testcase classname="| DP:KEYBOARDING.KBTRAININGTASK | &amp;SECTIONS.SECTIONNAME&amp; | N | DP:KEYBOARDING.LESSON2 |" name="And I navigate to Activity List tab" time="0"/>
  <testcase classname="| DP:KEYBOARDING.KBTRAININGTASK | &amp;SECTIONS.SECTIONNAME&amp; | N | DP:KEYBOARDING.LESSON2 |" name="And I select &amp;SECTIONS.SECTIONNAME&amp; N from section drop down" time="0"/>
  <testcase classname="| DP:KEYBOARDING.KBTRAININGTASK | &amp;SECTIONS.SECTIONNAME&amp; | N | DP:KEYBOARDING.LESSON2 |" name="When I take up &amp;SECTIONS.SECTIONNAME&amp; DP:KEYBOARDING.LESSON2 keyboarding task DP:KEYBOARDING.KBTRAININGTASK" time="0"/>
  <testcase classname="| DP:KEYBOARDING.KBTRAININGTASK | &amp;SECTIONS.SECTIONNAME&amp; | N | DP:KEYBOARDING.LESSON2 |" name="When I click on cancel button in start popup page" time="0"/>
  <testcase classname="| DP:KEYBOARDING.KBTRAININGTASK | &amp;SECTIONS.SECTIONNAME&amp; | N | DP:KEYBOARDING.LESSON2 |" name="Then I should not see start dialog for keyboarding training assignment" time="0"/>
  <testcase classname="| DP:KEYBOARDING.KBTRAININGTASK | &amp;SECTIONS.SECTIONNAME&amp; | N | DP:KEYBOARDING.LESSON2 |" name="| DP:KEYBOARDING.KBTRAININGTASK | &amp;SECTIONS.SECTIONNAME&amp; | N | DP:KEYBOARDING.LESSON2 |" time="16.171"/>
  <testcase classname="| &amp;STUDENTS.STUDENT1.USERNAME_RANDOM&amp; | &amp;PASSWORD&amp; | &amp;SECTIONS.SECTIONNAME&amp; | DP:KEYBOARDING.LESSON2 | DP:KEYBOARDING.KBTRAININGTASK |" name="Given As a SAM LMS user\u002C I login with following credential &amp;STUDENTS.STUDENT1.USERNAME_RANDOM&amp; and &amp;PASSWORD&amp;" time="0"/>
  <testcase classname="| &amp;STUDENTS.STUDENT1.USERNAME_RANDOM&amp; | &amp;PASSWORD&amp; | &amp;SECTIONS.SECTIONNAME&amp; | DP:KEYBOARDING.LESSON2 | DP:KEYBOARDING.KBTRAININGTASK |" name="And I see student activities page of LMS" time="0"/>
  <testcase classname="| &amp;STUDENTS.STUDENT1.USERNAME_RANDOM&amp; | &amp;PASSWORD&amp; | &amp;SECTIONS.SECTIONNAME&amp; | DP:KEYBOARDING.LESSON2 | DP:KEYBOARDING.KBTRAININGTASK |" name="And I navigate to Activity List tab" time="0"/>
  <testcase classname="| &amp;STUDENTS.STUDENT1.USERNAME_RANDOM&amp; | &amp;PASSWORD&amp; | &amp;SECTIONS.SECTIONNAME&amp; | DP:KEYBOARDING.LESSON2 | DP:KEYBOARDING.KBTRAININGTASK |" name="When I take up &amp;SECTIONS.SECTIONNAME&amp; DP:KEYBOARDING.LESSON2 keyboarding task DP:KEYBOARDING.KBTRAININGTASK" time="0"/>
  <testcase classname="| &amp;STUDENTS.STUDENT1.USERNAME_RANDOM&amp; | &amp;PASSWORD&amp; | &amp;SECTIONS.SECTIONNAME&amp; | DP:KEYBOARDING.LESSON2 | DP:KEYBOARDING.KBTRAININGTASK |" name="Then I should see the start instruction of keyboarding task in Student End" time="0"/>
[...]
  <testcase classname="| super_T2088800@sam.com | password | L1 Exam: Computer Basics | DP:SECTIONS.COURSENAME | DP:SECTIONS.TERM | Y | section13727 | Lesson 2 | L2 Training: Application Software Basics |" name="| super_T2088800@sam.com | password | L1 Exam: Computer Basics | DP:SECTIONS.COURSENAME | DP:SECTIONS.TERM | Y | section13727 | Lesson 2 | L2 Training: Application Software Basics |" time="11.228"/>
  <testcase classname="| super_T2088807@sam.com | password | L1 Exam: Computer Basics | DP:SECTIONS.COURSENAME | DP:SECTIONS.TERM | Y | section137274 | Lesson 2 | L2 Training: Application Software Basics |" name="Given As a SAM LMS user\u002C I login with following credential super_T2088807@sam.com and password" time="0.001"/>
  <testcase classname="| super_T2088807@sam.com | password | L1 Exam: Computer Basics | DP:SECTIONS.COURSENAME | DP:SECTIONS.TERM | Y | section137274 | Lesson 2 | L2 Training: Application Software Basics |" name="And I see home page of LMS" time="0"/>
  <testcase classname="| super_T2088807@sam.com | password | L1 Exam: Computer Basics | DP:SECTIONS.COURSENAME | DP:SECTIONS.TERM | Y | section137274 | Lesson 2 | L2 Training: Application Software Basics |" name="And I navigate to Sections tab" time="0"/>
  <testcase classname="| super_T2088807@sam.com | password | L1 Exam: Computer Basics | DP:SECTIONS.COURSENAME | DP:SECTIONS.TERM | Y | section137274 | Lesson 2 | L2 Training: Application Software Basics |" name="And I click on Add New button" time="0"/>
  <testcase classname="| super_T2088807@sam.com | password | L1 Exam: Computer Basics | DP:SECTIONS.COURSENAME | DP:SECTIONS.TERM | Y | section137274 | Lesson 2 | L2 Training: Application Software Basics |" name="And I enter section137274 Y in Section Name" time="0"/>
  <testcase classname="| super_T2088807@sam.com | password | L1 Exam: Computer Basics | DP:SECTIONS.COURSENAME | DP:SECTIONS.TERM | Y | section137274 | Lesson 2 | L2 Training: Application Software Basics |" name="And I enter DP:SECTIONS.COURSENAME in Course Name" time="0"/>
  <testcase classname="| super_T2088807@sam.com | password | L1 Exam: Computer Basics | DP:SECTIONS.COURSENAME | DP:SECTIONS.TERM | Y | section137274 | Lesson 2 | L2 Training: Application Software Basics |" name="And I enter DP:SECTIONS.TERM in Term" time="0"/>
  <testcase classname="| super_T2088807@sam.com | password | L1 Exam: Computer Basics | DP:SECTIONS.COURSENAME | DP:SECTIONS.TERM | Y | section137274 | Lesson 2 | L2 Training: Application Software Basics |" name="And I click on Save button" time="0"/>
  <testcase classname="| super_T2088807@sam.com | password | L1 Exam: Computer Basics | DP:SECTIONS.COURSENAME | DP:SECTIONS.TERM | Y | section137274 | Lesson 2 | L2 Training: Application Software Basics |" name="And I see Successfully added the Section Pop-up" time="0"/>
  <testcase classname="| super_T2088807@sam.com | password | L1 Exam: Computer Basics | DP:SECTIONS.COURSENAME | DP:SECTIONS.TERM | Y | section137274 | Lesson 2 | L2 Training: Application Software Basics |" name="And I click on OK button in popup" time="0"/>
  <testcase classname="| super_T2088807@sam.com | password | L1 Exam: Computer Basics | DP:SECTIONS.COURSENAME | DP:SECTIONS.TERM | Y | section137274 | Lesson 2 | L2 Training: Application Software Basics |" name="And I navigate to Keyboarding preferences tab in section page" time="0"/>
  <testcase classname="| super_T2088807@sam.com | password | L1 Exam: Computer Basics | DP:SECTIONS.COURSENAME | DP:SECTIONS.TERM | Y | section137274 | Lesson 2 | L2 Training: Application Software Basics |" name="When I navigate to lessons tab in Section page" time="0"/>
  <testcase classname="| super_T2088807@sam.com | password | L1 Exam: Computer Basics | DP:SECTIONS.COURSENAME | DP:SECTIONS.TERM | Y | section137274 | Lesson 2 | L2 Training: Application Software Basics |" name="Then I should see L1 Exam: Computer Basics name textbox behaviour in lessons tab" time="0"/>
  <testcase classname="| super_T2088807@sam.com | password | L1 Exam: Computer Basics | DP:SECTIONS.COURSENAME | DP:SECTIONS.TERM | Y | section137274 | Lesson 2 | L2 Training: Application Software Basics |" name="And I should see L1 Exam: Computer Basics options following to assignmentName In section creation pathway" time="0"/>
  <testcase classname="| super_T2088807@sam.com | password | L1 Exam: Computer Basics | DP:SECTIONS.COURSENAME | DP:SECTIONS.TERM | Y | section137274 | Lesson 2 | L2 Training: Application Software Basics |" name="| super_T2088807@sam.com | password | L1 Exam: Computer Basics | DP:SECTIONS.COURSENAME | DP:SECTIONS.TERM | Y | section137274 | Lesson 2 | L2 Training: Application Software Basics |" time="12.027"/>
  <testcase classname="| super_T2088800@sam.com | &amp;PASSWORD&amp; | &amp;SECTIONS.SECTIONNAME3_RANDOM&amp; |" name="Given As a SAM LMS user\u002C I login with following credential super_T2088800@sam.com and &amp;PASSWORD&amp;" time="0"/>
  <testcase classname="| super_T2088800@sam.com | &amp;PASSWORD&amp; | &amp;SECTIONS.SECTIONNAME3_RANDOM&amp; |" name="And I create keyboarding &amp;SECTIONS.SECTIONNAME3_RANDOM&amp; section" time="0.001"/>
  <testcase classname="| super_T2088800@sam.com | &amp;PASSWORD&amp; | &amp;SECTIONS.SECTIONNAME3_RANDOM&amp; |" name="| super_T2088800@sam.com | &amp;PASSWORD&amp; | &amp;SECTIONS.SECTIONNAME3_RANDOM&amp; |" time="11.21"/>
  <testcase classname="| super_T2088807@sam.com | &amp;PASSWORD&amp; | &amp;SECTIONS.SECTIONNAME3_RANDOM&amp; |" name="Given As a SAM LMS user\u002C I login with following credential super_T2088807@sam.com and &amp;PASSWORD&amp;" time="0"/>
  <testcase classname="| super_T2088807@sam.com | &amp;PASSWORD&amp; | &amp;SECTIONS.SECTIONNAME3_RANDOM&amp; |" name="And I create keyboarding &amp;SECTIONS.SECTIONNAME3_RANDOM&amp; section" time="0"/>
  <testcase classname="| super_T2088807@sam.com | &amp;PASSWORD&amp; | &amp;SECTIONS.SECTIONNAME3_RANDOM&amp; |" name="| super_T2088807@sam.com | &amp;PASSWORD&amp; | &amp;SECTIONS.SECTIONNAME3_RANDOM&amp; |" time="11.283"/>
  <testcase classname="| super_T2088800@sam.com | password | &amp;SECTIONS.SECTIONNAME3_RANDOM&amp; | L1 Exam: Computer Basics |" name="Given As a SAM LMS user\u002C I login with following credential super_T2088800@sam.com and password" time="0"/>
  <testcase classname="| super_T2088800@sam.com | password | &amp;SECTIONS.SECTIONNAME3_RANDOM&amp; | L1 Exam: Computer Basics |" name="And I see home page of LMS" time="0"/>
  <testcase classname="| super_T2088800@sam.com | password | &amp;SECTIONS.SECTIONNAME3_RANDOM&amp; | L1 Exam: Computer Basics |" name="And I navigate to Sections tab" time="0"/>
  <testcase classname="| super_T2088800@sam.com | password | &amp;SECTIONS.SECTIONNAME3_RANDOM&amp; | L1 Exam: Computer Basics |" name="And I should &amp;SECTIONS.SECTIONNAME3_RANDOM&amp; edit keyboarding section" time="0"/>
  <testcase classname="| super_T2088800@sam.com | password | &amp;SECTIONS.SECTIONNAME3_RANDOM&amp; | L1 Exam: Computer Basics |" name="When I navigate to lessons tab in Section page" time="0"/>
  <testcase classname="| super_T2088800@sam.com | password | &amp;SECTIONS.SECTIONNAME3_RANDOM&amp; | L1 Exam: Computer Basics |" name="Then I should see L1 Exam: Computer Basics name textbox behaviour in lessons tab" time="0"/>
  <testcase classname="| super_T2088800@sam.com | password | &amp;SECTIONS.SECTIONNAME3_RANDOM&amp; | L1 Exam: Computer Basics |" name="And I should see L1 Exam: Computer Basics options following to assignmentName" time="0"/>
  <testcase classname="| super_T2088800@sam.com | password | &amp;SECTIONS.SECTIONNAME3_RANDOM&amp; | L1 Exam: Computer Basics |" name="| super_T2088800@sam.com | password | &amp;SECTIONS.SECTIONNAME3_RANDOM&amp; | L1 Exam: Computer Basics |" time="11.699"/>
  <testcase classname="| super_T2088807@sam.com | password | &amp;SECTIONS.SECTIONNAME3_RANDOM&amp; | L1 Exam: Computer Basics |" name="Given As a SAM LMS user\u002C I login with following credential super_T2088807@sam.com and password" time="0"/>
  <testcase classname="| super_T2088807@sam.com | password | &amp;SECTIONS.SECTIONNAME3_RANDOM&amp; | L1 Exam: Computer Basics |" name="And I see home page of LMS" time="0"/>
  <testcase classname="| super_T2088807@sam.com | password | &amp;SECTIONS.SECTIONNAME3_RANDOM&amp; | L1 Exam: Computer Basics |" name="And I navigate to Sections tab" time="0"/>
  <testcase classname="| super_T2088807@sam.com | password | &amp;SECTIONS.SECTIONNAME3_RANDOM&amp; | L1 Exam: Computer Basics |" name="And I should &amp;SECTIONS.SECTIONNAME3_RANDOM&amp; edit keyboarding section" time="0"/>
  <testcase classname="| super_T2088807@sam.com | password | &amp;SECTIONS.SECTIONNAME3_RANDOM&amp; | L1 Exam: Computer Basics |" name="When I navigate to lessons tab in Section page" time="0"/>
  <testcase classname="| super_T2088807@sam.com | password | &amp;SECTIONS.SECTIONNAME3_RANDOM&amp; | L1 Exam: Computer Basics |" name="Then I should see L1 Exam: Computer Basics name textbox behaviour in lessons tab" time="0"/>
  <testcase classname="| super_T2088807@sam.com | password | &amp;SECTIONS.SECTIONNAME3_RANDOM&amp; | L1 Exam: Computer Basics |" name="And I should see L1 Exam: Computer Basics options following to assignmentName" time="0"/>
  <testcase classname="| super_T2088807@sam.com | password | &amp;SECTIONS.SECTIONNAME3_RANDOM&amp; | L1 Exam: Computer Basics |" name="| super_T2088807@sam.com | password | &amp;SECTIONS.SECTIONNAME3_RANDOM&amp; | L1 Exam: Computer Basics |" time="11.254"/>
  <testcase classname="| super_T2088800@sam.com | password | &amp;SECTIONS.SECTIONNAME3_RANDOM&amp; | L1 Exam: Computer Basics | Lesson 1 | N |" name="Given As a SAM LMS user\u002C I login with following credential super_T2088800@sam.com and password" time="0"/>
  <testcase classname="| super_T2088800@sam.com | password | &amp;SECTIONS.SECTIONNAME3_RANDOM&amp; | L1 Exam: Computer Basics | Lesson 1 | N |" name="And I see home page of LMS" time="0"/>
  <testcase classname="| super_T2088800@sam.com | password | &amp;SECTIONS.SECTIONNAME3_RANDOM&amp; | L1 Exam: Computer Basics | Lesson 1 | N |" name="And I navigate to SAM Assignments tab" time="0"/>
  <testcase classname="| super_T2088800@sam.com | password | &amp;SECTIONS.SECTIONNAME3_RANDOM&amp; | L1 Exam: Computer Basics | Lesson 1 | N |" name="When I select &amp;SECTIONS.SECTIONNAME3_RANDOM&amp; N from section drop down" time="0"/>
  <testcase classname="| super_T2088800@sam.com | password | &amp;SECTIONS.SECTIONNAME3_RANDOM&amp; | L1 Exam: Computer Basics | Lesson 1 | N |" name="And I should Lesson 1 edit keyboarding Lesson" time="0"/>
  <testcase classname="| super_T2088800@sam.com | password | &amp;SECTIONS.SECTIONNAME3_RANDOM&amp; | L1 Exam: Computer Basics | Lesson 1 | N |" name="Then I should see L1 Exam: Computer Basics name textbox behaviour in lessons tab" time="0"/>
  <testcase classname="| super_T2088800@sam.com | password | &amp;SECTIONS.SECTIONNAME3_RANDOM&amp; | L1 Exam: Computer Basics | Lesson 1 | N |" name="And I should see L1 Exam: Computer Basics options following to assignmentName in SAM Assignments page Lesson 1" time="0"/>
  <testcase classname="| super_T2088800@sam.com | password | &amp;SECTIONS.SECTIONNAME3_RANDOM&amp; | L1 Exam: Computer Basics | Lesson 1 | N |" name="| super_T2088800@sam.com | password | &amp;SECTIONS.SECTIONNAME3_RANDOM&amp; | L1 Exam: Computer Basics | Lesson 1 | N |" time="11.022"/>
  <testcase classname="| super_T2088807@sam.com | password | &amp;SECTIONS.SECTIONNAME3_RANDOM&amp; | L1 Exam: Computer Basics | Lesson 1 | N |" name="Given As a SAM LMS user\u002C I login with following credential super_T2088807@sam.com and password" time="0"/>
  <testcase classname="| super_T2088807@sam.com | password | &amp;SECTIONS.SECTIONNAME3_RANDOM&amp; | L1 Exam: Computer Basics | Lesson 1 | N |" name="And I see home page of LMS" time="0"/>
  <testcase classname="| super_T2088807@sam.com | password | &amp;SECTIONS.SECTIONNAME3_RANDOM&amp; | L1 Exam: Computer Basics | Lesson 1 | N |" name="And I navigate to SAM Assignments tab" time="0"/>
  <testcase classname="| super_T2088807@sam.com | password | &amp;SECTIONS.SECTIONNAME3_RANDOM&amp; | L1 Exam: Computer Basics | Lesson 1 | N |" name="When I select &amp;SECTIONS.SECTIONNAME3_RANDOM&amp; N from section drop down" time="0"/>
  <testcase classname="| super_T2088807@sam.com | password | &amp;SECTIONS.SECTIONNAME3_RANDOM&amp; | L1 Exam: Computer Basics | Lesson 1 | N |" name="And I should Lesson 1 edit keyboarding Lesson" time="0"/>
  <testcase classname="| super_T2088807@sam.com | password | &amp;SECTIONS.SECTIONNAME3_RANDOM&amp; | L1 Exam: Computer Basics | Lesson 1 | N |" name="Then I should see L1 Exam: Computer Basics name textbox behaviour in lessons tab" time="0"/>
  <testcase classname="| super_T2088807@sam.com | password | &amp;SECTIONS.SECTIONNAME3_RANDOM&amp; | L1 Exam: Computer Basics | Lesson 1 | N |" name="And I should see L1 Exam: Computer Basics options following to assignmentName in SAM Assignments page Lesson 1" time="0.007">
    <failure type="java.lang.AssertionError">java.lang.AssertionError
	at org.junit.Assert.fail(Assert.java:86)
	at org.junit.Assert.assertTrue(Assert.java:41)
	at org.junit.Assert.assertTrue(Assert.java:52)
	at cengage.samlms.stepdefinition.SectionsSteps.iShouldSeeExamAssignmentNameOptionsFollowingToAssignmentNameInSAMAssignmentsPageLessonNo(SectionsSteps.java:6332)
	at ✽.And I should see L1 Exam: Computer Basics options following to assignmentName in SAM Assignments page Lesson 1(test/resources/cengage/samlms/keyboarding/KB_Training_Assignment_Validation.feature:605)
</failure>
    <system-out>23:11:06.810 [main] ERROR cengage.common.toolbox.Sync - org.openqa.selenium.TimeoutException: Timed out after 150 seconds waiting for cengage.common.toolbox.Sync$1@2cacd55e
Build info: version: &apos;2.53.0&apos;, revision: &apos;35ae25b1534ae328c771e0856c93e187490ca824&apos;, time: &apos;2016-03-15 10:43:46&apos;
System info: host: &apos;CODOID&apos;, ip: &apos;10.161.244.44&apos;, os.name: &apos;Windows 8.1&apos;, os.arch: &apos;amd64&apos;, os.version: &apos;6.3&apos;, java.version: &apos;1.8.0_91&apos;
Driver info: driver.version: unknown
23:11:06.814 [main] ERROR cengage.common.toolbox.Sync - java.lang.NullPointerException
</system-out>
    <system-err>java.lang.NullPointerException
	at cengage.common.toolbox.Element.click(Element.java:161)
	at cengage.samlms.action.SectionPageAction.editKeyboardingLesson(SectionPageAction.java:10066)
	at cengage.samlms.stepdefinition.SectionsSteps.iShouldSeeExamAssignmentNameOptionsFollowingToAssignmentNameInSAMAssignmentsPageLessonNo(SectionsSteps.java:6332)
	at sun.reflect.NativeMethodAccessorImpl.invoke0(Native Method)
	at sun.reflect.NativeMethodAccessorImpl.invoke(NativeMethodAccessorImpl.java:62)
	at sun.reflect.DelegatingMethodAccessorImpl.invoke(DelegatingMethodAccessorImpl.java:43)
	at java.lang.reflect.Method.invoke(Method.java:498)
	at cucumber.runtime.Utils$1.call(Utils.java:37)
	at cucumber.runtime.Timeout.timeout(Timeout.java:13)
	at cucumber.runtime.Utils.invoke(Utils.java:31)
	at cucumber.runtime.java.JavaStepDefinition.execute(JavaStepDefinition.java:38)
	at cucumber.runtime.StepDefinitionMatch.runStep(StepDefinitionMatch.java:37)
	at cucumber.runtime.Runtime.runStep(Runtime.java:299)
	at cucumber.runtime.model.StepContainer.runStep(StepContainer.java:44)
	at cucumber.runtime.model.StepContainer.runSteps(StepContainer.java:39)
	at cucumber.runtime.model.CucumberScenario.run(CucumberScenario.java:44)
	at cucumber.runtime.junit.ExecutionUnitRunner.run(ExecutionUnitRunner.java:91)
	at org.junit.runners.Suite.runChild(Suite.java:128)
	at org.junit.runners.Suite.runChild(Suite.java:27)
	at org.junit.runners.ParentRunner$3.run(ParentRunner.java:290)
	at org.junit.runners.ParentRunner$1.schedule(ParentRunner.java:71)
	at org.junit.runners.ParentRunner.runChildren(ParentRunner.java:288)
	at org.junit.runners.ParentRunner.access$000(ParentRunner.java:58)
	at org.junit.runners.ParentRunner$2.evaluate(ParentRunner.java:268)
	at org.junit.runners.ParentRunner.run(ParentRunner.java:363)
	at cucumber.runtime.junit.ExamplesRunner.run(ExamplesRunner.java:59)
	at org.junit.runners.Suite.runChild(Suite.java:128)
	at org.junit.runners.Suite.runChild(Suite.java:27)
	at org.junit.runners.ParentRunner$3.run(ParentRunner.java:290)
	at org.junit.runners.ParentRunner$1.schedule(ParentRunner.java:71)
	at org.junit.runners.ParentRunner.runChildren(ParentRunner.java:288)
	at org.junit.runners.ParentRunner.access$000(ParentRunner.java:58)
	at org.junit.runners.ParentRunner$2.evaluate(ParentRunner.java:268)
	at org.junit.runners.ParentRunner.run(ParentRunner.java:363)
	at cucumber.runtime.junit.ScenarioOutlineRunner.run(ScenarioOutlineRunner.java:53)
	at cucumber.runtime.junit.FeatureRunner.runChild(FeatureRunner.java:63)
	at cucumber.runtime.junit.FeatureRunner.runChild(FeatureRunner.java:18)
	at org.junit.runners.ParentRunner$3.run(ParentRunner.java:290)
	at org.junit.runners.ParentRunner$1.schedule(ParentRunner.java:71)
	at org.junit.runners.ParentRunner.runChildren(ParentRunner.java:288)
	at org.junit.runners.ParentRunner.access$000(ParentRunner.java:58)
	at org.junit.runners.ParentRunner$2.evaluate(ParentRunner.java:268)
	at org.junit.runners.ParentRunner.run(ParentRunner.java:363)
	at cucumber.runtime.junit.FeatureRunner.run(FeatureRunner.java:70)
	at cucumber.api.junit.Cucumber.runChild(Cucumber.java:93)
	at cucumber.api.junit.Cucumber.runChild(Cucumber.java:37)
	at org.junit.runners.ParentRunner$3.run(ParentRunner.java:290)
	at org.junit.runners.ParentRunner$1.schedule(ParentRunner.java:71)
	at org.junit.runners.ParentRunner.runChildren(ParentRunner.java:288)
	at org.junit.runners.ParentRunner.access$000(ParentRunner.java:58)
	at org.junit.runners.ParentRunner$2.evaluate(ParentRunner.java:268)
	at org.junit.runners.ParentRunner.run(ParentRunner.java:363)
	at cucumber.api.junit.Cucumber.run(Cucumber.java:98)
	at org.apache.maven.surefire.junit4.JUnit4Provider.execute(JUnit4Provider.java:234)
	at org.apache.maven.surefire.junit4.JUnit4Provider.executeTestSet(JUnit4Provider.java:133)
	at org.apache.maven.surefire.junit4.JUnit4Provider.invoke(JUnit4Provider.java:114)
	at sun.reflect.NativeMethodAccessorImpl.invoke0(Native Method)
	at sun.reflect.NativeMethodAccessorImpl.invoke(NativeMethodAccessorImpl.java:62)
	at sun.reflect.DelegatingMethodAccessorImpl.invoke(DelegatingMethodAccessorImpl.java:43)
	at java.lang.reflect.Method.invoke(Method.java:498)
	at org.apache.maven.surefire.util.ReflectionUtils.invokeMethodWithArray(ReflectionUtils.java:188)
	at org.apache.maven.surefire.booter.ProviderFactory$ProviderProxy.invoke(ProviderFactory.java:166)
	at org.apache.maven.surefire.booter.ProviderFactory.invokeProvider(ProviderFactory.java:86)
	at org.apache.maven.surefire.booter.ForkedBooter.runSuitesInProcess(ForkedBooter.java:101)
	at org.apache.maven.surefire.booter.ForkedBooter.main(ForkedBooter.java:74)
</system-err>
  </testcase>
  <testcase classname="| super_T2088807@sam.com | password | &amp;SECTIONS.SECTIONNAME3_RANDOM&amp; | L1 Exam: Computer Basics | Lesson 1 | N |" name="| super_T2088807@sam.com | password | &amp;SECTIONS.SECTIONNAME3_RANDOM&amp; | L1 Exam: Computer Basics | Lesson 1 | N |" time="0.009">
    <failure type="java.lang.AssertionError">java.lang.AssertionError
	at org.junit.Assert.fail(Assert.java:86)
	at org.junit.Assert.assertTrue(Assert.java:41)
	at org.junit.Assert.assertTrue(Assert.java:52)
	at cengage.samlms.stepdefinition.SectionsSteps.iShouldSeeExamAssignmentNameOptionsFollowingToAssignmentNameInSAMAssignmentsPageLessonNo(SectionsSteps.java:6332)
	at ✽.And I should see L1 Exam: Computer Basics options following to assignmentName in SAM Assignments page Lesson 1(test/resources/cengage/samlms/keyboarding/KB_Training_Assignment_Validation.feature:605)
</failure>
  </testcase>
</testsuite>